<?xml version="1.0"?>
<!DOCTYPE coverage SYSTEM "http://cobertura.sourceforge.net/xml/coverage-04.dtd">

<coverage line-rate="0.6545454545454545" branch-rate="0.6153846153846154" lines-covered="36" lines-valid="55" branches-covered="16" branches-valid="26" complexity="3.857142857142857" version="2.0.3" timestamp="1660039315579">
	<sources>
		<source>src/main/java</source>
	</sources>
	<packages>
		<package name="org.apache.commons.lang3.text.translate" line-rate="0.6545454545454545" branch-rate="0.6153846153846154" complexity="3.857142857142857">
			<classes>
				<class name="org.apache.commons.lang3.text.translate.CharSequenceTranslator" filename="org/apache/commons/lang3/text/translate/CharSequenceTranslator.java" line-rate="0.7" branch-rate="0.75" complexity="3.4">
					<methods>
						<method name="&lt;init&gt;" signature="()V" line-rate="1.0" branch-rate="1.0">
							<lines>
								<line number="32" hits="43" branch="false"/>
							</lines>
						</method>
						<method name="hex" signature="(I)Ljava/lang/String;" line-rate="0.0" branch-rate="1.0">
							<lines>
								<line number="122" hits="0" branch="false"/>
							</lines>
						</method>
						<method name="translate" signature="(Ljava/lang/CharSequence;)Ljava/lang/String;" line-rate="0.7142857142857143" branch-rate="1.0">
							<lines>
								<line number="54" hits="8" branch="true" condition-coverage="100% (2/2)">
									<conditions>
										<condition number="0" type="jump" coverage="100%"/>
									</conditions>
								</line>
								<line number="55" hits="1" branch="false"/>
								<line number="58" hits="7" branch="false"/>
								<line number="59" hits="7" branch="false"/>
								<line number="60" hits="7" branch="false"/>
								<line number="61" hits="0" branch="false"/>
								<line number="63" hits="0" branch="false"/>
							</lines>
						</method>
						<method name="translate" signature="(Ljava/lang/CharSequence;Ljava/io/Writer;)V" line-rate="0.6470588235294118" branch-rate="0.7">
							<lines>
								<line number="76" hits="7" branch="true" condition-coverage="50% (1/2)">
									<conditions>
										<condition number="0" type="jump" coverage="50%"/>
									</conditions>
								</line>
								<line number="77" hits="0" branch="false"/>
								<line number="79" hits="7" branch="true" condition-coverage="50% (1/2)">
									<conditions>
										<condition number="0" type="jump" coverage="50%"/>
									</conditions>
								</line>
								<line number="80" hits="0" branch="false"/>
								<line number="82" hits="7" branch="false"/>
								<line number="83" hits="7" branch="false"/>
								<line number="84" hits="13" branch="true" condition-coverage="100% (2/2)">
									<conditions>
										<condition number="0" type="jump" coverage="100%"/>
									</conditions>
								</line>
								<line number="85" hits="6" branch="false"/>
								<line number="86" hits="6" branch="true" condition-coverage="50% (1/2)">
									<conditions>
										<condition number="0" type="jump" coverage="50%"/>
									</conditions>
								</line>
								<line number="87" hits="0" branch="false"/>
								<line number="88" hits="0" branch="false"/>
								<line number="89" hits="0" branch="false"/>
								<line number="90" hits="0" branch="false"/>
								<line number="94" hits="59" branch="true" condition-coverage="100% (2/2)">
									<conditions>
										<condition number="0" type="jump" coverage="100%"/>
									</conditions>
								</line>
								<line number="95" hits="53" branch="false"/>
								<line number="97" hits="6" branch="false"/>
								<line number="98" hits="7" branch="false"/>
							</lines>
						</method>
						<method name="with" signature="([Lorg/apache/commons/lang3/text/translate/CharSequenceTranslator;)Lorg/apache/commons/lang3/text/translate/CharSequenceTranslator;" line-rate="1.0" branch-rate="1.0">
							<lines>
								<line number="108" hits="2" branch="false"/>
								<line number="109" hits="2" branch="false"/>
								<line number="110" hits="2" branch="false"/>
								<line number="111" hits="2" branch="false"/>
							</lines>
						</method>
					</methods>
					<lines>
						<line number="32" hits="43" branch="false"/>
						<line number="54" hits="8" branch="true" condition-coverage="100% (2/2)">
							<conditions>
								<condition number="0" type="jump" coverage="100%"/>
							</conditions>
						</line>
						<line number="55" hits="1" branch="false"/>
						<line number="58" hits="7" branch="false"/>
						<line number="59" hits="7" branch="false"/>
						<line number="60" hits="7" branch="false"/>
						<line number="61" hits="0" branch="false"/>
						<line number="63" hits="0" branch="false"/>
						<line number="76" hits="7" branch="true" condition-coverage="50% (1/2)">
							<conditions>
								<condition number="0" type="jump" coverage="50%"/>
							</conditions>
						</line>
						<line number="77" hits="0" branch="false"/>
						<line number="79" hits="7" branch="true" condition-coverage="50% (1/2)">
							<conditions>
								<condition number="0" type="jump" coverage="50%"/>
							</conditions>
						</line>
						<line number="80" hits="0" branch="false"/>
						<line number="82" hits="7" branch="false"/>
						<line number="83" hits="7" branch="false"/>
						<line number="84" hits="13" branch="true" condition-coverage="100% (2/2)">
							<conditions>
								<condition number="0" type="jump" coverage="100%"/>
							</conditions>
						</line>
						<line number="85" hits="6" branch="false"/>
						<line number="86" hits="6" branch="true" condition-coverage="50% (1/2)">
							<conditions>
								<condition number="0" type="jump" coverage="50%"/>
							</conditions>
						</line>
						<line number="87" hits="0" branch="false"/>
						<line number="88" hits="0" branch="false"/>
						<line number="89" hits="0" branch="false"/>
						<line number="90" hits="0" branch="false"/>
						<line number="94" hits="59" branch="true" condition-coverage="100% (2/2)">
							<conditions>
								<condition number="0" type="jump" coverage="100%"/>
							</conditions>
						</line>
						<line number="95" hits="53" branch="false"/>
						<line number="97" hits="6" branch="false"/>
						<line number="98" hits="7" branch="false"/>
						<line number="108" hits="2" branch="false"/>
						<line number="109" hits="2" branch="false"/>
						<line number="110" hits="2" branch="false"/>
						<line number="111" hits="2" branch="false"/>
						<line number="122" hits="0" branch="false"/>
					</lines>
				</class>
				<class name="org.apache.commons.lang3.text.translate.LookupTranslator" filename="org/apache/commons/lang3/text/translate/LookupTranslator.java" line-rate="0.6" branch-rate="0.5" complexity="5.0">
					<methods>
						<method name="&lt;init&gt;" signature="([[Ljava/lang/CharSequence;)V" line-rate="1.0" branch-rate="0.875">
							<lines>
								<line number="45" hits="22" branch="false"/>
								<line number="46" hits="22" branch="false"/>
								<line number="47" hits="22" branch="false"/>
								<line number="48" hits="22" branch="false"/>
								<line number="49" hits="22" branch="true" condition-coverage="50% (1/2)">
									<conditions>
										<condition number="0" type="jump" coverage="50%"/>
									</conditions>
								</line>
								<line number="50" hits="767" branch="true" condition-coverage="100% (2/2)">
									<conditions>
										<condition number="0" type="jump" coverage="100%"/>
									</conditions>
								</line>
								<line number="51" hits="745" branch="false"/>
								<line number="52" hits="745" branch="false"/>
								<line number="53" hits="745" branch="true" condition-coverage="100% (2/2)">
									<conditions>
										<condition number="0" type="jump" coverage="100%"/>
									</conditions>
								</line>
								<line number="54" hits="33" branch="false"/>
								<line number="56" hits="745" branch="true" condition-coverage="100% (2/2)">
									<conditions>
										<condition number="0" type="jump" coverage="100%"/>
									</conditions>
								</line>
								<line number="57" hits="29" branch="false"/>
								<line number="61" hits="22" branch="false"/>
								<line number="62" hits="22" branch="false"/>
								<line number="63" hits="22" branch="false"/>
							</lines>
						</method>
						<method name="translate" signature="(Ljava/lang/CharSequence;ILjava/io/Writer;)I" line-rate="0.0" branch-rate="0.0">
							<lines>
								<line number="70" hits="0" branch="false"/>
								<line number="71" hits="0" branch="true" condition-coverage="0% (0/2)">
									<conditions>
										<condition number="0" type="jump" coverage="0%"/>
									</conditions>
								</line>
								<line number="72" hits="0" branch="false"/>
								<line number="75" hits="0" branch="true" condition-coverage="0% (0/2)">
									<conditions>
										<condition number="0" type="jump" coverage="0%"/>
									</conditions>
								</line>
								<line number="76" hits="0" branch="false"/>
								<line number="77" hits="0" branch="false"/>
								<line number="78" hits="0" branch="true" condition-coverage="0% (0/2)">
									<conditions>
										<condition number="0" type="jump" coverage="0%"/>
									</conditions>
								</line>
								<line number="79" hits="0" branch="false"/>
								<line number="80" hits="0" branch="false"/>
								<line number="83" hits="0" branch="false"/>
							</lines>
						</method>
					</methods>
					<lines>
						<line number="45" hits="22" branch="false"/>
						<line number="46" hits="22" branch="false"/>
						<line number="47" hits="22" branch="false"/>
						<line number="48" hits="22" branch="false"/>
						<line number="49" hits="22" branch="true" condition-coverage="50% (1/2)">
							<conditions>
								<condition number="0" type="jump" coverage="50%"/>
							</conditions>
						</line>
						<line number="50" hits="767" branch="true" condition-coverage="100% (2/2)">
							<conditions>
								<condition number="0" type="jump" coverage="100%"/>
							</conditions>
						</line>
						<line number="51" hits="745" branch="false"/>
						<line number="52" hits="745" branch="false"/>
						<line number="53" hits="745" branch="true" condition-coverage="100% (2/2)">
							<conditions>
								<condition number="0" type="jump" coverage="100%"/>
							</conditions>
						</line>
						<line number="54" hits="33" branch="false"/>
						<line number="56" hits="745" branch="true" condition-coverage="100% (2/2)">
							<conditions>
								<condition number="0" type="jump" coverage="100%"/>
							</conditions>
						</line>
						<line number="57" hits="29" branch="false"/>
						<line number="61" hits="22" branch="false"/>
						<line number="62" hits="22" branch="false"/>
						<line number="63" hits="22" branch="false"/>
						<line number="70" hits="0" branch="false"/>
						<line number="71" hits="0" branch="true" condition-coverage="0% (0/2)">
							<conditions>
								<condition number="0" type="jump" coverage="0%"/>
							</conditions>
						</line>
						<line number="72" hits="0" branch="false"/>
						<line number="75" hits="0" branch="true" condition-coverage="0% (0/2)">
							<conditions>
								<condition number="0" type="jump" coverage="0%"/>
							</conditions>
						</line>
						<line number="76" hits="0" branch="false"/>
						<line number="77" hits="0" branch="false"/>
						<line number="78" hits="0" branch="true" condition-coverage="0% (0/2)">
							<conditions>
								<condition number="0" type="jump" coverage="0%"/>
							</conditions>
						</line>
						<line number="79" hits="0" branch="false"/>
						<line number="80" hits="0" branch="false"/>
						<line number="83" hits="0" branch="false"/>
					</lines>
				</class>
			</classes>
		</package>
	</packages>
</coverage>
