<?xml version="1.0"?>
<!DOCTYPE coverage SYSTEM "http://cobertura.sourceforge.net/xml/coverage-04.dtd">

<coverage line-rate="0.017533252720677146" branch-rate="0.006662225183211193" lines-covered="29" lines-valid="1654" branches-covered="10" branches-valid="1501" complexity="6.150943396226415" version="2.0.3" timestamp="1660100720552">
	<sources>
		<source>src/main/java</source>
	</sources>
	<packages>
		<package name="org.apache.commons.lang3" line-rate="0.02265625" branch-rate="0.008748906386701663" complexity="5.9393939393939394">
			<classes>
				<class name="org.apache.commons.lang3.StringUtils" filename="org/apache/commons/lang3/StringUtils.java" line-rate="0.02265625" branch-rate="0.008748906386701663" complexity="5.9393939393939394">
					<methods>
						<method name="&lt;clinit&gt;" signature="()V" line-rate="0.6060606060606061" branch-rate="1.0">
							<lines>
								<line number="147" hits="1" branch="false"/>
								<line number="704" hits="1" branch="false"/>
								<line number="705" hits="1" branch="false"/>
								<line number="706" hits="1" branch="false"/>
								<line number="708" hits="1" branch="false"/>
								<line number="709" hits="1" branch="false"/>
								<line number="710" hits="1" branch="false"/>
								<line number="711" hits="1" branch="false"/>
								<line number="717" hits="1" branch="false"/>
								<line number="719" hits="1" branch="false"/>
								<line number="720" hits="1" branch="false"/>
								<line number="722" hits="1" branch="false"/>
								<line number="724" hits="1" branch="false"/>
								<line number="725" hits="0" branch="false"/>
								<line number="726" hits="0" branch="false"/>
								<line number="727" hits="0" branch="false"/>
								<line number="728" hits="0" branch="false"/>
								<line number="729" hits="0" branch="false"/>
								<line number="730" hits="0" branch="false"/>
								<line number="731" hits="0" branch="false"/>
								<line number="732" hits="0" branch="false"/>
								<line number="733" hits="1" branch="false"/>
								<line number="737" hits="1" branch="false"/>
								<line number="739" hits="1" branch="false"/>
								<line number="741" hits="0" branch="false"/>
								<line number="742" hits="0" branch="false"/>
								<line number="743" hits="0" branch="false"/>
								<line number="744" hits="1" branch="false"/>
								<line number="745" hits="1" branch="false"/>
								<line number="746" hits="0" branch="false"/>
								<line number="748" hits="0" branch="false"/>
								<line number="749" hits="1" branch="false"/>
								<line number="750" hits="1" branch="false"/>
							</lines>
						</method>
						<method name="&lt;init&gt;" signature="()V" line-rate="0.0" branch-rate="1.0">
							<lines>
								<line number="158" hits="0" branch="false"/>
								<line number="159" hits="0" branch="false"/>
							</lines>
						</method>
						<method name="abbreviate" signature="(Ljava/lang/String;I)Ljava/lang/String;" line-rate="0.0" branch-rate="1.0">
							<lines>
								<line number="5675" hits="0" branch="false"/>
							</lines>
						</method>
						<method name="abbreviate" signature="(Ljava/lang/String;II)Ljava/lang/String;" line-rate="0.0" branch-rate="0.0">
							<lines>
								<line number="5714" hits="0" branch="true" condition-coverage="0% (0/2)">
									<conditions>
										<condition number="0" type="jump" coverage="0%"/>
									</conditions>
								</line>
								<line number="5715" hits="0" branch="false"/>
								<line number="5717" hits="0" branch="true" condition-coverage="0% (0/2)">
									<conditions>
										<condition number="0" type="jump" coverage="0%"/>
									</conditions>
								</line>
								<line number="5718" hits="0" branch="false"/>
								<line number="5720" hits="0" branch="true" condition-coverage="0% (0/2)">
									<conditions>
										<condition number="0" type="jump" coverage="0%"/>
									</conditions>
								</line>
								<line number="5721" hits="0" branch="false"/>
								<line number="5723" hits="0" branch="true" condition-coverage="0% (0/2)">
									<conditions>
										<condition number="0" type="jump" coverage="0%"/>
									</conditions>
								</line>
								<line number="5724" hits="0" branch="false"/>
								<line number="5726" hits="0" branch="true" condition-coverage="0% (0/2)">
									<conditions>
										<condition number="0" type="jump" coverage="0%"/>
									</conditions>
								</line>
								<line number="5727" hits="0" branch="false"/>
								<line number="5729" hits="0" branch="false"/>
								<line number="5730" hits="0" branch="true" condition-coverage="0% (0/2)">
									<conditions>
										<condition number="0" type="jump" coverage="0%"/>
									</conditions>
								</line>
								<line number="5731" hits="0" branch="false"/>
								<line number="5733" hits="0" branch="true" condition-coverage="0% (0/2)">
									<conditions>
										<condition number="0" type="jump" coverage="0%"/>
									</conditions>
								</line>
								<line number="5734" hits="0" branch="false"/>
								<line number="5736" hits="0" branch="true" condition-coverage="0% (0/2)">
									<conditions>
										<condition number="0" type="jump" coverage="0%"/>
									</conditions>
								</line>
								<line number="5737" hits="0" branch="false"/>
								<line number="5739" hits="0" branch="false"/>
							</lines>
						</method>
						<method name="abbreviateMiddle" signature="(Ljava/lang/String;Ljava/lang/String;I)Ljava/lang/String;" line-rate="0.0" branch-rate="0.0">
							<lines>
								<line number="5772" hits="0" branch="true" condition-coverage="0% (0/4)">
									<conditions>
										<condition number="0" type="jump" coverage="0%"/>
										<condition number="1" type="jump" coverage="0%"/>
									</conditions>
								</line>
								<line number="5773" hits="0" branch="false"/>
								<line number="5776" hits="0" branch="true" condition-coverage="0% (0/4)">
									<conditions>
										<condition number="0" type="jump" coverage="0%"/>
										<condition number="1" type="jump" coverage="0%"/>
									</conditions>
								</line>
								<line number="5777" hits="0" branch="false"/>
								<line number="5780" hits="0" branch="false"/>
								<line number="5781" hits="0" branch="false"/>
								<line number="5782" hits="0" branch="false"/>
								<line number="5784" hits="0" branch="false"/>
								<line number="5785" hits="0" branch="false"/>
								<line number="5786" hits="0" branch="false"/>
								<line number="5787" hits="0" branch="false"/>
								<line number="5789" hits="0" branch="false"/>
							</lines>
						</method>
						<method name="capitalize" signature="(Ljava/lang/String;)Ljava/lang/String;" line-rate="0.0" branch-rate="0.0">
							<lines>
								<line number="5030" hits="0" branch="true" condition-coverage="0% (0/4)">
									<conditions>
										<condition number="0" type="jump" coverage="0%"/>
										<condition number="1" type="jump" coverage="0%"/>
									</conditions>
								</line>
								<line number="5031" hits="0" branch="false"/>
								<line number="5033" hits="0" branch="false"/>
							</lines>
						</method>
						<method name="center" signature="(Ljava/lang/String;I)Ljava/lang/String;" line-rate="0.0" branch-rate="1.0">
							<lines>
								<line number="4824" hits="0" branch="false"/>
							</lines>
						</method>
						<method name="center" signature="(Ljava/lang/String;IC)Ljava/lang/String;" line-rate="0.0" branch-rate="0.0">
							<lines>
								<line number="4852" hits="0" branch="true" condition-coverage="0% (0/4)">
									<conditions>
										<condition number="0" type="jump" coverage="0%"/>
										<condition number="1" type="jump" coverage="0%"/>
									</conditions>
								</line>
								<line number="4853" hits="0" branch="false"/>
								<line number="4855" hits="0" branch="false"/>
								<line number="4856" hits="0" branch="false"/>
								<line number="4857" hits="0" branch="true" condition-coverage="0% (0/2)">
									<conditions>
										<condition number="0" type="jump" coverage="0%"/>
									</conditions>
								</line>
								<line number="4858" hits="0" branch="false"/>
								<line number="4860" hits="0" branch="false"/>
								<line number="4861" hits="0" branch="false"/>
								<line number="4862" hits="0" branch="false"/>
							</lines>
						</method>
						<method name="center" signature="(Ljava/lang/String;ILjava/lang/String;)Ljava/lang/String;" line-rate="0.0" branch-rate="0.0">
							<lines>
								<line number="4892" hits="0" branch="true" condition-coverage="0% (0/4)">
									<conditions>
										<condition number="0" type="jump" coverage="0%"/>
										<condition number="1" type="jump" coverage="0%"/>
									</conditions>
								</line>
								<line number="4893" hits="0" branch="false"/>
								<line number="4895" hits="0" branch="true" condition-coverage="0% (0/2)">
									<conditions>
										<condition number="0" type="jump" coverage="0%"/>
									</conditions>
								</line>
								<line number="4896" hits="0" branch="false"/>
								<line number="4898" hits="0" branch="false"/>
								<line number="4899" hits="0" branch="false"/>
								<line number="4900" hits="0" branch="true" condition-coverage="0% (0/2)">
									<conditions>
										<condition number="0" type="jump" coverage="0%"/>
									</conditions>
								</line>
								<line number="4901" hits="0" branch="false"/>
								<line number="4903" hits="0" branch="false"/>
								<line number="4904" hits="0" branch="false"/>
								<line number="4905" hits="0" branch="false"/>
							</lines>
						</method>
						<method name="chomp" signature="(Ljava/lang/String;)Ljava/lang/String;" line-rate="0.0" branch-rate="0.0">
							<lines>
								<line number="4334" hits="0" branch="true" condition-coverage="0% (0/2)">
									<conditions>
										<condition number="0" type="jump" coverage="0%"/>
									</conditions>
								</line>
								<line number="4335" hits="0" branch="false"/>
								<line number="4338" hits="0" branch="true" condition-coverage="0% (0/2)">
									<conditions>
										<condition number="0" type="jump" coverage="0%"/>
									</conditions>
								</line>
								<line number="4339" hits="0" branch="false"/>
								<line number="4340" hits="0" branch="true" condition-coverage="0% (0/4)">
									<conditions>
										<condition number="0" type="jump" coverage="0%"/>
										<condition number="1" type="jump" coverage="0%"/>
									</conditions>
								</line>
								<line number="4341" hits="0" branch="false"/>
								<line number="4343" hits="0" branch="false"/>
								<line number="4346" hits="0" branch="false"/>
								<line number="4347" hits="0" branch="false"/>
								<line number="4349" hits="0" branch="true" condition-coverage="0% (0/2)">
									<conditions>
										<condition number="0" type="jump" coverage="0%"/>
									</conditions>
								</line>
								<line number="4350" hits="0" branch="true" condition-coverage="0% (0/2)">
									<conditions>
										<condition number="0" type="jump" coverage="0%"/>
									</conditions>
								</line>
								<line number="4351" hits="0" branch="false"/>
								<line number="4353" hits="0" branch="true" condition-coverage="0% (0/2)">
									<conditions>
										<condition number="0" type="jump" coverage="0%"/>
									</conditions>
								</line>
								<line number="4354" hits="0" branch="false"/>
								<line number="4356" hits="0" branch="false"/>
							</lines>
						</method>
						<method name="chomp" signature="(Ljava/lang/String;Ljava/lang/String;)Ljava/lang/String;" line-rate="0.0" branch-rate="0.0">
							<lines>
								<line number="4386" hits="0" branch="true" condition-coverage="0% (0/4)">
									<conditions>
										<condition number="0" type="jump" coverage="0%"/>
										<condition number="1" type="jump" coverage="0%"/>
									</conditions>
								</line>
								<line number="4387" hits="0" branch="false"/>
								<line number="4389" hits="0" branch="true" condition-coverage="0% (0/2)">
									<conditions>
										<condition number="0" type="jump" coverage="0%"/>
									</conditions>
								</line>
								<line number="4390" hits="0" branch="false"/>
								<line number="4392" hits="0" branch="false"/>
							</lines>
						</method>
						<method name="chop" signature="(Ljava/lang/String;)Ljava/lang/String;" line-rate="0.0" branch-rate="0.0">
							<lines>
								<line number="4421" hits="0" branch="true" condition-coverage="0% (0/2)">
									<conditions>
										<condition number="0" type="jump" coverage="0%"/>
									</conditions>
								</line>
								<line number="4422" hits="0" branch="false"/>
								<line number="4424" hits="0" branch="false"/>
								<line number="4425" hits="0" branch="true" condition-coverage="0% (0/2)">
									<conditions>
										<condition number="0" type="jump" coverage="0%"/>
									</conditions>
								</line>
								<line number="4426" hits="0" branch="false"/>
								<line number="4428" hits="0" branch="false"/>
								<line number="4429" hits="0" branch="false"/>
								<line number="4430" hits="0" branch="false"/>
								<line number="4431" hits="0" branch="true" condition-coverage="0% (0/4)">
									<conditions>
										<condition number="0" type="jump" coverage="0%"/>
										<condition number="1" type="jump" coverage="0%"/>
									</conditions>
								</line>
								<line number="4432" hits="0" branch="false"/>
								<line number="4434" hits="0" branch="false"/>
							</lines>
						</method>
						<method name="contains" signature="(Ljava/lang/CharSequence;I)Z" line-rate="0.0" branch-rate="0.0">
							<lines>
								<line number="1371" hits="0" branch="true" condition-coverage="0% (0/2)">
									<conditions>
										<condition number="0" type="jump" coverage="0%"/>
									</conditions>
								</line>
								<line number="1372" hits="0" branch="false"/>
								<line number="1374" hits="0" branch="true" condition-coverage="0% (0/2)">
									<conditions>
										<condition number="0" type="jump" coverage="0%"/>
									</conditions>
								</line>
							</lines>
						</method>
						<method name="contains" signature="(Ljava/lang/CharSequence;Ljava/lang/CharSequence;)Z" line-rate="0.0" branch-rate="0.0">
							<lines>
								<line number="1400" hits="0" branch="true" condition-coverage="0% (0/4)">
									<conditions>
										<condition number="0" type="jump" coverage="0%"/>
										<condition number="1" type="jump" coverage="0%"/>
									</conditions>
								</line>
								<line number="1401" hits="0" branch="false"/>
								<line number="1403" hits="0" branch="true" condition-coverage="0% (0/2)">
									<conditions>
										<condition number="0" type="jump" coverage="0%"/>
									</conditions>
								</line>
							</lines>
						</method>
						<method name="containsAny" signature="(Ljava/lang/CharSequence;Ljava/lang/CharSequence;)Z" line-rate="0.0" branch-rate="0.0">
							<lines>
								<line number="1632" hits="0" branch="true" condition-coverage="0% (0/2)">
									<conditions>
										<condition number="0" type="jump" coverage="0%"/>
									</conditions>
								</line>
								<line number="1633" hits="0" branch="false"/>
								<line number="1635" hits="0" branch="false"/>
							</lines>
						</method>
						<method name="containsAny" signature="(Ljava/lang/CharSequence;[C)Z" line-rate="0.0" branch-rate="0.0">
							<lines>
								<line number="1574" hits="0" branch="true" condition-coverage="0% (0/4)">
									<conditions>
										<condition number="0" type="jump" coverage="0%"/>
										<condition number="1" type="jump" coverage="0%"/>
									</conditions>
								</line>
								<line number="1575" hits="0" branch="false"/>
								<line number="1577" hits="0" branch="false"/>
								<line number="1578" hits="0" branch="false"/>
								<line number="1579" hits="0" branch="false"/>
								<line number="1580" hits="0" branch="false"/>
								<line number="1581" hits="0" branch="true" condition-coverage="0% (0/2)">
									<conditions>
										<condition number="0" type="jump" coverage="0%"/>
									</conditions>
								</line>
								<line number="1582" hits="0" branch="false"/>
								<line number="1583" hits="0" branch="true" condition-coverage="0% (0/2)">
									<conditions>
										<condition number="0" type="jump" coverage="0%"/>
									</conditions>
								</line>
								<line number="1584" hits="0" branch="true" condition-coverage="0% (0/2)">
									<conditions>
										<condition number="0" type="jump" coverage="0%"/>
									</conditions>
								</line>
								<line number="1585" hits="0" branch="true" condition-coverage="0% (0/2)">
									<conditions>
										<condition number="0" type="jump" coverage="0%"/>
									</conditions>
								</line>
								<line number="1586" hits="0" branch="true" condition-coverage="0% (0/2)">
									<conditions>
										<condition number="0" type="jump" coverage="0%"/>
									</conditions>
								</line>
								<line number="1588" hits="0" branch="false"/>
								<line number="1590" hits="0" branch="true" condition-coverage="0% (0/4)">
									<conditions>
										<condition number="0" type="jump" coverage="0%"/>
										<condition number="1" type="jump" coverage="0%"/>
									</conditions>
								</line>
								<line number="1591" hits="0" branch="false"/>
								<line number="1595" hits="0" branch="false"/>
								<line number="1600" hits="0" branch="false"/>
							</lines>
						</method>
						<method name="containsIgnoreCase" signature="(Ljava/lang/CharSequence;Ljava/lang/CharSequence;)Z" line-rate="0.0" branch-rate="0.0">
							<lines>
								<line number="1431" hits="0" branch="true" condition-coverage="0% (0/4)">
									<conditions>
										<condition number="0" type="jump" coverage="0%"/>
										<condition number="1" type="jump" coverage="0%"/>
									</conditions>
								</line>
								<line number="1432" hits="0" branch="false"/>
								<line number="1434" hits="0" branch="false"/>
								<line number="1435" hits="0" branch="false"/>
								<line number="1436" hits="0" branch="true" condition-coverage="0% (0/2)">
									<conditions>
										<condition number="0" type="jump" coverage="0%"/>
									</conditions>
								</line>
								<line number="1437" hits="0" branch="true" condition-coverage="0% (0/2)">
									<conditions>
										<condition number="0" type="jump" coverage="0%"/>
									</conditions>
								</line>
								<line number="1438" hits="0" branch="false"/>
								<line number="1441" hits="0" branch="false"/>
							</lines>
						</method>
						<method name="containsNone" signature="(Ljava/lang/CharSequence;Ljava/lang/String;)Z" line-rate="0.0" branch-rate="0.0">
							<lines>
								<line number="1883" hits="0" branch="true" condition-coverage="0% (0/4)">
									<conditions>
										<condition number="0" type="jump" coverage="0%"/>
										<condition number="1" type="jump" coverage="0%"/>
									</conditions>
								</line>
								<line number="1884" hits="0" branch="false"/>
								<line number="1886" hits="0" branch="false"/>
							</lines>
						</method>
						<method name="containsNone" signature="(Ljava/lang/CharSequence;[C)Z" line-rate="0.0" branch-rate="0.0">
							<lines>
								<line number="1830" hits="0" branch="true" condition-coverage="0% (0/4)">
									<conditions>
										<condition number="0" type="jump" coverage="0%"/>
										<condition number="1" type="jump" coverage="0%"/>
									</conditions>
								</line>
								<line number="1831" hits="0" branch="false"/>
								<line number="1833" hits="0" branch="false"/>
								<line number="1834" hits="0" branch="false"/>
								<line number="1835" hits="0" branch="false"/>
								<line number="1836" hits="0" branch="false"/>
								<line number="1837" hits="0" branch="true" condition-coverage="0% (0/2)">
									<conditions>
										<condition number="0" type="jump" coverage="0%"/>
									</conditions>
								</line>
								<line number="1838" hits="0" branch="false"/>
								<line number="1839" hits="0" branch="true" condition-coverage="0% (0/2)">
									<conditions>
										<condition number="0" type="jump" coverage="0%"/>
									</conditions>
								</line>
								<line number="1840" hits="0" branch="true" condition-coverage="0% (0/2)">
									<conditions>
										<condition number="0" type="jump" coverage="0%"/>
									</conditions>
								</line>
								<line number="1841" hits="0" branch="true" condition-coverage="0% (0/2)">
									<conditions>
										<condition number="0" type="jump" coverage="0%"/>
									</conditions>
								</line>
								<line number="1842" hits="0" branch="true" condition-coverage="0% (0/2)">
									<conditions>
										<condition number="0" type="jump" coverage="0%"/>
									</conditions>
								</line>
								<line number="1844" hits="0" branch="false"/>
								<line number="1846" hits="0" branch="true" condition-coverage="0% (0/4)">
									<conditions>
										<condition number="0" type="jump" coverage="0%"/>
										<condition number="1" type="jump" coverage="0%"/>
									</conditions>
								</line>
								<line number="1847" hits="0" branch="false"/>
								<line number="1851" hits="0" branch="false"/>
								<line number="1856" hits="0" branch="false"/>
							</lines>
						</method>
						<method name="containsOnly" signature="(Ljava/lang/CharSequence;Ljava/lang/String;)Z" line-rate="0.0" branch-rate="0.0">
							<lines>
								<line number="1798" hits="0" branch="true" condition-coverage="0% (0/4)">
									<conditions>
										<condition number="0" type="jump" coverage="0%"/>
										<condition number="1" type="jump" coverage="0%"/>
									</conditions>
								</line>
								<line number="1799" hits="0" branch="false"/>
								<line number="1801" hits="0" branch="false"/>
							</lines>
						</method>
						<method name="containsOnly" signature="(Ljava/lang/CharSequence;[C)Z" line-rate="0.0" branch-rate="0.0">
							<lines>
								<line number="1762" hits="0" branch="true" condition-coverage="0% (0/4)">
									<conditions>
										<condition number="0" type="jump" coverage="0%"/>
										<condition number="1" type="jump" coverage="0%"/>
									</conditions>
								</line>
								<line number="1763" hits="0" branch="false"/>
								<line number="1765" hits="0" branch="true" condition-coverage="0% (0/2)">
									<conditions>
										<condition number="0" type="jump" coverage="0%"/>
									</conditions>
								</line>
								<line number="1766" hits="0" branch="false"/>
								<line number="1768" hits="0" branch="true" condition-coverage="0% (0/2)">
									<conditions>
										<condition number="0" type="jump" coverage="0%"/>
									</conditions>
								</line>
								<line number="1769" hits="0" branch="false"/>
								<line number="1771" hits="0" branch="true" condition-coverage="0% (0/2)">
									<conditions>
										<condition number="0" type="jump" coverage="0%"/>
									</conditions>
								</line>
							</lines>
						</method>
						<method name="containsWhitespace" signature="(Ljava/lang/CharSequence;)Z" line-rate="0.0" branch-rate="0.0">
							<lines>
								<line number="1454" hits="0" branch="true" condition-coverage="0% (0/2)">
									<conditions>
										<condition number="0" type="jump" coverage="0%"/>
									</conditions>
								</line>
								<line number="1455" hits="0" branch="false"/>
								<line number="1457" hits="0" branch="false"/>
								<line number="1458" hits="0" branch="true" condition-coverage="0% (0/2)">
									<conditions>
										<condition number="0" type="jump" coverage="0%"/>
									</conditions>
								</line>
								<line number="1459" hits="0" branch="true" condition-coverage="0% (0/2)">
									<conditions>
										<condition number="0" type="jump" coverage="0%"/>
									</conditions>
								</line>
								<line number="1460" hits="0" branch="false"/>
								<line number="1463" hits="0" branch="false"/>
							</lines>
						</method>
						<method name="countMatches" signature="(Ljava/lang/CharSequence;Ljava/lang/CharSequence;)I" line-rate="0.0" branch-rate="0.0">
							<lines>
								<line number="5140" hits="0" branch="true" condition-coverage="0% (0/4)">
									<conditions>
										<condition number="0" type="jump" coverage="0%"/>
										<condition number="1" type="jump" coverage="0%"/>
									</conditions>
								</line>
								<line number="5141" hits="0" branch="false"/>
								<line number="5143" hits="0" branch="false"/>
								<line number="5144" hits="0" branch="false"/>
								<line number="5145" hits="0" branch="true" condition-coverage="0% (0/2)">
									<conditions>
										<condition number="0" type="jump" coverage="0%"/>
									</conditions>
								</line>
								<line number="5146" hits="0" branch="false"/>
								<line number="5147" hits="0" branch="false"/>
								<line number="5149" hits="0" branch="false"/>
							</lines>
						</method>
						<method name="defaultIfBlank" signature="(Ljava/lang/CharSequence;Ljava/lang/CharSequence;)Ljava/lang/CharSequence;" line-rate="0.0" branch-rate="0.0">
							<lines>
								<line number="5563" hits="0" branch="true" condition-coverage="0% (0/2)">
									<conditions>
										<condition number="0" type="jump" coverage="0%"/>
									</conditions>
								</line>
							</lines>
						</method>
						<method name="defaultIfEmpty" signature="(Ljava/lang/CharSequence;Ljava/lang/CharSequence;)Ljava/lang/CharSequence;" line-rate="0.0" branch-rate="0.0">
							<lines>
								<line number="5584" hits="0" branch="true" condition-coverage="0% (0/2)">
									<conditions>
										<condition number="0" type="jump" coverage="0%"/>
									</conditions>
								</line>
							</lines>
						</method>
						<method name="defaultString" signature="(Ljava/lang/String;)Ljava/lang/String;" line-rate="0.0" branch-rate="0.0">
							<lines>
								<line number="5520" hits="0" branch="true" condition-coverage="0% (0/2)">
									<conditions>
										<condition number="0" type="jump" coverage="0%"/>
									</conditions>
								</line>
							</lines>
						</method>
						<method name="defaultString" signature="(Ljava/lang/String;Ljava/lang/String;)Ljava/lang/String;" line-rate="0.0" branch-rate="0.0">
							<lines>
								<line number="5541" hits="0" branch="true" condition-coverage="0% (0/2)">
									<conditions>
										<condition number="0" type="jump" coverage="0%"/>
									</conditions>
								</line>
							</lines>
						</method>
						<method name="deleteWhitespace" signature="(Ljava/lang/String;)Ljava/lang/String;" line-rate="0.0" branch-rate="0.0">
							<lines>
								<line number="3548" hits="0" branch="true" condition-coverage="0% (0/2)">
									<conditions>
										<condition number="0" type="jump" coverage="0%"/>
									</conditions>
								</line>
								<line number="3549" hits="0" branch="false"/>
								<line number="3551" hits="0" branch="false"/>
								<line number="3552" hits="0" branch="false"/>
								<line number="3553" hits="0" branch="false"/>
								<line number="3554" hits="0" branch="true" condition-coverage="0% (0/2)">
									<conditions>
										<condition number="0" type="jump" coverage="0%"/>
									</conditions>
								</line>
								<line number="3555" hits="0" branch="true" condition-coverage="0% (0/2)">
									<conditions>
										<condition number="0" type="jump" coverage="0%"/>
									</conditions>
								</line>
								<line number="3556" hits="0" branch="false"/>
								<line number="3559" hits="0" branch="true" condition-coverage="0% (0/2)">
									<conditions>
										<condition number="0" type="jump" coverage="0%"/>
									</conditions>
								</line>
								<line number="3560" hits="0" branch="false"/>
								<line number="3562" hits="0" branch="false"/>
							</lines>
						</method>
						<method name="difference" signature="(Ljava/lang/String;Ljava/lang/String;)Ljava/lang/String;" line-rate="0.0" branch-rate="0.0">
							<lines>
								<line number="5820" hits="0" branch="true" condition-coverage="0% (0/2)">
									<conditions>
										<condition number="0" type="jump" coverage="0%"/>
									</conditions>
								</line>
								<line number="5821" hits="0" branch="false"/>
								<line number="5823" hits="0" branch="true" condition-coverage="0% (0/2)">
									<conditions>
										<condition number="0" type="jump" coverage="0%"/>
									</conditions>
								</line>
								<line number="5824" hits="0" branch="false"/>
								<line number="5826" hits="0" branch="false"/>
								<line number="5827" hits="0" branch="true" condition-coverage="0% (0/2)">
									<conditions>
										<condition number="0" type="jump" coverage="0%"/>
									</conditions>
								</line>
								<line number="5828" hits="0" branch="false"/>
								<line number="5830" hits="0" branch="false"/>
							</lines>
						</method>
						<method name="endsWith" signature="(Ljava/lang/CharSequence;Ljava/lang/CharSequence;)Z" line-rate="0.0" branch-rate="1.0">
							<lines>
								<line number="6431" hits="0" branch="false"/>
							</lines>
						</method>
						<method name="endsWith" signature="(Ljava/lang/CharSequence;Ljava/lang/CharSequence;Z)Z" line-rate="0.0" branch-rate="0.0">
							<lines>
								<line number="6473" hits="0" branch="true" condition-coverage="0% (0/4)">
									<conditions>
										<condition number="0" type="jump" coverage="0%"/>
										<condition number="1" type="jump" coverage="0%"/>
									</conditions>
								</line>
								<line number="6474" hits="0" branch="true" condition-coverage="0% (0/4)">
									<conditions>
										<condition number="0" type="jump" coverage="0%"/>
										<condition number="1" type="jump" coverage="0%"/>
									</conditions>
								</line>
								<line number="6476" hits="0" branch="true" condition-coverage="0% (0/2)">
									<conditions>
										<condition number="0" type="jump" coverage="0%"/>
									</conditions>
								</line>
								<line number="6477" hits="0" branch="false"/>
								<line number="6479" hits="0" branch="false"/>
								<line number="6480" hits="0" branch="false"/>
							</lines>
						</method>
						<method name="endsWithAny" signature="(Ljava/lang/CharSequence;[Ljava/lang/CharSequence;)Z" line-rate="0.0" branch-rate="0.0">
							<lines>
								<line number="6550" hits="0" branch="true" condition-coverage="0% (0/4)">
									<conditions>
										<condition number="0" type="jump" coverage="0%"/>
										<condition number="1" type="jump" coverage="0%"/>
									</conditions>
								</line>
								<line number="6551" hits="0" branch="false"/>
								<line number="6553" hits="0" branch="true" condition-coverage="0% (0/2)">
									<conditions>
										<condition number="0" type="jump" coverage="0%"/>
									</conditions>
								</line>
								<line number="6554" hits="0" branch="true" condition-coverage="0% (0/2)">
									<conditions>
										<condition number="0" type="jump" coverage="0%"/>
									</conditions>
								</line>
								<line number="6555" hits="0" branch="false"/>
								<line number="6558" hits="0" branch="false"/>
							</lines>
						</method>
						<method name="endsWithIgnoreCase" signature="(Ljava/lang/CharSequence;Ljava/lang/CharSequence;)Z" line-rate="0.0" branch-rate="1.0">
							<lines>
								<line number="6458" hits="0" branch="false"/>
							</lines>
						</method>
						<method name="equals" signature="(Ljava/lang/CharSequence;Ljava/lang/CharSequence;)Z" line-rate="0.0" branch-rate="0.0">
							<lines>
								<line number="776" hits="0" branch="true" condition-coverage="0% (0/4)">
									<conditions>
										<condition number="0" type="jump" coverage="0%"/>
										<condition number="1" type="jump" coverage="0%"/>
									</conditions>
								</line>
							</lines>
						</method>
						<method name="equalsIgnoreCase" signature="(Ljava/lang/CharSequence;Ljava/lang/CharSequence;)Z" line-rate="0.0" branch-rate="0.0">
							<lines>
								<line number="801" hits="0" branch="true" condition-coverage="0% (0/4)">
									<conditions>
										<condition number="0" type="jump" coverage="0%"/>
										<condition number="1" type="jump" coverage="0%"/>
									</conditions>
								</line>
								<line number="802" hits="0" branch="true" condition-coverage="0% (0/2)">
									<conditions>
										<condition number="0" type="jump" coverage="0%"/>
									</conditions>
								</line>
								<line number="804" hits="0" branch="false"/>
							</lines>
						</method>
						<method name="getCommonPrefix" signature="([Ljava/lang/String;)Ljava/lang/String;" line-rate="0.0" branch-rate="0.0">
							<lines>
								<line number="6001" hits="0" branch="true" condition-coverage="0% (0/4)">
									<conditions>
										<condition number="0" type="jump" coverage="0%"/>
										<condition number="1" type="jump" coverage="0%"/>
									</conditions>
								</line>
								<line number="6002" hits="0" branch="false"/>
								<line number="6004" hits="0" branch="false"/>
								<line number="6005" hits="0" branch="true" condition-coverage="0% (0/2)">
									<conditions>
										<condition number="0" type="jump" coverage="0%"/>
									</conditions>
								</line>
								<line number="6007" hits="0" branch="true" condition-coverage="0% (0/2)">
									<conditions>
										<condition number="0" type="jump" coverage="0%"/>
									</conditions>
								</line>
								<line number="6008" hits="0" branch="false"/>
								<line number="6010" hits="0" branch="false"/>
								<line number="6011" hits="0" branch="true" condition-coverage="0% (0/2)">
									<conditions>
										<condition number="0" type="jump" coverage="0%"/>
									</conditions>
								</line>
								<line number="6013" hits="0" branch="false"/>
								<line number="6016" hits="0" branch="false"/>
							</lines>
						</method>
						<method name="getLevenshteinDistance" signature="(Ljava/lang/CharSequence;Ljava/lang/CharSequence;)I" line-rate="0.0" branch-rate="0.0">
							<lines>
								<line number="6059" hits="0" branch="true" condition-coverage="0% (0/4)">
									<conditions>
										<condition number="0" type="jump" coverage="0%"/>
										<condition number="1" type="jump" coverage="0%"/>
									</conditions>
								</line>
								<line number="6060" hits="0" branch="false"/>
								<line number="6080" hits="0" branch="false"/>
								<line number="6081" hits="0" branch="false"/>
								<line number="6083" hits="0" branch="true" condition-coverage="0% (0/2)">
									<conditions>
										<condition number="0" type="jump" coverage="0%"/>
									</conditions>
								</line>
								<line number="6084" hits="0" branch="false"/>
								<line number="6085" hits="0" branch="true" condition-coverage="0% (0/2)">
									<conditions>
										<condition number="0" type="jump" coverage="0%"/>
									</conditions>
								</line>
								<line number="6086" hits="0" branch="false"/>
								<line number="6089" hits="0" branch="true" condition-coverage="0% (0/2)">
									<conditions>
										<condition number="0" type="jump" coverage="0%"/>
									</conditions>
								</line>
								<line number="6091" hits="0" branch="false"/>
								<line number="6092" hits="0" branch="false"/>
								<line number="6093" hits="0" branch="false"/>
								<line number="6094" hits="0" branch="false"/>
								<line number="6095" hits="0" branch="false"/>
								<line number="6098" hits="0" branch="false"/>
								<line number="6099" hits="0" branch="false"/>
								<line number="6110" hits="0" branch="true" condition-coverage="0% (0/2)">
									<conditions>
										<condition number="0" type="jump" coverage="0%"/>
									</conditions>
								</line>
								<line number="6111" hits="0" branch="false"/>
								<line number="6114" hits="0" branch="true" condition-coverage="0% (0/2)">
									<conditions>
										<condition number="0" type="jump" coverage="0%"/>
									</conditions>
								</line>
								<line number="6115" hits="0" branch="false"/>
								<line number="6116" hits="0" branch="false"/>
								<line number="6118" hits="0" branch="true" condition-coverage="0% (0/2)">
									<conditions>
										<condition number="0" type="jump" coverage="0%"/>
									</conditions>
								</line>
								<line number="6119" hits="0" branch="true" condition-coverage="0% (0/2)">
									<conditions>
										<condition number="0" type="jump" coverage="0%"/>
									</conditions>
								</line>
								<line number="6121" hits="0" branch="false"/>
								<line number="6125" hits="0" branch="false"/>
								<line number="6126" hits="0" branch="false"/>
								<line number="6127" hits="0" branch="false"/>
								<line number="6132" hits="0" branch="false"/>
							</lines>
						</method>
						<method name="getLevenshteinDistance" signature="(Ljava/lang/CharSequence;Ljava/lang/CharSequence;I)I" line-rate="0.0" branch-rate="0.0">
							<lines>
								<line number="6168" hits="0" branch="true" condition-coverage="0% (0/4)">
									<conditions>
										<condition number="0" type="jump" coverage="0%"/>
										<condition number="1" type="jump" coverage="0%"/>
									</conditions>
								</line>
								<line number="6169" hits="0" branch="false"/>
								<line number="6171" hits="0" branch="true" condition-coverage="0% (0/2)">
									<conditions>
										<condition number="0" type="jump" coverage="0%"/>
									</conditions>
								</line>
								<line number="6172" hits="0" branch="false"/>
								<line number="6219" hits="0" branch="false"/>
								<line number="6220" hits="0" branch="false"/>
								<line number="6223" hits="0" branch="true" condition-coverage="0% (0/2)">
									<conditions>
										<condition number="0" type="jump" coverage="0%"/>
									</conditions>
								</line>
								<line number="6224" hits="0" branch="true" condition-coverage="0% (0/2)">
									<conditions>
										<condition number="0" type="jump" coverage="0%"/>
									</conditions>
								</line>
								<line number="6225" hits="0" branch="true" condition-coverage="0% (0/2)">
									<conditions>
										<condition number="0" type="jump" coverage="0%"/>
									</conditions>
								</line>
								<line number="6226" hits="0" branch="true" condition-coverage="0% (0/2)">
									<conditions>
										<condition number="0" type="jump" coverage="0%"/>
									</conditions>
								</line>
								<line number="6229" hits="0" branch="true" condition-coverage="0% (0/2)">
									<conditions>
										<condition number="0" type="jump" coverage="0%"/>
									</conditions>
								</line>
								<line number="6231" hits="0" branch="false"/>
								<line number="6232" hits="0" branch="false"/>
								<line number="6233" hits="0" branch="false"/>
								<line number="6234" hits="0" branch="false"/>
								<line number="6235" hits="0" branch="false"/>
								<line number="6238" hits="0" branch="false"/>
								<line number="6239" hits="0" branch="false"/>
								<line number="6243" hits="0" branch="false"/>
								<line number="6244" hits="0" branch="true" condition-coverage="0% (0/2)">
									<conditions>
										<condition number="0" type="jump" coverage="0%"/>
									</conditions>
								</line>
								<line number="6245" hits="0" branch="false"/>
								<line number="6249" hits="0" branch="false"/>
								<line number="6250" hits="0" branch="false"/>
								<line number="6253" hits="0" branch="true" condition-coverage="0% (0/2)">
									<conditions>
										<condition number="0" type="jump" coverage="0%"/>
									</conditions>
								</line>
								<line number="6254" hits="0" branch="false"/>
								<line number="6255" hits="0" branch="false"/>
								<line number="6258" hits="0" branch="false"/>
								<line number="6259" hits="0" branch="false"/>
								<line number="6262" hits="0" branch="true" condition-coverage="0% (0/2)">
									<conditions>
										<condition number="0" type="jump" coverage="0%"/>
									</conditions>
								</line>
								<line number="6263" hits="0" branch="false"/>
								<line number="6267" hits="0" branch="true" condition-coverage="0% (0/2)">
									<conditions>
										<condition number="0" type="jump" coverage="0%"/>
									</conditions>
								</line>
								<line number="6268" hits="0" branch="false"/>
								<line number="6272" hits="0" branch="true" condition-coverage="0% (0/2)">
									<conditions>
										<condition number="0" type="jump" coverage="0%"/>
									</conditions>
								</line>
								<line number="6273" hits="0" branch="true" condition-coverage="0% (0/2)">
									<conditions>
										<condition number="0" type="jump" coverage="0%"/>
									</conditions>
								</line>
								<line number="6275" hits="0" branch="false"/>
								<line number="6278" hits="0" branch="false"/>
								<line number="6283" hits="0" branch="false"/>
								<line number="6284" hits="0" branch="false"/>
								<line number="6285" hits="0" branch="false"/>
								<line number="6290" hits="0" branch="true" condition-coverage="0% (0/2)">
									<conditions>
										<condition number="0" type="jump" coverage="0%"/>
									</conditions>
								</line>
								<line number="6291" hits="0" branch="false"/>
								<line number="6293" hits="0" branch="false"/>
							</lines>
						</method>
						<method name="indexOf" signature="(Ljava/lang/CharSequence;I)I" line-rate="0.0" branch-rate="0.0">
							<lines>
								<line number="831" hits="0" branch="true" condition-coverage="0% (0/2)">
									<conditions>
										<condition number="0" type="jump" coverage="0%"/>
									</conditions>
								</line>
								<line number="832" hits="0" branch="false"/>
								<line number="834" hits="0" branch="false"/>
							</lines>
						</method>
						<method name="indexOf" signature="(Ljava/lang/CharSequence;II)I" line-rate="0.0" branch-rate="0.0">
							<lines>
								<line number="864" hits="0" branch="true" condition-coverage="0% (0/2)">
									<conditions>
										<condition number="0" type="jump" coverage="0%"/>
									</conditions>
								</line>
								<line number="865" hits="0" branch="false"/>
								<line number="867" hits="0" branch="false"/>
							</lines>
						</method>
						<method name="indexOf" signature="(Ljava/lang/CharSequence;Ljava/lang/CharSequence;)I" line-rate="0.0" branch-rate="0.0">
							<lines>
								<line number="895" hits="0" branch="true" condition-coverage="0% (0/4)">
									<conditions>
										<condition number="0" type="jump" coverage="0%"/>
										<condition number="1" type="jump" coverage="0%"/>
									</conditions>
								</line>
								<line number="896" hits="0" branch="false"/>
								<line number="898" hits="0" branch="false"/>
							</lines>
						</method>
						<method name="indexOf" signature="(Ljava/lang/CharSequence;Ljava/lang/CharSequence;I)I" line-rate="0.0" branch-rate="0.0">
							<lines>
								<line number="935" hits="0" branch="true" condition-coverage="0% (0/4)">
									<conditions>
										<condition number="0" type="jump" coverage="0%"/>
										<condition number="1" type="jump" coverage="0%"/>
									</conditions>
								</line>
								<line number="936" hits="0" branch="false"/>
								<line number="938" hits="0" branch="false"/>
							</lines>
						</method>
						<method name="indexOfAny" signature="(Ljava/lang/CharSequence;Ljava/lang/String;)I" line-rate="0.0" branch-rate="0.0">
							<lines>
								<line number="1541" hits="0" branch="true" condition-coverage="0% (0/4)">
									<conditions>
										<condition number="0" type="jump" coverage="0%"/>
										<condition number="1" type="jump" coverage="0%"/>
									</conditions>
								</line>
								<line number="1542" hits="0" branch="false"/>
								<line number="1544" hits="0" branch="false"/>
							</lines>
						</method>
						<method name="indexOfAny" signature="(Ljava/lang/CharSequence;[C)I" line-rate="0.0" branch-rate="0.0">
							<lines>
								<line number="1492" hits="0" branch="true" condition-coverage="0% (0/4)">
									<conditions>
										<condition number="0" type="jump" coverage="0%"/>
										<condition number="1" type="jump" coverage="0%"/>
									</conditions>
								</line>
								<line number="1493" hits="0" branch="false"/>
								<line number="1495" hits="0" branch="false"/>
								<line number="1496" hits="0" branch="false"/>
								<line number="1497" hits="0" branch="false"/>
								<line number="1498" hits="0" branch="false"/>
								<line number="1499" hits="0" branch="true" condition-coverage="0% (0/2)">
									<conditions>
										<condition number="0" type="jump" coverage="0%"/>
									</conditions>
								</line>
								<line number="1500" hits="0" branch="false"/>
								<line number="1501" hits="0" branch="true" condition-coverage="0% (0/2)">
									<conditions>
										<condition number="0" type="jump" coverage="0%"/>
									</conditions>
								</line>
								<line number="1502" hits="0" branch="true" condition-coverage="0% (0/2)">
									<conditions>
										<condition number="0" type="jump" coverage="0%"/>
									</conditions>
								</line>
								<line number="1503" hits="0" branch="true" condition-coverage="0% (0/6)">
									<conditions>
										<condition number="0" type="jump" coverage="0%"/>
										<condition number="1" type="jump" coverage="0%"/>
										<condition number="2" type="jump" coverage="0%"/>
									</conditions>
								</line>
								<line number="1505" hits="0" branch="true" condition-coverage="0% (0/2)">
									<conditions>
										<condition number="0" type="jump" coverage="0%"/>
									</conditions>
								</line>
								<line number="1506" hits="0" branch="false"/>
								<line number="1509" hits="0" branch="false"/>
								<line number="1514" hits="0" branch="false"/>
							</lines>
						</method>
						<method name="indexOfAny" signature="(Ljava/lang/CharSequence;[Ljava/lang/CharSequence;)I" line-rate="0.0" branch-rate="0.0">
							<lines>
								<line number="1919" hits="0" branch="true" condition-coverage="0% (0/4)">
									<conditions>
										<condition number="0" type="jump" coverage="0%"/>
										<condition number="1" type="jump" coverage="0%"/>
									</conditions>
								</line>
								<line number="1920" hits="0" branch="false"/>
								<line number="1922" hits="0" branch="false"/>
								<line number="1925" hits="0" branch="false"/>
								<line number="1927" hits="0" branch="false"/>
								<line number="1928" hits="0" branch="true" condition-coverage="0% (0/2)">
									<conditions>
										<condition number="0" type="jump" coverage="0%"/>
									</conditions>
								</line>
								<line number="1929" hits="0" branch="false"/>
								<line number="1930" hits="0" branch="true" condition-coverage="0% (0/2)">
									<conditions>
										<condition number="0" type="jump" coverage="0%"/>
									</conditions>
								</line>
								<line number="1931" hits="0" branch="false"/>
								<line number="1933" hits="0" branch="false"/>
								<line number="1934" hits="0" branch="true" condition-coverage="0% (0/2)">
									<conditions>
										<condition number="0" type="jump" coverage="0%"/>
									</conditions>
								</line>
								<line number="1935" hits="0" branch="false"/>
								<line number="1938" hits="0" branch="true" condition-coverage="0% (0/2)">
									<conditions>
										<condition number="0" type="jump" coverage="0%"/>
									</conditions>
								</line>
								<line number="1939" hits="0" branch="false"/>
								<line number="1943" hits="0" branch="true" condition-coverage="0% (0/2)">
									<conditions>
										<condition number="0" type="jump" coverage="0%"/>
									</conditions>
								</line>
							</lines>
						</method>
						<method name="indexOfAnyBut" signature="(Ljava/lang/CharSequence;Ljava/lang/CharSequence;)I" line-rate="0.0" branch-rate="0.0">
							<lines>
								<line number="1715" hits="0" branch="true" condition-coverage="0% (0/4)">
									<conditions>
										<condition number="0" type="jump" coverage="0%"/>
										<condition number="1" type="jump" coverage="0%"/>
									</conditions>
								</line>
								<line number="1716" hits="0" branch="false"/>
								<line number="1718" hits="0" branch="false"/>
								<line number="1719" hits="0" branch="true" condition-coverage="0% (0/2)">
									<conditions>
										<condition number="0" type="jump" coverage="0%"/>
									</conditions>
								</line>
								<line number="1720" hits="0" branch="false"/>
								<line number="1721" hits="0" branch="true" condition-coverage="0% (0/2)">
									<conditions>
										<condition number="0" type="jump" coverage="0%"/>
									</conditions>
								</line>
								<line number="1722" hits="0" branch="true" condition-coverage="0% (0/4)">
									<conditions>
										<condition number="0" type="jump" coverage="0%"/>
										<condition number="1" type="jump" coverage="0%"/>
									</conditions>
								</line>
								<line number="1723" hits="0" branch="false"/>
								<line number="1724" hits="0" branch="true" condition-coverage="0% (0/4)">
									<conditions>
										<condition number="0" type="jump" coverage="0%"/>
										<condition number="1" type="jump" coverage="0%"/>
									</conditions>
								</line>
								<line number="1725" hits="0" branch="false"/>
								<line number="1727" hits="0" branch="false"/>
								<line number="1728" hits="0" branch="true" condition-coverage="0% (0/2)">
									<conditions>
										<condition number="0" type="jump" coverage="0%"/>
									</conditions>
								</line>
								<line number="1729" hits="0" branch="false"/>
								<line number="1733" hits="0" branch="false"/>
							</lines>
						</method>
						<method name="indexOfAnyBut" signature="(Ljava/lang/CharSequence;[C)I" line-rate="0.0" branch-rate="0.0">
							<lines>
								<line number="1665" hits="0" branch="true" condition-coverage="0% (0/4)">
									<conditions>
										<condition number="0" type="jump" coverage="0%"/>
										<condition number="1" type="jump" coverage="0%"/>
									</conditions>
								</line>
								<line number="1666" hits="0" branch="false"/>
								<line number="1668" hits="0" branch="false"/>
								<line number="1669" hits="0" branch="false"/>
								<line number="1670" hits="0" branch="false"/>
								<line number="1671" hits="0" branch="false"/>
								<line number="1673" hits="0" branch="true" condition-coverage="0% (0/2)">
									<conditions>
										<condition number="0" type="jump" coverage="0%"/>
									</conditions>
								</line>
								<line number="1674" hits="0" branch="false"/>
								<line number="1675" hits="0" branch="true" condition-coverage="0% (0/2)">
									<conditions>
										<condition number="0" type="jump" coverage="0%"/>
									</conditions>
								</line>
								<line number="1676" hits="0" branch="true" condition-coverage="0% (0/2)">
									<conditions>
										<condition number="0" type="jump" coverage="0%"/>
									</conditions>
								</line>
								<line number="1677" hits="0" branch="true" condition-coverage="0% (0/6)">
									<conditions>
										<condition number="0" type="jump" coverage="0%"/>
										<condition number="1" type="jump" coverage="0%"/>
										<condition number="2" type="jump" coverage="0%"/>
									</conditions>
								</line>
								<line number="1678" hits="0" branch="true" condition-coverage="0% (0/2)">
									<conditions>
										<condition number="0" type="jump" coverage="0%"/>
									</conditions>
								</line>
								<line number="1679" hits="0" branch="false"/>
								<line number="1686" hits="0" branch="false"/>
								<line number="1688" hits="0" branch="false"/>
							</lines>
						</method>
						<method name="indexOfDifference" signature="(Ljava/lang/CharSequence;Ljava/lang/CharSequence;)I" line-rate="0.0" branch-rate="0.0">
							<lines>
								<line number="5859" hits="0" branch="true" condition-coverage="0% (0/2)">
									<conditions>
										<condition number="0" type="jump" coverage="0%"/>
									</conditions>
								</line>
								<line number="5860" hits="0" branch="false"/>
								<line number="5862" hits="0" branch="true" condition-coverage="0% (0/4)">
									<conditions>
										<condition number="0" type="jump" coverage="0%"/>
										<condition number="1" type="jump" coverage="0%"/>
									</conditions>
								</line>
								<line number="5863" hits="0" branch="false"/>
								<line number="5866" hits="0" branch="true" condition-coverage="0% (0/4)">
									<conditions>
										<condition number="0" type="jump" coverage="0%"/>
										<condition number="1" type="jump" coverage="0%"/>
									</conditions>
								</line>
								<line number="5867" hits="0" branch="true" condition-coverage="0% (0/2)">
									<conditions>
										<condition number="0" type="jump" coverage="0%"/>
									</conditions>
								</line>
								<line number="5868" hits="0" branch="false"/>
								<line number="5871" hits="0" branch="true" condition-coverage="0% (0/4)">
									<conditions>
										<condition number="0" type="jump" coverage="0%"/>
										<condition number="1" type="jump" coverage="0%"/>
									</conditions>
								</line>
								<line number="5872" hits="0" branch="false"/>
								<line number="5874" hits="0" branch="false"/>
							</lines>
						</method>
						<method name="indexOfDifference" signature="([Ljava/lang/CharSequence;)I" line-rate="0.0" branch-rate="0.0">
							<lines>
								<line number="5910" hits="0" branch="true" condition-coverage="0% (0/4)">
									<conditions>
										<condition number="0" type="jump" coverage="0%"/>
										<condition number="1" type="jump" coverage="0%"/>
									</conditions>
								</line>
								<line number="5911" hits="0" branch="false"/>
								<line number="5913" hits="0" branch="false"/>
								<line number="5914" hits="0" branch="false"/>
								<line number="5915" hits="0" branch="false"/>
								<line number="5916" hits="0" branch="false"/>
								<line number="5917" hits="0" branch="false"/>
								<line number="5922" hits="0" branch="true" condition-coverage="0% (0/2)">
									<conditions>
										<condition number="0" type="jump" coverage="0%"/>
									</conditions>
								</line>
								<line number="5923" hits="0" branch="true" condition-coverage="0% (0/2)">
									<conditions>
										<condition number="0" type="jump" coverage="0%"/>
									</conditions>
								</line>
								<line number="5924" hits="0" branch="false"/>
								<line number="5925" hits="0" branch="false"/>
								<line number="5927" hits="0" branch="false"/>
								<line number="5928" hits="0" branch="false"/>
								<line number="5929" hits="0" branch="false"/>
								<line number="5934" hits="0" branch="true" condition-coverage="0% (0/6)">
									<conditions>
										<condition number="0" type="jump" coverage="0%"/>
										<condition number="1" type="jump" coverage="0%"/>
										<condition number="2" type="jump" coverage="0%"/>
									</conditions>
								</line>
								<line number="5935" hits="0" branch="false"/>
								<line number="5939" hits="0" branch="true" condition-coverage="0% (0/2)">
									<conditions>
										<condition number="0" type="jump" coverage="0%"/>
									</conditions>
								</line>
								<line number="5940" hits="0" branch="false"/>
								<line number="5944" hits="0" branch="false"/>
								<line number="5945" hits="0" branch="true" condition-coverage="0% (0/2)">
									<conditions>
										<condition number="0" type="jump" coverage="0%"/>
									</conditions>
								</line>
								<line number="5946" hits="0" branch="false"/>
								<line number="5947" hits="0" branch="true" condition-coverage="0% (0/2)">
									<conditions>
										<condition number="0" type="jump" coverage="0%"/>
									</conditions>
								</line>
								<line number="5948" hits="0" branch="true" condition-coverage="0% (0/2)">
									<conditions>
										<condition number="0" type="jump" coverage="0%"/>
									</conditions>
								</line>
								<line number="5949" hits="0" branch="false"/>
								<line number="5950" hits="0" branch="false"/>
								<line number="5953" hits="0" branch="true" condition-coverage="0% (0/2)">
									<conditions>
										<condition number="0" type="jump" coverage="0%"/>
									</conditions>
								</line>
								<line number="5954" hits="0" branch="false"/>
								<line number="5958" hits="0" branch="true" condition-coverage="0% (0/4)">
									<conditions>
										<condition number="0" type="jump" coverage="0%"/>
										<condition number="1" type="jump" coverage="0%"/>
									</conditions>
								</line>
								<line number="5962" hits="0" branch="false"/>
								<line number="5964" hits="0" branch="false"/>
							</lines>
						</method>
						<method name="indexOfIgnoreCase" signature="(Ljava/lang/CharSequence;Ljava/lang/CharSequence;)I" line-rate="0.0" branch-rate="1.0">
							<lines>
								<line number="1042" hits="0" branch="false"/>
							</lines>
						</method>
						<method name="indexOfIgnoreCase" signature="(Ljava/lang/CharSequence;Ljava/lang/CharSequence;I)I" line-rate="0.0" branch-rate="0.0">
							<lines>
								<line number="1078" hits="0" branch="true" condition-coverage="0% (0/4)">
									<conditions>
										<condition number="0" type="jump" coverage="0%"/>
										<condition number="1" type="jump" coverage="0%"/>
									</conditions>
								</line>
								<line number="1079" hits="0" branch="false"/>
								<line number="1081" hits="0" branch="true" condition-coverage="0% (0/2)">
									<conditions>
										<condition number="0" type="jump" coverage="0%"/>
									</conditions>
								</line>
								<line number="1082" hits="0" branch="false"/>
								<line number="1084" hits="0" branch="false"/>
								<line number="1085" hits="0" branch="true" condition-coverage="0% (0/2)">
									<conditions>
										<condition number="0" type="jump" coverage="0%"/>
									</conditions>
								</line>
								<line number="1086" hits="0" branch="false"/>
								<line number="1088" hits="0" branch="true" condition-coverage="0% (0/2)">
									<conditions>
										<condition number="0" type="jump" coverage="0%"/>
									</conditions>
								</line>
								<line number="1089" hits="0" branch="false"/>
								<line number="1091" hits="0" branch="true" condition-coverage="0% (0/2)">
									<conditions>
										<condition number="0" type="jump" coverage="0%"/>
									</conditions>
								</line>
								<line number="1092" hits="0" branch="true" condition-coverage="0% (0/2)">
									<conditions>
										<condition number="0" type="jump" coverage="0%"/>
									</conditions>
								</line>
								<line number="1093" hits="0" branch="false"/>
								<line number="1096" hits="0" branch="false"/>
							</lines>
						</method>
						<method name="isAllLowerCase" signature="(Ljava/lang/CharSequence;)Z" line-rate="0.0" branch-rate="0.0">
							<lines>
								<line number="5457" hits="0" branch="true" condition-coverage="0% (0/4)">
									<conditions>
										<condition number="0" type="jump" coverage="0%"/>
										<condition number="1" type="jump" coverage="0%"/>
									</conditions>
								</line>
								<line number="5458" hits="0" branch="false"/>
								<line number="5460" hits="0" branch="false"/>
								<line number="5461" hits="0" branch="true" condition-coverage="0% (0/2)">
									<conditions>
										<condition number="0" type="jump" coverage="0%"/>
									</conditions>
								</line>
								<line number="5462" hits="0" branch="true" condition-coverage="0% (0/2)">
									<conditions>
										<condition number="0" type="jump" coverage="0%"/>
									</conditions>
								</line>
								<line number="5463" hits="0" branch="false"/>
								<line number="5466" hits="0" branch="false"/>
							</lines>
						</method>
						<method name="isAllUpperCase" signature="(Ljava/lang/CharSequence;)Z" line-rate="0.0" branch-rate="0.0">
							<lines>
								<line number="5489" hits="0" branch="true" condition-coverage="0% (0/4)">
									<conditions>
										<condition number="0" type="jump" coverage="0%"/>
										<condition number="1" type="jump" coverage="0%"/>
									</conditions>
								</line>
								<line number="5490" hits="0" branch="false"/>
								<line number="5492" hits="0" branch="false"/>
								<line number="5493" hits="0" branch="true" condition-coverage="0% (0/2)">
									<conditions>
										<condition number="0" type="jump" coverage="0%"/>
									</conditions>
								</line>
								<line number="5494" hits="0" branch="true" condition-coverage="0% (0/2)">
									<conditions>
										<condition number="0" type="jump" coverage="0%"/>
									</conditions>
								</line>
								<line number="5495" hits="0" branch="false"/>
								<line number="5498" hits="0" branch="false"/>
							</lines>
						</method>
						<method name="isAlpha" signature="(Ljava/lang/CharSequence;)Z" line-rate="0.0" branch-rate="0.0">
							<lines>
								<line number="5175" hits="0" branch="true" condition-coverage="0% (0/4)">
									<conditions>
										<condition number="0" type="jump" coverage="0%"/>
										<condition number="1" type="jump" coverage="0%"/>
									</conditions>
								</line>
								<line number="5176" hits="0" branch="false"/>
								<line number="5178" hits="0" branch="false"/>
								<line number="5179" hits="0" branch="true" condition-coverage="0% (0/2)">
									<conditions>
										<condition number="0" type="jump" coverage="0%"/>
									</conditions>
								</line>
								<line number="5180" hits="0" branch="true" condition-coverage="0% (0/2)">
									<conditions>
										<condition number="0" type="jump" coverage="0%"/>
									</conditions>
								</line>
								<line number="5181" hits="0" branch="false"/>
								<line number="5184" hits="0" branch="false"/>
							</lines>
						</method>
						<method name="isAlphaSpace" signature="(Ljava/lang/CharSequence;)Z" line-rate="0.0" branch-rate="0.0">
							<lines>
								<line number="5210" hits="0" branch="true" condition-coverage="0% (0/2)">
									<conditions>
										<condition number="0" type="jump" coverage="0%"/>
									</conditions>
								</line>
								<line number="5211" hits="0" branch="false"/>
								<line number="5213" hits="0" branch="false"/>
								<line number="5214" hits="0" branch="true" condition-coverage="0% (0/2)">
									<conditions>
										<condition number="0" type="jump" coverage="0%"/>
									</conditions>
								</line>
								<line number="5215" hits="0" branch="true" condition-coverage="0% (0/4)">
									<conditions>
										<condition number="0" type="jump" coverage="0%"/>
										<condition number="1" type="jump" coverage="0%"/>
									</conditions>
								</line>
								<line number="5216" hits="0" branch="false"/>
								<line number="5219" hits="0" branch="false"/>
							</lines>
						</method>
						<method name="isAlphanumeric" signature="(Ljava/lang/CharSequence;)Z" line-rate="0.0" branch-rate="0.0">
							<lines>
								<line number="5245" hits="0" branch="true" condition-coverage="0% (0/4)">
									<conditions>
										<condition number="0" type="jump" coverage="0%"/>
										<condition number="1" type="jump" coverage="0%"/>
									</conditions>
								</line>
								<line number="5246" hits="0" branch="false"/>
								<line number="5248" hits="0" branch="false"/>
								<line number="5249" hits="0" branch="true" condition-coverage="0% (0/2)">
									<conditions>
										<condition number="0" type="jump" coverage="0%"/>
									</conditions>
								</line>
								<line number="5250" hits="0" branch="true" condition-coverage="0% (0/2)">
									<conditions>
										<condition number="0" type="jump" coverage="0%"/>
									</conditions>
								</line>
								<line number="5251" hits="0" branch="false"/>
								<line number="5254" hits="0" branch="false"/>
							</lines>
						</method>
						<method name="isAlphanumericSpace" signature="(Ljava/lang/CharSequence;)Z" line-rate="0.0" branch-rate="0.0">
							<lines>
								<line number="5280" hits="0" branch="true" condition-coverage="0% (0/2)">
									<conditions>
										<condition number="0" type="jump" coverage="0%"/>
									</conditions>
								</line>
								<line number="5281" hits="0" branch="false"/>
								<line number="5283" hits="0" branch="false"/>
								<line number="5284" hits="0" branch="true" condition-coverage="0% (0/2)">
									<conditions>
										<condition number="0" type="jump" coverage="0%"/>
									</conditions>
								</line>
								<line number="5285" hits="0" branch="true" condition-coverage="0% (0/4)">
									<conditions>
										<condition number="0" type="jump" coverage="0%"/>
										<condition number="1" type="jump" coverage="0%"/>
									</conditions>
								</line>
								<line number="5286" hits="0" branch="false"/>
								<line number="5289" hits="0" branch="false"/>
							</lines>
						</method>
						<method name="isAsciiPrintable" signature="(Ljava/lang/CharSequence;)Z" line-rate="0.0" branch-rate="0.0">
							<lines>
								<line number="5319" hits="0" branch="true" condition-coverage="0% (0/2)">
									<conditions>
										<condition number="0" type="jump" coverage="0%"/>
									</conditions>
								</line>
								<line number="5320" hits="0" branch="false"/>
								<line number="5322" hits="0" branch="false"/>
								<line number="5323" hits="0" branch="true" condition-coverage="0% (0/2)">
									<conditions>
										<condition number="0" type="jump" coverage="0%"/>
									</conditions>
								</line>
								<line number="5324" hits="0" branch="true" condition-coverage="0% (0/2)">
									<conditions>
										<condition number="0" type="jump" coverage="0%"/>
									</conditions>
								</line>
								<line number="5325" hits="0" branch="false"/>
								<line number="5328" hits="0" branch="false"/>
							</lines>
						</method>
						<method name="isBlank" signature="(Ljava/lang/CharSequence;)Z" line-rate="0.0" branch-rate="0.0">
							<lines>
								<line number="223" hits="0" branch="true" condition-coverage="0% (0/4)">
									<conditions>
										<condition number="0" type="jump" coverage="0%"/>
										<condition number="1" type="jump" coverage="0%"/>
									</conditions>
								</line>
								<line number="224" hits="0" branch="false"/>
								<line number="226" hits="0" branch="true" condition-coverage="0% (0/2)">
									<conditions>
										<condition number="0" type="jump" coverage="0%"/>
									</conditions>
								</line>
								<line number="227" hits="0" branch="true" condition-coverage="0% (0/2)">
									<conditions>
										<condition number="0" type="jump" coverage="0%"/>
									</conditions>
								</line>
								<line number="228" hits="0" branch="false"/>
								<line number="231" hits="0" branch="false"/>
							</lines>
						</method>
						<method name="isEmpty" signature="(Ljava/lang/CharSequence;)Z" line-rate="0.0" branch-rate="0.0">
							<lines>
								<line number="183" hits="0" branch="true" condition-coverage="0% (0/4)">
									<conditions>
										<condition number="0" type="jump" coverage="0%"/>
										<condition number="1" type="jump" coverage="0%"/>
									</conditions>
								</line>
							</lines>
						</method>
						<method name="isNotBlank" signature="(Ljava/lang/CharSequence;)Z" line-rate="0.0" branch-rate="0.0">
							<lines>
								<line number="252" hits="0" branch="true" condition-coverage="0% (0/2)">
									<conditions>
										<condition number="0" type="jump" coverage="0%"/>
									</conditions>
								</line>
							</lines>
						</method>
						<method name="isNotEmpty" signature="(Ljava/lang/CharSequence;)Z" line-rate="0.0" branch-rate="0.0">
							<lines>
								<line number="202" hits="0" branch="true" condition-coverage="0% (0/2)">
									<conditions>
										<condition number="0" type="jump" coverage="0%"/>
									</conditions>
								</line>
							</lines>
						</method>
						<method name="isNumeric" signature="(Ljava/lang/CharSequence;)Z" line-rate="0.0" branch-rate="0.0">
							<lines>
								<line number="5355" hits="0" branch="true" condition-coverage="0% (0/4)">
									<conditions>
										<condition number="0" type="jump" coverage="0%"/>
										<condition number="1" type="jump" coverage="0%"/>
									</conditions>
								</line>
								<line number="5356" hits="0" branch="false"/>
								<line number="5358" hits="0" branch="false"/>
								<line number="5359" hits="0" branch="true" condition-coverage="0% (0/2)">
									<conditions>
										<condition number="0" type="jump" coverage="0%"/>
									</conditions>
								</line>
								<line number="5360" hits="0" branch="true" condition-coverage="0% (0/2)">
									<conditions>
										<condition number="0" type="jump" coverage="0%"/>
									</conditions>
								</line>
								<line number="5361" hits="0" branch="false"/>
								<line number="5364" hits="0" branch="false"/>
							</lines>
						</method>
						<method name="isNumericSpace" signature="(Ljava/lang/CharSequence;)Z" line-rate="0.0" branch-rate="0.0">
							<lines>
								<line number="5392" hits="0" branch="true" condition-coverage="0% (0/2)">
									<conditions>
										<condition number="0" type="jump" coverage="0%"/>
									</conditions>
								</line>
								<line number="5393" hits="0" branch="false"/>
								<line number="5395" hits="0" branch="false"/>
								<line number="5396" hits="0" branch="true" condition-coverage="0% (0/2)">
									<conditions>
										<condition number="0" type="jump" coverage="0%"/>
									</conditions>
								</line>
								<line number="5397" hits="0" branch="true" condition-coverage="0% (0/4)">
									<conditions>
										<condition number="0" type="jump" coverage="0%"/>
										<condition number="1" type="jump" coverage="0%"/>
									</conditions>
								</line>
								<line number="5398" hits="0" branch="false"/>
								<line number="5401" hits="0" branch="false"/>
							</lines>
						</method>
						<method name="isWhitespace" signature="(Ljava/lang/CharSequence;)Z" line-rate="0.0" branch-rate="0.0">
							<lines>
								<line number="5425" hits="0" branch="true" condition-coverage="0% (0/2)">
									<conditions>
										<condition number="0" type="jump" coverage="0%"/>
									</conditions>
								</line>
								<line number="5426" hits="0" branch="false"/>
								<line number="5428" hits="0" branch="false"/>
								<line number="5429" hits="0" branch="true" condition-coverage="0% (0/2)">
									<conditions>
										<condition number="0" type="jump" coverage="0%"/>
									</conditions>
								</line>
								<line number="5430" hits="0" branch="true" condition-coverage="0% (0/2)">
									<conditions>
										<condition number="0" type="jump" coverage="0%"/>
									</conditions>
								</line>
								<line number="5431" hits="0" branch="false"/>
								<line number="5434" hits="0" branch="false"/>
							</lines>
						</method>
						<method name="join" signature="(Ljava/lang/Iterable;C)Ljava/lang/String;" line-rate="0.0" branch-rate="0.0">
							<lines>
								<line number="3504" hits="0" branch="true" condition-coverage="0% (0/2)">
									<conditions>
										<condition number="0" type="jump" coverage="0%"/>
									</conditions>
								</line>
								<line number="3505" hits="0" branch="false"/>
								<line number="3507" hits="0" branch="false"/>
							</lines>
						</method>
						<method name="join" signature="(Ljava/lang/Iterable;Ljava/lang/String;)Ljava/lang/String;" line-rate="0.0" branch-rate="0.0">
							<lines>
								<line number="3525" hits="0" branch="true" condition-coverage="0% (0/2)">
									<conditions>
										<condition number="0" type="jump" coverage="0%"/>
									</conditions>
								</line>
								<line number="3526" hits="0" branch="false"/>
								<line number="3528" hits="0" branch="false"/>
							</lines>
						</method>
						<method name="join" signature="(Ljava/util/Iterator;C)Ljava/lang/String;" line-rate="0.0" branch-rate="0.0">
							<lines>
								<line number="3416" hits="0" branch="true" condition-coverage="0% (0/2)">
									<conditions>
										<condition number="0" type="jump" coverage="0%"/>
									</conditions>
								</line>
								<line number="3417" hits="0" branch="false"/>
								<line number="3419" hits="0" branch="true" condition-coverage="0% (0/2)">
									<conditions>
										<condition number="0" type="jump" coverage="0%"/>
									</conditions>
								</line>
								<line number="3420" hits="0" branch="false"/>
								<line number="3422" hits="0" branch="false"/>
								<line number="3423" hits="0" branch="true" condition-coverage="0% (0/2)">
									<conditions>
										<condition number="0" type="jump" coverage="0%"/>
									</conditions>
								</line>
								<line number="3424" hits="0" branch="false"/>
								<line number="3428" hits="0" branch="false"/>
								<line number="3429" hits="0" branch="true" condition-coverage="0% (0/2)">
									<conditions>
										<condition number="0" type="jump" coverage="0%"/>
									</conditions>
								</line>
								<line number="3430" hits="0" branch="false"/>
								<line number="3433" hits="0" branch="true" condition-coverage="0% (0/2)">
									<conditions>
										<condition number="0" type="jump" coverage="0%"/>
									</conditions>
								</line>
								<line number="3434" hits="0" branch="false"/>
								<line number="3435" hits="0" branch="false"/>
								<line number="3436" hits="0" branch="true" condition-coverage="0% (0/2)">
									<conditions>
										<condition number="0" type="jump" coverage="0%"/>
									</conditions>
								</line>
								<line number="3437" hits="0" branch="false"/>
								<line number="3439" hits="0" branch="false"/>
								<line number="3441" hits="0" branch="false"/>
							</lines>
						</method>
						<method name="join" signature="(Ljava/util/Iterator;Ljava/lang/String;)Ljava/lang/String;" line-rate="0.0" branch-rate="0.0">
							<lines>
								<line number="3460" hits="0" branch="true" condition-coverage="0% (0/2)">
									<conditions>
										<condition number="0" type="jump" coverage="0%"/>
									</conditions>
								</line>
								<line number="3461" hits="0" branch="false"/>
								<line number="3463" hits="0" branch="true" condition-coverage="0% (0/2)">
									<conditions>
										<condition number="0" type="jump" coverage="0%"/>
									</conditions>
								</line>
								<line number="3464" hits="0" branch="false"/>
								<line number="3466" hits="0" branch="false"/>
								<line number="3467" hits="0" branch="true" condition-coverage="0% (0/2)">
									<conditions>
										<condition number="0" type="jump" coverage="0%"/>
									</conditions>
								</line>
								<line number="3468" hits="0" branch="false"/>
								<line number="3472" hits="0" branch="false"/>
								<line number="3473" hits="0" branch="true" condition-coverage="0% (0/2)">
									<conditions>
										<condition number="0" type="jump" coverage="0%"/>
									</conditions>
								</line>
								<line number="3474" hits="0" branch="false"/>
								<line number="3477" hits="0" branch="true" condition-coverage="0% (0/2)">
									<conditions>
										<condition number="0" type="jump" coverage="0%"/>
									</conditions>
								</line>
								<line number="3478" hits="0" branch="true" condition-coverage="0% (0/2)">
									<conditions>
										<condition number="0" type="jump" coverage="0%"/>
									</conditions>
								</line>
								<line number="3479" hits="0" branch="false"/>
								<line number="3481" hits="0" branch="false"/>
								<line number="3482" hits="0" branch="true" condition-coverage="0% (0/2)">
									<conditions>
										<condition number="0" type="jump" coverage="0%"/>
									</conditions>
								</line>
								<line number="3483" hits="0" branch="false"/>
								<line number="3485" hits="0" branch="false"/>
								<line number="3486" hits="0" branch="false"/>
							</lines>
						</method>
						<method name="join" signature="([Ljava/lang/Object;)Ljava/lang/String;" line-rate="0.0" branch-rate="1.0">
							<lines>
								<line number="3233" hits="0" branch="false"/>
							</lines>
						</method>
						<method name="join" signature="([Ljava/lang/Object;C)Ljava/lang/String;" line-rate="0.0" branch-rate="0.0">
							<lines>
								<line number="3259" hits="0" branch="true" condition-coverage="0% (0/2)">
									<conditions>
										<condition number="0" type="jump" coverage="0%"/>
									</conditions>
								</line>
								<line number="3260" hits="0" branch="false"/>
								<line number="3263" hits="0" branch="false"/>
							</lines>
						</method>
						<method name="join" signature="([Ljava/lang/Object;CII)Ljava/lang/String;" line-rate="0.0" branch-rate="0.0">
							<lines>
								<line number="3293" hits="0" branch="true" condition-coverage="0% (0/2)">
									<conditions>
										<condition number="0" type="jump" coverage="0%"/>
									</conditions>
								</line>
								<line number="3294" hits="0" branch="false"/>
								<line number="3296" hits="0" branch="false"/>
								<line number="3297" hits="0" branch="true" condition-coverage="0% (0/2)">
									<conditions>
										<condition number="0" type="jump" coverage="0%"/>
									</conditions>
								</line>
								<line number="3298" hits="0" branch="false"/>
								<line number="3301" hits="0" branch="false"/>
								<line number="3303" hits="0" branch="true" condition-coverage="0% (0/2)">
									<conditions>
										<condition number="0" type="jump" coverage="0%"/>
									</conditions>
								</line>
								<line number="3304" hits="0" branch="true" condition-coverage="0% (0/2)">
									<conditions>
										<condition number="0" type="jump" coverage="0%"/>
									</conditions>
								</line>
								<line number="3305" hits="0" branch="false"/>
								<line number="3307" hits="0" branch="true" condition-coverage="0% (0/2)">
									<conditions>
										<condition number="0" type="jump" coverage="0%"/>
									</conditions>
								</line>
								<line number="3308" hits="0" branch="false"/>
								<line number="3311" hits="0" branch="false"/>
							</lines>
						</method>
						<method name="join" signature="([Ljava/lang/Object;Ljava/lang/String;)Ljava/lang/String;" line-rate="0.0" branch-rate="0.0">
							<lines>
								<line number="3338" hits="0" branch="true" condition-coverage="0% (0/2)">
									<conditions>
										<condition number="0" type="jump" coverage="0%"/>
									</conditions>
								</line>
[...]
							<conditions>
								<condition number="0" type="jump" coverage="0%"/>
							</conditions>
						</line>
						<line number="884" hits="0" branch="false"/>
						<line number="888" hits="0" branch="false"/>
						<line number="903" hits="0" branch="true" condition-coverage="0% (0/2)">
							<conditions>
								<condition number="0" type="jump" coverage="0%"/>
							</conditions>
						</line>
						<line number="904" hits="0" branch="false"/>
						<line number="905" hits="0" branch="true" condition-coverage="0% (0/2)">
							<conditions>
								<condition number="0" type="jump" coverage="0%"/>
							</conditions>
						</line>
						<line number="906" hits="0" branch="false"/>
						<line number="910" hits="0" branch="false"/>
						<line number="911" hits="0" branch="true" condition-coverage="0% (0/2)">
							<conditions>
								<condition number="0" type="jump" coverage="0%"/>
							</conditions>
						</line>
						<line number="912" hits="0" branch="true" condition-coverage="0% (0/2)">
							<conditions>
								<condition number="0" type="jump" coverage="0%"/>
							</conditions>
						</line>
						<line number="913" hits="0" branch="false"/>
						<line number="917" hits="0" branch="false"/>
						<line number="930" hits="0" branch="true" condition-coverage="0% (0/2)">
							<conditions>
								<condition number="0" type="jump" coverage="0%"/>
							</conditions>
						</line>
						<line number="931" hits="0" branch="false"/>
						<line number="932" hits="0" branch="true" condition-coverage="0% (0/2)">
							<conditions>
								<condition number="0" type="jump" coverage="0%"/>
							</conditions>
						</line>
						<line number="933" hits="0" branch="false"/>
						<line number="937" hits="0" branch="false"/>
						<line number="938" hits="0" branch="true" condition-coverage="0% (0/2)">
							<conditions>
								<condition number="0" type="jump" coverage="0%"/>
							</conditions>
						</line>
						<line number="939" hits="0" branch="true" condition-coverage="0% (0/2)">
							<conditions>
								<condition number="0" type="jump" coverage="0%"/>
							</conditions>
						</line>
						<line number="940" hits="0" branch="false"/>
						<line number="944" hits="0" branch="false"/>
						<line number="957" hits="0" branch="true" condition-coverage="0% (0/2)">
							<conditions>
								<condition number="0" type="jump" coverage="0%"/>
							</conditions>
						</line>
						<line number="958" hits="0" branch="false"/>
						<line number="959" hits="0" branch="true" condition-coverage="0% (0/2)">
							<conditions>
								<condition number="0" type="jump" coverage="0%"/>
							</conditions>
						</line>
						<line number="960" hits="0" branch="false"/>
						<line number="964" hits="0" branch="false"/>
						<line number="965" hits="0" branch="true" condition-coverage="0% (0/2)">
							<conditions>
								<condition number="0" type="jump" coverage="0%"/>
							</conditions>
						</line>
						<line number="966" hits="0" branch="true" condition-coverage="0% (0/2)">
							<conditions>
								<condition number="0" type="jump" coverage="0%"/>
							</conditions>
						</line>
						<line number="967" hits="0" branch="false"/>
						<line number="971" hits="0" branch="false"/>
						<line number="984" hits="0" branch="true" condition-coverage="0% (0/2)">
							<conditions>
								<condition number="0" type="jump" coverage="0%"/>
							</conditions>
						</line>
						<line number="985" hits="0" branch="false"/>
						<line number="986" hits="0" branch="true" condition-coverage="0% (0/2)">
							<conditions>
								<condition number="0" type="jump" coverage="0%"/>
							</conditions>
						</line>
						<line number="987" hits="0" branch="false"/>
						<line number="991" hits="0" branch="false"/>
						<line number="992" hits="0" branch="true" condition-coverage="0% (0/2)">
							<conditions>
								<condition number="0" type="jump" coverage="0%"/>
							</conditions>
						</line>
						<line number="993" hits="0" branch="true" condition-coverage="0% (0/2)">
							<conditions>
								<condition number="0" type="jump" coverage="0%"/>
							</conditions>
						</line>
						<line number="994" hits="0" branch="false"/>
						<line number="998" hits="0" branch="false"/>
						<line number="1012" hits="0" branch="true" condition-coverage="0% (0/2)">
							<conditions>
								<condition number="0" type="jump" coverage="0%"/>
							</conditions>
						</line>
						<line number="1013" hits="0" branch="false"/>
						<line number="1014" hits="0" branch="true" condition-coverage="0% (0/2)">
							<conditions>
								<condition number="0" type="jump" coverage="0%"/>
							</conditions>
						</line>
						<line number="1015" hits="0" branch="false"/>
						<line number="1019" hits="0" branch="false"/>
						<line number="1020" hits="0" branch="true" condition-coverage="0% (0/2)">
							<conditions>
								<condition number="0" type="jump" coverage="0%"/>
							</conditions>
						</line>
						<line number="1021" hits="0" branch="true" condition-coverage="0% (0/2)">
							<conditions>
								<condition number="0" type="jump" coverage="0%"/>
							</conditions>
						</line>
						<line number="1022" hits="0" branch="false"/>
						<line number="1024" hits="0" branch="true" condition-coverage="0% (0/2)">
							<conditions>
								<condition number="0" type="jump" coverage="0%"/>
							</conditions>
						</line>
						<line number="1025" hits="0" branch="false"/>
						<line number="1029" hits="0" branch="false"/>
						<line number="1043" hits="0" branch="true" condition-coverage="0% (0/2)">
							<conditions>
								<condition number="0" type="jump" coverage="0%"/>
							</conditions>
						</line>
						<line number="1044" hits="0" branch="false"/>
						<line number="1045" hits="0" branch="true" condition-coverage="0% (0/2)">
							<conditions>
								<condition number="0" type="jump" coverage="0%"/>
							</conditions>
						</line>
						<line number="1046" hits="0" branch="false"/>
						<line number="1050" hits="0" branch="false"/>
						<line number="1051" hits="0" branch="true" condition-coverage="0% (0/2)">
							<conditions>
								<condition number="0" type="jump" coverage="0%"/>
							</conditions>
						</line>
						<line number="1052" hits="0" branch="true" condition-coverage="0% (0/2)">
							<conditions>
								<condition number="0" type="jump" coverage="0%"/>
							</conditions>
						</line>
						<line number="1053" hits="0" branch="false"/>
						<line number="1055" hits="0" branch="true" condition-coverage="0% (0/2)">
							<conditions>
								<condition number="0" type="jump" coverage="0%"/>
							</conditions>
						</line>
						<line number="1056" hits="0" branch="false"/>
						<line number="1060" hits="0" branch="false"/>
						<line number="1074" hits="0" branch="true" condition-coverage="0% (0/2)">
							<conditions>
								<condition number="0" type="jump" coverage="0%"/>
							</conditions>
						</line>
						<line number="1075" hits="0" branch="false"/>
						<line number="1077" hits="0" branch="true" condition-coverage="0% (0/2)">
							<conditions>
								<condition number="0" type="jump" coverage="0%"/>
							</conditions>
						</line>
						<line number="1078" hits="0" branch="false"/>
						<line number="1080" hits="0" branch="false"/>
						<line number="1092" hits="0" branch="true" condition-coverage="0% (0/2)">
							<conditions>
								<condition number="0" type="jump" coverage="0%"/>
							</conditions>
						</line>
						<line number="1093" hits="0" branch="false"/>
						<line number="1095" hits="0" branch="true" condition-coverage="0% (0/2)">
							<conditions>
								<condition number="0" type="jump" coverage="0%"/>
							</conditions>
						</line>
						<line number="1096" hits="0" branch="false"/>
						<line number="1098" hits="0" branch="false"/>
						<line number="1110" hits="0" branch="true" condition-coverage="0% (0/2)">
							<conditions>
								<condition number="0" type="jump" coverage="0%"/>
							</conditions>
						</line>
						<line number="1111" hits="0" branch="false"/>
						<line number="1113" hits="0" branch="true" condition-coverage="0% (0/2)">
							<conditions>
								<condition number="0" type="jump" coverage="0%"/>
							</conditions>
						</line>
						<line number="1114" hits="0" branch="false"/>
						<line number="1116" hits="0" branch="false"/>
						<line number="1128" hits="0" branch="true" condition-coverage="0% (0/2)">
							<conditions>
								<condition number="0" type="jump" coverage="0%"/>
							</conditions>
						</line>
						<line number="1129" hits="0" branch="false"/>
						<line number="1131" hits="0" branch="true" condition-coverage="0% (0/2)">
							<conditions>
								<condition number="0" type="jump" coverage="0%"/>
							</conditions>
						</line>
						<line number="1132" hits="0" branch="false"/>
						<line number="1134" hits="0" branch="false"/>
						<line number="1150" hits="0" branch="false"/>
						<line number="1166" hits="0" branch="false"/>
						<line number="1180" hits="0" branch="true" condition-coverage="0% (0/2)">
							<conditions>
								<condition number="0" type="jump" coverage="0%"/>
							</conditions>
						</line>
						<line number="1181" hits="0" branch="false"/>
						<line number="1183" hits="0" branch="true" condition-coverage="0% (0/2)">
							<conditions>
								<condition number="0" type="jump" coverage="0%"/>
							</conditions>
						</line>
						<line number="1184" hits="0" branch="false"/>
						<line number="1186" hits="0" branch="false"/>
						<line number="1198" hits="0" branch="true" condition-coverage="0% (0/2)">
							<conditions>
								<condition number="0" type="jump" coverage="0%"/>
							</conditions>
						</line>
						<line number="1199" hits="0" branch="false"/>
						<line number="1201" hits="0" branch="true" condition-coverage="0% (0/2)">
							<conditions>
								<condition number="0" type="jump" coverage="0%"/>
							</conditions>
						</line>
						<line number="1202" hits="0" branch="false"/>
						<line number="1204" hits="0" branch="false"/>
						<line number="1216" hits="0" branch="true" condition-coverage="0% (0/2)">
							<conditions>
								<condition number="0" type="jump" coverage="0%"/>
							</conditions>
						</line>
						<line number="1217" hits="0" branch="false"/>
						<line number="1219" hits="0" branch="true" condition-coverage="0% (0/2)">
							<conditions>
								<condition number="0" type="jump" coverage="0%"/>
							</conditions>
						</line>
						<line number="1220" hits="0" branch="false"/>
						<line number="1222" hits="0" branch="false"/>
						<line number="1234" hits="0" branch="true" condition-coverage="0% (0/2)">
							<conditions>
								<condition number="0" type="jump" coverage="0%"/>
							</conditions>
						</line>
						<line number="1235" hits="0" branch="false"/>
						<line number="1237" hits="0" branch="true" condition-coverage="0% (0/2)">
							<conditions>
								<condition number="0" type="jump" coverage="0%"/>
							</conditions>
						</line>
						<line number="1238" hits="0" branch="false"/>
						<line number="1240" hits="0" branch="false"/>
						<line number="1256" hits="0" branch="false"/>
						<line number="1272" hits="0" branch="false"/>
						<line number="1287" hits="0" branch="true" condition-coverage="0% (0/2)">
							<conditions>
								<condition number="0" type="jump" coverage="0%"/>
							</conditions>
						</line>
						<line number="1288" hits="0" branch="false"/>
						<line number="1290" hits="0" branch="true" condition-coverage="0% (0/2)">
							<conditions>
								<condition number="0" type="jump" coverage="0%"/>
							</conditions>
						</line>
						<line number="1291" hits="0" branch="true" condition-coverage="0% (0/2)">
							<conditions>
								<condition number="0" type="jump" coverage="0%"/>
							</conditions>
						</line>
						<line number="1292" hits="0" branch="false"/>
						<line number="1295" hits="0" branch="false"/>
						<line number="1312" hits="0" branch="true" condition-coverage="0% (0/2)">
							<conditions>
								<condition number="0" type="jump" coverage="0%"/>
							</conditions>
						</line>
						<line number="1313" hits="0" branch="false"/>
						<line number="1315" hits="0" branch="false"/>
						<line number="1316" hits="0" branch="false"/>
						<line number="1317" hits="0" branch="false"/>
						<line number="1318" hits="0" branch="false"/>
						<line number="1319" hits="0" branch="false"/>
						<line number="1320" hits="0" branch="false"/>
						<line number="1322" hits="0" branch="true" condition-coverage="0% (0/2)">
							<conditions>
								<condition number="0" type="jump" coverage="0%"/>
							</conditions>
						</line>
						<line number="1323" hits="0" branch="true" condition-coverage="0% (0/6)">
							<conditions>
								<condition number="0" type="jump" coverage="0%"/>
								<condition number="1" type="jump" coverage="0%"/>
								<condition number="2" type="jump" coverage="0%"/>
							</conditions>
						</line>
						<line number="1324" hits="0" branch="false"/>
						<line number="1325" hits="0" branch="true" condition-coverage="0% (0/2)">
							<conditions>
								<condition number="0" type="jump" coverage="0%"/>
							</conditions>
						</line>
						<line number="1326" hits="0" branch="false"/>
						<line number="1329" hits="0" branch="true" condition-coverage="0% (0/2)">
							<conditions>
								<condition number="0" type="jump" coverage="0%"/>
							</conditions>
						</line>
						<line number="1330" hits="0" branch="true" condition-coverage="0% (0/12)">
							<conditions>
								<condition number="0" type="jump" coverage="0%"/>
								<condition number="1" type="jump" coverage="0%"/>
								<condition number="2" type="jump" coverage="0%"/>
								<condition number="3" type="jump" coverage="0%"/>
								<condition number="4" type="jump" coverage="0%"/>
								<condition number="5" type="jump" coverage="0%"/>
							</conditions>
						</line>
						<line number="1333" hits="0" branch="false"/>
						<line number="1336" hits="0" branch="false"/>
						<line number="1338" hits="0" branch="false"/>
						<line number="1340" hits="0" branch="false"/>
						<line number="1343" hits="0" branch="true" condition-coverage="0% (0/8)">
							<conditions>
								<condition number="0" type="jump" coverage="0%"/>
								<condition number="1" type="jump" coverage="0%"/>
								<condition number="2" type="jump" coverage="0%"/>
								<condition number="3" type="jump" coverage="0%"/>
							</conditions>
						</line>
						<line number="1344" hits="0" branch="true" condition-coverage="0% (0/4)">
							<conditions>
								<condition number="0" type="jump" coverage="0%"/>
								<condition number="1" type="jump" coverage="0%"/>
							</conditions>
						</line>
						<line number="1345" hits="0" branch="false"/>
						<line number="1346" hits="0" branch="false"/>
						<line number="1348" hits="0" branch="true" condition-coverage="0% (0/2)">
							<conditions>
								<condition number="0" type="jump" coverage="0%"/>
							</conditions>
						</line>
						<line number="1349" hits="0" branch="true" condition-coverage="0% (0/4)">
							<conditions>
								<condition number="0" type="jump" coverage="0%"/>
								<condition number="1" type="jump" coverage="0%"/>
							</conditions>
						</line>
						<line number="1351" hits="0" branch="false"/>
						<line number="1353" hits="0" branch="false"/>
						<line number="1354" hits="0" branch="true" condition-coverage="0% (0/4)">
							<conditions>
								<condition number="0" type="jump" coverage="0%"/>
								<condition number="1" type="jump" coverage="0%"/>
							</conditions>
						</line>
						<line number="1356" hits="0" branch="true" condition-coverage="0% (0/2)">
							<conditions>
								<condition number="0" type="jump" coverage="0%"/>
							</conditions>
						</line>
						<line number="1358" hits="0" branch="false"/>
						<line number="1360" hits="0" branch="true" condition-coverage="0% (0/2)">
							<conditions>
								<condition number="0" type="jump" coverage="0%"/>
							</conditions>
						</line>
						<line number="1361" hits="0" branch="false"/>
						<line number="1363" hits="0" branch="false"/>
						<line number="1364" hits="0" branch="false"/>
						<line number="1365" hits="0" branch="true" condition-coverage="0% (0/4)">
							<conditions>
								<condition number="0" type="jump" coverage="0%"/>
								<condition number="1" type="jump" coverage="0%"/>
							</conditions>
						</line>
						<line number="1366" hits="0" branch="true" condition-coverage="0% (0/2)">
							<conditions>
								<condition number="0" type="jump" coverage="0%"/>
							</conditions>
						</line>
						<line number="1367" hits="0" branch="false"/>
						<line number="1369" hits="0" branch="false"/>
						<line number="1370" hits="0" branch="false"/>
						<line number="1372" hits="0" branch="false"/>
						<line number="1374" hits="0" branch="false"/>
						<line number="1376" hits="0" branch="true" condition-coverage="0% (0/2)">
							<conditions>
								<condition number="0" type="jump" coverage="0%"/>
							</conditions>
						</line>
						<line number="1377" hits="0" branch="true" condition-coverage="0% (0/4)">
							<conditions>
								<condition number="0" type="jump" coverage="0%"/>
								<condition number="1" type="jump" coverage="0%"/>
							</conditions>
						</line>
						<line number="1379" hits="0" branch="false"/>
						<line number="1381" hits="0" branch="true" condition-coverage="0% (0/4)">
							<conditions>
								<condition number="0" type="jump" coverage="0%"/>
								<condition number="1" type="jump" coverage="0%"/>
							</conditions>
						</line>
						<line number="1383" hits="0" branch="false"/>
						<line number="1385" hits="0" branch="true" condition-coverage="0% (0/2)">
							<conditions>
								<condition number="0" type="jump" coverage="0%"/>
							</conditions>
						</line>
						<line number="1386" hits="0" branch="true" condition-coverage="0% (0/4)">
							<conditions>
								<condition number="0" type="jump" coverage="0%"/>
								<condition number="1" type="jump" coverage="0%"/>
							</conditions>
						</line>
						<line number="1388" hits="0" branch="false"/>
						<line number="1391" hits="0" branch="false"/>
						<line number="1393" hits="0" branch="true" condition-coverage="0% (0/10)">
							<conditions>
								<condition number="0" type="jump" coverage="0%"/>
								<condition number="1" type="jump" coverage="0%"/>
								<condition number="2" type="jump" coverage="0%"/>
								<condition number="3" type="jump" coverage="0%"/>
								<condition number="4" type="jump" coverage="0%"/>
							</conditions>
						</line>
						<line number="1398" hits="0" branch="false"/>
						<line number="1400" hits="0" branch="true" condition-coverage="0% (0/4)">
							<conditions>
								<condition number="0" type="jump" coverage="0%"/>
								<condition number="1" type="jump" coverage="0%"/>
							</conditions>
						</line>
						<line number="1403" hits="0" branch="true" condition-coverage="0% (0/6)">
							<conditions>
								<condition number="0" type="jump" coverage="0%"/>
								<condition number="1" type="jump" coverage="0%"/>
								<condition number="2" type="jump" coverage="0%"/>
							</conditions>
						</line>
						<line number="1406" hits="0" branch="false"/>
						<line number="1410" hits="0" branch="true" condition-coverage="0% (0/4)">
							<conditions>
								<condition number="0" type="jump" coverage="0%"/>
								<condition number="1" type="jump" coverage="0%"/>
							</conditions>
						</line>
					</lines>
				</class>
			</classes>
		</package>
	</packages>
</coverage>
