<?xml version="1.0"?>
<!DOCTYPE coverage SYSTEM "http://cobertura.sourceforge.net/xml/coverage-04.dtd">

<coverage line-rate="0.18693009118541035" branch-rate="0.17894736842105263" lines-covered="123" lines-valid="658" branches-covered="51" branches-valid="285" complexity="2.216867469879518" version="2.0.3" timestamp="1660064848537">
	<sources>
		<source>src/main/java</source>
	</sources>
	<packages>
		<package name="org.apache.commons.lang3.time" line-rate="0.18693009118541035" branch-rate="0.17894736842105263" complexity="2.216867469879518">
			<classes>
				<class name="org.apache.commons.lang3.time.FastDateFormat" filename="org/apache/commons/lang3/time/FastDateFormat.java" line-rate="0.0" branch-rate="0.0" complexity="1.054054054054054">
					<methods>
						<method name="&lt;clinit&gt;" signature="()V" line-rate="0.0" branch-rate="1.0">
							<lines>
								<line number="88" hits="0" branch="false"/>
							</lines>
						</method>
						<method name="&lt;init&gt;" signature="(Ljava/lang/String;Ljava/util/TimeZone;Ljava/util/Locale;)V" line-rate="0.0" branch-rate="1.0">
							<lines>
								<line number="368" hits="0" branch="false"/>
								<line number="369" hits="0" branch="false"/>
								<line number="370" hits="0" branch="false"/>
								<line number="371" hits="0" branch="false"/>
							</lines>
						</method>
						<method name="applyRules" signature="(Ljava/util/Calendar;Ljava/lang/StringBuffer;)Ljava/lang/StringBuffer;" line-rate="0.0" branch-rate="1.0">
							<lines>
								<line number="586" hits="0" branch="false"/>
							</lines>
						</method>
						<method name="equals" signature="(Ljava/lang/Object;)Z" line-rate="0.0" branch-rate="0.0">
							<lines>
								<line number="548" hits="0" branch="true" condition-coverage="0% (0/2)">
									<conditions>
										<condition number="0" type="jump" coverage="0%"/>
									</conditions>
								</line>
								<line number="549" hits="0" branch="false"/>
								<line number="551" hits="0" branch="false"/>
								<line number="553" hits="0" branch="false"/>
							</lines>
						</method>
						<method name="format" signature="(J)Ljava/lang/String;" line-rate="0.0" branch-rate="1.0">
							<lines>
								<line number="398" hits="0" branch="false"/>
							</lines>
						</method>
						<method name="format" signature="(JLjava/lang/StringBuffer;)Ljava/lang/StringBuffer;" line-rate="0.0" branch-rate="1.0">
							<lines>
								<line number="434" hits="0" branch="false"/>
							</lines>
						</method>
						<method name="format" signature="(Ljava/lang/Object;Ljava/lang/StringBuffer;Ljava/text/FieldPosition;)Ljava/lang/StringBuffer;" line-rate="0.0" branch-rate="1.0">
							<lines>
								<line number="386" hits="0" branch="false"/>
							</lines>
						</method>
						<method name="format" signature="(Ljava/util/Calendar;)Ljava/lang/String;" line-rate="0.0" branch-rate="1.0">
							<lines>
								<line number="420" hits="0" branch="false"/>
							</lines>
						</method>
						<method name="format" signature="(Ljava/util/Calendar;Ljava/lang/StringBuffer;)Ljava/lang/StringBuffer;" line-rate="0.0" branch-rate="1.0">
							<lines>
								<line number="460" hits="0" branch="false"/>
							</lines>
						</method>
						<method name="format" signature="(Ljava/util/Date;)Ljava/lang/String;" line-rate="0.0" branch-rate="1.0">
							<lines>
								<line number="409" hits="0" branch="false"/>
							</lines>
						</method>
						<method name="format" signature="(Ljava/util/Date;Ljava/lang/StringBuffer;)Ljava/lang/StringBuffer;" line-rate="0.0" branch-rate="1.0">
							<lines>
								<line number="447" hits="0" branch="false"/>
							</lines>
						</method>
						<method name="getDateInstance" signature="(I)Lorg/apache/commons/lang3/time/FastDateFormat;" line-rate="0.0" branch-rate="1.0">
							<lines>
								<line number="180" hits="0" branch="false"/>
							</lines>
						</method>
						<method name="getDateInstance" signature="(ILjava/util/Locale;)Lorg/apache/commons/lang3/time/FastDateFormat;" line-rate="0.0" branch-rate="1.0">
							<lines>
								<line number="195" hits="0" branch="false"/>
							</lines>
						</method>
						<method name="getDateInstance" signature="(ILjava/util/TimeZone;)Lorg/apache/commons/lang3/time/FastDateFormat;" line-rate="0.0" branch-rate="1.0">
							<lines>
								<line number="211" hits="0" branch="false"/>
							</lines>
						</method>
						<method name="getDateInstance" signature="(ILjava/util/TimeZone;Ljava/util/Locale;)Lorg/apache/commons/lang3/time/FastDateFormat;" line-rate="0.0" branch-rate="1.0">
							<lines>
								<line number="227" hits="0" branch="false"/>
							</lines>
						</method>
						<method name="getDateTimeInstance" signature="(II)Lorg/apache/commons/lang3/time/FastDateFormat;" line-rate="0.0" branch-rate="1.0">
							<lines>
								<line number="305" hits="0" branch="false"/>
							</lines>
						</method>
						<method name="getDateTimeInstance" signature="(IILjava/util/Locale;)Lorg/apache/commons/lang3/time/FastDateFormat;" line-rate="0.0" branch-rate="1.0">
							<lines>
								<line number="321" hits="0" branch="false"/>
							</lines>
						</method>
						<method name="getDateTimeInstance" signature="(IILjava/util/TimeZone;)Lorg/apache/commons/lang3/time/FastDateFormat;" line-rate="0.0" branch-rate="1.0">
							<lines>
								<line number="338" hits="0" branch="false"/>
							</lines>
						</method>
						<method name="getDateTimeInstance" signature="(IILjava/util/TimeZone;Ljava/util/Locale;)Lorg/apache/commons/lang3/time/FastDateFormat;" line-rate="0.0" branch-rate="1.0">
							<lines>
								<line number="355" hits="0" branch="false"/>
							</lines>
						</method>
						<method name="getInstance" signature="()Lorg/apache/commons/lang3/time/FastDateFormat;" line-rate="0.0" branch-rate="1.0">
							<lines>
								<line number="106" hits="0" branch="false"/>
							</lines>
						</method>
						<method name="getInstance" signature="(Ljava/lang/String;)Lorg/apache/commons/lang3/time/FastDateFormat;" line-rate="0.0" branch-rate="1.0">
							<lines>
								<line number="119" hits="0" branch="false"/>
							</lines>
						</method>
						<method name="getInstance" signature="(Ljava/lang/String;Ljava/util/Locale;)Lorg/apache/commons/lang3/time/FastDateFormat;" line-rate="0.0" branch-rate="1.0">
							<lines>
								<line number="148" hits="0" branch="false"/>
							</lines>
						</method>
						<method name="getInstance" signature="(Ljava/lang/String;Ljava/util/TimeZone;)Lorg/apache/commons/lang3/time/FastDateFormat;" line-rate="0.0" branch-rate="1.0">
							<lines>
								<line number="134" hits="0" branch="false"/>
							</lines>
						</method>
						<method name="getInstance" signature="(Ljava/lang/String;Ljava/util/TimeZone;Ljava/util/Locale;)Lorg/apache/commons/lang3/time/FastDateFormat;" line-rate="0.0" branch-rate="1.0">
							<lines>
								<line number="165" hits="0" branch="false"/>
							</lines>
						</method>
						<method name="getLocale" signature="()Ljava/util/Locale;" line-rate="0.0" branch-rate="1.0">
							<lines>
								<line number="522" hits="0" branch="false"/>
							</lines>
						</method>
						<method name="getMaxLengthEstimate" signature="()I" line-rate="0.0" branch-rate="1.0">
							<lines>
								<line number="535" hits="0" branch="false"/>
							</lines>
						</method>
						<method name="getPattern" signature="()Ljava/lang/String;" line-rate="0.0" branch-rate="1.0">
							<lines>
								<line number="500" hits="0" branch="false"/>
							</lines>
						</method>
						<method name="getTimeInstance" signature="(I)Lorg/apache/commons/lang3/time/FastDateFormat;" line-rate="0.0" branch-rate="1.0">
							<lines>
								<line number="242" hits="0" branch="false"/>
							</lines>
						</method>
						<method name="getTimeInstance" signature="(ILjava/util/Locale;)Lorg/apache/commons/lang3/time/FastDateFormat;" line-rate="0.0" branch-rate="1.0">
							<lines>
								<line number="257" hits="0" branch="false"/>
							</lines>
						</method>
						<method name="getTimeInstance" signature="(ILjava/util/TimeZone;)Lorg/apache/commons/lang3/time/FastDateFormat;" line-rate="0.0" branch-rate="1.0">
							<lines>
								<line number="273" hits="0" branch="false"/>
							</lines>
						</method>
						<method name="getTimeInstance" signature="(ILjava/util/TimeZone;Ljava/util/Locale;)Lorg/apache/commons/lang3/time/FastDateFormat;" line-rate="0.0" branch-rate="1.0">
							<lines>
								<line number="289" hits="0" branch="false"/>
							</lines>
						</method>
						<method name="getTimeZone" signature="()Ljava/util/TimeZone;" line-rate="0.0" branch-rate="1.0">
							<lines>
								<line number="512" hits="0" branch="false"/>
							</lines>
						</method>
						<method name="hashCode" signature="()I" line-rate="0.0" branch-rate="1.0">
							<lines>
								<line number="563" hits="0" branch="false"/>
							</lines>
						</method>
						<method name="parse" signature="(Ljava/lang/String;)Ljava/util/Date;" line-rate="0.0" branch-rate="1.0">
							<lines>
								<line number="472" hits="0" branch="false"/>
							</lines>
						</method>
						<method name="parse" signature="(Ljava/lang/String;Ljava/text/ParsePosition;)Ljava/util/Date;" line-rate="0.0" branch-rate="1.0">
							<lines>
								<line number="480" hits="0" branch="false"/>
							</lines>
						</method>
						<method name="parseObject" signature="(Ljava/lang/String;Ljava/text/ParsePosition;)Ljava/lang/Object;" line-rate="0.0" branch-rate="1.0">
							<lines>
								<line number="488" hits="0" branch="false"/>
							</lines>
						</method>
						<method name="toString" signature="()Ljava/lang/String;" line-rate="0.0" branch-rate="1.0">
							<lines>
								<line number="573" hits="0" branch="false"/>
							</lines>
						</method>
					</methods>
					<lines>
						<line number="88" hits="0" branch="false"/>
						<line number="106" hits="0" branch="false"/>
						<line number="119" hits="0" branch="false"/>
						<line number="134" hits="0" branch="false"/>
						<line number="148" hits="0" branch="false"/>
						<line number="165" hits="0" branch="false"/>
						<line number="180" hits="0" branch="false"/>
						<line number="195" hits="0" branch="false"/>
						<line number="211" hits="0" branch="false"/>
						<line number="227" hits="0" branch="false"/>
						<line number="242" hits="0" branch="false"/>
						<line number="257" hits="0" branch="false"/>
						<line number="273" hits="0" branch="false"/>
						<line number="289" hits="0" branch="false"/>
						<line number="305" hits="0" branch="false"/>
						<line number="321" hits="0" branch="false"/>
						<line number="338" hits="0" branch="false"/>
						<line number="355" hits="0" branch="false"/>
						<line number="368" hits="0" branch="false"/>
						<line number="369" hits="0" branch="false"/>
						<line number="370" hits="0" branch="false"/>
						<line number="371" hits="0" branch="false"/>
						<line number="386" hits="0" branch="false"/>
						<line number="398" hits="0" branch="false"/>
						<line number="409" hits="0" branch="false"/>
						<line number="420" hits="0" branch="false"/>
						<line number="434" hits="0" branch="false"/>
						<line number="447" hits="0" branch="false"/>
						<line number="460" hits="0" branch="false"/>
						<line number="472" hits="0" branch="false"/>
						<line number="480" hits="0" branch="false"/>
						<line number="488" hits="0" branch="false"/>
						<line number="500" hits="0" branch="false"/>
						<line number="512" hits="0" branch="false"/>
						<line number="522" hits="0" branch="false"/>
						<line number="535" hits="0" branch="false"/>
						<line number="548" hits="0" branch="true" condition-coverage="0% (0/2)">
							<conditions>
								<condition number="0" type="jump" coverage="0%"/>
							</conditions>
						</line>
						<line number="549" hits="0" branch="false"/>
						<line number="551" hits="0" branch="false"/>
						<line number="553" hits="0" branch="false"/>
						<line number="563" hits="0" branch="false"/>
						<line number="573" hits="0" branch="false"/>
						<line number="586" hits="0" branch="false"/>
					</lines>
				</class>
				<class name="org.apache.commons.lang3.time.FastDateFormat$1" filename="org/apache/commons/lang3/time/FastDateFormat.java" line-rate="0.0" branch-rate="1.0" complexity="1.054054054054054">
					<methods>
						<method name="&lt;init&gt;" signature="()V" line-rate="1.0" branch-rate="1.0">
							<lines>
							</lines>
						</method>
						<method name="createInstance" signature="(Ljava/lang/String;Ljava/util/TimeZone;Ljava/util/Locale;)Ljava/text/Format;" line-rate="0.0" branch-rate="1.0">
							<lines>
								<line number="88" hits="0" branch="false"/>
							</lines>
						</method>
						<method name="createInstance" signature="(Ljava/lang/String;Ljava/util/TimeZone;Ljava/util/Locale;)Lorg/apache/commons/lang3/time/FastDateFormat;" line-rate="0.0" branch-rate="1.0">
							<lines>
								<line number="91" hits="0" branch="false"/>
							</lines>
						</method>
					</methods>
					<lines>
						<line number="88" hits="0" branch="false"/>
						<line number="91" hits="0" branch="false"/>
					</lines>
				</class>
				<class name="org.apache.commons.lang3.time.FastDateParser" filename="org/apache/commons/lang3/time/FastDateParser.java" line-rate="0.0" branch-rate="0.0" complexity="3.0">
					<methods>
						<method name="&lt;clinit&gt;" signature="()V" line-rate="0.0" branch-rate="1.0">
							<lines>
								<line number="73" hits="0" branch="false"/>
								<line number="409" hits="0" branch="false"/>
								<line number="468" hits="0" branch="false"/>
								<line number="660" hits="0" branch="false"/>
								<line number="747" hits="0" branch="false"/>
								<line number="753" hits="0" branch="false"/>
								<line number="754" hits="0" branch="false"/>
								<line number="755" hits="0" branch="false"/>
								<line number="756" hits="0" branch="false"/>
								<line number="757" hits="0" branch="false"/>
								<line number="758" hits="0" branch="false"/>
								<line number="759" hits="0" branch="false"/>
								<line number="760" hits="0" branch="false"/>
								<line number="766" hits="0" branch="false"/>
								<line number="772" hits="0" branch="false"/>
								<line number="773" hits="0" branch="false"/>
								<line number="774" hits="0" branch="false"/>
								<line number="775" hits="0" branch="false"/>
							</lines>
						</method>
						<method name="&lt;init&gt;" signature="(Ljava/lang/String;Ljava/util/TimeZone;Ljava/util/Locale;)V" line-rate="0.0" branch-rate="1.0">
							<lines>
								<line number="97" hits="0" branch="false"/>
								<line number="98" hits="0" branch="false"/>
								<line number="99" hits="0" branch="false"/>
								<line number="100" hits="0" branch="false"/>
								<line number="101" hits="0" branch="false"/>
								<line number="102" hits="0" branch="false"/>
							</lines>
						</method>
						<method name="access$000" signature="(Ljava/lang/StringBuilder;Ljava/lang/String;Z)Ljava/lang/StringBuilder;" line-rate="1.0" branch-rate="1.0">
							<lines>
							</lines>
						</method>
						<method name="access$100" signature="(ILjava/util/Calendar;Ljava/util/Locale;)Ljava/util/Map;" line-rate="0.0" branch-rate="1.0">
							<lines>
								<line number="65" hits="0" branch="false"/>
							</lines>
						</method>
						<method name="adjustYear" signature="(I)I" line-rate="0.0" branch-rate="0.0">
							<lines>
								<line number="355" hits="0" branch="false"/>
								<line number="356" hits="0" branch="true" condition-coverage="0% (0/2)">
									<conditions>
										<condition number="0" type="jump" coverage="0%"/>
									</conditions>
								</line>
								<line number="357" hits="0" branch="false"/>
								<line number="359" hits="0" branch="false"/>
							</lines>
						</method>
						<method name="equals" signature="(Ljava/lang/Object;)Z" line-rate="0.0" branch-rate="0.0">
							<lines>
								<line number="189" hits="0" branch="true" condition-coverage="0% (0/2)">
									<conditions>
										<condition number="0" type="jump" coverage="0%"/>
									</conditions>
								</line>
								<line number="190" hits="0" branch="false"/>
								<line number="192" hits="0" branch="false"/>
								<line number="193" hits="0" branch="true" condition-coverage="0% (0/6)">
									<conditions>
										<condition number="0" type="jump" coverage="0%"/>
										<condition number="1" type="jump" coverage="0%"/>
										<condition number="2" type="jump" coverage="0%"/>
									</conditions>
								</line>
							</lines>
						</method>
						<method name="escapeRegex" signature="(Ljava/lang/StringBuilder;Ljava/lang/String;Z)Ljava/lang/StringBuilder;" line-rate="0.0" branch-rate="0.0">
							<lines>
								<line number="300" hits="0" branch="false"/>
								<line number="301" hits="0" branch="true" condition-coverage="0% (0/2)">
									<conditions>
										<condition number="0" type="jump" coverage="0%"/>
									</conditions>
								</line>
								<line number="302" hits="0" branch="false"/>
								<line number="303" hits="0" branch="true" condition-coverage="0% (0/3)">
									<conditions>
										<condition number="0" type="switch" coverage="0%"/>
									</conditions>
								</line>
								<line number="305" hits="0" branch="true" condition-coverage="0% (0/2)">
									<conditions>
										<condition number="0" type="jump" coverage="0%"/>
									</conditions>
								</line>
								<line number="306" hits="0" branch="true" condition-coverage="0% (0/2)">
									<conditions>
										<condition number="0" type="jump" coverage="0%"/>
									</conditions>
								</line>
								<line number="307" hits="0" branch="false"/>
								<line number="309" hits="0" branch="false"/>
								<line number="313" hits="0" branch="true" condition-coverage="0% (0/2)">
									<conditions>
										<condition number="0" type="jump" coverage="0%"/>
									</conditions>
								</line>
								<line number="314" hits="0" branch="false"/>
								<line number="323" hits="0" branch="false"/>
								<line number="324" hits="0" branch="false"/>
								<line number="325" hits="0" branch="true" condition-coverage="0% (0/2)">
									<conditions>
										<condition number="0" type="jump" coverage="0%"/>
									</conditions>
								</line>
								<line number="326" hits="0" branch="false"/>
								<line number="327" hits="0" branch="false"/>
								<line number="331" hits="0" branch="false"/>
								<line number="333" hits="0" branch="false"/>
								<line number="334" hits="0" branch="false"/>
							</lines>
						</method>
						<method name="getCache" signature="(I)Ljava/util/concurrent/ConcurrentMap;" line-rate="0.0" branch-rate="0.0">
							<lines>
								<line number="476" hits="0" branch="false"/>
								<line number="477" hits="0" branch="true" condition-coverage="0% (0/2)">
									<conditions>
										<condition number="0" type="jump" coverage="0%"/>
									</conditions>
								</line>
								<line number="478" hits="0" branch="false"/>
								<line number="480" hits="0" branch="false"/>
								<line number="481" hits="0" branch="false"/>
							</lines>
						</method>
						<method name="getDisplayNames" signature="(ILjava/util/Calendar;Ljava/util/Locale;)Ljava/util/Map;" line-rate="0.0" branch-rate="1.0">
							<lines>
								<line number="346" hits="0" branch="false"/>
							</lines>
						</method>
						<method name="getFieldWidth" signature="()I" line-rate="0.0" branch-rate="1.0">
							<lines>
								<line number="375" hits="0" branch="false"/>
							</lines>
						</method>
						<method name="getLocale" signature="()Ljava/util/Locale;" line-rate="0.0" branch-rate="1.0">
							<lines>
								<line number="171" hits="0" branch="false"/>
							</lines>
						</method>
						<method name="getLocaleSpecificStrategy" signature="(ILjava/util/Calendar;)Lorg/apache/commons/lang3/time/FastDateParser$Strategy;" line-rate="0.0" branch-rate="0.0">
							<lines>
								<line number="492" hits="0" branch="false"/>
								<line number="493" hits="0" branch="false"/>
								<line number="494" hits="0" branch="true" condition-coverage="0% (0/2)">
									<conditions>
										<condition number="0" type="jump" coverage="0%"/>
									</conditions>
								</line>
								<line number="495" hits="0" branch="true" condition-coverage="0% (0/2)">
									<conditions>
										<condition number="0" type="jump" coverage="0%"/>
									</conditions>
								</line>
								<line number="498" hits="0" branch="false"/>
								<line number="499" hits="0" branch="true" condition-coverage="0% (0/2)">
									<conditions>
										<condition number="0" type="jump" coverage="0%"/>
									</conditions>
								</line>
								<line number="500" hits="0" branch="false"/>
								<line number="503" hits="0" branch="false"/>
							</lines>
						</method>
						<method name="getParsePattern" signature="()Ljava/util/regex/Pattern;" line-rate="0.0" branch-rate="1.0">
							<lines>
								<line number="176" hits="0" branch="false"/>
							</lines>
						</method>
						<method name="getPattern" signature="()Ljava/lang/String;" line-rate="0.0" branch-rate="1.0">
							<lines>
								<line number="155" hits="0" branch="false"/>
							</lines>
						</method>
						<method name="getStrategy" signature="(Ljava/lang/String;Ljava/util/Calendar;)Lorg/apache/commons/lang3/time/FastDateParser$Strategy;" line-rate="0.0" branch-rate="0.0">
							<lines>
								<line number="419" hits="0" branch="true" condition-coverage="0% (0/20)">
									<conditions>
										<condition number="0" type="switch" coverage="0%"/>
									</conditions>
								</line>
								<line number="421" hits="0" branch="true" condition-coverage="0% (0/2)">
									<conditions>
										<condition number="0" type="jump" coverage="0%"/>
									</conditions>
								</line>
								<line number="422" hits="0" branch="false"/>
								<line number="426" hits="0" branch="false"/>
								<line number="428" hits="0" branch="false"/>
								<line number="430" hits="0" branch="false"/>
								<line number="432" hits="0" branch="false"/>
								<line number="434" hits="0" branch="false"/>
								<line number="436" hits="0" branch="false"/>
								<line number="438" hits="0" branch="false"/>
								<line number="440" hits="0" branch="true" condition-coverage="0% (0/2)">
									<conditions>
										<condition number="0" type="jump" coverage="0%"/>
									</conditions>
								</line>
								<line number="442" hits="0" branch="false"/>
								<line number="444" hits="0" branch="false"/>
								<line number="446" hits="0" branch="false"/>
								<line number="448" hits="0" branch="false"/>
								<line number="450" hits="0" branch="false"/>
								<line number="452" hits="0" branch="false"/>
								<line number="454" hits="0" branch="false"/>
								<line number="456" hits="0" branch="false"/>
								<line number="458" hits="0" branch="false"/>
								<line number="460" hits="0" branch="true" condition-coverage="0% (0/2)">
									<conditions>
										<condition number="0" type="jump" coverage="0%"/>
									</conditions>
								</line>
								<line number="463" hits="0" branch="false"/>
							</lines>
						</method>
						<method name="getTimeZone" signature="()Ljava/util/TimeZone;" line-rate="0.0" branch-rate="1.0">
							<lines>
								<line number="163" hits="0" branch="false"/>
							</lines>
						</method>
						<method name="hashCode" signature="()I" line-rate="0.0" branch-rate="1.0">
							<lines>
								<line number="205" hits="0" branch="false"/>
							</lines>
						</method>
						<method name="init" signature="()V" line-rate="0.0" branch-rate="0.0">
							<lines>
								<line number="109" hits="0" branch="false"/>
								<line number="110" hits="0" branch="false"/>
								<line number="112" hits="0" branch="false"/>
								<line number="113" hits="0" branch="false"/>
								<line number="115" hits="0" branch="false"/>
								<line number="116" hits="0" branch="true" condition-coverage="0% (0/2)">
									<conditions>
										<condition number="0" type="jump" coverage="0%"/>
									</conditions>
								</line>
								<line number="117" hits="0" branch="false"/>
								<line number="121" hits="0" branch="false"/>
								<line number="122" hits="0" branch="false"/>
								<line number="124" hits="0" branch="false"/>
								<line number="125" hits="0" branch="true" condition-coverage="0% (0/2)">
									<conditions>
										<condition number="0" type="jump" coverage="0%"/>
									</conditions>
								</line>
								<line number="126" hits="0" branch="false"/>
								<line number="127" hits="0" branch="false"/>
								<line number="129" hits="0" branch="false"/>
								<line number="130" hits="0" branch="false"/>
								<line number="131" hits="0" branch="true" condition-coverage="0% (0/2)">
									<conditions>
										<condition number="0" type="jump" coverage="0%"/>
									</conditions>
								</line>
								<line number="132" hits="0" branch="false"/>
								<line number="134" hits="0" branch="false"/>
								<line number="135" hits="0" branch="false"/>
								<line number="136" hits="0" branch="false"/>
								<line number="137" hits="0" branch="true" condition-coverage="0% (0/2)">
									<conditions>
										<condition number="0" type="jump" coverage="0%"/>
									</conditions>
								</line>
								<line number="138" hits="0" branch="false"/>
								<line number="140" hits="0" branch="true" condition-coverage="0% (0/2)">
									<conditions>
										<condition number="0" type="jump" coverage="0%"/>
									</conditions>
								</line>
								<line number="141" hits="0" branch="false"/>
								<line number="143" hits="0" branch="false"/>
								<line number="144" hits="0" branch="false"/>
								<line number="145" hits="0" branch="false"/>
								<line number="146" hits="0" branch="false"/>
							</lines>
						</method>
						<method name="isNextNumber" signature="()Z" line-rate="0.0" branch-rate="0.0">
							<lines>
								<line number="367" hits="0" branch="true" condition-coverage="0% (0/4)">
									<conditions>
										<condition number="0" type="jump" coverage="0%"/>
										<condition number="1" type="jump" coverage="0%"/>
									</conditions>
								</line>
							</lines>
						</method>
						<method name="parse" signature="(Ljava/lang/String;)Ljava/util/Date;" line-rate="0.0" branch-rate="0.0">
							<lines>
								<line number="246" hits="0" branch="false"/>
								<line number="247" hits="0" branch="true" condition-coverage="0% (0/2)">
									<conditions>
										<condition number="0" type="jump" coverage="0%"/>
									</conditions>
								</line>
								<line number="249" hits="0" branch="true" condition-coverage="0% (0/2)">
									<conditions>
										<condition number="0" type="jump" coverage="0%"/>
									</conditions>
								</line>
								<line number="250" hits="0" branch="false"/>
								<line number="254" hits="0" branch="false"/>
								<line number="256" hits="0" branch="false"/>
							</lines>
						</method>
						<method name="parse" signature="(Ljava/lang/String;Ljava/text/ParsePosition;)Ljava/util/Date;" line-rate="0.0" branch-rate="0.0">
							<lines>
								<line number="272" hits="0" branch="false"/>
								<line number="273" hits="0" branch="false"/>
								<line number="274" hits="0" branch="true" condition-coverage="0% (0/2)">
									<conditions>
										<condition number="0" type="jump" coverage="0%"/>
									</conditions>
								</line>
								<line number="275" hits="0" branch="false"/>
								<line number="278" hits="0" branch="false"/>
								<line number="279" hits="0" branch="false"/>
								<line number="281" hits="0" branch="true" condition-coverage="0% (0/2)">
									<conditions>
										<condition number="0" type="jump" coverage="0%"/>
									</conditions>
								</line>
								<line number="282" hits="0" branch="false"/>
								<line number="283" hits="0" branch="false"/>
								<line number="284" hits="0" branch="false"/>
								<line number="285" hits="0" branch="false"/>
								<line number="286" hits="0" branch="false"/>
							</lines>
						</method>
						<method name="parseObject" signature="(Ljava/lang/String;)Ljava/lang/Object;" line-rate="0.0" branch-rate="1.0">
							<lines>
								<line number="238" hits="0" branch="false"/>
							</lines>
						</method>
						<method name="parseObject" signature="(Ljava/lang/String;Ljava/text/ParsePosition;)Ljava/lang/Object;" line-rate="0.0" branch-rate="1.0">
							<lines>
								<line number="264" hits="0" branch="false"/>
							</lines>
						</method>
						<method name="readObject" signature="(Ljava/io/ObjectInputStream;)V" line-rate="0.0" branch-rate="1.0">
							<lines>
								<line number="229" hits="0" branch="false"/>
								<line number="230" hits="0" branch="false"/>
								<line number="231" hits="0" branch="false"/>
							</lines>
						</method>
						<method name="toString" signature="()Ljava/lang/String;" line-rate="0.0" branch-rate="1.0">
							<lines>
								<line number="215" hits="0" branch="false"/>
							</lines>
						</method>
					</methods>
					<lines>
						<line number="65" hits="0" branch="false"/>
						<line number="73" hits="0" branch="false"/>
						<line number="97" hits="0" branch="false"/>
						<line number="98" hits="0" branch="false"/>
						<line number="99" hits="0" branch="false"/>
						<line number="100" hits="0" branch="false"/>
						<line number="101" hits="0" branch="false"/>
						<line number="102" hits="0" branch="false"/>
						<line number="109" hits="0" branch="false"/>
						<line number="110" hits="0" branch="false"/>
						<line number="112" hits="0" branch="false"/>
						<line number="113" hits="0" branch="false"/>
						<line number="115" hits="0" branch="false"/>
						<line number="116" hits="0" branch="true" condition-coverage="0% (0/2)">
							<conditions>
								<condition number="0" type="jump" coverage="0%"/>
							</conditions>
						</line>
						<line number="117" hits="0" branch="false"/>
						<line number="121" hits="0" branch="false"/>
						<line number="122" hits="0" branch="false"/>
						<line number="124" hits="0" branch="false"/>
						<line number="125" hits="0" branch="true" condition-coverage="0% (0/2)">
							<conditions>
								<condition number="0" type="jump" coverage="0%"/>
							</conditions>
						</line>
						<line number="126" hits="0" branch="false"/>
						<line number="127" hits="0" branch="false"/>
						<line number="129" hits="0" branch="false"/>
						<line number="130" hits="0" branch="false"/>
						<line number="131" hits="0" branch="true" condition-coverage="0% (0/2)">
							<conditions>
								<condition number="0" type="jump" coverage="0%"/>
							</conditions>
						</line>
						<line number="132" hits="0" branch="false"/>
						<line number="134" hits="0" branch="false"/>
						<line number="135" hits="0" branch="false"/>
						<line number="136" hits="0" branch="false"/>
						<line number="137" hits="0" branch="true" condition-coverage="0% (0/2)">
							<conditions>
								<condition number="0" type="jump" coverage="0%"/>
							</conditions>
						</line>
						<line number="138" hits="0" branch="false"/>
						<line number="140" hits="0" branch="true" condition-coverage="0% (0/2)">
							<conditions>
								<condition number="0" type="jump" coverage="0%"/>
							</conditions>
						</line>
						<line number="141" hits="0" branch="false"/>
						<line number="143" hits="0" branch="false"/>
						<line number="144" hits="0" branch="false"/>
						<line number="145" hits="0" branch="false"/>
						<line number="146" hits="0" branch="false"/>
						<line number="155" hits="0" branch="false"/>
						<line number="163" hits="0" branch="false"/>
						<line number="171" hits="0" branch="false"/>
						<line number="176" hits="0" branch="false"/>
						<line number="189" hits="0" branch="true" condition-coverage="0% (0/2)">
							<conditions>
								<condition number="0" type="jump" coverage="0%"/>
							</conditions>
						</line>
						<line number="190" hits="0" branch="false"/>
						<line number="192" hits="0" branch="false"/>
						<line number="193" hits="0" branch="true" condition-coverage="0% (0/6)">
							<conditions>
								<condition number="0" type="jump" coverage="0%"/>
								<condition number="1" type="jump" coverage="0%"/>
								<condition number="2" type="jump" coverage="0%"/>
							</conditions>
						</line>
						<line number="205" hits="0" branch="false"/>
						<line number="215" hits="0" branch="false"/>
						<line number="229" hits="0" branch="false"/>
						<line number="230" hits="0" branch="false"/>
						<line number="231" hits="0" branch="false"/>
						<line number="238" hits="0" branch="false"/>
						<line number="246" hits="0" branch="false"/>
						<line number="247" hits="0" branch="true" condition-coverage="0% (0/2)">
							<conditions>
								<condition number="0" type="jump" coverage="0%"/>
							</conditions>
						</line>
						<line number="249" hits="0" branch="true" condition-coverage="0% (0/2)">
							<conditions>
								<condition number="0" type="jump" coverage="0%"/>
							</conditions>
						</line>
						<line number="250" hits="0" branch="false"/>
						<line number="254" hits="0" branch="false"/>
						<line number="256" hits="0" branch="false"/>
						<line number="264" hits="0" branch="false"/>
						<line number="272" hits="0" branch="false"/>
						<line number="273" hits="0" branch="false"/>
						<line number="274" hits="0" branch="true" condition-coverage="0% (0/2)">
							<conditions>
								<condition number="0" type="jump" coverage="0%"/>
							</conditions>
						</line>
						<line number="275" hits="0" branch="false"/>
						<line number="278" hits="0" branch="false"/>
						<line number="279" hits="0" branch="false"/>
						<line number="281" hits="0" branch="true" condition-coverage="0% (0/2)">
							<conditions>
								<condition number="0" type="jump" coverage="0%"/>
							</conditions>
						</line>
						<line number="282" hits="0" branch="false"/>
						<line number="283" hits="0" branch="false"/>
						<line number="284" hits="0" branch="false"/>
						<line number="285" hits="0" branch="false"/>
						<line number="286" hits="0" branch="false"/>
						<line number="300" hits="0" branch="false"/>
						<line number="301" hits="0" branch="true" condition-coverage="0% (0/2)">
							<conditions>
								<condition number="0" type="jump" coverage="0%"/>
							</conditions>
						</line>
						<line number="302" hits="0" branch="false"/>
						<line number="303" hits="0" branch="true" condition-coverage="0% (0/3)">
							<conditions>
								<condition number="0" type="switch" coverage="0%"/>
							</conditions>
						</line>
						<line number="305" hits="0" branch="true" condition-coverage="0% (0/2)">
							<conditions>
								<condition number="0" type="jump" coverage="0%"/>
							</conditions>
						</line>
						<line number="306" hits="0" branch="true" condition-coverage="0% (0/2)">
							<conditions>
								<condition number="0" type="jump" coverage="0%"/>
							</conditions>
						</line>
						<line number="307" hits="0" branch="false"/>
						<line number="309" hits="0" branch="false"/>
						<line number="313" hits="0" branch="true" condition-coverage="0% (0/2)">
							<conditions>
								<condition number="0" type="jump" coverage="0%"/>
							</conditions>
						</line>
						<line number="314" hits="0" branch="false"/>
						<line number="323" hits="0" branch="false"/>
						<line number="324" hits="0" branch="false"/>
						<line number="325" hits="0" branch="true" condition-coverage="0% (0/2)">
							<conditions>
								<condition number="0" type="jump" coverage="0%"/>
							</conditions>
						</line>
						<line number="326" hits="0" branch="false"/>
						<line number="327" hits="0" branch="false"/>
						<line number="331" hits="0" branch="false"/>
						<line number="333" hits="0" branch="false"/>
						<line number="334" hits="0" branch="false"/>
						<line number="346" hits="0" branch="false"/>
						<line number="355" hits="0" branch="false"/>
						<line number="356" hits="0" branch="true" condition-coverage="0% (0/2)">
							<conditions>
								<condition number="0" type="jump" coverage="0%"/>
							</conditions>
						</line>
						<line number="357" hits="0" branch="false"/>
						<line number="359" hits="0" branch="false"/>
						<line number="367" hits="0" branch="true" condition-coverage="0% (0/4)">
							<conditions>
								<condition number="0" type="jump" coverage="0%"/>
								<condition number="1" type="jump" coverage="0%"/>
							</conditions>
						</line>
						<line number="375" hits="0" branch="false"/>
						<line number="409" hits="0" branch="false"/>
						<line number="419" hits="0" branch="true" condition-coverage="0% (0/20)">
							<conditions>
								<condition number="0" type="switch" coverage="0%"/>
							</conditions>
						</line>
						<line number="421" hits="0" branch="true" condition-coverage="0% (0/2)">
							<conditions>
								<condition number="0" type="jump" coverage="0%"/>
							</conditions>
						</line>
						<line number="422" hits="0" branch="false"/>
						<line number="426" hits="0" branch="false"/>
						<line number="428" hits="0" branch="false"/>
						<line number="430" hits="0" branch="false"/>
						<line number="432" hits="0" branch="false"/>
						<line number="434" hits="0" branch="false"/>
						<line number="436" hits="0" branch="false"/>
						<line number="438" hits="0" branch="false"/>
						<line number="440" hits="0" branch="true" condition-coverage="0% (0/2)">
							<conditions>
								<condition number="0" type="jump" coverage="0%"/>
							</conditions>
						</line>
						<line number="442" hits="0" branch="false"/>
						<line number="444" hits="0" branch="false"/>
						<line number="446" hits="0" branch="false"/>
						<line number="448" hits="0" branch="false"/>
						<line number="450" hits="0" branch="false"/>
						<line number="452" hits="0" branch="false"/>
						<line number="454" hits="0" branch="false"/>
						<line number="456" hits="0" branch="false"/>
						<line number="458" hits="0" branch="false"/>
						<line number="460" hits="0" branch="true" condition-coverage="0% (0/2)">
							<conditions>
								<condition number="0" type="jump" coverage="0%"/>
							</conditions>
						</line>
						<line number="463" hits="0" branch="false"/>
						<line number="468" hits="0" branch="false"/>
						<line number="476" hits="0" branch="false"/>
						<line number="477" hits="0" branch="true" condition-coverage="0% (0/2)">
							<conditions>
								<condition number="0" type="jump" coverage="0%"/>
							</conditions>
						</line>
						<line number="478" hits="0" branch="false"/>
						<line number="480" hits="0" branch="false"/>
						<line number="481" hits="0" branch="false"/>
						<line number="492" hits="0" branch="false"/>
						<line number="493" hits="0" branch="false"/>
						<line number="494" hits="0" branch="true" condition-coverage="0% (0/2)">
							<conditions>
								<condition number="0" type="jump" coverage="0%"/>
							</conditions>
						</line>
						<line number="495" hits="0" branch="true" condition-coverage="0% (0/2)">
							<conditions>
								<condition number="0" type="jump" coverage="0%"/>
							</conditions>
						</line>
						<line number="498" hits="0" branch="false"/>
						<line number="499" hits="0" branch="true" condition-coverage="0% (0/2)">
							<conditions>
								<condition number="0" type="jump" coverage="0%"/>
							</conditions>
						</line>
						<line number="500" hits="0" branch="false"/>
						<line number="503" hits="0" branch="false"/>
						<line number="660" hits="0" branch="false"/>
						<line number="747" hits="0" branch="false"/>
						<line number="753" hits="0" branch="false"/>
						<line number="754" hits="0" branch="false"/>
						<line number="755" hits="0" branch="false"/>
						<line number="756" hits="0" branch="false"/>
						<line number="757" hits="0" branch="false"/>
						<line number="758" hits="0" branch="false"/>
						<line number="759" hits="0" branch="false"/>
						<line number="760" hits="0" branch="false"/>
						<line number="766" hits="0" branch="false"/>
						<line number="772" hits="0" branch="false"/>
						<line number="773" hits="0" branch="false"/>
						<line number="774" hits="0" branch="false"/>
						<line number="775" hits="0" branch="false"/>
					</lines>
				</class>
				<class name="org.apache.commons.lang3.time.FastDateParser$1" filename="org/apache/commons/lang3/time/FastDateParser.java" line-rate="0.0" branch-rate="0.0" complexity="3.0">
					<methods>
						<method name="&lt;init&gt;" signature="(I)V" line-rate="0.0" branch-rate="1.0">
							<lines>
								<line number="660" hits="0" branch="false"/>
							</lines>
						</method>
						<method name="setCalendar" signature="(Lorg/apache/commons/lang3/time/FastDateParser;Ljava/util/Calendar;Ljava/lang/String;)V" line-rate="0.0" branch-rate="0.0">
							<lines>
								<line number="666" hits="0" branch="false"/>
								<line number="667" hits="0" branch="true" condition-coverage="0% (0/2)">
									<conditions>
										<condition number="0" type="jump" coverage="0%"/>
									</conditions>
								</line>
								<line number="668" hits="0" branch="false"/>
								<line number="670" hits="0" branch="false"/>
								<line number="671" hits="0" branch="false"/>
							</lines>
						</method>
					</methods>
					<lines>
						<line number="660" hits="0" branch="false"/>
						<line number="666" hits="0" branch="false"/>
						<line number="667" hits="0" branch="true" condition-coverage="0% (0/2)">
							<conditions>
								<condition number="0" type="jump" coverage="0%"/>
							</conditions>
						</line>
						<line number="668" hits="0" branch="false"/>
						<line number="670" hits="0" branch="false"/>
						<line number="671" hits="0" branch="false"/>
					</lines>
				</class>
				<class name="org.apache.commons.lang3.time.FastDateParser$2" filename="org/apache/commons/lang3/time/FastDateParser.java" line-rate="0.0" branch-rate="1.0" complexity="3.0">
					<methods>
						<method name="&lt;init&gt;" signature="(I)V" line-rate="0.0" branch-rate="1.0">
							<lines>
								<line number="747" hits="0" branch="false"/>
							</lines>
						</method>
						<method name="modify" signature="(I)I" line-rate="0.0" branch-rate="1.0">
							<lines>
								<line number="750" hits="0" branch="false"/>
							</lines>
						</method>
					</methods>
					<lines>
						<line number="747" hits="0" branch="false"/>
						<line number="750" hits="0" branch="false"/>
					</lines>
				</class>
				<class name="org.apache.commons.lang3.time.FastDateParser$3" filename="org/apache/commons/lang3/time/FastDateParser.java" line-rate="0.0" branch-rate="1.0" complexity="3.0">
					<methods>
						<method name="&lt;init&gt;" signature="(I)V" line-rate="0.0" branch-rate="1.0">
							<lines>
								<line number="760" hits="0" branch="false"/>
							</lines>
						</method>
						<method name="modify" signature="(I)I" line-rate="0.0" branch-rate="1.0">
							<lines>
								<line number="763" hits="0" branch="false"/>
							</lines>
						</method>
					</methods>
					<lines>
						<line number="760" hits="0" branch="false"/>
						<line number="763" hits="0" branch="false"/>
					</lines>
				</class>
				<class name="org.apache.commons.lang3.time.FastDateParser$4" filename="org/apache/commons/lang3/time/FastDateParser.java" line-rate="0.0" branch-rate="1.0" complexity="3.0">
					<methods>
						<method name="&lt;init&gt;" signature="(I)V" line-rate="0.0" branch-rate="1.0">
							<lines>
								<line number="766" hits="0" branch="false"/>
							</lines>
						</method>
						<method name="modify" signature="(I)I" line-rate="0.0" branch-rate="1.0">
							<lines>
								<line number="769" hits="0" branch="false"/>
							</lines>
						</method>
					</methods>
					<lines>
						<line number="766" hits="0" branch="false"/>
						<line number="769" hits="0" branch="false"/>
					</lines>
				</class>
				<class name="org.apache.commons.lang3.time.FastDateParser$CopyQuotedStrategy" filename="org/apache/commons/lang3/time/FastDateParser.java" line-rate="0.0" branch-rate="0.0" complexity="3.0">
					<methods>
						<method name="&lt;init&gt;" signature="(Ljava/lang/String;)V" line-rate="0.0" branch-rate="1.0">
							<lines>
								<line number="516" hits="0" branch="false"/>
								<line number="517" hits="0" branch="false"/>
								<line number="518" hits="0" branch="false"/>
							</lines>
						</method>
						<method name="addRegex" signature="(Lorg/apache/commons/lang3/time/FastDateParser;Ljava/lang/StringBuilder;)Z" line-rate="0.0" branch-rate="1.0">
							<lines>
								<line number="537" hits="0" branch="false"/>
								<line number="538" hits="0" branch="false"/>
							</lines>
						</method>
						<method name="isNumber" signature="()Z" line-rate="0.0" branch-rate="0.0">
							<lines>
								<line number="525" hits="0" branch="false"/>
								<line number="526" hits="0" branch="true" condition-coverage="0% (0/2)">
									<conditions>
										<condition number="0" type="jump" coverage="0%"/>
									</conditions>
								</line>
								<line number="527" hits="0" branch="false"/>
								<line number="529" hits="0" branch="false"/>
							</lines>
						</method>
						<method name="setCalendar" signature="(Lorg/apache/commons/lang3/time/FastDateParser;Ljava/util/Calendar;Ljava/lang/String;)V" line-rate="0.0" branch-rate="1.0">
							<lines>
								<line number="546" hits="0" branch="false"/>
							</lines>
						</method>
					</methods>
					<lines>
						<line number="516" hits="0" branch="false"/>
						<line number="517" hits="0" branch="false"/>
						<line number="518" hits="0" branch="false"/>
						<line number="525" hits="0" branch="false"/>
						<line number="526" hits="0" branch="true" condition-coverage="0% (0/2)">
							<conditions>
								<condition number="0" type="jump" coverage="0%"/>
							</conditions>
						</line>
						<line number="527" hits="0" branch="false"/>
						<line number="529" hits="0" branch="false"/>
						<line number="537" hits="0" branch="false"/>
						<line number="538" hits="0" branch="false"/>
						<line number="546" hits="0" branch="false"/>
					</lines>
				</class>
				<class name="org.apache.commons.lang3.time.FastDateParser$NumberStrategy" filename="org/apache/commons/lang3/time/FastDateParser.java" line-rate="0.0" branch-rate="0.0" complexity="3.0">
					<methods>
						<method name="&lt;init&gt;" signature="(I)V" line-rate="0.0" branch-rate="1.0">
							<lines>
								<line number="616" hits="0" branch="false"/>
								<line number="617" hits="0" branch="false"/>
								<line number="618" hits="0" branch="false"/>
							</lines>
						</method>
						<method name="addRegex" signature="(Lorg/apache/commons/lang3/time/FastDateParser;Ljava/lang/StringBuilder;)Z" line-rate="0.0" branch-rate="0.0">
							<lines>
								<line number="633" hits="0" branch="true" condition-coverage="0% (0/2)">
									<conditions>
										<condition number="0" type="jump" coverage="0%"/>
									</conditions>
								</line>
								<line number="634" hits="0" branch="false"/>
								<line number="637" hits="0" branch="false"/>
								<line number="639" hits="0" branch="false"/>
							</lines>
						</method>
						<method name="isNumber" signature="()Z" line-rate="0.0" branch-rate="1.0">
							<lines>
								<line number="625" hits="0" branch="false"/>
							</lines>
						</method>
						<method name="modify" signature="(I)I" line-rate="0.0" branch-rate="1.0">
							<lines>
								<line number="656" hits="0" branch="false"/>
							</lines>
						</method>
						<method name="setCalendar" signature="(Lorg/apache/commons/lang3/time/FastDateParser;Ljava/util/Calendar;Ljava/lang/String;)V" line-rate="0.0" branch-rate="1.0">
							<lines>
								<line number="647" hits="0" branch="false"/>
								<line number="648" hits="0" branch="false"/>
							</lines>
						</method>
					</methods>
					<lines>
						<line number="616" hits="0" branch="false"/>
						<line number="617" hits="0" branch="false"/>
						<line number="618" hits="0" branch="false"/>
						<line number="625" hits="0" branch="false"/>
						<line number="633" hits="0" branch="true" condition-coverage="0% (0/2)">
							<conditions>
								<condition number="0" type="jump" coverage="0%"/>
							</conditions>
						</line>
						<line number="634" hits="0" branch="false"/>
						<line number="637" hits="0" branch="false"/>
						<line number="639" hits="0" branch="false"/>
						<line number="647" hits="0" branch="false"/>
						<line number="648" hits="0" branch="false"/>
						<line number="656" hits="0" branch="false"/>
					</lines>
				</class>
				<class name="org.apache.commons.lang3.time.FastDateParser$Strategy" filename="org/apache/commons/lang3/time/FastDateParser.java" line-rate="1.0" branch-rate="1.0" complexity="3.0">
					<methods>
					</methods>
					<lines>
					</lines>
				</class>
				<class name="org.apache.commons.lang3.time.FastDateParser$TextStrategy" filename="org/apache/commons/lang3/time/FastDateParser.java" line-rate="0.0" branch-rate="0.0" complexity="3.0">
					<methods>
						<method name="&lt;init&gt;" signature="(ILjava/util/Calendar;Ljava/util/Locale;)V" line-rate="0.0" branch-rate="1.0">
							<lines>
								<line number="560" hits="0" branch="false"/>
								<line number="561" hits="0" branch="false"/>
								<line number="562" hits="0" branch="false"/>
								<line number="563" hits="0" branch="false"/>
							</lines>
						</method>
						<method name="addRegex" signature="(Lorg/apache/commons/lang3/time/FastDateParser;Ljava/lang/StringBuilder;)Z" line-rate="0.0" branch-rate="0.0">
							<lines>
								<line number="578" hits="0" branch="false"/>
								<line number="579" hits="0" branch="true" condition-coverage="0% (0/2)">
									<conditions>
										<condition number="0" type="jump" coverage="0%"/>
									</conditions>
								</line>
								<line number="580" hits="0" branch="false"/>
								<line number="581" hits="0" branch="false"/>
								<line number="582" hits="0" branch="false"/>
								<line number="583" hits="0" branch="false"/>
							</lines>
						</method>
						<method name="isNumber" signature="()Z" line-rate="0.0" branch-rate="1.0">
							<lines>
								<line number="570" hits="0" branch="false"/>
							</lines>
						</method>
						<method name="setCalendar" signature="(Lorg/apache/commons/lang3/time/FastDateParser;Ljava/util/Calendar;Ljava/lang/String;)V" line-rate="0.0" branch-rate="0.0">
							<lines>
								<line number="591" hits="0" branch="false"/>
								<line number="592" hits="0" branch="true" condition-coverage="0% (0/2)">
									<conditions>
										<condition number="0" type="jump" coverage="0%"/>
									</conditions>
								</line>
								<line number="593" hits="0" branch="false"/>
								<line number="594" hits="0" branch="false"/>
								<line number="595" hits="0" branch="true" condition-coverage="0% (0/2)">
									<conditions>
										<condition number="0" type="jump" coverage="0%"/>
									</conditions>
								</line>
								<line number="596" hits="0" branch="false"/>
								<line number="597" hits="0" branch="false"/>
								<line number="598" hits="0" branch="false"/>
								<line number="599" hits="0" branch="false"/>
								<line number="601" hits="0" branch="false"/>
								<line number="602" hits="0" branch="false"/>
							</lines>
						</method>
					</methods>
					<lines>
						<line number="560" hits="0" branch="false"/>
						<line number="561" hits="0" branch="false"/>
						<line number="562" hits="0" branch="false"/>
						<line number="563" hits="0" branch="false"/>
						<line number="570" hits="0" branch="false"/>
						<line number="578" hits="0" branch="false"/>
						<line number="579" hits="0" branch="true" condition-coverage="0% (0/2)">
							<conditions>
								<condition number="0" type="jump" coverage="0%"/>
							</conditions>
						</line>
						<line number="580" hits="0" branch="false"/>
						<line number="581" hits="0" branch="false"/>
						<line number="582" hits="0" branch="false"/>
						<line number="583" hits="0" branch="false"/>
						<line number="591" hits="0" branch="false"/>
						<line number="592" hits="0" branch="true" condition-coverage="0% (0/2)">
							<conditions>
								<condition number="0" type="jump" coverage="0%"/>
							</conditions>
						</line>
						<line number="593" hits="0" branch="false"/>
						<line number="594" hits="0" branch="false"/>
						<line number="595" hits="0" branch="true" condition-coverage="0% (0/2)">
							<conditions>
								<condition number="0" type="jump" coverage="0%"/>
							</conditions>
						</line>
						<line number="596" hits="0" branch="false"/>
						<line number="597" hits="0" branch="false"/>
						<line number="598" hits="0" branch="false"/>
						<line number="599" hits="0" branch="false"/>
						<line number="601" hits="0" branch="false"/>
						<line number="602" hits="0" branch="false"/>
					</lines>
				</class>
				<class name="org.apache.commons.lang3.time.FastDateParser$TimeZoneStrategy" filename="org/apache/commons/lang3/time/FastDateParser.java" line-rate="0.0" branch-rate="0.0" complexity="3.0">
					<methods>
						<method name="&lt;init&gt;" signature="(Ljava/util/Locale;)V" line-rate="0.0" branch-rate="0.0">
							<lines>
								<line number="680" hits="0" branch="false"/>
								<line number="686" hits="0" branch="false"/>
								<line number="687" hits="0" branch="true" condition-coverage="0% (0/2)">
									<conditions>
										<condition number="0" type="jump" coverage="0%"/>
									</conditions>
								</line>
								<line number="688" hits="0" branch="true" condition-coverage="0% (0/2)">
									<conditions>
										<condition number="0" type="jump" coverage="0%"/>
									</conditions>
								</line>
								<line number="689" hits="0" branch="false"/>
								<line number="691" hits="0" branch="false"/>
								<line number="692" hits="0" branch="false"/>
								<line number="693" hits="0" branch="false"/>
								<line number="694" hits="0" branch="true" condition-coverage="0% (0/2)">
									<conditions>
										<condition number="0" type="jump" coverage="0%"/>
									</conditions>
								</line>
								<line number="695" hits="0" branch="false"/>
								<line number="696" hits="0" branch="false"/>
								<line number="699" hits="0" branch="false"/>
								<line number="700" hits="0" branch="false"/>
								<line number="701" hits="0" branch="true" condition-coverage="0% (0/2)">
									<conditions>
										<condition number="0" type="jump" coverage="0%"/>
									</conditions>
								</line>
								<line number="702" hits="0" branch="false"/>
								<line number="703" hits="0" branch="false"/>
								<line number="704" hits="0" branch="false"/>
								<line number="705" hits="0" branch="false"/>
								<line number="706" hits="0" branch="false"/>
							</lines>
						</method>
						<method name="addRegex" signature="(Lorg/apache/commons/lang3/time/FastDateParser;Ljava/lang/StringBuilder;)Z" line-rate="0.0" branch-rate="1.0">
							<lines>
								<line number="721" hits="0" branch="false"/>
								<line number="722" hits="0" branch="false"/>
							</lines>
						</method>
						<method name="isNumber" signature="()Z" line-rate="0.0" branch-rate="1.0">
							<lines>
								<line number="713" hits="0" branch="false"/>
							</lines>
						</method>
						<method name="setCalendar" signature="(Lorg/apache/commons/lang3/time/FastDateParser;Ljava/util/Calendar;Ljava/lang/String;)V" line-rate="0.0" branch-rate="0.0">
							<lines>
								<line number="731" hits="0" branch="true" condition-coverage="0% (0/4)">
									<conditions>
										<condition number="0" type="jump" coverage="0%"/>
										<condition number="1" type="jump" coverage="0%"/>
									</conditions>
								</line>
								<line number="732" hits="0" branch="false"/>
								<line number="734" hits="0" branch="true" condition-coverage="0% (0/2)">
									<conditions>
										<condition number="0" type="jump" coverage="0%"/>
									</conditions>
								</line>
								<line number="735" hits="0" branch="false"/>
								<line number="738" hits="0" branch="false"/>
								<line number="739" hits="0" branch="true" condition-coverage="0% (0/2)">
									<conditions>
										<condition number="0" type="jump" coverage="0%"/>
									</conditions>
								</line>
								<line number="740" hits="0" branch="false"/>
								<line number="743" hits="0" branch="false"/>
								<line number="744" hits="0" branch="false"/>
							</lines>
						</method>
					</methods>
					<lines>
						<line number="680" hits="0" branch="false"/>
						<line number="686" hits="0" branch="false"/>
						<line number="687" hits="0" branch="true" condition-coverage="0% (0/2)">
							<conditions>
								<condition number="0" type="jump" coverage="0%"/>
							</conditions>
						</line>
						<line number="688" hits="0" branch="true" condition-coverage="0% (0/2)">
							<conditions>
								<condition number="0" type="jump" coverage="0%"/>
							</conditions>
						</line>
						<line number="689" hits="0" branch="false"/>
						<line number="691" hits="0" branch="false"/>
						<line number="692" hits="0" branch="false"/>
						<line number="693" hits="0" branch="false"/>
						<line number="694" hits="0" branch="true" condition-coverage="0% (0/2)">
							<conditions>
								<condition number="0" type="jump" coverage="0%"/>
							</conditions>
						</line>
						<line number="695" hits="0" branch="false"/>
						<line number="696" hits="0" branch="false"/>
						<line number="699" hits="0" branch="false"/>
						<line number="700" hits="0" branch="false"/>
						<line number="701" hits="0" branch="true" condition-coverage="0% (0/2)">
							<conditions>
								<condition number="0" type="jump" coverage="0%"/>
							</conditions>
						</line>
						<line number="702" hits="0" branch="false"/>
						<line number="703" hits="0" branch="false"/>
						<line number="704" hits="0" branch="false"/>
						<line number="705" hits="0" branch="false"/>
						<line number="706" hits="0" branch="false"/>
						<line number="713" hits="0" branch="false"/>
						<line number="721" hits="0" branch="false"/>
						<line number="722" hits="0" branch="false"/>
						<line number="731" hits="0" branch="true" condition-coverage="0% (0/4)">
							<conditions>
								<condition number="0" type="jump" coverage="0%"/>
								<condition number="1" type="jump" coverage="0%"/>
							</conditions>
						</line>
						<line number="732" hits="0" branch="false"/>
						<line number="734" hits="0" branch="true" condition-coverage="0% (0/2)">
							<conditions>
								<condition number="0" type="jump" coverage="0%"/>
							</conditions>
						</line>
						<line number="735" hits="0" branch="false"/>
						<line number="738" hits="0" branch="false"/>
						<line number="739" hits="0" branch="true" condition-coverage="0% (0/2)">
							<conditions>
								<condition number="0" type="jump" coverage="0%"/>
							</conditions>
						</line>
						<line number="740" hits="0" branch="false"/>
						<line number="743" hits="0" branch="false"/>
						<line number="744" hits="0" branch="false"/>
					</lines>
				</class>
				<class name="org.apache.commons.lang3.time.FastDatePrinter" filename="org/apache/commons/lang3/time/FastDatePrinter.java" line-rate="0.4723926380368098" branch-rate="0.39215686274509803" complexity="2.2266666666666666">
					<methods>
						<method name="&lt;clinit&gt;" signature="()V" line-rate="1.0" branch-rate="1.0">
							<lines>
								<line number="1067" hits="1" branch="false"/>
							</lines>
						</method>
						<method name="&lt;init&gt;" signature="(Ljava/lang/String;Ljava/util/TimeZone;Ljava/util/Locale;)V" line-rate="1.0" branch-rate="1.0">
							<lines>
								<line number="136" hits="1" branch="false"/>
								<line number="137" hits="1" branch="false"/>
								<line number="138" hits="1" branch="false"/>
								<line number="139" hits="1" branch="false"/>
								<line number="141" hits="1" branch="false"/>
								<line number="142" hits="1" branch="false"/>
							</lines>
						</method>
						<method name="applyRules" signature="(Ljava/util/Calendar;Ljava/lang/StringBuffer;)Ljava/lang/StringBuffer;" line-rate="1.0" branch-rate="1.0">
							<lines>
								<line number="453" hits="18" branch="true" condition-coverage="100% (2/2)">
									<conditions>
										<condition number="0" type="jump" coverage="100%"/>
									</conditions>
								</line>
								<line number="454" hits="15" branch="false"/>
								<line number="456" hits="3" branch="false"/>
							</lines>
						</method>
						<method name="equals" signature="(Ljava/lang/Object;)Z" line-rate="0.0" branch-rate="0.0">
							<lines>
								<line number="508" hits="0" branch="true" condition-coverage="0% (0/2)">
									<conditions>
										<condition number="0" type="jump" coverage="0%"/>
									</conditions>
								</line>
								<line number="509" hits="0" branch="false"/>
								<line number="511" hits="0" branch="false"/>
								<line number="512" hits="0" branch="true" condition-coverage="0% (0/6)">
									<conditions>
										<condition number="0" type="jump" coverage="0%"/>
										<condition number="1" type="jump" coverage="0%"/>
										<condition number="2" type="jump" coverage="0%"/>
									</conditions>
								</line>
							</lines>
						</method>
						<method name="format" signature="(J)Ljava/lang/String;" line-rate="0.0" branch-rate="1.0">
							<lines>
								<line number="397" hits="0" branch="false"/>
							</lines>
						</method>
						<method name="format" signature="(JLjava/lang/StringBuffer;)Ljava/lang/StringBuffer;" line-rate="0.0" branch-rate="1.0">
							<lines>
								<line number="423" hits="0" branch="false"/>
							</lines>
						</method>
						<method name="format" signature="(Ljava/lang/Object;Ljava/lang/StringBuffer;Ljava/text/FieldPosition;)Ljava/lang/StringBuffer;" line-rate="0.0" branch-rate="0.0">
							<lines>
								<line number="380" hits="0" branch="true" condition-coverage="0% (0/2)">
									<conditions>
										<condition number="0" type="jump" coverage="0%"/>
									</conditions>
								</line>
								<line number="381" hits="0" branch="false"/>
								<line number="382" hits="0" branch="true" condition-coverage="0% (0/2)">
									<conditions>
										<condition number="0" type="jump" coverage="0%"/>
									</conditions>
								</line>
								<line number="383" hits="0" branch="false"/>
								<line number="384" hits="0" branch="true" condition-coverage="0% (0/2)">
									<conditions>
										<condition number="0" type="jump" coverage="0%"/>
									</conditions>
								</line>
								<line number="385" hits="0" branch="false"/>
								<line number="387" hits="0" branch="true" condition-coverage="0% (0/2)">
									<conditions>
										<condition number="0" type="jump" coverage="0%"/>
									</conditions>
								</line>
							</lines>
						</method>
						<method name="format" signature="(Ljava/util/Calendar;)Ljava/lang/String;" line-rate="1.0" branch-rate="1.0">
							<lines>
								<line number="415" hits="3" branch="false"/>
							</lines>
						</method>
						<method name="format" signature="(Ljava/util/Calendar;Ljava/lang/StringBuffer;)Ljava/lang/StringBuffer;" line-rate="1.0" branch-rate="1.0">
							<lines>
								<line number="441" hits="3" branch="false"/>
							</lines>
						</method>
						<method name="format" signature="(Ljava/util/Date;)Ljava/lang/String;" line-rate="0.0" branch-rate="1.0">
							<lines>
								<line number="405" hits="0" branch="false"/>
								<line number="406" hits="0" branch="false"/>
								<line number="407" hits="0" branch="false"/>
							</lines>
						</method>
						<method name="format" signature="(Ljava/util/Date;Ljava/lang/StringBuffer;)Ljava/lang/StringBuffer;" line-rate="0.0" branch-rate="1.0">
							<lines>
								<line number="431" hits="0" branch="false"/>
								<line number="432" hits="0" branch="false"/>
								<line number="433" hits="0" branch="false"/>
							</lines>
						</method>
						<method name="getLocale" signature="()Ljava/util/Locale;" line-rate="0.0" branch-rate="1.0">
							<lines>
								<line number="482" hits="0" branch="false"/>
							</lines>
						</method>
						<method name="getMaxLengthEstimate" signature="()I" line-rate="0.0" branch-rate="1.0">
							<lines>
								<line number="495" hits="0" branch="false"/>
							</lines>
						</method>
						<method name="getPattern" signature="()Ljava/lang/String;" line-rate="0.0" branch-rate="1.0">
							<lines>
								<line number="466" hits="0" branch="false"/>
							</lines>
						</method>
						<method name="getTimeZone" signature="()Ljava/util/TimeZone;" line-rate="0.0" branch-rate="1.0">
							<lines>
								<line number="474" hits="0" branch="false"/>
							</lines>
						</method>
						<method name="getTimeZoneDisplay" signature="(Ljava/util/TimeZone;ZILjava/util/Locale;)Ljava/lang/String;" line-rate="0.0" branch-rate="0.0">
							<lines>
								<line number="1079" hits="0" branch="false"/>
								<line number="1080" hits="0" branch="false"/>
								<line number="1081" hits="0" branch="true" condition-coverage="0% (0/2)">
									<conditions>
										<condition number="0" type="jump" coverage="0%"/>
									</conditions>
								</line>
								<line number="1083" hits="0" branch="false"/>
								<line number="1084" hits="0" branch="false"/>
								<line number="1085" hits="0" branch="true" condition-coverage="0% (0/2)">
									<conditions>
										<condition number="0" type="jump" coverage="0%"/>
									</conditions>
								</line>
								<line number="1086" hits="0" branch="false"/>
								<line number="1089" hits="0" branch="false"/>
							</lines>
						</method>
						<method name="hashCode" signature="()I" line-rate="0.0" branch-rate="1.0">
							<lines>
								<line number="524" hits="0" branch="false"/>
							</lines>
						</method>
						<method name="init" signature="()V" line-rate="1.0" branch-rate="1.0">
							<lines>
								<line number="148" hits="1" branch="false"/>
								<line number="149" hits="1" branch="false"/>
								<line number="151" hits="1" branch="false"/>
								<line number="152" hits="1" branch="true" condition-coverage="100% (2/2)">
									<conditions>
										<condition number="0" type="jump" coverage="100%"/>
									</conditions>
								</line>
								<line number="153" hits="5" branch="false"/>
								<line number="156" hits="1" branch="false"/>
								<line number="157" hits="1" branch="false"/>
							</lines>
						</method>
						<method name="parsePattern" signature="()Ljava/util/List;" line-rate="0.4155844155844156" branch-rate="0.3023255813953488">
							<lines>
								<line number="168" hits="1" branch="false"/>
								<line number="169" hits="1" branch="false"/>
								<line number="171" hits="1" branch="false"/>
								<line number="172" hits="1" branch="false"/>
								<line number="173" hits="1" branch="false"/>
								<line number="174" hits="1" branch="false"/>
								<line number="175" hits="1" branch="false"/>
								<line number="176" hits="1" branch="false"/>
								<line number="178" hits="1" branch="false"/>
								<line number="179" hits="1" branch="false"/>
								<line number="181" hits="6" branch="true" condition-coverage="100% (2/2)">
									<conditions>
										<condition number="0" type="jump" coverage="100%"/>
									</conditions>
								</line>
								<line number="182" hits="5" branch="false"/>
								<line number="183" hits="5" branch="false"/>
								<line number="184" hits="5" branch="false"/>
								<line number="186" hits="5" branch="false"/>
								<line number="187" hits="5" branch="true" condition-coverage="50% (1/2)">
									<conditions>
										<condition number="0" type="jump" coverage="50%"/>
									</conditions>
								</line>
								<line number="188" hits="0" branch="false"/>
								<line number="192" hits="5" branch="false"/>
								<line number="194" hits="5" branch="true" condition-coverage="19% (4/21)">
									<conditions>
										<condition number="0" type="switch" coverage="19%"/>
									</conditions>
								</line>
								<line number="196" hits="0" branch="false"/>
								<line number="197" hits="0" branch="false"/>
								<line number="199" hits="1" branch="true" condition-coverage="50% (1/2)">
									<conditions>
										<condition number="0" type="jump" coverage="50%"/>
									</conditions>
								</line>
								<line number="200" hits="0" branch="false"/>
								<line number="202" hits="1" branch="true" condition-coverage="50% (1/2)">
									<conditions>
										<condition number="0" type="jump" coverage="50%"/>
									</conditions>
								</line>
								<line number="204" hits="1" branch="false"/>
								<line number="206" hits="1" branch="true" condition-coverage="50% (1/2)">
									<conditions>
										<condition number="0" type="jump" coverage="50%"/>
									</conditions>
								</line>
								<line number="207" hits="0" branch="false"/>
								<line number="208" hits="1" branch="true" condition-coverage="50% (1/2)">
									<conditions>
										<condition number="0" type="jump" coverage="50%"/>
									</conditions>
								</line>
								<line number="209" hits="0" branch="false"/>
								<line number="210" hits="1" branch="true" condition-coverage="50% (1/2)">
									<conditions>
										<condition number="0" type="jump" coverage="50%"/>
									</conditions>
								</line>
								<line number="211" hits="1" branch="false"/>
								<line number="213" hits="0" branch="false"/>
								<line number="215" hits="0" branch="false"/>
								<line number="217" hits="1" branch="false"/>
								<line number="218" hits="1" branch="false"/>
								<line number="220" hits="0" branch="false"/>
								<line number="221" hits="0" branch="false"/>
								<line number="223" hits="0" branch="false"/>
								<line number="224" hits="0" branch="false"/>
								<line number="226" hits="0" branch="false"/>
								<line number="227" hits="0" branch="false"/>
								<line number="229" hits="0" branch="false"/>
								<line number="230" hits="0" branch="false"/>
								<line number="232" hits="0" branch="false"/>
								<line number="233" hits="0" branch="false"/>
								<line number="235" hits="0" branch="true" condition-coverage="0% (0/2)">
									<conditions>
										<condition number="0" type="jump" coverage="0%"/>
									</conditions>
								</line>
								<line number="236" hits="0" branch="false"/>
								<line number="238" hits="0" branch="false"/>
								<line number="239" hits="0" branch="false"/>
								<line number="241" hits="0" branch="false"/>
								<line number="242" hits="0" branch="false"/>
								<line number="244" hits="0" branch="false"/>
								<line number="245" hits="0" branch="false"/>
								<line number="247" hits="0" branch="false"/>
								<line number="248" hits="0" branch="false"/>
								<line number="250" hits="0" branch="false"/>
								<line number="251" hits="0" branch="false"/>
								<line number="253" hits="0" branch="false"/>
								<line number="254" hits="0" branch="false"/>
								<line number="256" hits="0" branch="false"/>
								<line number="257" hits="0" branch="false"/>
								<line number="259" hits="0" branch="true" condition-coverage="0% (0/2)">
									<conditions>
										<condition number="0" type="jump" coverage="0%"/>
									</conditions>
								</line>
								<line number="260" hits="0" branch="false"/>
								<line number="262" hits="0" branch="false"/>
								<line number="264" hits="0" branch="false"/>
								<line number="266" hits="0" branch="true" condition-coverage="0% (0/2)">
									<conditions>
										<condition number="0" type="jump" coverage="0%"/>
									</conditions>
								</line>
								<line number="267" hits="0" branch="false"/>
								<line number="269" hits="0" branch="false"/>
								<line number="271" hits="0" branch="false"/>
								<line number="273" hits="2" branch="false"/>
								<line number="274" hits="2" branch="true" condition-coverage="50% (1/2)">
									<conditions>
										<condition number="0" type="jump" coverage="50%"/>
									</conditions>
								</line>
								<line number="275" hits="2" branch="false"/>
								<line number="277" hits="0" branch="false"/>
								<line number="279" hits="0" branch="false"/>
								<line number="281" hits="0" branch="false"/>
								<line number="284" hits="5" branch="false"/>
								<line number="287" hits="1" branch="false"/>
							</lines>
						</method>
						<method name="parseToken" signature="(Ljava/lang/String;[I)Ljava/lang/String;" line-rate="0.8518518518518519" branch-rate="0.65625">
							<lines>
								<line number="298" hits="5" branch="false"/>
								<line number="300" hits="5" branch="false"/>
								<line number="301" hits="5" branch="false"/>
								<line number="303" hits="5" branch="false"/>
								<line number="304" hits="5" branch="true" condition-coverage="87% (7/8)">
									<conditions>
										<condition number="0" type="jump" coverage="100%"/>
										<condition number="1" type="jump" coverage="100%"/>
										<condition number="2" type="jump" coverage="100%"/>
										<condition number="3" type="jump" coverage="50%"/>
									</conditions>
								</line>
								<line number="307" hits="3" branch="false"/>
								<line number="309" hits="8" branch="true" condition-coverage="100% (2/2)">
									<conditions>
										<condition number="0" type="jump" coverage="100%"/>
									</conditions>
								</line>
								<line number="310" hits="7" branch="false"/>
								<line number="311" hits="7" branch="true" condition-coverage="100% (2/2)">
									<conditions>
										<condition number="0" type="jump" coverage="100%"/>
									</conditions>
								</line>
								<line number="312" hits="5" branch="false"/>
								<line number="313" hits="5" branch="false"/>
								<line number="317" hits="5" branch="false"/>
								<line number="320" hits="2" branch="false"/>
								<line number="322" hits="2" branch="false"/>
								<line number="324" hits="6" branch="true" condition-coverage="50% (1/2)">
									<conditions>
										<condition number="0" type="jump" coverage="50%"/>
									</conditions>
								</line>
								<line number="325" hits="4" branch="false"/>
								<line number="327" hits="4" branch="true" condition-coverage="50% (1/2)">
									<conditions>
										<condition number="0" type="jump" coverage="50%"/>
									</conditions>
								</line>
								<line number="328" hits="0" branch="true" condition-coverage="0% (0/4)">
									<conditions>
										<condition number="0" type="jump" coverage="0%"/>
										<condition number="1" type="jump" coverage="0%"/>
									</conditions>
								</line>
								<line number="330" hits="0" branch="false"/>
								<line number="331" hits="0" branch="false"/>
								<line number="333" hits="0" branch="true" condition-coverage="0% (0/2)">
									<conditions>
										<condition number="0" type="jump" coverage="0%"/>
									</conditions>
								</line>
								<line number="335" hits="4" branch="true" condition-coverage="80% (8/10)">
									<conditions>
										<condition number="0" type="jump" coverage="50%"/>
										<condition number="1" type="jump" coverage="100%"/>
										<condition number="2" type="jump" coverage="100%"/>
										<condition number="3" type="jump" coverage="100%"/>
										<condition number="4" type="jump" coverage="50%"/>
									</conditions>
								</line>
								<line number="337" hits="2" branch="false"/>
								<line number="338" hits="2" branch="false"/>
								<line number="340" hits="2" branch="false"/>
								<line number="345" hits="5" branch="false"/>
								<line number="346" hits="5" branch="false"/>
							</lines>
						</method>
						<method name="readObject" signature="(Ljava/io/ObjectInputStream;)V" line-rate="0.0" branch-rate="1.0">
							<lines>
								<line number="548" hits="0" branch="false"/>
								<line number="549" hits="0" branch="false"/>
								<line number="550" hits="0" branch="false"/>
							</lines>
						</method>
						<method name="selectNumberRule" signature="(II)Lorg/apache/commons/lang3/time/FastDatePrinter$NumberRule;" line-rate="0.75" branch-rate="0.6666666666666666">
							<lines>
								<line number="357" hits="2" branch="true" condition-coverage="66% (2/3)">
									<conditions>
										<condition number="0" type="switch" coverage="66%"/>
									</conditions>
								</line>
								<line number="359" hits="0" branch="false"/>
								<line number="361" hits="1" branch="false"/>
								<line number="363" hits="1" branch="false"/>
							</lines>
						</method>
						<method name="toString" signature="()Ljava/lang/String;" line-rate="0.0" branch-rate="1.0">
							<lines>
								<line number="534" hits="0" branch="false"/>
							</lines>
						</method>
					</methods>
					<lines>
						<line number="136" hits="1" branch="false"/>
						<line number="137" hits="1" branch="false"/>
						<line number="138" hits="1" branch="false"/>
						<line number="139" hits="1" branch="false"/>
						<line number="141" hits="1" branch="false"/>
						<line number="142" hits="1" branch="false"/>
						<line number="148" hits="1" branch="false"/>
						<line number="149" hits="1" branch="false"/>
						<line number="151" hits="1" branch="false"/>
						<line number="152" hits="1" branch="true" condition-coverage="100% (2/2)">
							<conditions>
								<condition number="0" type="jump" coverage="100%"/>
							</conditions>
						</line>
						<line number="153" hits="5" branch="false"/>
						<line number="156" hits="1" branch="false"/>
						<line number="157" hits="1" branch="false"/>
						<line number="168" hits="1" branch="false"/>
						<line number="169" hits="1" branch="false"/>
						<line number="171" hits="1" branch="false"/>
						<line number="172" hits="1" branch="false"/>
						<line number="173" hits="1" branch="false"/>
						<line number="174" hits="1" branch="false"/>
						<line number="175" hits="1" branch="false"/>
						<line number="176" hits="1" branch="false"/>
						<line number="178" hits="1" branch="false"/>
						<line number="179" hits="1" branch="false"/>
						<line number="181" hits="6" branch="true" condition-coverage="100% (2/2)">
							<conditions>
								<condition number="0" type="jump" coverage="100%"/>
							</conditions>
						</line>
						<line number="182" hits="5" branch="false"/>
						<line number="183" hits="5" branch="false"/>
						<line number="184" hits="5" branch="false"/>
						<line number="186" hits="5" branch="false"/>
[...]
							</lines>
						</method>
						<method name="appendTo" signature="(Ljava/lang/StringBuffer;I)V" line-rate="0.8" branch-rate="0.5">
							<lines>
								<line number="888" hits="3" branch="true" condition-coverage="50% (1/2)">
									<conditions>
										<condition number="0" type="jump" coverage="50%"/>
									</conditions>
								</line>
								<line number="889" hits="3" branch="false"/>
								<line number="890" hits="3" branch="false"/>
								<line number="892" hits="0" branch="false"/>
								<line number="894" hits="3" branch="false"/>
							</lines>
						</method>
						<method name="appendTo" signature="(Ljava/lang/StringBuffer;Ljava/util/Calendar;)V" line-rate="1.0" branch-rate="1.0">
							<lines>
								<line number="880" hits="3" branch="false"/>
								<line number="881" hits="3" branch="false"/>
							</lines>
						</method>
						<method name="estimateLength" signature="()I" line-rate="1.0" branch-rate="1.0">
							<lines>
								<line number="872" hits="1" branch="false"/>
							</lines>
						</method>
					</methods>
					<lines>
						<line number="863" hits="1" branch="false"/>
						<line number="864" hits="1" branch="false"/>
						<line number="865" hits="1" branch="false"/>
						<line number="872" hits="1" branch="false"/>
						<line number="880" hits="3" branch="false"/>
						<line number="881" hits="3" branch="false"/>
						<line number="888" hits="3" branch="true" condition-coverage="50% (1/2)">
							<conditions>
								<condition number="0" type="jump" coverage="50%"/>
							</conditions>
						</line>
						<line number="889" hits="3" branch="false"/>
						<line number="890" hits="3" branch="false"/>
						<line number="892" hits="0" branch="false"/>
						<line number="894" hits="3" branch="false"/>
					</lines>
				</class>
				<class name="org.apache.commons.lang3.time.FastDatePrinter$TwoDigitYearField" filename="org/apache/commons/lang3/time/FastDatePrinter.java" line-rate="0.0" branch-rate="1.0" complexity="2.2266666666666666">
					<methods>
						<method name="&lt;clinit&gt;" signature="()V" line-rate="0.0" branch-rate="1.0">
							<lines>
								<line number="901" hits="0" branch="false"/>
							</lines>
						</method>
						<method name="&lt;init&gt;" signature="()V" line-rate="0.0" branch-rate="1.0">
							<lines>
								<line number="907" hits="0" branch="false"/>
								<line number="908" hits="0" branch="false"/>
							</lines>
						</method>
						<method name="appendTo" signature="(Ljava/lang/StringBuffer;I)V" line-rate="0.0" branch-rate="1.0">
							<lines>
								<line number="931" hits="0" branch="false"/>
								<line number="932" hits="0" branch="false"/>
								<line number="933" hits="0" branch="false"/>
							</lines>
						</method>
						<method name="appendTo" signature="(Ljava/lang/StringBuffer;Ljava/util/Calendar;)V" line-rate="0.0" branch-rate="1.0">
							<lines>
								<line number="923" hits="0" branch="false"/>
								<line number="924" hits="0" branch="false"/>
							</lines>
						</method>
						<method name="estimateLength" signature="()I" line-rate="0.0" branch-rate="1.0">
							<lines>
								<line number="915" hits="0" branch="false"/>
							</lines>
						</method>
					</methods>
					<lines>
						<line number="901" hits="0" branch="false"/>
						<line number="907" hits="0" branch="false"/>
						<line number="908" hits="0" branch="false"/>
						<line number="915" hits="0" branch="false"/>
						<line number="923" hits="0" branch="false"/>
						<line number="924" hits="0" branch="false"/>
						<line number="931" hits="0" branch="false"/>
						<line number="932" hits="0" branch="false"/>
						<line number="933" hits="0" branch="false"/>
					</lines>
				</class>
				<class name="org.apache.commons.lang3.time.FastDatePrinter$UnpaddedMonthField" filename="org/apache/commons/lang3/time/FastDatePrinter.java" line-rate="0.0" branch-rate="0.0" complexity="2.2266666666666666">
					<methods>
						<method name="&lt;clinit&gt;" signature="()V" line-rate="0.0" branch-rate="1.0">
							<lines>
								<line number="747" hits="0" branch="false"/>
							</lines>
						</method>
						<method name="&lt;init&gt;" signature="()V" line-rate="0.0" branch-rate="1.0">
							<lines>
								<line number="754" hits="0" branch="false"/>
								<line number="755" hits="0" branch="false"/>
							</lines>
						</method>
						<method name="appendTo" signature="(Ljava/lang/StringBuffer;I)V" line-rate="0.0" branch-rate="0.0">
							<lines>
								<line number="778" hits="0" branch="true" condition-coverage="0% (0/2)">
									<conditions>
										<condition number="0" type="jump" coverage="0%"/>
									</conditions>
								</line>
								<line number="779" hits="0" branch="false"/>
								<line number="781" hits="0" branch="false"/>
								<line number="782" hits="0" branch="false"/>
								<line number="784" hits="0" branch="false"/>
							</lines>
						</method>
						<method name="appendTo" signature="(Ljava/lang/StringBuffer;Ljava/util/Calendar;)V" line-rate="0.0" branch-rate="1.0">
							<lines>
								<line number="770" hits="0" branch="false"/>
								<line number="771" hits="0" branch="false"/>
							</lines>
						</method>
						<method name="estimateLength" signature="()I" line-rate="0.0" branch-rate="1.0">
							<lines>
								<line number="762" hits="0" branch="false"/>
							</lines>
						</method>
					</methods>
					<lines>
						<line number="747" hits="0" branch="false"/>
						<line number="754" hits="0" branch="false"/>
						<line number="755" hits="0" branch="false"/>
						<line number="762" hits="0" branch="false"/>
						<line number="770" hits="0" branch="false"/>
						<line number="771" hits="0" branch="false"/>
						<line number="778" hits="0" branch="true" condition-coverage="0% (0/2)">
							<conditions>
								<condition number="0" type="jump" coverage="0%"/>
							</conditions>
						</line>
						<line number="779" hits="0" branch="false"/>
						<line number="781" hits="0" branch="false"/>
						<line number="782" hits="0" branch="false"/>
						<line number="784" hits="0" branch="false"/>
					</lines>
				</class>
				<class name="org.apache.commons.lang3.time.FastDatePrinter$UnpaddedNumberField" filename="org/apache/commons/lang3/time/FastDatePrinter.java" line-rate="0.0" branch-rate="0.0" complexity="2.2266666666666666">
					<methods>
						<method name="&lt;init&gt;" signature="(I)V" line-rate="0.0" branch-rate="1.0">
							<lines>
								<line number="707" hits="0" branch="false"/>
								<line number="708" hits="0" branch="false"/>
								<line number="709" hits="0" branch="false"/>
							</lines>
						</method>
						<method name="appendTo" signature="(Ljava/lang/StringBuffer;I)V" line-rate="0.0" branch-rate="0.0">
							<lines>
								<line number="732" hits="0" branch="true" condition-coverage="0% (0/2)">
									<conditions>
										<condition number="0" type="jump" coverage="0%"/>
									</conditions>
								</line>
								<line number="733" hits="0" branch="false"/>
								<line number="734" hits="0" branch="true" condition-coverage="0% (0/2)">
									<conditions>
										<condition number="0" type="jump" coverage="0%"/>
									</conditions>
								</line>
								<line number="735" hits="0" branch="false"/>
								<line number="736" hits="0" branch="false"/>
								<line number="738" hits="0" branch="false"/>
								<line number="740" hits="0" branch="false"/>
							</lines>
						</method>
						<method name="appendTo" signature="(Ljava/lang/StringBuffer;Ljava/util/Calendar;)V" line-rate="0.0" branch-rate="1.0">
							<lines>
								<line number="724" hits="0" branch="false"/>
								<line number="725" hits="0" branch="false"/>
							</lines>
						</method>
						<method name="estimateLength" signature="()I" line-rate="0.0" branch-rate="1.0">
							<lines>
								<line number="716" hits="0" branch="false"/>
							</lines>
						</method>
					</methods>
					<lines>
						<line number="707" hits="0" branch="false"/>
						<line number="708" hits="0" branch="false"/>
						<line number="709" hits="0" branch="false"/>
						<line number="716" hits="0" branch="false"/>
						<line number="724" hits="0" branch="false"/>
						<line number="725" hits="0" branch="false"/>
						<line number="732" hits="0" branch="true" condition-coverage="0% (0/2)">
							<conditions>
								<condition number="0" type="jump" coverage="0%"/>
							</conditions>
						</line>
						<line number="733" hits="0" branch="false"/>
						<line number="734" hits="0" branch="true" condition-coverage="0% (0/2)">
							<conditions>
								<condition number="0" type="jump" coverage="0%"/>
							</conditions>
						</line>
						<line number="735" hits="0" branch="false"/>
						<line number="736" hits="0" branch="false"/>
						<line number="738" hits="0" branch="false"/>
						<line number="740" hits="0" branch="false"/>
					</lines>
				</class>
				<class name="org.apache.commons.lang3.time.FormatCache" filename="org/apache/commons/lang3/time/FormatCache.java" line-rate="0.0" branch-rate="0.0" complexity="3.0">
					<methods>
						<method name="&lt;clinit&gt;" signature="()V" line-rate="0.0" branch-rate="1.0">
							<lines>
								<line number="44" hits="0" branch="false"/>
							</lines>
						</method>
						<method name="&lt;init&gt;" signature="()V" line-rate="0.0" branch-rate="1.0">
							<lines>
								<line number="35" hits="0" branch="false"/>
								<line number="41" hits="0" branch="false"/>
								<line number="171" hits="0" branch="false"/>
							</lines>
						</method>
						<method name="getDateTimeInstance" signature="(Ljava/lang/Integer;Ljava/lang/Integer;Ljava/util/TimeZone;Ljava/util/Locale;)Ljava/text/Format;" line-rate="0.0" branch-rate="0.0">
							<lines>
								<line number="120" hits="0" branch="true" condition-coverage="0% (0/2)">
									<conditions>
										<condition number="0" type="jump" coverage="0%"/>
									</conditions>
								</line>
								<line number="121" hits="0" branch="false"/>
								<line number="123" hits="0" branch="false"/>
								<line number="124" hits="0" branch="false"/>
							</lines>
						</method>
						<method name="getInstance" signature="()Ljava/text/Format;" line-rate="0.0" branch-rate="1.0">
							<lines>
								<line number="54" hits="0" branch="false"/>
							</lines>
						</method>
						<method name="getInstance" signature="(Ljava/lang/String;Ljava/util/TimeZone;Ljava/util/Locale;)Ljava/text/Format;" line-rate="0.0" branch-rate="0.0">
							<lines>
								<line number="70" hits="0" branch="true" condition-coverage="0% (0/2)">
									<conditions>
										<condition number="0" type="jump" coverage="0%"/>
									</conditions>
								</line>
								<line number="71" hits="0" branch="false"/>
								<line number="73" hits="0" branch="true" condition-coverage="0% (0/2)">
									<conditions>
										<condition number="0" type="jump" coverage="0%"/>
									</conditions>
								</line>
								<line number="74" hits="0" branch="false"/>
								<line number="76" hits="0" branch="true" condition-coverage="0% (0/2)">
									<conditions>
										<condition number="0" type="jump" coverage="0%"/>
									</conditions>
								</line>
								<line number="77" hits="0" branch="false"/>
								<line number="79" hits="0" branch="false"/>
								<line number="80" hits="0" branch="false"/>
								<line number="81" hits="0" branch="true" condition-coverage="0% (0/2)">
									<conditions>
										<condition number="0" type="jump" coverage="0%"/>
									</conditions>
								</line>
								<line number="82" hits="0" branch="false"/>
								<line number="83" hits="0" branch="false"/>
								<line number="84" hits="0" branch="true" condition-coverage="0% (0/2)">
									<conditions>
										<condition number="0" type="jump" coverage="0%"/>
									</conditions>
								</line>
								<line number="87" hits="0" branch="false"/>
								<line number="90" hits="0" branch="false"/>
							</lines>
						</method>
						<method name="getPatternForStyle" signature="(Ljava/lang/Integer;Ljava/lang/Integer;Ljava/util/Locale;)Ljava/lang/String;" line-rate="0.0" branch-rate="0.0">
							<lines>
								<line number="137" hits="0" branch="false"/>
								<line number="139" hits="0" branch="false"/>
								<line number="140" hits="0" branch="true" condition-coverage="0% (0/2)">
									<conditions>
										<condition number="0" type="jump" coverage="0%"/>
									</conditions>
								</line>
								<line number="143" hits="0" branch="true" condition-coverage="0% (0/2)">
									<conditions>
										<condition number="0" type="jump" coverage="0%"/>
									</conditions>
								</line>
								<line number="144" hits="0" branch="false"/>
								<line number="146" hits="0" branch="true" condition-coverage="0% (0/2)">
									<conditions>
										<condition number="0" type="jump" coverage="0%"/>
									</conditions>
								</line>
								<line number="147" hits="0" branch="false"/>
								<line number="150" hits="0" branch="false"/>
								<line number="152" hits="0" branch="false"/>
								<line number="153" hits="0" branch="false"/>
								<line number="154" hits="0" branch="true" condition-coverage="0% (0/2)">
									<conditions>
										<condition number="0" type="jump" coverage="0%"/>
									</conditions>
								</line>
								<line number="158" hits="0" branch="false"/>
								<line number="160" hits="0" branch="false"/>
								<line number="161" hits="0" branch="false"/>
								<line number="162" hits="0" branch="false"/>
								<line number="164" hits="0" branch="false"/>
							</lines>
						</method>
					</methods>
					<lines>
						<line number="35" hits="0" branch="false"/>
						<line number="41" hits="0" branch="false"/>
						<line number="44" hits="0" branch="false"/>
						<line number="54" hits="0" branch="false"/>
						<line number="70" hits="0" branch="true" condition-coverage="0% (0/2)">
							<conditions>
								<condition number="0" type="jump" coverage="0%"/>
							</conditions>
						</line>
						<line number="71" hits="0" branch="false"/>
						<line number="73" hits="0" branch="true" condition-coverage="0% (0/2)">
							<conditions>
								<condition number="0" type="jump" coverage="0%"/>
							</conditions>
						</line>
						<line number="74" hits="0" branch="false"/>
						<line number="76" hits="0" branch="true" condition-coverage="0% (0/2)">
							<conditions>
								<condition number="0" type="jump" coverage="0%"/>
							</conditions>
						</line>
						<line number="77" hits="0" branch="false"/>
						<line number="79" hits="0" branch="false"/>
						<line number="80" hits="0" branch="false"/>
						<line number="81" hits="0" branch="true" condition-coverage="0% (0/2)">
							<conditions>
								<condition number="0" type="jump" coverage="0%"/>
							</conditions>
						</line>
						<line number="82" hits="0" branch="false"/>
						<line number="83" hits="0" branch="false"/>
						<line number="84" hits="0" branch="true" condition-coverage="0% (0/2)">
							<conditions>
								<condition number="0" type="jump" coverage="0%"/>
							</conditions>
						</line>
						<line number="87" hits="0" branch="false"/>
						<line number="90" hits="0" branch="false"/>
						<line number="120" hits="0" branch="true" condition-coverage="0% (0/2)">
							<conditions>
								<condition number="0" type="jump" coverage="0%"/>
							</conditions>
						</line>
						<line number="121" hits="0" branch="false"/>
						<line number="123" hits="0" branch="false"/>
						<line number="124" hits="0" branch="false"/>
						<line number="137" hits="0" branch="false"/>
						<line number="139" hits="0" branch="false"/>
						<line number="140" hits="0" branch="true" condition-coverage="0% (0/2)">
							<conditions>
								<condition number="0" type="jump" coverage="0%"/>
							</conditions>
						</line>
						<line number="143" hits="0" branch="true" condition-coverage="0% (0/2)">
							<conditions>
								<condition number="0" type="jump" coverage="0%"/>
							</conditions>
						</line>
						<line number="144" hits="0" branch="false"/>
						<line number="146" hits="0" branch="true" condition-coverage="0% (0/2)">
							<conditions>
								<condition number="0" type="jump" coverage="0%"/>
							</conditions>
						</line>
						<line number="147" hits="0" branch="false"/>
						<line number="150" hits="0" branch="false"/>
						<line number="152" hits="0" branch="false"/>
						<line number="153" hits="0" branch="false"/>
						<line number="154" hits="0" branch="true" condition-coverage="0% (0/2)">
							<conditions>
								<condition number="0" type="jump" coverage="0%"/>
							</conditions>
						</line>
						<line number="158" hits="0" branch="false"/>
						<line number="160" hits="0" branch="false"/>
						<line number="161" hits="0" branch="false"/>
						<line number="162" hits="0" branch="false"/>
						<line number="164" hits="0" branch="false"/>
						<line number="171" hits="0" branch="false"/>
					</lines>
				</class>
				<class name="org.apache.commons.lang3.time.FormatCache$MultipartKey" filename="org/apache/commons/lang3/time/FormatCache.java" line-rate="0.0" branch-rate="0.0" complexity="3.0">
					<methods>
						<method name="&lt;init&gt;" signature="([Ljava/lang/Object;)V" line-rate="0.0" branch-rate="1.0">
							<lines>
								<line number="179" hits="0" branch="false"/>
								<line number="180" hits="0" branch="false"/>
								<line number="181" hits="0" branch="false"/>
							</lines>
						</method>
						<method name="equals" signature="(Ljava/lang/Object;)Z" line-rate="0.0" branch-rate="1.0">
							<lines>
								<line number="191" hits="0" branch="false"/>
							</lines>
						</method>
						<method name="hashCode" signature="()I" line-rate="0.0" branch-rate="0.0">
							<lines>
								<line number="199" hits="0" branch="true" condition-coverage="0% (0/2)">
									<conditions>
										<condition number="0" type="jump" coverage="0%"/>
									</conditions>
								</line>
								<line number="200" hits="0" branch="false"/>
								<line number="201" hits="0" branch="true" condition-coverage="0% (0/2)">
									<conditions>
										<condition number="0" type="jump" coverage="0%"/>
									</conditions>
								</line>
								<line number="202" hits="0" branch="true" condition-coverage="0% (0/2)">
									<conditions>
										<condition number="0" type="jump" coverage="0%"/>
									</conditions>
								</line>
								<line number="203" hits="0" branch="false"/>
								<line number="206" hits="0" branch="false"/>
								<line number="208" hits="0" branch="false"/>
							</lines>
						</method>
					</methods>
					<lines>
						<line number="179" hits="0" branch="false"/>
						<line number="180" hits="0" branch="false"/>
						<line number="181" hits="0" branch="false"/>
						<line number="191" hits="0" branch="false"/>
						<line number="199" hits="0" branch="true" condition-coverage="0% (0/2)">
							<conditions>
								<condition number="0" type="jump" coverage="0%"/>
							</conditions>
						</line>
						<line number="200" hits="0" branch="false"/>
						<line number="201" hits="0" branch="true" condition-coverage="0% (0/2)">
							<conditions>
								<condition number="0" type="jump" coverage="0%"/>
							</conditions>
						</line>
						<line number="202" hits="0" branch="true" condition-coverage="0% (0/2)">
							<conditions>
								<condition number="0" type="jump" coverage="0%"/>
							</conditions>
						</line>
						<line number="203" hits="0" branch="false"/>
						<line number="206" hits="0" branch="false"/>
						<line number="208" hits="0" branch="false"/>
					</lines>
				</class>
			</classes>
		</package>
	</packages>
</coverage>
