<?xml version="1.0"?>
<!DOCTYPE coverage SYSTEM "http://cobertura.sourceforge.net/xml/coverage-04.dtd">

<coverage line-rate="0.03542392566782811" branch-rate="0.026755852842809364" lines-covered="61" lines-valid="1722" branches-covered="40" branches-valid="1495" complexity="5.7155172413793105" version="2.0.3" timestamp="1660147399265">
	<sources>
		<source>src/main/java</source>
	</sources>
	<packages>
		<package name="org.apache.commons.lang3" line-rate="0.0452186805040771" branch-rate="0.03499562554680665" complexity="5.437837837837838">
			<classes>
				<class name="org.apache.commons.lang3.StringUtils" filename="org/apache/commons/lang3/StringUtils.java" line-rate="0.050454921422663356" branch-rate="0.036596523330283626" complexity="5.888198757763975">
					<methods>
						<method name="&lt;init&gt;" signature="()V" line-rate="0.0" branch-rate="1.0">
							<lines>
								<line number="168" hits="0" branch="false"/>
								<line number="169" hits="0" branch="false"/>
							</lines>
						</method>
						<method name="abbreviate" signature="(Ljava/lang/String;I)Ljava/lang/String;" line-rate="0.0" branch-rate="1.0">
							<lines>
								<line number="5621" hits="0" branch="false"/>
							</lines>
						</method>
						<method name="abbreviate" signature="(Ljava/lang/String;II)Ljava/lang/String;" line-rate="0.0" branch-rate="0.0">
							<lines>
								<line number="5660" hits="0" branch="true" condition-coverage="0% (0/2)">
									<conditions>
										<condition number="0" type="jump" coverage="0%"/>
									</conditions>
								</line>
								<line number="5661" hits="0" branch="false"/>
								<line number="5663" hits="0" branch="true" condition-coverage="0% (0/2)">
									<conditions>
										<condition number="0" type="jump" coverage="0%"/>
									</conditions>
								</line>
								<line number="5664" hits="0" branch="false"/>
								<line number="5666" hits="0" branch="true" condition-coverage="0% (0/2)">
									<conditions>
										<condition number="0" type="jump" coverage="0%"/>
									</conditions>
								</line>
								<line number="5667" hits="0" branch="false"/>
								<line number="5669" hits="0" branch="true" condition-coverage="0% (0/2)">
									<conditions>
										<condition number="0" type="jump" coverage="0%"/>
									</conditions>
								</line>
								<line number="5670" hits="0" branch="false"/>
								<line number="5672" hits="0" branch="true" condition-coverage="0% (0/2)">
									<conditions>
										<condition number="0" type="jump" coverage="0%"/>
									</conditions>
								</line>
								<line number="5673" hits="0" branch="false"/>
								<line number="5675" hits="0" branch="false"/>
								<line number="5676" hits="0" branch="true" condition-coverage="0% (0/2)">
									<conditions>
										<condition number="0" type="jump" coverage="0%"/>
									</conditions>
								</line>
								<line number="5677" hits="0" branch="false"/>
								<line number="5679" hits="0" branch="true" condition-coverage="0% (0/2)">
									<conditions>
										<condition number="0" type="jump" coverage="0%"/>
									</conditions>
								</line>
								<line number="5680" hits="0" branch="false"/>
								<line number="5682" hits="0" branch="true" condition-coverage="0% (0/2)">
									<conditions>
										<condition number="0" type="jump" coverage="0%"/>
									</conditions>
								</line>
								<line number="5683" hits="0" branch="false"/>
								<line number="5685" hits="0" branch="false"/>
							</lines>
						</method>
						<method name="abbreviateMiddle" signature="(Ljava/lang/String;Ljava/lang/String;I)Ljava/lang/String;" line-rate="0.0" branch-rate="0.0">
							<lines>
								<line number="5718" hits="0" branch="true" condition-coverage="0% (0/4)">
									<conditions>
										<condition number="0" type="jump" coverage="0%"/>
										<condition number="1" type="jump" coverage="0%"/>
									</conditions>
								</line>
								<line number="5719" hits="0" branch="false"/>
								<line number="5722" hits="0" branch="true" condition-coverage="0% (0/4)">
									<conditions>
										<condition number="0" type="jump" coverage="0%"/>
										<condition number="1" type="jump" coverage="0%"/>
									</conditions>
								</line>
								<line number="5723" hits="0" branch="false"/>
								<line number="5726" hits="0" branch="false"/>
								<line number="5727" hits="0" branch="false"/>
								<line number="5728" hits="0" branch="false"/>
								<line number="5730" hits="0" branch="false"/>
								<line number="5731" hits="0" branch="false"/>
								<line number="5732" hits="0" branch="false"/>
								<line number="5733" hits="0" branch="false"/>
								<line number="5735" hits="0" branch="false"/>
							</lines>
						</method>
						<method name="capitalize" signature="(Ljava/lang/CharSequence;)Ljava/lang/String;" line-rate="0.0" branch-rate="0.0">
							<lines>
								<line number="4992" hits="0" branch="true" condition-coverage="0% (0/2)">
									<conditions>
										<condition number="0" type="jump" coverage="0%"/>
									</conditions>
								</line>
								<line number="4993" hits="0" branch="false"/>
								<line number="4996" hits="0" branch="true" condition-coverage="0% (0/2)">
									<conditions>
										<condition number="0" type="jump" coverage="0%"/>
									</conditions>
								</line>
								<line number="4997" hits="0" branch="false"/>
								<line number="4999" hits="0" branch="false"/>
							</lines>
						</method>
						<method name="center" signature="(Ljava/lang/String;I)Ljava/lang/String;" line-rate="0.0" branch-rate="1.0">
							<lines>
								<line number="4786" hits="0" branch="false"/>
							</lines>
						</method>
						<method name="center" signature="(Ljava/lang/String;IC)Ljava/lang/String;" line-rate="0.0" branch-rate="0.0">
							<lines>
								<line number="4814" hits="0" branch="true" condition-coverage="0% (0/4)">
									<conditions>
										<condition number="0" type="jump" coverage="0%"/>
										<condition number="1" type="jump" coverage="0%"/>
									</conditions>
								</line>
								<line number="4815" hits="0" branch="false"/>
								<line number="4817" hits="0" branch="false"/>
								<line number="4818" hits="0" branch="false"/>
								<line number="4819" hits="0" branch="true" condition-coverage="0% (0/2)">
									<conditions>
										<condition number="0" type="jump" coverage="0%"/>
									</conditions>
								</line>
								<line number="4820" hits="0" branch="false"/>
								<line number="4822" hits="0" branch="false"/>
								<line number="4823" hits="0" branch="false"/>
								<line number="4824" hits="0" branch="false"/>
							</lines>
						</method>
						<method name="center" signature="(Ljava/lang/String;ILjava/lang/String;)Ljava/lang/String;" line-rate="0.0" branch-rate="0.0">
							<lines>
								<line number="4854" hits="0" branch="true" condition-coverage="0% (0/4)">
									<conditions>
										<condition number="0" type="jump" coverage="0%"/>
										<condition number="1" type="jump" coverage="0%"/>
									</conditions>
								</line>
								<line number="4855" hits="0" branch="false"/>
								<line number="4857" hits="0" branch="true" condition-coverage="0% (0/2)">
									<conditions>
										<condition number="0" type="jump" coverage="0%"/>
									</conditions>
								</line>
								<line number="4858" hits="0" branch="false"/>
								<line number="4860" hits="0" branch="false"/>
								<line number="4861" hits="0" branch="false"/>
								<line number="4862" hits="0" branch="true" condition-coverage="0% (0/2)">
									<conditions>
										<condition number="0" type="jump" coverage="0%"/>
									</conditions>
								</line>
								<line number="4863" hits="0" branch="false"/>
								<line number="4865" hits="0" branch="false"/>
								<line number="4866" hits="0" branch="false"/>
								<line number="4867" hits="0" branch="false"/>
							</lines>
						</method>
						<method name="chomp" signature="(Ljava/lang/String;)Ljava/lang/String;" line-rate="0.0" branch-rate="0.0">
							<lines>
								<line number="4283" hits="0" branch="true" condition-coverage="0% (0/2)">
									<conditions>
										<condition number="0" type="jump" coverage="0%"/>
									</conditions>
								</line>
								<line number="4284" hits="0" branch="false"/>
								<line number="4287" hits="0" branch="true" condition-coverage="0% (0/2)">
									<conditions>
										<condition number="0" type="jump" coverage="0%"/>
									</conditions>
								</line>
								<line number="4288" hits="0" branch="false"/>
								<line number="4289" hits="0" branch="true" condition-coverage="0% (0/4)">
									<conditions>
										<condition number="0" type="jump" coverage="0%"/>
										<condition number="1" type="jump" coverage="0%"/>
									</conditions>
								</line>
								<line number="4290" hits="0" branch="false"/>
								<line number="4292" hits="0" branch="false"/>
								<line number="4295" hits="0" branch="false"/>
								<line number="4296" hits="0" branch="false"/>
								<line number="4298" hits="0" branch="true" condition-coverage="0% (0/2)">
									<conditions>
										<condition number="0" type="jump" coverage="0%"/>
									</conditions>
								</line>
								<line number="4299" hits="0" branch="true" condition-coverage="0% (0/2)">
									<conditions>
										<condition number="0" type="jump" coverage="0%"/>
									</conditions>
								</line>
								<line number="4300" hits="0" branch="false"/>
								<line number="4302" hits="0" branch="true" condition-coverage="0% (0/2)">
									<conditions>
										<condition number="0" type="jump" coverage="0%"/>
									</conditions>
								</line>
								<line number="4303" hits="0" branch="false"/>
								<line number="4305" hits="0" branch="false"/>
							</lines>
						</method>
						<method name="chomp" signature="(Ljava/lang/String;Ljava/lang/String;)Ljava/lang/String;" line-rate="0.0" branch-rate="0.0">
							<lines>
								<line number="4335" hits="0" branch="true" condition-coverage="0% (0/4)">
									<conditions>
										<condition number="0" type="jump" coverage="0%"/>
										<condition number="1" type="jump" coverage="0%"/>
									</conditions>
								</line>
								<line number="4336" hits="0" branch="false"/>
								<line number="4338" hits="0" branch="true" condition-coverage="0% (0/2)">
									<conditions>
										<condition number="0" type="jump" coverage="0%"/>
									</conditions>
								</line>
								<line number="4339" hits="0" branch="false"/>
								<line number="4341" hits="0" branch="false"/>
							</lines>
						</method>
						<method name="chop" signature="(Ljava/lang/String;)Ljava/lang/String;" line-rate="0.0" branch-rate="0.0">
							<lines>
								<line number="4370" hits="0" branch="true" condition-coverage="0% (0/2)">
									<conditions>
										<condition number="0" type="jump" coverage="0%"/>
									</conditions>
								</line>
								<line number="4371" hits="0" branch="false"/>
								<line number="4373" hits="0" branch="false"/>
								<line number="4374" hits="0" branch="true" condition-coverage="0% (0/2)">
									<conditions>
										<condition number="0" type="jump" coverage="0%"/>
									</conditions>
								</line>
								<line number="4375" hits="0" branch="false"/>
								<line number="4377" hits="0" branch="false"/>
								<line number="4378" hits="0" branch="false"/>
								<line number="4379" hits="0" branch="false"/>
								<line number="4380" hits="0" branch="true" condition-coverage="0% (0/2)">
									<conditions>
										<condition number="0" type="jump" coverage="0%"/>
									</conditions>
								</line>
								<line number="4381" hits="0" branch="true" condition-coverage="0% (0/2)">
									<conditions>
										<condition number="0" type="jump" coverage="0%"/>
									</conditions>
								</line>
								<line number="4382" hits="0" branch="false"/>
								<line number="4385" hits="0" branch="false"/>
							</lines>
						</method>
						<method name="concat" signature="([Ljava/lang/Object;)Ljava/lang/String;" line-rate="0.0" branch-rate="1.0">
							<lines>
								<line number="3127" hits="0" branch="false"/>
							</lines>
						</method>
						<method name="concatWith" signature="(Ljava/lang/String;[Ljava/lang/Object;)Ljava/lang/String;" line-rate="0.0" branch-rate="1.0">
							<lines>
								<line number="3149" hits="0" branch="false"/>
							</lines>
						</method>
						<method name="contains" signature="(Ljava/lang/String;I)Z" line-rate="0.0" branch-rate="0.0">
							<lines>
								<line number="1279" hits="0" branch="true" condition-coverage="0% (0/2)">
									<conditions>
										<condition number="0" type="jump" coverage="0%"/>
									</conditions>
								</line>
								<line number="1280" hits="0" branch="false"/>
								<line number="1282" hits="0" branch="true" condition-coverage="0% (0/2)">
									<conditions>
										<condition number="0" type="jump" coverage="0%"/>
									</conditions>
								</line>
							</lines>
						</method>
						<method name="contains" signature="(Ljava/lang/String;Ljava/lang/String;)Z" line-rate="0.0" branch-rate="0.0">
							<lines>
								<line number="1307" hits="0" branch="true" condition-coverage="0% (0/4)">
									<conditions>
										<condition number="0" type="jump" coverage="0%"/>
										<condition number="1" type="jump" coverage="0%"/>
									</conditions>
								</line>
								<line number="1308" hits="0" branch="false"/>
								<line number="1310" hits="0" branch="true" condition-coverage="0% (0/2)">
									<conditions>
										<condition number="0" type="jump" coverage="0%"/>
									</conditions>
								</line>
							</lines>
						</method>
						<method name="containsAny" signature="(Ljava/lang/String;Ljava/lang/String;)Z" line-rate="0.0" branch-rate="0.0">
							<lines>
								<line number="1536" hits="0" branch="true" condition-coverage="0% (0/2)">
									<conditions>
										<condition number="0" type="jump" coverage="0%"/>
									</conditions>
								</line>
								<line number="1537" hits="0" branch="false"/>
								<line number="1539" hits="0" branch="false"/>
							</lines>
						</method>
						<method name="containsAny" signature="(Ljava/lang/String;[C)Z" line-rate="0.0" branch-rate="0.0">
							<lines>
								<line number="1479" hits="0" branch="true" condition-coverage="0% (0/4)">
									<conditions>
										<condition number="0" type="jump" coverage="0%"/>
										<condition number="1" type="jump" coverage="0%"/>
									</conditions>
								</line>
								<line number="1480" hits="0" branch="false"/>
								<line number="1482" hits="0" branch="false"/>
								<line number="1483" hits="0" branch="false"/>
								<line number="1484" hits="0" branch="false"/>
								<line number="1485" hits="0" branch="false"/>
								<line number="1486" hits="0" branch="true" condition-coverage="0% (0/2)">
									<conditions>
										<condition number="0" type="jump" coverage="0%"/>
									</conditions>
								</line>
								<line number="1487" hits="0" branch="false"/>
								<line number="1488" hits="0" branch="true" condition-coverage="0% (0/2)">
									<conditions>
										<condition number="0" type="jump" coverage="0%"/>
									</conditions>
								</line>
								<line number="1489" hits="0" branch="true" condition-coverage="0% (0/2)">
									<conditions>
										<condition number="0" type="jump" coverage="0%"/>
									</conditions>
								</line>
								<line number="1490" hits="0" branch="true" condition-coverage="0% (0/2)">
									<conditions>
										<condition number="0" type="jump" coverage="0%"/>
									</conditions>
								</line>
								<line number="1491" hits="0" branch="true" condition-coverage="0% (0/2)">
									<conditions>
										<condition number="0" type="jump" coverage="0%"/>
									</conditions>
								</line>
								<line number="1493" hits="0" branch="false"/>
								<line number="1495" hits="0" branch="true" condition-coverage="0% (0/4)">
									<conditions>
										<condition number="0" type="jump" coverage="0%"/>
										<condition number="1" type="jump" coverage="0%"/>
									</conditions>
								</line>
								<line number="1496" hits="0" branch="false"/>
								<line number="1500" hits="0" branch="false"/>
								<line number="1505" hits="0" branch="false"/>
							</lines>
						</method>
						<method name="containsIgnoreCase" signature="(Ljava/lang/String;Ljava/lang/String;)Z" line-rate="0.0" branch-rate="0.0">
							<lines>
								<line number="1337" hits="0" branch="true" condition-coverage="0% (0/4)">
									<conditions>
										<condition number="0" type="jump" coverage="0%"/>
										<condition number="1" type="jump" coverage="0%"/>
									</conditions>
								</line>
								<line number="1338" hits="0" branch="false"/>
								<line number="1340" hits="0" branch="false"/>
								<line number="1341" hits="0" branch="false"/>
								<line number="1342" hits="0" branch="true" condition-coverage="0% (0/2)">
									<conditions>
										<condition number="0" type="jump" coverage="0%"/>
									</conditions>
								</line>
								<line number="1343" hits="0" branch="true" condition-coverage="0% (0/2)">
									<conditions>
										<condition number="0" type="jump" coverage="0%"/>
									</conditions>
								</line>
								<line number="1344" hits="0" branch="false"/>
								<line number="1347" hits="0" branch="false"/>
							</lines>
						</method>
						<method name="containsNone" signature="(Ljava/lang/CharSequence;Ljava/lang/String;)Z" line-rate="0.0" branch-rate="0.0">
							<lines>
								<line number="1785" hits="0" branch="true" condition-coverage="0% (0/4)">
									<conditions>
										<condition number="0" type="jump" coverage="0%"/>
										<condition number="1" type="jump" coverage="0%"/>
									</conditions>
								</line>
								<line number="1786" hits="0" branch="false"/>
								<line number="1788" hits="0" branch="false"/>
							</lines>
						</method>
						<method name="containsNone" signature="(Ljava/lang/CharSequence;[C)Z" line-rate="0.0" branch-rate="0.0">
							<lines>
								<line number="1732" hits="0" branch="true" condition-coverage="0% (0/4)">
									<conditions>
										<condition number="0" type="jump" coverage="0%"/>
										<condition number="1" type="jump" coverage="0%"/>
									</conditions>
								</line>
								<line number="1733" hits="0" branch="false"/>
								<line number="1735" hits="0" branch="false"/>
								<line number="1736" hits="0" branch="false"/>
								<line number="1737" hits="0" branch="false"/>
								<line number="1738" hits="0" branch="false"/>
								<line number="1739" hits="0" branch="true" condition-coverage="0% (0/2)">
									<conditions>
										<condition number="0" type="jump" coverage="0%"/>
									</conditions>
								</line>
								<line number="1740" hits="0" branch="false"/>
								<line number="1741" hits="0" branch="true" condition-coverage="0% (0/2)">
									<conditions>
										<condition number="0" type="jump" coverage="0%"/>
									</conditions>
								</line>
								<line number="1742" hits="0" branch="true" condition-coverage="0% (0/2)">
									<conditions>
										<condition number="0" type="jump" coverage="0%"/>
									</conditions>
								</line>
								<line number="1743" hits="0" branch="true" condition-coverage="0% (0/2)">
									<conditions>
										<condition number="0" type="jump" coverage="0%"/>
									</conditions>
								</line>
								<line number="1744" hits="0" branch="true" condition-coverage="0% (0/2)">
									<conditions>
										<condition number="0" type="jump" coverage="0%"/>
									</conditions>
								</line>
								<line number="1746" hits="0" branch="false"/>
								<line number="1748" hits="0" branch="true" condition-coverage="0% (0/4)">
									<conditions>
										<condition number="0" type="jump" coverage="0%"/>
										<condition number="1" type="jump" coverage="0%"/>
									</conditions>
								</line>
								<line number="1749" hits="0" branch="false"/>
								<line number="1753" hits="0" branch="false"/>
								<line number="1758" hits="0" branch="false"/>
							</lines>
						</method>
						<method name="containsOnly" signature="(Ljava/lang/CharSequence;Ljava/lang/String;)Z" line-rate="0.0" branch-rate="0.0">
							<lines>
								<line number="1700" hits="0" branch="true" condition-coverage="0% (0/4)">
									<conditions>
										<condition number="0" type="jump" coverage="0%"/>
										<condition number="1" type="jump" coverage="0%"/>
									</conditions>
								</line>
								<line number="1701" hits="0" branch="false"/>
								<line number="1703" hits="0" branch="false"/>
							</lines>
						</method>
						<method name="containsOnly" signature="(Ljava/lang/CharSequence;[C)Z" line-rate="0.0" branch-rate="0.0">
							<lines>
								<line number="1664" hits="0" branch="true" condition-coverage="0% (0/4)">
									<conditions>
										<condition number="0" type="jump" coverage="0%"/>
										<condition number="1" type="jump" coverage="0%"/>
									</conditions>
								</line>
								<line number="1665" hits="0" branch="false"/>
								<line number="1667" hits="0" branch="true" condition-coverage="0% (0/2)">
									<conditions>
										<condition number="0" type="jump" coverage="0%"/>
									</conditions>
								</line>
								<line number="1668" hits="0" branch="false"/>
								<line number="1670" hits="0" branch="true" condition-coverage="0% (0/2)">
									<conditions>
										<condition number="0" type="jump" coverage="0%"/>
									</conditions>
								</line>
								<line number="1671" hits="0" branch="false"/>
								<line number="1673" hits="0" branch="true" condition-coverage="0% (0/2)">
									<conditions>
										<condition number="0" type="jump" coverage="0%"/>
									</conditions>
								</line>
							</lines>
						</method>
						<method name="containsWhitespace" signature="(Ljava/lang/String;)Z" line-rate="0.0" branch-rate="0.0">
							<lines>
								<line number="1360" hits="0" branch="true" condition-coverage="0% (0/2)">
									<conditions>
										<condition number="0" type="jump" coverage="0%"/>
									</conditions>
								</line>
								<line number="1361" hits="0" branch="false"/>
								<line number="1363" hits="0" branch="false"/>
								<line number="1364" hits="0" branch="true" condition-coverage="0% (0/2)">
									<conditions>
										<condition number="0" type="jump" coverage="0%"/>
									</conditions>
								</line>
								<line number="1365" hits="0" branch="true" condition-coverage="0% (0/2)">
									<conditions>
										<condition number="0" type="jump" coverage="0%"/>
									</conditions>
								</line>
								<line number="1366" hits="0" branch="false"/>
								<line number="1369" hits="0" branch="false"/>
							</lines>
						</method>
						<method name="countMatches" signature="(Ljava/lang/String;Ljava/lang/String;)I" line-rate="0.0" branch-rate="0.0">
							<lines>
								<line number="5111" hits="0" branch="true" condition-coverage="0% (0/4)">
									<conditions>
										<condition number="0" type="jump" coverage="0%"/>
										<condition number="1" type="jump" coverage="0%"/>
									</conditions>
								</line>
								<line number="5112" hits="0" branch="false"/>
								<line number="5114" hits="0" branch="false"/>
								<line number="5115" hits="0" branch="false"/>
								<line number="5116" hits="0" branch="true" condition-coverage="0% (0/2)">
									<conditions>
										<condition number="0" type="jump" coverage="0%"/>
									</conditions>
								</line>
								<line number="5117" hits="0" branch="false"/>
								<line number="5118" hits="0" branch="false"/>
								<line number="5120" hits="0" branch="false"/>
							</lines>
						</method>
						<method name="defaultIfEmpty" signature="(Ljava/lang/CharSequence;Ljava/lang/CharSequence;)Ljava/lang/CharSequence;" line-rate="0.0" branch-rate="0.0">
							<lines>
								<line number="5530" hits="0" branch="true" condition-coverage="0% (0/2)">
									<conditions>
										<condition number="0" type="jump" coverage="0%"/>
									</conditions>
								</line>
							</lines>
						</method>
						<method name="defaultString" signature="(Ljava/lang/String;)Ljava/lang/String;" line-rate="0.0" branch-rate="0.0">
							<lines>
								<line number="5488" hits="0" branch="true" condition-coverage="0% (0/2)">
									<conditions>
										<condition number="0" type="jump" coverage="0%"/>
									</conditions>
								</line>
							</lines>
						</method>
						<method name="defaultString" signature="(Ljava/lang/String;Ljava/lang/String;)Ljava/lang/String;" line-rate="0.0" branch-rate="0.0">
							<lines>
								<line number="5509" hits="0" branch="true" condition-coverage="0% (0/2)">
									<conditions>
										<condition number="0" type="jump" coverage="0%"/>
									</conditions>
								</line>
							</lines>
						</method>
						<method name="deleteWhitespace" signature="(Ljava/lang/String;)Ljava/lang/String;" line-rate="0.0" branch-rate="0.0">
							<lines>
								<line number="3493" hits="0" branch="true" condition-coverage="0% (0/2)">
									<conditions>
										<condition number="0" type="jump" coverage="0%"/>
									</conditions>
								</line>
								<line number="3494" hits="0" branch="false"/>
								<line number="3496" hits="0" branch="false"/>
								<line number="3497" hits="0" branch="false"/>
								<line number="3498" hits="0" branch="false"/>
								<line number="3499" hits="0" branch="true" condition-coverage="0% (0/2)">
									<conditions>
										<condition number="0" type="jump" coverage="0%"/>
									</conditions>
								</line>
								<line number="3500" hits="0" branch="true" condition-coverage="0% (0/2)">
									<conditions>
										<condition number="0" type="jump" coverage="0%"/>
									</conditions>
								</line>
								<line number="3501" hits="0" branch="false"/>
								<line number="3504" hits="0" branch="true" condition-coverage="0% (0/2)">
									<conditions>
										<condition number="0" type="jump" coverage="0%"/>
									</conditions>
								</line>
								<line number="3505" hits="0" branch="false"/>
								<line number="3507" hits="0" branch="false"/>
							</lines>
						</method>
						<method name="difference" signature="(Ljava/lang/String;Ljava/lang/String;)Ljava/lang/String;" line-rate="0.0" branch-rate="0.0">
							<lines>
								<line number="5766" hits="0" branch="true" condition-coverage="0% (0/2)">
									<conditions>
										<condition number="0" type="jump" coverage="0%"/>
									</conditions>
								</line>
								<line number="5767" hits="0" branch="false"/>
								<line number="5769" hits="0" branch="true" condition-coverage="0% (0/2)">
									<conditions>
										<condition number="0" type="jump" coverage="0%"/>
									</conditions>
								</line>
								<line number="5770" hits="0" branch="false"/>
								<line number="5772" hits="0" branch="false"/>
								<line number="5773" hits="0" branch="true" condition-coverage="0% (0/2)">
									<conditions>
										<condition number="0" type="jump" coverage="0%"/>
									</conditions>
								</line>
								<line number="5774" hits="0" branch="false"/>
								<line number="5776" hits="0" branch="false"/>
							</lines>
						</method>
						<method name="endsWith" signature="(Ljava/lang/String;Ljava/lang/String;)Z" line-rate="0.0" branch-rate="1.0">
							<lines>
								<line number="6210" hits="0" branch="false"/>
							</lines>
						</method>
						<method name="endsWith" signature="(Ljava/lang/String;Ljava/lang/String;Z)Z" line-rate="0.0" branch-rate="0.0">
							<lines>
								<line number="6251" hits="0" branch="true" condition-coverage="0% (0/4)">
									<conditions>
										<condition number="0" type="jump" coverage="0%"/>
										<condition number="1" type="jump" coverage="0%"/>
									</conditions>
								</line>
								<line number="6252" hits="0" branch="true" condition-coverage="0% (0/4)">
									<conditions>
										<condition number="0" type="jump" coverage="0%"/>
										<condition number="1" type="jump" coverage="0%"/>
									</conditions>
								</line>
								<line number="6254" hits="0" branch="true" condition-coverage="0% (0/2)">
									<conditions>
										<condition number="0" type="jump" coverage="0%"/>
									</conditions>
								</line>
								<line number="6255" hits="0" branch="false"/>
								<line number="6257" hits="0" branch="false"/>
								<line number="6258" hits="0" branch="false"/>
							</lines>
						</method>
						<method name="endsWithIgnoreCase" signature="(Ljava/lang/String;Ljava/lang/String;)Z" line-rate="0.0" branch-rate="1.0">
							<lines>
								<line number="6236" hits="0" branch="false"/>
							</lines>
						</method>
						<method name="equals" signature="(Ljava/lang/CharSequence;Ljava/lang/CharSequence;)Z" line-rate="0.0" branch-rate="0.0">
							<lines>
								<line number="703" hits="0" branch="true" condition-coverage="0% (0/4)">
									<conditions>
										<condition number="0" type="jump" coverage="0%"/>
										<condition number="1" type="jump" coverage="0%"/>
									</conditions>
								</line>
							</lines>
						</method>
						<method name="equalsIgnoreCase" signature="(Ljava/lang/String;Ljava/lang/String;)Z" line-rate="0.0" branch-rate="0.0">
							<lines>
								<line number="728" hits="0" branch="true" condition-coverage="0% (0/4)">
									<conditions>
										<condition number="0" type="jump" coverage="0%"/>
										<condition number="1" type="jump" coverage="0%"/>
									</conditions>
								</line>
							</lines>
						</method>
						<method name="getCommonPrefix" signature="([Ljava/lang/String;)Ljava/lang/String;" line-rate="0.0" branch-rate="0.0">
							<lines>
								<line number="5946" hits="0" branch="true" condition-coverage="0% (0/4)">
									<conditions>
										<condition number="0" type="jump" coverage="0%"/>
										<condition number="1" type="jump" coverage="0%"/>
									</conditions>
								</line>
								<line number="5947" hits="0" branch="false"/>
								<line number="5949" hits="0" branch="false"/>
								<line number="5950" hits="0" branch="true" condition-coverage="0% (0/2)">
									<conditions>
										<condition number="0" type="jump" coverage="0%"/>
									</conditions>
								</line>
								<line number="5952" hits="0" branch="true" condition-coverage="0% (0/2)">
									<conditions>
										<condition number="0" type="jump" coverage="0%"/>
									</conditions>
								</line>
								<line number="5953" hits="0" branch="false"/>
								<line number="5955" hits="0" branch="false"/>
								<line number="5956" hits="0" branch="true" condition-coverage="0% (0/2)">
									<conditions>
										<condition number="0" type="jump" coverage="0%"/>
									</conditions>
								</line>
								<line number="5958" hits="0" branch="false"/>
								<line number="5961" hits="0" branch="false"/>
							</lines>
						</method>
						<method name="getLevenshteinDistance" signature="(Ljava/lang/CharSequence;Ljava/lang/CharSequence;)I" line-rate="0.0" branch-rate="0.0">
							<lines>
								<line number="6003" hits="0" branch="true" condition-coverage="0% (0/4)">
									<conditions>
										<condition number="0" type="jump" coverage="0%"/>
										<condition number="1" type="jump" coverage="0%"/>
									</conditions>
								</line>
								<line number="6004" hits="0" branch="false"/>
								<line number="6024" hits="0" branch="false"/>
								<line number="6025" hits="0" branch="false"/>
								<line number="6027" hits="0" branch="true" condition-coverage="0% (0/2)">
									<conditions>
										<condition number="0" type="jump" coverage="0%"/>
									</conditions>
								</line>
								<line number="6028" hits="0" branch="false"/>
								<line number="6029" hits="0" branch="true" condition-coverage="0% (0/2)">
									<conditions>
										<condition number="0" type="jump" coverage="0%"/>
									</conditions>
								</line>
								<line number="6030" hits="0" branch="false"/>
								<line number="6033" hits="0" branch="true" condition-coverage="0% (0/2)">
									<conditions>
										<condition number="0" type="jump" coverage="0%"/>
									</conditions>
								</line>
								<line number="6035" hits="0" branch="false"/>
								<line number="6036" hits="0" branch="false"/>
								<line number="6037" hits="0" branch="false"/>
								<line number="6038" hits="0" branch="false"/>
								<line number="6039" hits="0" branch="false"/>
								<line number="6042" hits="0" branch="false"/>
								<line number="6043" hits="0" branch="false"/>
								<line number="6054" hits="0" branch="true" condition-coverage="0% (0/2)">
									<conditions>
										<condition number="0" type="jump" coverage="0%"/>
									</conditions>
								</line>
								<line number="6055" hits="0" branch="false"/>
								<line number="6058" hits="0" branch="true" condition-coverage="0% (0/2)">
									<conditions>
										<condition number="0" type="jump" coverage="0%"/>
									</conditions>
								</line>
								<line number="6059" hits="0" branch="false"/>
								<line number="6060" hits="0" branch="false"/>
								<line number="6062" hits="0" branch="true" condition-coverage="0% (0/2)">
									<conditions>
										<condition number="0" type="jump" coverage="0%"/>
									</conditions>
								</line>
								<line number="6063" hits="0" branch="true" condition-coverage="0% (0/2)">
									<conditions>
										<condition number="0" type="jump" coverage="0%"/>
									</conditions>
								</line>
								<line number="6065" hits="0" branch="false"/>
								<line number="6069" hits="0" branch="false"/>
								<line number="6070" hits="0" branch="false"/>
								<line number="6071" hits="0" branch="false"/>
								<line number="6076" hits="0" branch="false"/>
							</lines>
						</method>
						<method name="indexOf" signature="(Ljava/lang/String;I)I" line-rate="0.0" branch-rate="0.0">
							<lines>
								<line number="753" hits="0" branch="true" condition-coverage="0% (0/2)">
									<conditions>
										<condition number="0" type="jump" coverage="0%"/>
									</conditions>
								</line>
								<line number="754" hits="0" branch="false"/>
								<line number="756" hits="0" branch="false"/>
							</lines>
						</method>
						<method name="indexOf" signature="(Ljava/lang/String;II)I" line-rate="0.0" branch-rate="0.0">
							<lines>
								<line number="785" hits="0" branch="true" condition-coverage="0% (0/2)">
									<conditions>
										<condition number="0" type="jump" coverage="0%"/>
									</conditions>
								</line>
								<line number="786" hits="0" branch="false"/>
								<line number="788" hits="0" branch="false"/>
							</lines>
						</method>
						<method name="indexOf" signature="(Ljava/lang/String;Ljava/lang/String;)I" line-rate="0.0" branch-rate="0.0">
							<lines>
								<line number="815" hits="0" branch="true" condition-coverage="0% (0/4)">
									<conditions>
										<condition number="0" type="jump" coverage="0%"/>
										<condition number="1" type="jump" coverage="0%"/>
									</conditions>
								</line>
								<line number="816" hits="0" branch="false"/>
								<line number="818" hits="0" branch="false"/>
							</lines>
						</method>
						<method name="indexOf" signature="(Ljava/lang/String;Ljava/lang/String;I)I" line-rate="0.0" branch-rate="0.0">
							<lines>
								<line number="854" hits="0" branch="true" condition-coverage="0% (0/4)">
									<conditions>
										<condition number="0" type="jump" coverage="0%"/>
										<condition number="1" type="jump" coverage="0%"/>
									</conditions>
								</line>
								<line number="855" hits="0" branch="false"/>
								<line number="857" hits="0" branch="false"/>
							</lines>
						</method>
						<method name="indexOfAny" signature="(Ljava/lang/CharSequence;Ljava/lang/String;)I" line-rate="0.0" branch-rate="0.0">
							<lines>
								<line number="1447" hits="0" branch="true" condition-coverage="0% (0/4)">
									<conditions>
										<condition number="0" type="jump" coverage="0%"/>
										<condition number="1" type="jump" coverage="0%"/>
									</conditions>
								</line>
								<line number="1448" hits="0" branch="false"/>
								<line number="1450" hits="0" branch="false"/>
							</lines>
						</method>
						<method name="indexOfAny" signature="(Ljava/lang/CharSequence;[C)I" line-rate="0.0" branch-rate="0.0">
							<lines>
								<line number="1398" hits="0" branch="true" condition-coverage="0% (0/4)">
									<conditions>
										<condition number="0" type="jump" coverage="0%"/>
										<condition number="1" type="jump" coverage="0%"/>
									</conditions>
								</line>
								<line number="1399" hits="0" branch="false"/>
								<line number="1401" hits="0" branch="false"/>
								<line number="1402" hits="0" branch="false"/>
								<line number="1403" hits="0" branch="false"/>
								<line number="1404" hits="0" branch="false"/>
								<line number="1405" hits="0" branch="true" condition-coverage="0% (0/2)">
									<conditions>
										<condition number="0" type="jump" coverage="0%"/>
									</conditions>
								</line>
								<line number="1406" hits="0" branch="false"/>
								<line number="1407" hits="0" branch="true" condition-coverage="0% (0/2)">
									<conditions>
										<condition number="0" type="jump" coverage="0%"/>
									</conditions>
								</line>
								<line number="1408" hits="0" branch="true" condition-coverage="0% (0/2)">
									<conditions>
										<condition number="0" type="jump" coverage="0%"/>
									</conditions>
								</line>
								<line number="1409" hits="0" branch="true" condition-coverage="0% (0/6)">
									<conditions>
										<condition number="0" type="jump" coverage="0%"/>
										<condition number="1" type="jump" coverage="0%"/>
										<condition number="2" type="jump" coverage="0%"/>
									</conditions>
								</line>
								<line number="1411" hits="0" branch="true" condition-coverage="0% (0/2)">
									<conditions>
										<condition number="0" type="jump" coverage="0%"/>
									</conditions>
								</line>
								<line number="1412" hits="0" branch="false"/>
								<line number="1415" hits="0" branch="false"/>
								<line number="1420" hits="0" branch="false"/>
							</lines>
						</method>
						<method name="indexOfAny" signature="(Ljava/lang/String;[Ljava/lang/String;)I" line-rate="0.0" branch-rate="0.0">
							<lines>
								<line number="1820" hits="0" branch="true" condition-coverage="0% (0/4)">
									<conditions>
										<condition number="0" type="jump" coverage="0%"/>
										<condition number="1" type="jump" coverage="0%"/>
									</conditions>
								</line>
								<line number="1821" hits="0" branch="false"/>
								<line number="1823" hits="0" branch="false"/>
								<line number="1826" hits="0" branch="false"/>
								<line number="1828" hits="0" branch="false"/>
								<line number="1829" hits="0" branch="true" condition-coverage="0% (0/2)">
									<conditions>
										<condition number="0" type="jump" coverage="0%"/>
									</conditions>
								</line>
								<line number="1830" hits="0" branch="false"/>
								<line number="1831" hits="0" branch="true" condition-coverage="0% (0/2)">
									<conditions>
										<condition number="0" type="jump" coverage="0%"/>
									</conditions>
								</line>
								<line number="1832" hits="0" branch="false"/>
								<line number="1834" hits="0" branch="false"/>
								<line number="1835" hits="0" branch="true" condition-coverage="0% (0/2)">
									<conditions>
										<condition number="0" type="jump" coverage="0%"/>
									</conditions>
								</line>
								<line number="1836" hits="0" branch="false"/>
								<line number="1839" hits="0" branch="true" condition-coverage="0% (0/2)">
									<conditions>
										<condition number="0" type="jump" coverage="0%"/>
									</conditions>
								</line>
								<line number="1840" hits="0" branch="false"/>
								<line number="1844" hits="0" branch="true" condition-coverage="0% (0/2)">
									<conditions>
										<condition number="0" type="jump" coverage="0%"/>
									</conditions>
								</line>
							</lines>
						</method>
						<method name="indexOfAnyBut" signature="(Ljava/lang/CharSequence;[C)I" line-rate="0.0" branch-rate="0.0">
							<lines>
								<line number="1568" hits="0" branch="true" condition-coverage="0% (0/4)">
									<conditions>
										<condition number="0" type="jump" coverage="0%"/>
										<condition number="1" type="jump" coverage="0%"/>
									</conditions>
								</line>
								<line number="1569" hits="0" branch="false"/>
								<line number="1571" hits="0" branch="false"/>
								<line number="1572" hits="0" branch="false"/>
								<line number="1573" hits="0" branch="false"/>
								<line number="1574" hits="0" branch="false"/>
								<line number="1576" hits="0" branch="true" condition-coverage="0% (0/2)">
									<conditions>
										<condition number="0" type="jump" coverage="0%"/>
									</conditions>
								</line>
								<line number="1577" hits="0" branch="false"/>
								<line number="1578" hits="0" branch="true" condition-coverage="0% (0/2)">
									<conditions>
										<condition number="0" type="jump" coverage="0%"/>
									</conditions>
								</line>
								<line number="1579" hits="0" branch="true" condition-coverage="0% (0/2)">
									<conditions>
										<condition number="0" type="jump" coverage="0%"/>
									</conditions>
								</line>
								<line number="1580" hits="0" branch="true" condition-coverage="0% (0/6)">
									<conditions>
										<condition number="0" type="jump" coverage="0%"/>
										<condition number="1" type="jump" coverage="0%"/>
										<condition number="2" type="jump" coverage="0%"/>
									</conditions>
								</line>
								<line number="1581" hits="0" branch="true" condition-coverage="0% (0/2)">
									<conditions>
										<condition number="0" type="jump" coverage="0%"/>
									</conditions>
								</line>
								<line number="1582" hits="0" branch="false"/>
								<line number="1589" hits="0" branch="false"/>
								<line number="1591" hits="0" branch="false"/>
							</lines>
						</method>
						<method name="indexOfAnyBut" signature="(Ljava/lang/String;Ljava/lang/String;)I" line-rate="0.0" branch-rate="0.0">
							<lines>
								<line number="1617" hits="0" branch="true" condition-coverage="0% (0/4)">
									<conditions>
										<condition number="0" type="jump" coverage="0%"/>
										<condition number="1" type="jump" coverage="0%"/>
									</conditions>
								</line>
								<line number="1618" hits="0" branch="false"/>
								<line number="1620" hits="0" branch="false"/>
								<line number="1621" hits="0" branch="true" condition-coverage="0% (0/2)">
									<conditions>
										<condition number="0" type="jump" coverage="0%"/>
									</conditions>
								</line>
								<line number="1622" hits="0" branch="false"/>
								<line number="1623" hits="0" branch="true" condition-coverage="0% (0/2)">
									<conditions>
										<condition number="0" type="jump" coverage="0%"/>
									</conditions>
								</line>
								<line number="1624" hits="0" branch="true" condition-coverage="0% (0/4)">
									<conditions>
										<condition number="0" type="jump" coverage="0%"/>
										<condition number="1" type="jump" coverage="0%"/>
									</conditions>
								</line>
								<line number="1625" hits="0" branch="false"/>
								<line number="1626" hits="0" branch="true" condition-coverage="0% (0/4)">
									<conditions>
										<condition number="0" type="jump" coverage="0%"/>
										<condition number="1" type="jump" coverage="0%"/>
									</conditions>
								</line>
								<line number="1627" hits="0" branch="false"/>
								<line number="1629" hits="0" branch="false"/>
								<line number="1630" hits="0" branch="true" condition-coverage="0% (0/2)">
									<conditions>
										<condition number="0" type="jump" coverage="0%"/>
									</conditions>
								</line>
								<line number="1631" hits="0" branch="false"/>
								<line number="1635" hits="0" branch="false"/>
							</lines>
						</method>
						<method name="indexOfDifference" signature="(Ljava/lang/CharSequence;Ljava/lang/CharSequence;)I" line-rate="0.0" branch-rate="0.0">
							<lines>
								<line number="5804" hits="0" branch="true" condition-coverage="0% (0/2)">
									<conditions>
										<condition number="0" type="jump" coverage="0%"/>
									</conditions>
								</line>
								<line number="5805" hits="0" branch="false"/>
								<line number="5807" hits="0" branch="true" condition-coverage="0% (0/4)">
									<conditions>
										<condition number="0" type="jump" coverage="0%"/>
										<condition number="1" type="jump" coverage="0%"/>
									</conditions>
								</line>
								<line number="5808" hits="0" branch="false"/>
								<line number="5811" hits="0" branch="true" condition-coverage="0% (0/4)">
									<conditions>
										<condition number="0" type="jump" coverage="0%"/>
										<condition number="1" type="jump" coverage="0%"/>
									</conditions>
								</line>
								<line number="5812" hits="0" branch="true" condition-coverage="0% (0/2)">
									<conditions>
										<condition number="0" type="jump" coverage="0%"/>
									</conditions>
								</line>
								<line number="5813" hits="0" branch="false"/>
								<line number="5816" hits="0" branch="true" condition-coverage="0% (0/4)">
									<conditions>
										<condition number="0" type="jump" coverage="0%"/>
										<condition number="1" type="jump" coverage="0%"/>
									</conditions>
								</line>
								<line number="5817" hits="0" branch="false"/>
								<line number="5819" hits="0" branch="false"/>
							</lines>
						</method>
						<method name="indexOfDifference" signature="([Ljava/lang/CharSequence;)I" line-rate="0.0" branch-rate="0.0">
							<lines>
								<line number="5855" hits="0" branch="true" condition-coverage="0% (0/4)">
									<conditions>
										<condition number="0" type="jump" coverage="0%"/>
										<condition number="1" type="jump" coverage="0%"/>
									</conditions>
								</line>
								<line number="5856" hits="0" branch="false"/>
								<line number="5858" hits="0" branch="false"/>
								<line number="5859" hits="0" branch="false"/>
								<line number="5860" hits="0" branch="false"/>
								<line number="5861" hits="0" branch="false"/>
								<line number="5862" hits="0" branch="false"/>
								<line number="5867" hits="0" branch="true" condition-coverage="0% (0/2)">
									<conditions>
										<condition number="0" type="jump" coverage="0%"/>
									</conditions>
								</line>
								<line number="5868" hits="0" branch="true" condition-coverage="0% (0/2)">
									<conditions>
										<condition number="0" type="jump" coverage="0%"/>
									</conditions>
								</line>
								<line number="5869" hits="0" branch="false"/>
								<line number="5870" hits="0" branch="false"/>
								<line number="5872" hits="0" branch="false"/>
								<line number="5873" hits="0" branch="false"/>
								<line number="5874" hits="0" branch="false"/>
								<line number="5879" hits="0" branch="true" condition-coverage="0% (0/6)">
									<conditions>
										<condition number="0" type="jump" coverage="0%"/>
										<condition number="1" type="jump" coverage="0%"/>
										<condition number="2" type="jump" coverage="0%"/>
									</conditions>
								</line>
								<line number="5880" hits="0" branch="false"/>
								<line number="5884" hits="0" branch="true" condition-coverage="0% (0/2)">
									<conditions>
										<condition number="0" type="jump" coverage="0%"/>
									</conditions>
								</line>
								<line number="5885" hits="0" branch="false"/>
								<line number="5889" hits="0" branch="false"/>
								<line number="5890" hits="0" branch="true" condition-coverage="0% (0/2)">
									<conditions>
										<condition number="0" type="jump" coverage="0%"/>
									</conditions>
								</line>
								<line number="5891" hits="0" branch="false"/>
								<line number="5892" hits="0" branch="true" condition-coverage="0% (0/2)">
									<conditions>
										<condition number="0" type="jump" coverage="0%"/>
									</conditions>
								</line>
								<line number="5893" hits="0" branch="true" condition-coverage="0% (0/2)">
									<conditions>
										<condition number="0" type="jump" coverage="0%"/>
									</conditions>
								</line>
								<line number="5894" hits="0" branch="false"/>
								<line number="5895" hits="0" branch="false"/>
								<line number="5898" hits="0" branch="true" condition-coverage="0% (0/2)">
									<conditions>
										<condition number="0" type="jump" coverage="0%"/>
									</conditions>
								</line>
								<line number="5899" hits="0" branch="false"/>
								<line number="5903" hits="0" branch="true" condition-coverage="0% (0/4)">
									<conditions>
										<condition number="0" type="jump" coverage="0%"/>
										<condition number="1" type="jump" coverage="0%"/>
									</conditions>
								</line>
								<line number="5907" hits="0" branch="false"/>
								<line number="5909" hits="0" branch="false"/>
							</lines>
						</method>
						<method name="indexOfIgnoreCase" signature="(Ljava/lang/String;Ljava/lang/String;)I" line-rate="0.0" branch-rate="1.0">
							<lines>
								<line number="959" hits="0" branch="false"/>
							</lines>
						</method>
						<method name="indexOfIgnoreCase" signature="(Ljava/lang/String;Ljava/lang/String;I)I" line-rate="0.0" branch-rate="0.0">
							<lines>
								<line number="994" hits="0" branch="true" condition-coverage="0% (0/4)">
									<conditions>
										<condition number="0" type="jump" coverage="0%"/>
										<condition number="1" type="jump" coverage="0%"/>
									</conditions>
								</line>
								<line number="995" hits="0" branch="false"/>
								<line number="997" hits="0" branch="true" condition-coverage="0% (0/2)">
									<conditions>
										<condition number="0" type="jump" coverage="0%"/>
									</conditions>
								</line>
								<line number="998" hits="0" branch="false"/>
								<line number="1000" hits="0" branch="false"/>
								<line number="1001" hits="0" branch="true" condition-coverage="0% (0/2)">
									<conditions>
										<condition number="0" type="jump" coverage="0%"/>
									</conditions>
								</line>
								<line number="1002" hits="0" branch="false"/>
								<line number="1004" hits="0" branch="true" condition-coverage="0% (0/2)">
									<conditions>
										<condition number="0" type="jump" coverage="0%"/>
									</conditions>
								</line>
								<line number="1005" hits="0" branch="false"/>
								<line number="1007" hits="0" branch="true" condition-coverage="0% (0/2)">
									<conditions>
										<condition number="0" type="jump" coverage="0%"/>
									</conditions>
								</line>
								<line number="1008" hits="0" branch="true" condition-coverage="0% (0/2)">
									<conditions>
										<condition number="0" type="jump" coverage="0%"/>
									</conditions>
								</line>
								<line number="1009" hits="0" branch="false"/>
								<line number="1012" hits="0" branch="false"/>
							</lines>
						</method>
						<method name="isAllLowerCase" signature="(Ljava/lang/CharSequence;)Z" line-rate="0.0" branch-rate="0.0">
							<lines>
								<line number="5425" hits="0" branch="true" condition-coverage="0% (0/4)">
									<conditions>
										<condition number="0" type="jump" coverage="0%"/>
										<condition number="1" type="jump" coverage="0%"/>
									</conditions>
								</line>
								<line number="5426" hits="0" branch="false"/>
								<line number="5428" hits="0" branch="false"/>
								<line number="5429" hits="0" branch="true" condition-coverage="0% (0/2)">
									<conditions>
										<condition number="0" type="jump" coverage="0%"/>
									</conditions>
								</line>
								<line number="5430" hits="0" branch="true" condition-coverage="0% (0/2)">
									<conditions>
										<condition number="0" type="jump" coverage="0%"/>
									</conditions>
								</line>
								<line number="5431" hits="0" branch="false"/>
								<line number="5434" hits="0" branch="false"/>
							</lines>
						</method>
						<method name="isAllUpperCase" signature="(Ljava/lang/CharSequence;)Z" line-rate="0.0" branch-rate="0.0">
							<lines>
								<line number="5457" hits="0" branch="true" condition-coverage="0% (0/4)">
									<conditions>
										<condition number="0" type="jump" coverage="0%"/>
										<condition number="1" type="jump" coverage="0%"/>
									</conditions>
								</line>
								<line number="5458" hits="0" branch="false"/>
								<line number="5460" hits="0" branch="false"/>
								<line number="5461" hits="0" branch="true" condition-coverage="0% (0/2)">
									<conditions>
										<condition number="0" type="jump" coverage="0%"/>
									</conditions>
								</line>
								<line number="5462" hits="0" branch="true" condition-coverage="0% (0/2)">
									<conditions>
										<condition number="0" type="jump" coverage="0%"/>
									</conditions>
								</line>
								<line number="5463" hits="0" branch="false"/>
								<line number="5466" hits="0" branch="false"/>
							</lines>
						</method>
						<method name="isAlpha" signature="(Ljava/lang/CharSequence;)Z" line-rate="0.0" branch-rate="0.0">
							<lines>
								<line number="5145" hits="0" branch="true" condition-coverage="0% (0/2)">
									<conditions>
										<condition number="0" type="jump" coverage="0%"/>
									</conditions>
								</line>
								<line number="5146" hits="0" branch="false"/>
								<line number="5148" hits="0" branch="false"/>
								<line number="5149" hits="0" branch="true" condition-coverage="0% (0/2)">
									<conditions>
										<condition number="0" type="jump" coverage="0%"/>
									</conditions>
								</line>
								<line number="5150" hits="0" branch="true" condition-coverage="0% (0/2)">
									<conditions>
										<condition number="0" type="jump" coverage="0%"/>
									</conditions>
								</line>
								<line number="5151" hits="0" branch="false"/>
								<line number="5154" hits="0" branch="false"/>
							</lines>
						</method>
						<method name="isAlphaSpace" signature="(Ljava/lang/CharSequence;)Z" line-rate="0.0" branch-rate="0.0">
							<lines>
								<line number="5180" hits="0" branch="true" condition-coverage="0% (0/2)">
									<conditions>
										<condition number="0" type="jump" coverage="0%"/>
									</conditions>
								</line>
								<line number="5181" hits="0" branch="false"/>
								<line number="5183" hits="0" branch="false"/>
								<line number="5184" hits="0" branch="true" condition-coverage="0% (0/2)">
									<conditions>
										<condition number="0" type="jump" coverage="0%"/>
									</conditions>
								</line>
								<line number="5185" hits="0" branch="true" condition-coverage="0% (0/4)">
									<conditions>
										<condition number="0" type="jump" coverage="0%"/>
										<condition number="1" type="jump" coverage="0%"/>
									</conditions>
								</line>
								<line number="5186" hits="0" branch="false"/>
								<line number="5189" hits="0" branch="false"/>
							</lines>
						</method>
						<method name="isAlphanumeric" signature="(Ljava/lang/CharSequence;)Z" line-rate="0.0" branch-rate="0.0">
							<lines>
								<line number="5214" hits="0" branch="true" condition-coverage="0% (0/2)">
									<conditions>
										<condition number="0" type="jump" coverage="0%"/>
									</conditions>
								</line>
								<line number="5215" hits="0" branch="false"/>
								<line number="5217" hits="0" branch="false"/>
								<line number="5218" hits="0" branch="true" condition-coverage="0% (0/2)">
									<conditions>
										<condition number="0" type="jump" coverage="0%"/>
									</conditions>
								</line>
								<line number="5219" hits="0" branch="true" condition-coverage="0% (0/2)">
									<conditions>
										<condition number="0" type="jump" coverage="0%"/>
									</conditions>
								</line>
								<line number="5220" hits="0" branch="false"/>
								<line number="5223" hits="0" branch="false"/>
							</lines>
						</method>
						<method name="isAlphanumericSpace" signature="(Ljava/lang/CharSequence;)Z" line-rate="0.0" branch-rate="0.0">
							<lines>
								<line number="5249" hits="0" branch="true" condition-coverage="0% (0/2)">
									<conditions>
										<condition number="0" type="jump" coverage="0%"/>
									</conditions>
								</line>
								<line number="5250" hits="0" branch="false"/>
								<line number="5252" hits="0" branch="false"/>
								<line number="5253" hits="0" branch="true" condition-coverage="0% (0/2)">
									<conditions>
										<condition number="0" type="jump" coverage="0%"/>
									</conditions>
								</line>
								<line number="5254" hits="0" branch="true" condition-coverage="0% (0/4)">
									<conditions>
										<condition number="0" type="jump" coverage="0%"/>
										<condition number="1" type="jump" coverage="0%"/>
									</conditions>
								</line>
								<line number="5255" hits="0" branch="false"/>
								<line number="5258" hits="0" branch="false"/>
							</lines>
						</method>
						<method name="isAsciiPrintable" signature="(Ljava/lang/CharSequence;)Z" line-rate="0.0" branch-rate="0.0">
							<lines>
								<line number="5288" hits="0" branch="true" condition-coverage="0% (0/2)">
									<conditions>
										<condition number="0" type="jump" coverage="0%"/>
									</conditions>
								</line>
								<line number="5289" hits="0" branch="false"/>
								<line number="5291" hits="0" branch="false"/>
								<line number="5292" hits="0" branch="true" condition-coverage="0% (0/2)">
									<conditions>
										<condition number="0" type="jump" coverage="0%"/>
									</conditions>
								</line>
								<line number="5293" hits="0" branch="true" condition-coverage="0% (0/2)">
									<conditions>
										<condition number="0" type="jump" coverage="0%"/>
									</conditions>
								</line>
								<line number="5294" hits="0" branch="false"/>
								<line number="5297" hits="0" branch="false"/>
							</lines>
						</method>
						<method name="isBlank" signature="(Ljava/lang/CharSequence;)Z" line-rate="0.0" branch-rate="0.0">
							<lines>
								<line number="233" hits="0" branch="true" condition-coverage="0% (0/4)">
									<conditions>
										<condition number="0" type="jump" coverage="0%"/>
										<condition number="1" type="jump" coverage="0%"/>
									</conditions>
								</line>
								<line number="234" hits="0" branch="false"/>
								<line number="236" hits="0" branch="true" condition-coverage="0% (0/2)">
									<conditions>
										<condition number="0" type="jump" coverage="0%"/>
									</conditions>
								</line>
								<line number="237" hits="0" branch="true" condition-coverage="0% (0/2)">
									<conditions>
										<condition number="0" type="jump" coverage="0%"/>
									</conditions>
								</line>
								<line number="238" hits="0" branch="false"/>
								<line number="241" hits="0" branch="false"/>
							</lines>
						</method>
						<method name="isEmpty" signature="(Ljava/lang/CharSequence;)Z" line-rate="0.0" branch-rate="0.0">
							<lines>
								<line number="193" hits="0" branch="true" condition-coverage="0% (0/4)">
									<conditions>
										<condition number="0" type="jump" coverage="0%"/>
										<condition number="1" type="jump" coverage="0%"/>
									</conditions>
								</line>
							</lines>
						</method>
						<method name="isNotBlank" signature="(Ljava/lang/CharSequence;)Z" line-rate="0.0" branch-rate="0.0">
							<lines>
								<line number="262" hits="0" branch="true" condition-coverage="0% (0/2)">
									<conditions>
										<condition number="0" type="jump" coverage="0%"/>
									</conditions>
								</line>
							</lines>
						</method>
						<method name="isNotEmpty" signature="(Ljava/lang/CharSequence;)Z" line-rate="0.0" branch-rate="0.0">
							<lines>
								<line number="212" hits="0" branch="true" condition-coverage="0% (0/2)">
									<conditions>
										<condition number="0" type="jump" coverage="0%"/>
									</conditions>
								</line>
							</lines>
						</method>
						<method name="isNumeric" signature="(Ljava/lang/CharSequence;)Z" line-rate="0.0" branch-rate="0.0">
							<lines>
								<line number="5323" hits="0" branch="true" condition-coverage="0% (0/2)">
									<conditions>
										<condition number="0" type="jump" coverage="0%"/>
									</conditions>
								</line>
								<line number="5324" hits="0" branch="false"/>
								<line number="5326" hits="0" branch="false"/>
								<line number="5327" hits="0" branch="true" condition-coverage="0% (0/2)">
									<conditions>
										<condition number="0" type="jump" coverage="0%"/>
									</conditions>
								</line>
								<line number="5328" hits="0" branch="true" condition-coverage="0% (0/2)">
									<conditions>
										<condition number="0" type="jump" coverage="0%"/>
									</conditions>
								</line>
								<line number="5329" hits="0" branch="false"/>
								<line number="5332" hits="0" branch="false"/>
							</lines>
						</method>
						<method name="isNumericSpace" signature="(Ljava/lang/CharSequence;)Z" line-rate="0.0" branch-rate="0.0">
							<lines>
								<line number="5360" hits="0" branch="true" condition-coverage="0% (0/2)">
									<conditions>
										<condition number="0" type="jump" coverage="0%"/>
									</conditions>
								</line>
								<line number="5361" hits="0" branch="false"/>
								<line number="5363" hits="0" branch="false"/>
								<line number="5364" hits="0" branch="true" condition-coverage="0% (0/2)">
									<conditions>
										<condition number="0" type="jump" coverage="0%"/>
									</conditions>
								</line>
								<line number="5365" hits="0" branch="true" condition-coverage="0% (0/4)">
									<conditions>
										<condition number="0" type="jump" coverage="0%"/>
										<condition number="1" type="jump" coverage="0%"/>
									</conditions>
								</line>
								<line number="5366" hits="0" branch="false"/>
								<line number="5369" hits="0" branch="false"/>
							</lines>
						</method>
						<method name="isWhitespace" signature="(Ljava/lang/CharSequence;)Z" line-rate="0.0" branch-rate="0.0">
							<lines>
								<line number="5393" hits="0" branch="true" condition-coverage="0% (0/2)">
									<conditions>
										<condition number="0" type="jump" coverage="0%"/>
									</conditions>
								</line>
								<line number="5394" hits="0" branch="false"/>
								<line number="5396" hits="0" branch="false"/>
								<line number="5397" hits="0" branch="true" condition-coverage="0% (0/2)">
									<conditions>
										<condition number="0" type="jump" coverage="0%"/>
									</conditions>
								</line>
								<line number="5398" hits="0" branch="true" condition-coverage="0% (0/2)">
									<conditions>
										<condition number="0" type="jump" coverage="0%"/>
									</conditions>
								</line>
								<line number="5399" hits="0" branch="false"/>
								<line number="5402" hits="0" branch="false"/>
							</lines>
						</method>
						<method name="join" signature="(Ljava/lang/Iterable;C)Ljava/lang/String;" line-rate="0.0" branch-rate="0.0">
							<lines>
								<line number="3449" hits="0" branch="true" condition-coverage="0% (0/2)">
									<conditions>
										<condition number="0" type="jump" coverage="0%"/>
									</conditions>
								</line>
								<line number="3450" hits="0" branch="false"/>
								<line number="3452" hits="0" branch="false"/>
							</lines>
						</method>
						<method name="join" signature="(Ljava/lang/Iterable;Ljava/lang/String;)Ljava/lang/String;" line-rate="0.0" branch-rate="0.0">
							<lines>
								<line number="3470" hits="0" branch="true" condition-coverage="0% (0/2)">
									<conditions>
										<condition number="0" type="jump" coverage="0%"/>
									</conditions>
								</line>
								<line number="3471" hits="0" branch="false"/>
								<line number="3473" hits="0" branch="false"/>
							</lines>
						</method>
						<method name="join" signature="(Ljava/util/Iterator;C)Ljava/lang/String;" line-rate="0.0" branch-rate="0.0">
							<lines>
								<line number="3361" hits="0" branch="true" condition-coverage="0% (0/2)">
									<conditions>
										<condition number="0" type="jump" coverage="0%"/>
									</conditions>
								</line>
								<line number="3362" hits="0" branch="false"/>
								<line number="3364" hits="0" branch="true" condition-coverage="0% (0/2)">
									<conditions>
										<condition number="0" type="jump" coverage="0%"/>
									</conditions>
								</line>
								<line number="3365" hits="0" branch="false"/>
								<line number="3367" hits="0" branch="false"/>
								<line number="3368" hits="0" branch="true" condition-coverage="0% (0/2)">
									<conditions>
										<condition number="0" type="jump" coverage="0%"/>
									</conditions>
								</line>
								<line number="3369" hits="0" branch="false"/>
								<line number="3373" hits="0" branch="false"/>
								<line number="3374" hits="0" branch="true" condition-coverage="0% (0/2)">
									<conditions>
										<condition number="0" type="jump" coverage="0%"/>
									</conditions>
								</line>
								<line number="3375" hits="0" branch="false"/>
								<line number="3378" hits="0" branch="true" condition-coverage="0% (0/2)">
									<conditions>
										<condition number="0" type="jump" coverage="0%"/>
									</conditions>
								</line>
								<line number="3379" hits="0" branch="false"/>
								<line number="3380" hits="0" branch="false"/>
								<line number="3381" hits="0" branch="true" condition-coverage="0% (0/2)">
									<conditions>
										<condition number="0" type="jump" coverage="0%"/>
									</conditions>
								</line>
								<line number="3382" hits="0" branch="false"/>
								<line number="3384" hits="0" branch="false"/>
								<line number="3386" hits="0" branch="false"/>
							</lines>
						</method>
						<method name="join" signature="(Ljava/util/Iterator;Ljava/lang/String;)Ljava/lang/String;" line-rate="0.0" branch-rate="0.0">
							<lines>
								<line number="3405" hits="0" branch="true" condition-coverage="0% (0/2)">
									<conditions>
										<condition number="0" type="jump" coverage="0%"/>
									</conditions>
								</line>
								<line number="3406" hits="0" branch="false"/>
								<line number="3408" hits="0" branch="true" condition-coverage="0% (0/2)">
									<conditions>
										<condition number="0" type="jump" coverage="0%"/>
									</conditions>
								</line>
								<line number="3409" hits="0" branch="false"/>
								<line number="3411" hits="0" branch="false"/>
								<line number="3412" hits="0" branch="true" condition-coverage="0% (0/2)">
									<conditions>
										<condition number="0" type="jump" coverage="0%"/>
									</conditions>
								</line>
								<line number="3413" hits="0" branch="false"/>
								<line number="3417" hits="0" branch="false"/>
								<line number="3418" hits="0" branch="true" condition-coverage="0% (0/2)">
									<conditions>
										<condition number="0" type="jump" coverage="0%"/>
									</conditions>
								</line>
								<line number="3419" hits="0" branch="false"/>
								<line number="3422" hits="0" branch="true" condition-coverage="0% (0/2)">
									<conditions>
										<condition number="0" type="jump" coverage="0%"/>
									</conditions>
								</line>
								<line number="3423" hits="0" branch="true" condition-coverage="0% (0/2)">
									<conditions>
										<condition number="0" type="jump" coverage="0%"/>
									</conditions>
								</line>
								<line number="3424" hits="0" branch="false"/>
								<line number="3426" hits="0" branch="false"/>
								<line number="3427" hits="0" branch="true" condition-coverage="0% (0/2)">
									<conditions>
										<condition number="0" type="jump" coverage="0%"/>
									</conditions>
								</line>
								<line number="3428" hits="0" branch="false"/>
								<line number="3430" hits="0" branch="false"/>
								<line number="3431" hits="0" branch="false"/>
							</lines>
						</method>
						<method name="join" signature="([Ljava/lang/Object;)Ljava/lang/String;" line-rate="0.0" branch-rate="1.0">
							<lines>
								<line number="3173" hits="0" branch="false"/>
							</lines>
						</method>
						<method name="join" signature="([Ljava/lang/Object;C)Ljava/lang/String;" line-rate="0.0" branch-rate="0.0">
							<lines>
								<line number="3199" hits="0" branch="true" condition-coverage="0% (0/2)">
									<conditions>
										<condition number="0" type="jump" coverage="0%"/>
									</conditions>
								</line>
								<line number="3200" hits="0" branch="false"/>
								<line number="3203" hits="0" branch="false"/>
							</lines>
						</method>
						<method name="join" signature="([Ljava/lang/Object;CII)Ljava/lang/String;" line-rate="0.0" branch-rate="0.0">
							<lines>
								<line number="3233" hits="0" branch="true" condition-coverage="0% (0/2)">
									<conditions>
										<condition number="0" type="jump" coverage="0%"/>
									</conditions>
								</line>
								<line number="3234" hits="0" branch="false"/>
								<line number="3236" hits="0" branch="false"/>
								<line number="3237" hits="0" branch="true" condition-coverage="0% (0/2)">
									<conditions>
										<condition number="0" type="jump" coverage="0%"/>
									</conditions>
								</line>
								<line number="3238" hits="0" branch="false"/>
								<line number="3241" hits="0" branch="true" condition-coverage="0% (0/2)">
									<conditions>
										<condition number="0" type="jump" coverage="0%"/>
									</conditions>
								</line>
								<line number="3242" hits="0" branch="false"/>
								<line number="3244" hits="0" branch="true" condition-coverage="0% (0/2)">
									<conditions>
										<condition number="0" type="jump" coverage="0%"/>
									</conditions>
								</line>
								<line number="3245" hits="0" branch="true" condition-coverage="0% (0/2)">
									<conditions>
										<condition number="0" type="jump" coverage="0%"/>
									</conditions>
								</line>
								<line number="3246" hits="0" branch="false"/>
								<line number="3248" hits="0" branch="true" condition-coverage="0% (0/2)">
									<conditions>
										<condition number="0" type="jump" coverage="0%"/>
									</conditions>
								</line>
								<line number="3249" hits="0" branch="false"/>
								<line number="3252" hits="0" branch="false"/>
							</lines>
						</method>
						<method name="join" signature="([Ljava/lang/Object;Ljava/lang/String;)Ljava/lang/String;" line-rate="0.0" branch-rate="0.0">
							<lines>
								<line number="3280" hits="0" branch="true" condition-coverage="0% (0/2)">
									<conditions>
										<condition number="0" type="jump" coverage="0%"/>
									</conditions>
								</line>
								<line number="3281" hits="0" branch="false"/>
								<line number="3283" hits="0" branch="false"/>
							</lines>
						</method>
						<method name="join" signature="([Ljava/lang/Object;Ljava/lang/String;II)Ljava/lang/String;" line-rate="0.0" branch-rate="0.0">
							<lines>
								<line number="3314" hits="0" branch="true" condition-coverage="0% (0/2)">
									<conditions>
										<condition number="0" type="jump" coverage="0%"/>
									</conditions>
								</line>
								<line number="3315" hits="0" branch="false"/>
								<line number="3317" hits="0" branch="true" condition-coverage="0% (0/2)">
									<conditions>
										<condition number="0" type="jump" coverage="0%"/>
									</conditions>
								</line>
								<line number="3318" hits="0" branch="false"/>
								<line number="3323" hits="0" branch="false"/>
								<line number="3324" hits="0" branch="true" condition-coverage="0% (0/2)">
									<conditions>
										<condition number="0" type="jump" coverage="0%"/>
									</conditions>
								</line>
								<line number="3325" hits="0" branch="false"/>
								<line number="3328" hits="0" branch="true" condition-coverage="0% (0/2)">
									<conditions>
										<condition number="0" type="jump" coverage="0%"/>
									</conditions>
								</line>
								<line number="3331" hits="0" branch="false"/>
								<line number="3333" hits="0" branch="true" condition-coverage="0% (0/2)">
									<conditions>
										<condition number="0" type="jump" coverage="0%"/>
									</conditions>
								</line>
								<line number="3334" hits="0" branch="true" condition-coverage="0% (0/2)">
									<conditions>
										<condition number="0" type="jump" coverage="0%"/>
									</conditions>
								</line>
								<line number="3335" hits="0" branch="false"/>
								<line number="3337" hits="0" branch="true" condition-coverage="0% (0/2)">
									<conditions>
										<condition number="0" type="jump" coverage="0%"/>
									</conditions>
								</line>
								<line number="3338" hits="0" branch="false"/>
								<line number="3341" hits="0" branch="false"/>
							</lines>
						</method>
						<method name="lastIndexOf" signature="(Ljava/lang/String;I)I" line-rate="0.0" branch-rate="0.0">
							<lines>
								<line number="1037" hits="0" branch="true" condition-coverage="0% (0/2)">
									<conditions>
										<condition number="0" type="jump" coverage="0%"/>
									</conditions>
								</line>
								<line number="1038" hits="0" branch="false"/>
								<line number="1040" hits="0" branch="false"/>
							</lines>
						</method>
						<method name="lastIndexOf" signature="(Ljava/lang/String;II)I" line-rate="0.0" branch-rate="0.0">
							<lines>
								<line number="1071" hits="0" branch="true" condition-coverage="0% (0/2)">
									<conditions>
										<condition number="0" type="jump" coverage="0%"/>
									</conditions>
								</line>
								<line number="1072" hits="0" branch="false"/>
								<line number="1074" hits="0" branch="false"/>
							</lines>
						</method>
						<method name="lastIndexOf" signature="(Ljava/lang/String;Ljava/lang/String;)I" line-rate="0.0" branch-rate="0.0">
							<lines>
								<line number="1100" hits="0" branch="true" condition-coverage="0% (0/4)">
									<conditions>
										<condition number="0" type="jump" coverage="0%"/>
										<condition number="1" type="jump" coverage="0%"/>
									</conditions>
								</line>
								<line number="1101" hits="0" branch="false"/>
								<line number="1103" hits="0" branch="false"/>
							</lines>
						</method>
						<method name="lastIndexOf" signature="(Ljava/lang/String;Ljava/lang/String;I)I" line-rate="0.0" branch-rate="0.0">
							<lines>
								<line number="1172" hits="0" branch="true" condition-coverage="0% (0/4)">
									<conditions>
										<condition number="0" type="jump" coverage="0%"/>
										<condition number="1" type="jump" coverage="0%"/>
									</conditions>
								</line>
								<line number="1173" hits="0" branch="false"/>
								<line number="1175" hits="0" branch="false"/>
							</lines>
						</method>
						<method name="lastIndexOfAny" signature="(Ljava/lang/String;[Ljava/lang/String;)I" line-rate="0.0" branch-rate="0.0">
							<lines>
								<line number="1873" hits="0" branch="true" condition-coverage="0% (0/4)">
									<conditions>
										<condition number="0" type="jump" coverage="0%"/>
										<condition number="1" type="jump" coverage="0%"/>
									</conditions>
								</line>
								<line number="1874" hits="0" branch="false"/>
								<line number="1876" hits="0" branch="false"/>
								<line number="1877" hits="0" branch="false"/>
								<line number="1878" hits="0" branch="false"/>
								<line number="1879" hits="0" branch="true" condition-coverage="0% (0/2)">
									<conditions>
										<condition number="0" type="jump" coverage="0%"/>
									</conditions>
								</line>
								<line number="1880" hits="0" branch="false"/>
								<line number="1881" hits="0" branch="true" condition-coverage="0% (0/2)">
									<conditions>
										<condition number="0" type="jump" coverage="0%"/>
									</conditions>
								</line>
								<line number="1882" hits="0" branch="false"/>
								<line number="1884" hits="0" branch="false"/>
								<line number="1885" hits="0" branch="true" condition-coverage="0% (0/2)">
									<conditions>
										<condition number="0" type="jump" coverage="0%"/>
									</conditions>
								</line>
								<line number="1886" hits="0" branch="false"/>
								<line number="1889" hits="0" branch="false"/>
							</lines>
						</method>
						<method name="lastIndexOfIgnoreCase" signature="(Ljava/lang/String;Ljava/lang/String;)I" line-rate="0.0" branch-rate="0.0">
							<lines>
								<line number="1201" hits="0" branch="true" condition-coverage="0% (0/4)">
									<conditions>
										<condition number="0" type="jump" coverage="0%"/>
										<condition number="1" type="jump" coverage="0%"/>
									</conditions>
								</line>
								<line number="1202" hits="0" branch="false"/>
								<line number="1204" hits="0" branch="false"/>
							</lines>
						</method>
						<method name="lastIndexOfIgnoreCase" signature="(Ljava/lang/String;Ljava/lang/String;I)I" line-rate="0.0" branch-rate="0.0">
							<lines>
								<line number="1236" hits="0" branch="true" condition-coverage="0% (0/4)">
									<conditions>
										<condition number="0" type="jump" coverage="0%"/>
										<condition number="1" type="jump" coverage="0%"/>
									</conditions>
								</line>
								<line number="1237" hits="0" branch="false"/>
								<line number="1239" hits="0" branch="true" condition-coverage="0% (0/2)">
									<conditions>
										<condition number="0" type="jump" coverage="0%"/>
									</conditions>
								</line>
								<line number="1240" hits="0" branch="false"/>
								<line number="1242" hits="0" branch="true" condition-coverage="0% (0/2)">
									<conditions>
										<condition number="0" type="jump" coverage="0%"/>
									</conditions>
								</line>
								<line number="1243" hits="0" branch="false"/>
								<line number="1245" hits="0" branch="true" condition-coverage="0% (0/2)">
									<conditions>
										<condition number="0" type="jump" coverage="0%"/>
									</conditions>
								</line>
								<line number="1246" hits="0" branch="false"/>
								<line number="1249" hits="0" branch="true" condition-coverage="0% (0/2)">
									<conditions>
[...]
							</conditions>
						</line>
						<line number="889" hits="0" branch="false"/>
						<line number="893" hits="0" branch="false"/>
						<line number="908" hits="0" branch="true" condition-coverage="0% (0/2)">
							<conditions>
								<condition number="0" type="jump" coverage="0%"/>
							</conditions>
						</line>
						<line number="909" hits="0" branch="false"/>
						<line number="910" hits="0" branch="true" condition-coverage="0% (0/2)">
							<conditions>
								<condition number="0" type="jump" coverage="0%"/>
							</conditions>
						</line>
						<line number="911" hits="0" branch="false"/>
						<line number="915" hits="0" branch="false"/>
						<line number="916" hits="0" branch="true" condition-coverage="0% (0/2)">
							<conditions>
								<condition number="0" type="jump" coverage="0%"/>
							</conditions>
						</line>
						<line number="917" hits="0" branch="true" condition-coverage="0% (0/2)">
							<conditions>
								<condition number="0" type="jump" coverage="0%"/>
							</conditions>
						</line>
						<line number="918" hits="0" branch="false"/>
						<line number="922" hits="0" branch="false"/>
						<line number="935" hits="0" branch="true" condition-coverage="0% (0/2)">
							<conditions>
								<condition number="0" type="jump" coverage="0%"/>
							</conditions>
						</line>
						<line number="936" hits="0" branch="false"/>
						<line number="937" hits="0" branch="true" condition-coverage="0% (0/2)">
							<conditions>
								<condition number="0" type="jump" coverage="0%"/>
							</conditions>
						</line>
						<line number="938" hits="0" branch="false"/>
						<line number="942" hits="0" branch="false"/>
						<line number="943" hits="0" branch="true" condition-coverage="0% (0/2)">
							<conditions>
								<condition number="0" type="jump" coverage="0%"/>
							</conditions>
						</line>
						<line number="944" hits="0" branch="true" condition-coverage="0% (0/2)">
							<conditions>
								<condition number="0" type="jump" coverage="0%"/>
							</conditions>
						</line>
						<line number="945" hits="0" branch="false"/>
						<line number="949" hits="0" branch="false"/>
						<line number="962" hits="0" branch="true" condition-coverage="0% (0/2)">
							<conditions>
								<condition number="0" type="jump" coverage="0%"/>
							</conditions>
						</line>
						<line number="963" hits="0" branch="false"/>
						<line number="964" hits="0" branch="true" condition-coverage="0% (0/2)">
							<conditions>
								<condition number="0" type="jump" coverage="0%"/>
							</conditions>
						</line>
						<line number="965" hits="0" branch="false"/>
						<line number="969" hits="0" branch="false"/>
						<line number="970" hits="0" branch="true" condition-coverage="0% (0/2)">
							<conditions>
								<condition number="0" type="jump" coverage="0%"/>
							</conditions>
						</line>
						<line number="971" hits="0" branch="true" condition-coverage="0% (0/2)">
							<conditions>
								<condition number="0" type="jump" coverage="0%"/>
							</conditions>
						</line>
						<line number="972" hits="0" branch="false"/>
						<line number="976" hits="0" branch="false"/>
						<line number="989" hits="0" branch="true" condition-coverage="0% (0/2)">
							<conditions>
								<condition number="0" type="jump" coverage="0%"/>
							</conditions>
						</line>
						<line number="990" hits="0" branch="false"/>
						<line number="991" hits="0" branch="true" condition-coverage="0% (0/2)">
							<conditions>
								<condition number="0" type="jump" coverage="0%"/>
							</conditions>
						</line>
						<line number="992" hits="0" branch="false"/>
						<line number="996" hits="0" branch="false"/>
						<line number="997" hits="0" branch="true" condition-coverage="0% (0/2)">
							<conditions>
								<condition number="0" type="jump" coverage="0%"/>
							</conditions>
						</line>
						<line number="998" hits="0" branch="true" condition-coverage="0% (0/2)">
							<conditions>
								<condition number="0" type="jump" coverage="0%"/>
							</conditions>
						</line>
						<line number="999" hits="0" branch="false"/>
						<line number="1003" hits="0" branch="false"/>
						<line number="1017" hits="0" branch="true" condition-coverage="0% (0/2)">
							<conditions>
								<condition number="0" type="jump" coverage="0%"/>
							</conditions>
						</line>
						<line number="1018" hits="0" branch="false"/>
						<line number="1019" hits="0" branch="true" condition-coverage="0% (0/2)">
							<conditions>
								<condition number="0" type="jump" coverage="0%"/>
							</conditions>
						</line>
						<line number="1020" hits="0" branch="false"/>
						<line number="1024" hits="0" branch="false"/>
						<line number="1025" hits="0" branch="true" condition-coverage="0% (0/2)">
							<conditions>
								<condition number="0" type="jump" coverage="0%"/>
							</conditions>
						</line>
						<line number="1026" hits="0" branch="true" condition-coverage="0% (0/2)">
							<conditions>
								<condition number="0" type="jump" coverage="0%"/>
							</conditions>
						</line>
						<line number="1027" hits="0" branch="false"/>
						<line number="1029" hits="0" branch="true" condition-coverage="0% (0/2)">
							<conditions>
								<condition number="0" type="jump" coverage="0%"/>
							</conditions>
						</line>
						<line number="1030" hits="0" branch="false"/>
						<line number="1034" hits="0" branch="false"/>
						<line number="1048" hits="0" branch="true" condition-coverage="0% (0/2)">
							<conditions>
								<condition number="0" type="jump" coverage="0%"/>
							</conditions>
						</line>
						<line number="1049" hits="0" branch="false"/>
						<line number="1050" hits="0" branch="true" condition-coverage="0% (0/2)">
							<conditions>
								<condition number="0" type="jump" coverage="0%"/>
							</conditions>
						</line>
						<line number="1051" hits="0" branch="false"/>
						<line number="1055" hits="0" branch="false"/>
						<line number="1056" hits="0" branch="true" condition-coverage="0% (0/2)">
							<conditions>
								<condition number="0" type="jump" coverage="0%"/>
							</conditions>
						</line>
						<line number="1057" hits="0" branch="true" condition-coverage="0% (0/2)">
							<conditions>
								<condition number="0" type="jump" coverage="0%"/>
							</conditions>
						</line>
						<line number="1058" hits="0" branch="false"/>
						<line number="1060" hits="0" branch="true" condition-coverage="0% (0/2)">
							<conditions>
								<condition number="0" type="jump" coverage="0%"/>
							</conditions>
						</line>
						<line number="1061" hits="0" branch="false"/>
						<line number="1065" hits="0" branch="false"/>
						<line number="1079" hits="0" branch="true" condition-coverage="0% (0/2)">
							<conditions>
								<condition number="0" type="jump" coverage="0%"/>
							</conditions>
						</line>
						<line number="1080" hits="0" branch="false"/>
						<line number="1082" hits="0" branch="true" condition-coverage="0% (0/2)">
							<conditions>
								<condition number="0" type="jump" coverage="0%"/>
							</conditions>
						</line>
						<line number="1083" hits="0" branch="false"/>
						<line number="1085" hits="0" branch="false"/>
						<line number="1097" hits="0" branch="true" condition-coverage="0% (0/2)">
							<conditions>
								<condition number="0" type="jump" coverage="0%"/>
							</conditions>
						</line>
						<line number="1098" hits="0" branch="false"/>
						<line number="1100" hits="0" branch="true" condition-coverage="0% (0/2)">
							<conditions>
								<condition number="0" type="jump" coverage="0%"/>
							</conditions>
						</line>
						<line number="1101" hits="0" branch="false"/>
						<line number="1103" hits="0" branch="false"/>
						<line number="1115" hits="0" branch="true" condition-coverage="0% (0/2)">
							<conditions>
								<condition number="0" type="jump" coverage="0%"/>
							</conditions>
						</line>
						<line number="1116" hits="0" branch="false"/>
						<line number="1118" hits="0" branch="true" condition-coverage="0% (0/2)">
							<conditions>
								<condition number="0" type="jump" coverage="0%"/>
							</conditions>
						</line>
						<line number="1119" hits="0" branch="false"/>
						<line number="1121" hits="0" branch="false"/>
						<line number="1133" hits="0" branch="true" condition-coverage="0% (0/2)">
							<conditions>
								<condition number="0" type="jump" coverage="0%"/>
							</conditions>
						</line>
						<line number="1134" hits="0" branch="false"/>
						<line number="1136" hits="0" branch="true" condition-coverage="0% (0/2)">
							<conditions>
								<condition number="0" type="jump" coverage="0%"/>
							</conditions>
						</line>
						<line number="1137" hits="0" branch="false"/>
						<line number="1139" hits="0" branch="false"/>
						<line number="1155" hits="0" branch="false"/>
						<line number="1171" hits="0" branch="false"/>
						<line number="1185" hits="0" branch="true" condition-coverage="0% (0/2)">
							<conditions>
								<condition number="0" type="jump" coverage="0%"/>
							</conditions>
						</line>
						<line number="1186" hits="0" branch="false"/>
						<line number="1188" hits="0" branch="true" condition-coverage="0% (0/2)">
							<conditions>
								<condition number="0" type="jump" coverage="0%"/>
							</conditions>
						</line>
						<line number="1189" hits="0" branch="false"/>
						<line number="1191" hits="0" branch="false"/>
						<line number="1203" hits="0" branch="true" condition-coverage="0% (0/2)">
							<conditions>
								<condition number="0" type="jump" coverage="0%"/>
							</conditions>
						</line>
						<line number="1204" hits="0" branch="false"/>
						<line number="1206" hits="0" branch="true" condition-coverage="0% (0/2)">
							<conditions>
								<condition number="0" type="jump" coverage="0%"/>
							</conditions>
						</line>
						<line number="1207" hits="0" branch="false"/>
						<line number="1209" hits="0" branch="false"/>
						<line number="1221" hits="0" branch="true" condition-coverage="0% (0/2)">
							<conditions>
								<condition number="0" type="jump" coverage="0%"/>
							</conditions>
						</line>
						<line number="1222" hits="0" branch="false"/>
						<line number="1224" hits="0" branch="true" condition-coverage="0% (0/2)">
							<conditions>
								<condition number="0" type="jump" coverage="0%"/>
							</conditions>
						</line>
						<line number="1225" hits="0" branch="false"/>
						<line number="1227" hits="0" branch="false"/>
						<line number="1239" hits="0" branch="true" condition-coverage="0% (0/2)">
							<conditions>
								<condition number="0" type="jump" coverage="0%"/>
							</conditions>
						</line>
						<line number="1240" hits="0" branch="false"/>
						<line number="1242" hits="0" branch="true" condition-coverage="0% (0/2)">
							<conditions>
								<condition number="0" type="jump" coverage="0%"/>
							</conditions>
						</line>
						<line number="1243" hits="0" branch="false"/>
						<line number="1245" hits="0" branch="false"/>
						<line number="1261" hits="0" branch="false"/>
						<line number="1277" hits="0" branch="false"/>
						<line number="1292" hits="0" branch="true" condition-coverage="0% (0/2)">
							<conditions>
								<condition number="0" type="jump" coverage="0%"/>
							</conditions>
						</line>
						<line number="1293" hits="0" branch="false"/>
						<line number="1295" hits="0" branch="true" condition-coverage="0% (0/2)">
							<conditions>
								<condition number="0" type="jump" coverage="0%"/>
							</conditions>
						</line>
						<line number="1296" hits="0" branch="true" condition-coverage="0% (0/2)">
							<conditions>
								<condition number="0" type="jump" coverage="0%"/>
							</conditions>
						</line>
						<line number="1297" hits="0" branch="false"/>
						<line number="1300" hits="0" branch="false"/>
						<line number="1317" hits="0" branch="true" condition-coverage="0% (0/2)">
							<conditions>
								<condition number="0" type="jump" coverage="0%"/>
							</conditions>
						</line>
						<line number="1318" hits="0" branch="false"/>
						<line number="1320" hits="0" branch="false"/>
						<line number="1321" hits="0" branch="false"/>
						<line number="1322" hits="0" branch="false"/>
						<line number="1323" hits="0" branch="false"/>
						<line number="1324" hits="0" branch="false"/>
						<line number="1325" hits="0" branch="false"/>
						<line number="1327" hits="0" branch="true" condition-coverage="0% (0/2)">
							<conditions>
								<condition number="0" type="jump" coverage="0%"/>
							</conditions>
						</line>
						<line number="1328" hits="0" branch="true" condition-coverage="0% (0/2)">
							<conditions>
								<condition number="0" type="jump" coverage="0%"/>
							</conditions>
						</line>
						<line number="1329" hits="0" branch="true" condition-coverage="0% (0/4)">
							<conditions>
								<condition number="0" type="jump" coverage="0%"/>
								<condition number="1" type="jump" coverage="0%"/>
							</conditions>
						</line>
						<line number="1330" hits="0" branch="false"/>
						<line number="1331" hits="0" branch="true" condition-coverage="0% (0/2)">
							<conditions>
								<condition number="0" type="jump" coverage="0%"/>
							</conditions>
						</line>
						<line number="1332" hits="0" branch="false"/>
						<line number="1335" hits="0" branch="true" condition-coverage="0% (0/2)">
							<conditions>
								<condition number="0" type="jump" coverage="0%"/>
							</conditions>
						</line>
						<line number="1336" hits="0" branch="true" condition-coverage="0% (0/12)">
							<conditions>
								<condition number="0" type="jump" coverage="0%"/>
								<condition number="1" type="jump" coverage="0%"/>
								<condition number="2" type="jump" coverage="0%"/>
								<condition number="3" type="jump" coverage="0%"/>
								<condition number="4" type="jump" coverage="0%"/>
								<condition number="5" type="jump" coverage="0%"/>
							</conditions>
						</line>
						<line number="1339" hits="0" branch="false"/>
						<line number="1342" hits="0" branch="false"/>
						<line number="1345" hits="0" branch="false"/>
						<line number="1347" hits="0" branch="false"/>
						<line number="1350" hits="0" branch="true" condition-coverage="0% (0/8)">
							<conditions>
								<condition number="0" type="jump" coverage="0%"/>
								<condition number="1" type="jump" coverage="0%"/>
								<condition number="2" type="jump" coverage="0%"/>
								<condition number="3" type="jump" coverage="0%"/>
							</conditions>
						</line>
						<line number="1351" hits="0" branch="true" condition-coverage="0% (0/4)">
							<conditions>
								<condition number="0" type="jump" coverage="0%"/>
								<condition number="1" type="jump" coverage="0%"/>
							</conditions>
						</line>
						<line number="1352" hits="0" branch="false"/>
						<line number="1353" hits="0" branch="false"/>
						<line number="1355" hits="0" branch="true" condition-coverage="0% (0/2)">
							<conditions>
								<condition number="0" type="jump" coverage="0%"/>
							</conditions>
						</line>
						<line number="1356" hits="0" branch="true" condition-coverage="0% (0/4)">
							<conditions>
								<condition number="0" type="jump" coverage="0%"/>
								<condition number="1" type="jump" coverage="0%"/>
							</conditions>
						</line>
						<line number="1358" hits="0" branch="false"/>
						<line number="1360" hits="0" branch="false"/>
						<line number="1361" hits="0" branch="true" condition-coverage="0% (0/4)">
							<conditions>
								<condition number="0" type="jump" coverage="0%"/>
								<condition number="1" type="jump" coverage="0%"/>
							</conditions>
						</line>
						<line number="1363" hits="0" branch="true" condition-coverage="0% (0/2)">
							<conditions>
								<condition number="0" type="jump" coverage="0%"/>
							</conditions>
						</line>
						<line number="1365" hits="0" branch="false"/>
						<line number="1367" hits="0" branch="true" condition-coverage="0% (0/2)">
							<conditions>
								<condition number="0" type="jump" coverage="0%"/>
							</conditions>
						</line>
						<line number="1368" hits="0" branch="false"/>
						<line number="1370" hits="0" branch="false"/>
						<line number="1371" hits="0" branch="false"/>
						<line number="1372" hits="0" branch="true" condition-coverage="0% (0/4)">
							<conditions>
								<condition number="0" type="jump" coverage="0%"/>
								<condition number="1" type="jump" coverage="0%"/>
							</conditions>
						</line>
						<line number="1373" hits="0" branch="true" condition-coverage="0% (0/2)">
							<conditions>
								<condition number="0" type="jump" coverage="0%"/>
							</conditions>
						</line>
						<line number="1374" hits="0" branch="false"/>
						<line number="1376" hits="0" branch="false"/>
						<line number="1377" hits="0" branch="false"/>
						<line number="1379" hits="0" branch="false"/>
						<line number="1381" hits="0" branch="false"/>
						<line number="1383" hits="0" branch="true" condition-coverage="0% (0/2)">
							<conditions>
								<condition number="0" type="jump" coverage="0%"/>
							</conditions>
						</line>
						<line number="1384" hits="0" branch="true" condition-coverage="0% (0/4)">
							<conditions>
								<condition number="0" type="jump" coverage="0%"/>
								<condition number="1" type="jump" coverage="0%"/>
							</conditions>
						</line>
						<line number="1386" hits="0" branch="false"/>
						<line number="1388" hits="0" branch="true" condition-coverage="0% (0/4)">
							<conditions>
								<condition number="0" type="jump" coverage="0%"/>
								<condition number="1" type="jump" coverage="0%"/>
							</conditions>
						</line>
						<line number="1390" hits="0" branch="false"/>
						<line number="1392" hits="0" branch="true" condition-coverage="0% (0/2)">
							<conditions>
								<condition number="0" type="jump" coverage="0%"/>
							</conditions>
						</line>
						<line number="1393" hits="0" branch="true" condition-coverage="0% (0/4)">
							<conditions>
								<condition number="0" type="jump" coverage="0%"/>
								<condition number="1" type="jump" coverage="0%"/>
							</conditions>
						</line>
						<line number="1395" hits="0" branch="false"/>
						<line number="1398" hits="0" branch="false"/>
						<line number="1400" hits="0" branch="true" condition-coverage="0% (0/10)">
							<conditions>
								<condition number="0" type="jump" coverage="0%"/>
								<condition number="1" type="jump" coverage="0%"/>
								<condition number="2" type="jump" coverage="0%"/>
								<condition number="3" type="jump" coverage="0%"/>
								<condition number="4" type="jump" coverage="0%"/>
							</conditions>
						</line>
						<line number="1405" hits="0" branch="false"/>
						<line number="1407" hits="0" branch="true" condition-coverage="0% (0/4)">
							<conditions>
								<condition number="0" type="jump" coverage="0%"/>
								<condition number="1" type="jump" coverage="0%"/>
							</conditions>
						</line>
						<line number="1410" hits="0" branch="true" condition-coverage="0% (0/4)">
							<conditions>
								<condition number="0" type="jump" coverage="0%"/>
								<condition number="1" type="jump" coverage="0%"/>
							</conditions>
						</line>
						<line number="1413" hits="0" branch="false"/>
						<line number="1417" hits="0" branch="true" condition-coverage="0% (0/4)">
							<conditions>
								<condition number="0" type="jump" coverage="0%"/>
								<condition number="1" type="jump" coverage="0%"/>
							</conditions>
						</line>
					</lines>
				</class>
			</classes>
		</package>
	</packages>
</coverage>
