<?xml version="1.0"?>
<!DOCTYPE coverage SYSTEM "http://cobertura.sourceforge.net/xml/coverage-04.dtd">

<coverage line-rate="0.005414185165132647" branch-rate="0.0074580484773151025" lines-covered="10" lines-valid="1847" branches-covered="12" branches-valid="1609" complexity="5.764227642276423" version="2.0.3" timestamp="1660055812324">
	<sources>
		<source>src/main/java</source>
	</sources>
	<packages>
		<package name="org.apache.commons.lang3" line-rate="0.006811989100817439" branch-rate="0.009654062751407884" complexity="5.472361809045226">
			<classes>
				<class name="org.apache.commons.lang3.JavaVersion" filename="org/apache/commons/lang3/JavaVersion.java" line-rate="0.0" branch-rate="0.0" complexity="4.6">
					<methods>
						<method name="&lt;clinit&gt;" signature="()V" line-rate="0.0" branch-rate="1.0">
							<lines>
								<line number="27" hits="0" branch="false"/>
								<line number="32" hits="0" branch="false"/>
								<line number="37" hits="0" branch="false"/>
								<line number="42" hits="0" branch="false"/>
								<line number="47" hits="0" branch="false"/>
								<line number="52" hits="0" branch="false"/>
								<line number="57" hits="0" branch="false"/>
								<line number="62" hits="0" branch="false"/>
								<line number="67" hits="0" branch="false"/>
								<line number="72" hits="0" branch="false"/>
							</lines>
						</method>
						<method name="&lt;init&gt;" signature="(Ljava/lang/String;IFLjava/lang/String;)V" line-rate="0.0" branch-rate="1.0">
							<lines>
								<line number="89" hits="0" branch="false"/>
								<line number="90" hits="0" branch="false"/>
								<line number="91" hits="0" branch="false"/>
								<line number="92" hits="0" branch="false"/>
							</lines>
						</method>
						<method name="atLeast" signature="(Lorg/apache/commons/lang3/JavaVersion;)Z" line-rate="0.0" branch-rate="0.0">
							<lines>
								<line number="105" hits="0" branch="true" condition-coverage="0% (0/2)">
									<conditions>
										<condition number="0" type="jump" coverage="0%"/>
									</conditions>
								</line>
							</lines>
						</method>
						<method name="get" signature="(Ljava/lang/String;)Lorg/apache/commons/lang3/JavaVersion;" line-rate="0.0" branch-rate="0.0">
							<lines>
								<line number="132" hits="0" branch="true" condition-coverage="0% (0/2)">
									<conditions>
										<condition number="0" type="jump" coverage="0%"/>
									</conditions>
								</line>
								<line number="133" hits="0" branch="false"/>
								<line number="134" hits="0" branch="true" condition-coverage="0% (0/2)">
									<conditions>
										<condition number="0" type="jump" coverage="0%"/>
									</conditions>
								</line>
								<line number="135" hits="0" branch="false"/>
								<line number="136" hits="0" branch="true" condition-coverage="0% (0/2)">
									<conditions>
										<condition number="0" type="jump" coverage="0%"/>
									</conditions>
								</line>
								<line number="137" hits="0" branch="false"/>
								<line number="138" hits="0" branch="true" condition-coverage="0% (0/2)">
									<conditions>
										<condition number="0" type="jump" coverage="0%"/>
									</conditions>
								</line>
								<line number="139" hits="0" branch="false"/>
								<line number="140" hits="0" branch="true" condition-coverage="0% (0/2)">
									<conditions>
										<condition number="0" type="jump" coverage="0%"/>
									</conditions>
								</line>
								<line number="141" hits="0" branch="false"/>
								<line number="142" hits="0" branch="true" condition-coverage="0% (0/2)">
									<conditions>
										<condition number="0" type="jump" coverage="0%"/>
									</conditions>
								</line>
								<line number="143" hits="0" branch="false"/>
								<line number="144" hits="0" branch="true" condition-coverage="0% (0/2)">
									<conditions>
										<condition number="0" type="jump" coverage="0%"/>
									</conditions>
								</line>
								<line number="145" hits="0" branch="false"/>
								<line number="146" hits="0" branch="true" condition-coverage="0% (0/2)">
									<conditions>
										<condition number="0" type="jump" coverage="0%"/>
									</conditions>
								</line>
								<line number="147" hits="0" branch="false"/>
								<line number="148" hits="0" branch="true" condition-coverage="0% (0/2)">
									<conditions>
										<condition number="0" type="jump" coverage="0%"/>
									</conditions>
								</line>
								<line number="149" hits="0" branch="false"/>
								<line number="151" hits="0" branch="false"/>
							</lines>
						</method>
						<method name="getJavaVersion" signature="(Ljava/lang/String;)Lorg/apache/commons/lang3/JavaVersion;" line-rate="0.0" branch-rate="1.0">
							<lines>
								<line number="119" hits="0" branch="false"/>
							</lines>
						</method>
						<method name="toString" signature="()Ljava/lang/String;" line-rate="0.0" branch-rate="1.0">
							<lines>
								<line number="165" hits="0" branch="false"/>
							</lines>
						</method>
						<method name="valueOf" signature="(Ljava/lang/String;)Lorg/apache/commons/lang3/JavaVersion;" line-rate="1.0" branch-rate="1.0">
							<lines>
							</lines>
						</method>
						<method name="values" signature="()[Lorg/apache/commons/lang3/JavaVersion;" line-rate="1.0" branch-rate="1.0">
							<lines>
							</lines>
						</method>
					</methods>
					<lines>
						<line number="27" hits="0" branch="false"/>
						<line number="32" hits="0" branch="false"/>
						<line number="37" hits="0" branch="false"/>
						<line number="42" hits="0" branch="false"/>
						<line number="47" hits="0" branch="false"/>
						<line number="52" hits="0" branch="false"/>
						<line number="57" hits="0" branch="false"/>
						<line number="62" hits="0" branch="false"/>
						<line number="67" hits="0" branch="false"/>
						<line number="72" hits="0" branch="false"/>
						<line number="89" hits="0" branch="false"/>
						<line number="90" hits="0" branch="false"/>
						<line number="91" hits="0" branch="false"/>
						<line number="92" hits="0" branch="false"/>
						<line number="105" hits="0" branch="true" condition-coverage="0% (0/2)">
							<conditions>
								<condition number="0" type="jump" coverage="0%"/>
							</conditions>
						</line>
						<line number="119" hits="0" branch="false"/>
						<line number="132" hits="0" branch="true" condition-coverage="0% (0/2)">
							<conditions>
								<condition number="0" type="jump" coverage="0%"/>
							</conditions>
						</line>
						<line number="133" hits="0" branch="false"/>
						<line number="134" hits="0" branch="true" condition-coverage="0% (0/2)">
							<conditions>
								<condition number="0" type="jump" coverage="0%"/>
							</conditions>
						</line>
						<line number="135" hits="0" branch="false"/>
						<line number="136" hits="0" branch="true" condition-coverage="0% (0/2)">
							<conditions>
								<condition number="0" type="jump" coverage="0%"/>
							</conditions>
						</line>
						<line number="137" hits="0" branch="false"/>
						<line number="138" hits="0" branch="true" condition-coverage="0% (0/2)">
							<conditions>
								<condition number="0" type="jump" coverage="0%"/>
							</conditions>
						</line>
						<line number="139" hits="0" branch="false"/>
						<line number="140" hits="0" branch="true" condition-coverage="0% (0/2)">
							<conditions>
								<condition number="0" type="jump" coverage="0%"/>
							</conditions>
						</line>
						<line number="141" hits="0" branch="false"/>
						<line number="142" hits="0" branch="true" condition-coverage="0% (0/2)">
							<conditions>
								<condition number="0" type="jump" coverage="0%"/>
							</conditions>
						</line>
						<line number="143" hits="0" branch="false"/>
						<line number="144" hits="0" branch="true" condition-coverage="0% (0/2)">
							<conditions>
								<condition number="0" type="jump" coverage="0%"/>
							</conditions>
						</line>
						<line number="145" hits="0" branch="false"/>
						<line number="146" hits="0" branch="true" condition-coverage="0% (0/2)">
							<conditions>
								<condition number="0" type="jump" coverage="0%"/>
							</conditions>
						</line>
						<line number="147" hits="0" branch="false"/>
						<line number="148" hits="0" branch="true" condition-coverage="0% (0/2)">
							<conditions>
								<condition number="0" type="jump" coverage="0%"/>
							</conditions>
						</line>
						<line number="149" hits="0" branch="false"/>
						<line number="151" hits="0" branch="false"/>
						<line number="165" hits="0" branch="false"/>
					</lines>
				</class>
				<class name="org.apache.commons.lang3.StringUtils" filename="org/apache/commons/lang3/StringUtils.java" line-rate="0.007501875468867217" branch-rate="0.009925558312655087" complexity="5.783333333333333">
					<methods>
						<method name="&lt;clinit&gt;" signature="()V" line-rate="1.0" branch-rate="1.0">
							<lines>
								<line number="159" hits="1" branch="false"/>
							</lines>
						</method>
						<method name="&lt;init&gt;" signature="()V" line-rate="0.0" branch-rate="1.0">
							<lines>
								<line number="170" hits="0" branch="false"/>
								<line number="171" hits="0" branch="false"/>
							</lines>
						</method>
						<method name="abbreviate" signature="(Ljava/lang/String;I)Ljava/lang/String;" line-rate="0.0" branch-rate="1.0">
							<lines>
								<line number="6200" hits="0" branch="false"/>
							</lines>
						</method>
						<method name="abbreviate" signature="(Ljava/lang/String;II)Ljava/lang/String;" line-rate="0.0" branch-rate="0.0">
							<lines>
								<line number="6239" hits="0" branch="true" condition-coverage="0% (0/2)">
									<conditions>
										<condition number="0" type="jump" coverage="0%"/>
									</conditions>
								</line>
								<line number="6240" hits="0" branch="false"/>
								<line number="6242" hits="0" branch="true" condition-coverage="0% (0/2)">
									<conditions>
										<condition number="0" type="jump" coverage="0%"/>
									</conditions>
								</line>
								<line number="6243" hits="0" branch="false"/>
								<line number="6245" hits="0" branch="true" condition-coverage="0% (0/2)">
									<conditions>
										<condition number="0" type="jump" coverage="0%"/>
									</conditions>
								</line>
								<line number="6246" hits="0" branch="false"/>
								<line number="6248" hits="0" branch="true" condition-coverage="0% (0/2)">
									<conditions>
										<condition number="0" type="jump" coverage="0%"/>
									</conditions>
								</line>
								<line number="6249" hits="0" branch="false"/>
								<line number="6251" hits="0" branch="true" condition-coverage="0% (0/2)">
									<conditions>
										<condition number="0" type="jump" coverage="0%"/>
									</conditions>
								</line>
								<line number="6252" hits="0" branch="false"/>
								<line number="6254" hits="0" branch="false"/>
								<line number="6255" hits="0" branch="true" condition-coverage="0% (0/2)">
									<conditions>
										<condition number="0" type="jump" coverage="0%"/>
									</conditions>
								</line>
								<line number="6256" hits="0" branch="false"/>
								<line number="6258" hits="0" branch="true" condition-coverage="0% (0/2)">
									<conditions>
										<condition number="0" type="jump" coverage="0%"/>
									</conditions>
								</line>
								<line number="6259" hits="0" branch="false"/>
								<line number="6261" hits="0" branch="true" condition-coverage="0% (0/2)">
									<conditions>
										<condition number="0" type="jump" coverage="0%"/>
									</conditions>
								</line>
								<line number="6262" hits="0" branch="false"/>
								<line number="6264" hits="0" branch="false"/>
							</lines>
						</method>
						<method name="abbreviateMiddle" signature="(Ljava/lang/String;Ljava/lang/String;I)Ljava/lang/String;" line-rate="0.0" branch-rate="0.0">
							<lines>
								<line number="6297" hits="0" branch="true" condition-coverage="0% (0/4)">
									<conditions>
										<condition number="0" type="jump" coverage="0%"/>
										<condition number="1" type="jump" coverage="0%"/>
									</conditions>
								</line>
								<line number="6298" hits="0" branch="false"/>
								<line number="6301" hits="0" branch="true" condition-coverage="0% (0/4)">
									<conditions>
										<condition number="0" type="jump" coverage="0%"/>
										<condition number="1" type="jump" coverage="0%"/>
									</conditions>
								</line>
								<line number="6302" hits="0" branch="false"/>
								<line number="6305" hits="0" branch="false"/>
								<line number="6306" hits="0" branch="false"/>
								<line number="6307" hits="0" branch="false"/>
								<line number="6309" hits="0" branch="false"/>
								<line number="6310" hits="0" branch="false"/>
								<line number="6311" hits="0" branch="false"/>
								<line number="6312" hits="0" branch="false"/>
								<line number="6314" hits="0" branch="false"/>
							</lines>
						</method>
						<method name="capitalize" signature="(Ljava/lang/String;)Ljava/lang/String;" line-rate="0.0" branch-rate="0.0">
							<lines>
								<line number="5547" hits="0" branch="true" condition-coverage="0% (0/4)">
									<conditions>
										<condition number="0" type="jump" coverage="0%"/>
										<condition number="1" type="jump" coverage="0%"/>
									</conditions>
								</line>
								<line number="5548" hits="0" branch="false"/>
								<line number="5550" hits="0" branch="false"/>
							</lines>
						</method>
						<method name="center" signature="(Ljava/lang/String;I)Ljava/lang/String;" line-rate="0.0" branch-rate="1.0">
							<lines>
								<line number="5341" hits="0" branch="false"/>
							</lines>
						</method>
						<method name="center" signature="(Ljava/lang/String;IC)Ljava/lang/String;" line-rate="0.0" branch-rate="0.0">
							<lines>
								<line number="5369" hits="0" branch="true" condition-coverage="0% (0/4)">
									<conditions>
										<condition number="0" type="jump" coverage="0%"/>
										<condition number="1" type="jump" coverage="0%"/>
									</conditions>
								</line>
								<line number="5370" hits="0" branch="false"/>
								<line number="5372" hits="0" branch="false"/>
								<line number="5373" hits="0" branch="false"/>
								<line number="5374" hits="0" branch="true" condition-coverage="0% (0/2)">
									<conditions>
										<condition number="0" type="jump" coverage="0%"/>
									</conditions>
								</line>
								<line number="5375" hits="0" branch="false"/>
								<line number="5377" hits="0" branch="false"/>
								<line number="5378" hits="0" branch="false"/>
								<line number="5379" hits="0" branch="false"/>
							</lines>
						</method>
						<method name="center" signature="(Ljava/lang/String;ILjava/lang/String;)Ljava/lang/String;" line-rate="0.0" branch-rate="0.0">
							<lines>
								<line number="5409" hits="0" branch="true" condition-coverage="0% (0/4)">
									<conditions>
										<condition number="0" type="jump" coverage="0%"/>
										<condition number="1" type="jump" coverage="0%"/>
									</conditions>
								</line>
								<line number="5410" hits="0" branch="false"/>
								<line number="5412" hits="0" branch="true" condition-coverage="0% (0/2)">
									<conditions>
										<condition number="0" type="jump" coverage="0%"/>
									</conditions>
								</line>
								<line number="5413" hits="0" branch="false"/>
								<line number="5415" hits="0" branch="false"/>
								<line number="5416" hits="0" branch="false"/>
								<line number="5417" hits="0" branch="true" condition-coverage="0% (0/2)">
									<conditions>
										<condition number="0" type="jump" coverage="0%"/>
									</conditions>
								</line>
								<line number="5418" hits="0" branch="false"/>
								<line number="5420" hits="0" branch="false"/>
								<line number="5421" hits="0" branch="false"/>
								<line number="5422" hits="0" branch="false"/>
							</lines>
						</method>
						<method name="chomp" signature="(Ljava/lang/String;)Ljava/lang/String;" line-rate="0.0" branch-rate="0.0">
							<lines>
								<line number="4855" hits="0" branch="true" condition-coverage="0% (0/2)">
									<conditions>
										<condition number="0" type="jump" coverage="0%"/>
									</conditions>
								</line>
								<line number="4856" hits="0" branch="false"/>
								<line number="4859" hits="0" branch="true" condition-coverage="0% (0/2)">
									<conditions>
										<condition number="0" type="jump" coverage="0%"/>
									</conditions>
								</line>
								<line number="4860" hits="0" branch="false"/>
								<line number="4861" hits="0" branch="true" condition-coverage="0% (0/4)">
									<conditions>
										<condition number="0" type="jump" coverage="0%"/>
										<condition number="1" type="jump" coverage="0%"/>
									</conditions>
								</line>
								<line number="4862" hits="0" branch="false"/>
								<line number="4864" hits="0" branch="false"/>
								<line number="4867" hits="0" branch="false"/>
								<line number="4868" hits="0" branch="false"/>
								<line number="4870" hits="0" branch="true" condition-coverage="0% (0/2)">
									<conditions>
										<condition number="0" type="jump" coverage="0%"/>
									</conditions>
								</line>
								<line number="4871" hits="0" branch="true" condition-coverage="0% (0/2)">
									<conditions>
										<condition number="0" type="jump" coverage="0%"/>
									</conditions>
								</line>
								<line number="4872" hits="0" branch="false"/>
								<line number="4874" hits="0" branch="true" condition-coverage="0% (0/2)">
									<conditions>
										<condition number="0" type="jump" coverage="0%"/>
									</conditions>
								</line>
								<line number="4875" hits="0" branch="false"/>
								<line number="4877" hits="0" branch="false"/>
							</lines>
						</method>
						<method name="chomp" signature="(Ljava/lang/String;Ljava/lang/String;)Ljava/lang/String;" line-rate="0.0" branch-rate="1.0">
							<lines>
								<line number="4909" hits="0" branch="false"/>
							</lines>
						</method>
						<method name="chop" signature="(Ljava/lang/String;)Ljava/lang/String;" line-rate="0.0" branch-rate="0.0">
							<lines>
								<line number="4938" hits="0" branch="true" condition-coverage="0% (0/2)">
									<conditions>
										<condition number="0" type="jump" coverage="0%"/>
									</conditions>
								</line>
								<line number="4939" hits="0" branch="false"/>
								<line number="4941" hits="0" branch="false"/>
								<line number="4942" hits="0" branch="true" condition-coverage="0% (0/2)">
									<conditions>
										<condition number="0" type="jump" coverage="0%"/>
									</conditions>
								</line>
								<line number="4943" hits="0" branch="false"/>
								<line number="4945" hits="0" branch="false"/>
								<line number="4946" hits="0" branch="false"/>
								<line number="4947" hits="0" branch="false"/>
								<line number="4948" hits="0" branch="true" condition-coverage="0% (0/4)">
									<conditions>
										<condition number="0" type="jump" coverage="0%"/>
										<condition number="1" type="jump" coverage="0%"/>
									</conditions>
								</line>
								<line number="4949" hits="0" branch="false"/>
								<line number="4951" hits="0" branch="false"/>
							</lines>
						</method>
						<method name="contains" signature="(Ljava/lang/CharSequence;I)Z" line-rate="0.0" branch-rate="0.0">
							<lines>
								<line number="1278" hits="0" branch="true" condition-coverage="0% (0/2)">
									<conditions>
										<condition number="0" type="jump" coverage="0%"/>
									</conditions>
								</line>
								<line number="1279" hits="0" branch="false"/>
								<line number="1281" hits="0" branch="true" condition-coverage="0% (0/2)">
									<conditions>
										<condition number="0" type="jump" coverage="0%"/>
									</conditions>
								</line>
							</lines>
						</method>
						<method name="contains" signature="(Ljava/lang/CharSequence;Ljava/lang/CharSequence;)Z" line-rate="0.0" branch-rate="0.0">
							<lines>
								<line number="1307" hits="0" branch="true" condition-coverage="0% (0/4)">
									<conditions>
										<condition number="0" type="jump" coverage="0%"/>
										<condition number="1" type="jump" coverage="0%"/>
									</conditions>
								</line>
								<line number="1308" hits="0" branch="false"/>
								<line number="1310" hits="0" branch="true" condition-coverage="0% (0/2)">
									<conditions>
										<condition number="0" type="jump" coverage="0%"/>
									</conditions>
								</line>
							</lines>
						</method>
						<method name="containsAny" signature="(Ljava/lang/CharSequence;Ljava/lang/CharSequence;)Z" line-rate="0.0" branch-rate="0.0">
							<lines>
								<line number="1539" hits="0" branch="true" condition-coverage="0% (0/2)">
									<conditions>
										<condition number="0" type="jump" coverage="0%"/>
									</conditions>
								</line>
								<line number="1540" hits="0" branch="false"/>
								<line number="1542" hits="0" branch="false"/>
							</lines>
						</method>
						<method name="containsAny" signature="(Ljava/lang/CharSequence;[C)Z" line-rate="0.0" branch-rate="0.0">
							<lines>
								<line number="1481" hits="0" branch="true" condition-coverage="0% (0/4)">
									<conditions>
										<condition number="0" type="jump" coverage="0%"/>
										<condition number="1" type="jump" coverage="0%"/>
									</conditions>
								</line>
								<line number="1482" hits="0" branch="false"/>
								<line number="1484" hits="0" branch="false"/>
								<line number="1485" hits="0" branch="false"/>
								<line number="1486" hits="0" branch="false"/>
								<line number="1487" hits="0" branch="false"/>
								<line number="1488" hits="0" branch="true" condition-coverage="0% (0/2)">
									<conditions>
										<condition number="0" type="jump" coverage="0%"/>
									</conditions>
								</line>
								<line number="1489" hits="0" branch="false"/>
								<line number="1490" hits="0" branch="true" condition-coverage="0% (0/2)">
									<conditions>
										<condition number="0" type="jump" coverage="0%"/>
									</conditions>
								</line>
								<line number="1491" hits="0" branch="true" condition-coverage="0% (0/2)">
									<conditions>
										<condition number="0" type="jump" coverage="0%"/>
									</conditions>
								</line>
								<line number="1492" hits="0" branch="true" condition-coverage="0% (0/2)">
									<conditions>
										<condition number="0" type="jump" coverage="0%"/>
									</conditions>
								</line>
								<line number="1493" hits="0" branch="true" condition-coverage="0% (0/2)">
									<conditions>
										<condition number="0" type="jump" coverage="0%"/>
									</conditions>
								</line>
								<line number="1495" hits="0" branch="false"/>
								<line number="1497" hits="0" branch="true" condition-coverage="0% (0/4)">
									<conditions>
										<condition number="0" type="jump" coverage="0%"/>
										<condition number="1" type="jump" coverage="0%"/>
									</conditions>
								</line>
								<line number="1498" hits="0" branch="false"/>
								<line number="1502" hits="0" branch="false"/>
								<line number="1507" hits="0" branch="false"/>
							</lines>
						</method>
						<method name="containsIgnoreCase" signature="(Ljava/lang/CharSequence;Ljava/lang/CharSequence;)Z" line-rate="0.0" branch-rate="0.0">
							<lines>
								<line number="1338" hits="0" branch="true" condition-coverage="0% (0/4)">
									<conditions>
										<condition number="0" type="jump" coverage="0%"/>
										<condition number="1" type="jump" coverage="0%"/>
									</conditions>
								</line>
								<line number="1339" hits="0" branch="false"/>
								<line number="1341" hits="0" branch="false"/>
								<line number="1342" hits="0" branch="false"/>
								<line number="1343" hits="0" branch="true" condition-coverage="0% (0/2)">
									<conditions>
										<condition number="0" type="jump" coverage="0%"/>
									</conditions>
								</line>
								<line number="1344" hits="0" branch="true" condition-coverage="0% (0/2)">
									<conditions>
										<condition number="0" type="jump" coverage="0%"/>
									</conditions>
								</line>
								<line number="1345" hits="0" branch="false"/>
								<line number="1348" hits="0" branch="false"/>
							</lines>
						</method>
						<method name="containsNone" signature="(Ljava/lang/CharSequence;Ljava/lang/String;)Z" line-rate="0.0" branch-rate="0.0">
							<lines>
								<line number="1790" hits="0" branch="true" condition-coverage="0% (0/4)">
									<conditions>
										<condition number="0" type="jump" coverage="0%"/>
										<condition number="1" type="jump" coverage="0%"/>
									</conditions>
								</line>
								<line number="1791" hits="0" branch="false"/>
								<line number="1793" hits="0" branch="false"/>
							</lines>
						</method>
						<method name="containsNone" signature="(Ljava/lang/CharSequence;[C)Z" line-rate="0.0" branch-rate="0.0">
							<lines>
								<line number="1737" hits="0" branch="true" condition-coverage="0% (0/4)">
									<conditions>
										<condition number="0" type="jump" coverage="0%"/>
										<condition number="1" type="jump" coverage="0%"/>
									</conditions>
								</line>
								<line number="1738" hits="0" branch="false"/>
								<line number="1740" hits="0" branch="false"/>
								<line number="1741" hits="0" branch="false"/>
								<line number="1742" hits="0" branch="false"/>
								<line number="1743" hits="0" branch="false"/>
								<line number="1744" hits="0" branch="true" condition-coverage="0% (0/2)">
									<conditions>
										<condition number="0" type="jump" coverage="0%"/>
									</conditions>
								</line>
								<line number="1745" hits="0" branch="false"/>
								<line number="1746" hits="0" branch="true" condition-coverage="0% (0/2)">
									<conditions>
										<condition number="0" type="jump" coverage="0%"/>
									</conditions>
								</line>
								<line number="1747" hits="0" branch="true" condition-coverage="0% (0/2)">
									<conditions>
										<condition number="0" type="jump" coverage="0%"/>
									</conditions>
								</line>
								<line number="1748" hits="0" branch="true" condition-coverage="0% (0/2)">
									<conditions>
										<condition number="0" type="jump" coverage="0%"/>
									</conditions>
								</line>
								<line number="1749" hits="0" branch="true" condition-coverage="0% (0/2)">
									<conditions>
										<condition number="0" type="jump" coverage="0%"/>
									</conditions>
								</line>
								<line number="1751" hits="0" branch="false"/>
								<line number="1753" hits="0" branch="true" condition-coverage="0% (0/4)">
									<conditions>
										<condition number="0" type="jump" coverage="0%"/>
										<condition number="1" type="jump" coverage="0%"/>
									</conditions>
								</line>
								<line number="1754" hits="0" branch="false"/>
								<line number="1758" hits="0" branch="false"/>
								<line number="1763" hits="0" branch="false"/>
							</lines>
						</method>
						<method name="containsOnly" signature="(Ljava/lang/CharSequence;Ljava/lang/String;)Z" line-rate="0.0" branch-rate="0.0">
							<lines>
								<line number="1705" hits="0" branch="true" condition-coverage="0% (0/4)">
									<conditions>
										<condition number="0" type="jump" coverage="0%"/>
										<condition number="1" type="jump" coverage="0%"/>
									</conditions>
								</line>
								<line number="1706" hits="0" branch="false"/>
								<line number="1708" hits="0" branch="false"/>
							</lines>
						</method>
						<method name="containsOnly" signature="(Ljava/lang/CharSequence;[C)Z" line-rate="0.0" branch-rate="0.0">
							<lines>
								<line number="1669" hits="0" branch="true" condition-coverage="0% (0/4)">
									<conditions>
										<condition number="0" type="jump" coverage="0%"/>
										<condition number="1" type="jump" coverage="0%"/>
									</conditions>
								</line>
								<line number="1670" hits="0" branch="false"/>
								<line number="1672" hits="0" branch="true" condition-coverage="0% (0/2)">
									<conditions>
										<condition number="0" type="jump" coverage="0%"/>
									</conditions>
								</line>
								<line number="1673" hits="0" branch="false"/>
								<line number="1675" hits="0" branch="true" condition-coverage="0% (0/2)">
									<conditions>
										<condition number="0" type="jump" coverage="0%"/>
									</conditions>
								</line>
								<line number="1676" hits="0" branch="false"/>
								<line number="1678" hits="0" branch="true" condition-coverage="0% (0/2)">
									<conditions>
										<condition number="0" type="jump" coverage="0%"/>
									</conditions>
								</line>
							</lines>
						</method>
						<method name="containsWhitespace" signature="(Ljava/lang/CharSequence;)Z" line-rate="0.0" branch-rate="0.0">
							<lines>
								<line number="1361" hits="0" branch="true" condition-coverage="0% (0/2)">
									<conditions>
										<condition number="0" type="jump" coverage="0%"/>
									</conditions>
								</line>
								<line number="1362" hits="0" branch="false"/>
								<line number="1364" hits="0" branch="false"/>
								<line number="1365" hits="0" branch="true" condition-coverage="0% (0/2)">
									<conditions>
										<condition number="0" type="jump" coverage="0%"/>
									</conditions>
								</line>
								<line number="1366" hits="0" branch="true" condition-coverage="0% (0/2)">
									<conditions>
										<condition number="0" type="jump" coverage="0%"/>
									</conditions>
								</line>
								<line number="1367" hits="0" branch="false"/>
								<line number="1370" hits="0" branch="false"/>
							</lines>
						</method>
						<method name="countMatches" signature="(Ljava/lang/CharSequence;Ljava/lang/CharSequence;)I" line-rate="0.0" branch-rate="0.0">
							<lines>
								<line number="5657" hits="0" branch="true" condition-coverage="0% (0/4)">
									<conditions>
										<condition number="0" type="jump" coverage="0%"/>
										<condition number="1" type="jump" coverage="0%"/>
									</conditions>
								</line>
								<line number="5658" hits="0" branch="false"/>
								<line number="5660" hits="0" branch="false"/>
								<line number="5661" hits="0" branch="false"/>
								<line number="5662" hits="0" branch="true" condition-coverage="0% (0/2)">
									<conditions>
										<condition number="0" type="jump" coverage="0%"/>
									</conditions>
								</line>
								<line number="5663" hits="0" branch="false"/>
								<line number="5664" hits="0" branch="false"/>
								<line number="5666" hits="0" branch="false"/>
							</lines>
						</method>
						<method name="defaultIfBlank" signature="(Ljava/lang/CharSequence;Ljava/lang/CharSequence;)Ljava/lang/CharSequence;" line-rate="0.0" branch-rate="0.0">
							<lines>
								<line number="6087" hits="0" branch="true" condition-coverage="0% (0/2)">
									<conditions>
										<condition number="0" type="jump" coverage="0%"/>
									</conditions>
								</line>
							</lines>
						</method>
						<method name="defaultIfEmpty" signature="(Ljava/lang/CharSequence;Ljava/lang/CharSequence;)Ljava/lang/CharSequence;" line-rate="0.0" branch-rate="0.0">
							<lines>
								<line number="6109" hits="0" branch="true" condition-coverage="0% (0/2)">
									<conditions>
										<condition number="0" type="jump" coverage="0%"/>
									</conditions>
								</line>
							</lines>
						</method>
						<method name="defaultString" signature="(Ljava/lang/String;)Ljava/lang/String;" line-rate="0.0" branch-rate="0.0">
							<lines>
								<line number="6044" hits="0" branch="true" condition-coverage="0% (0/2)">
									<conditions>
										<condition number="0" type="jump" coverage="0%"/>
									</conditions>
								</line>
							</lines>
						</method>
						<method name="defaultString" signature="(Ljava/lang/String;Ljava/lang/String;)Ljava/lang/String;" line-rate="0.0" branch-rate="0.0">
							<lines>
								<line number="6065" hits="0" branch="true" condition-coverage="0% (0/2)">
									<conditions>
										<condition number="0" type="jump" coverage="0%"/>
									</conditions>
								</line>
							</lines>
						</method>
						<method name="deleteWhitespace" signature="(Ljava/lang/String;)Ljava/lang/String;" line-rate="0.0" branch-rate="0.0">
							<lines>
								<line number="4029" hits="0" branch="true" condition-coverage="0% (0/2)">
									<conditions>
										<condition number="0" type="jump" coverage="0%"/>
									</conditions>
								</line>
								<line number="4030" hits="0" branch="false"/>
								<line number="4032" hits="0" branch="false"/>
								<line number="4033" hits="0" branch="false"/>
								<line number="4034" hits="0" branch="false"/>
								<line number="4035" hits="0" branch="true" condition-coverage="0% (0/2)">
									<conditions>
										<condition number="0" type="jump" coverage="0%"/>
									</conditions>
								</line>
								<line number="4036" hits="0" branch="true" condition-coverage="0% (0/2)">
									<conditions>
										<condition number="0" type="jump" coverage="0%"/>
									</conditions>
								</line>
								<line number="4037" hits="0" branch="false"/>
								<line number="4040" hits="0" branch="true" condition-coverage="0% (0/2)">
									<conditions>
										<condition number="0" type="jump" coverage="0%"/>
									</conditions>
								</line>
								<line number="4041" hits="0" branch="false"/>
								<line number="4043" hits="0" branch="false"/>
							</lines>
						</method>
						<method name="difference" signature="(Ljava/lang/String;Ljava/lang/String;)Ljava/lang/String;" line-rate="0.0" branch-rate="0.0">
							<lines>
								<line number="6345" hits="0" branch="true" condition-coverage="0% (0/2)">
									<conditions>
										<condition number="0" type="jump" coverage="0%"/>
									</conditions>
								</line>
								<line number="6346" hits="0" branch="false"/>
								<line number="6348" hits="0" branch="true" condition-coverage="0% (0/2)">
									<conditions>
										<condition number="0" type="jump" coverage="0%"/>
									</conditions>
								</line>
								<line number="6349" hits="0" branch="false"/>
								<line number="6351" hits="0" branch="false"/>
								<line number="6352" hits="0" branch="true" condition-coverage="0% (0/2)">
									<conditions>
										<condition number="0" type="jump" coverage="0%"/>
									</conditions>
								</line>
								<line number="6353" hits="0" branch="false"/>
								<line number="6355" hits="0" branch="false"/>
							</lines>
						</method>
						<method name="endsWith" signature="(Ljava/lang/CharSequence;Ljava/lang/CharSequence;)Z" line-rate="0.0" branch-rate="1.0">
							<lines>
								<line number="6956" hits="0" branch="false"/>
							</lines>
						</method>
						<method name="endsWith" signature="(Ljava/lang/CharSequence;Ljava/lang/CharSequence;Z)Z" line-rate="0.0" branch-rate="0.0">
							<lines>
								<line number="6998" hits="0" branch="true" condition-coverage="0% (0/4)">
									<conditions>
										<condition number="0" type="jump" coverage="0%"/>
										<condition number="1" type="jump" coverage="0%"/>
									</conditions>
								</line>
								<line number="6999" hits="0" branch="true" condition-coverage="0% (0/4)">
									<conditions>
										<condition number="0" type="jump" coverage="0%"/>
										<condition number="1" type="jump" coverage="0%"/>
									</conditions>
								</line>
								<line number="7001" hits="0" branch="true" condition-coverage="0% (0/2)">
									<conditions>
										<condition number="0" type="jump" coverage="0%"/>
									</conditions>
								</line>
								<line number="7002" hits="0" branch="false"/>
								<line number="7004" hits="0" branch="false"/>
								<line number="7005" hits="0" branch="false"/>
							</lines>
						</method>
						<method name="endsWithAny" signature="(Ljava/lang/CharSequence;[Ljava/lang/CharSequence;)Z" line-rate="0.0" branch-rate="0.0">
							<lines>
								<line number="7075" hits="0" branch="true" condition-coverage="0% (0/4)">
									<conditions>
										<condition number="0" type="jump" coverage="0%"/>
										<condition number="1" type="jump" coverage="0%"/>
									</conditions>
								</line>
								<line number="7076" hits="0" branch="false"/>
								<line number="7078" hits="0" branch="true" condition-coverage="0% (0/2)">
									<conditions>
										<condition number="0" type="jump" coverage="0%"/>
									</conditions>
								</line>
								<line number="7079" hits="0" branch="true" condition-coverage="0% (0/2)">
									<conditions>
										<condition number="0" type="jump" coverage="0%"/>
									</conditions>
								</line>
								<line number="7080" hits="0" branch="false"/>
								<line number="7083" hits="0" branch="false"/>
							</lines>
						</method>
						<method name="endsWithIgnoreCase" signature="(Ljava/lang/CharSequence;Ljava/lang/CharSequence;)Z" line-rate="0.0" branch-rate="1.0">
							<lines>
								<line number="6983" hits="0" branch="false"/>
							</lines>
						</method>
						<method name="equals" signature="(Ljava/lang/CharSequence;Ljava/lang/CharSequence;)Z" line-rate="0.0" branch-rate="0.0">
							<lines>
								<line number="670" hits="0" branch="true" condition-coverage="0% (0/2)">
									<conditions>
										<condition number="0" type="jump" coverage="0%"/>
									</conditions>
								</line>
								<line number="671" hits="0" branch="false"/>
								<line number="673" hits="0" branch="true" condition-coverage="0% (0/4)">
									<conditions>
										<condition number="0" type="jump" coverage="0%"/>
										<condition number="1" type="jump" coverage="0%"/>
									</conditions>
								</line>
								<line number="674" hits="0" branch="false"/>
								<line number="676" hits="0" branch="true" condition-coverage="0% (0/4)">
									<conditions>
										<condition number="0" type="jump" coverage="0%"/>
										<condition number="1" type="jump" coverage="0%"/>
									</conditions>
								</line>
								<line number="677" hits="0" branch="false"/>
								<line number="679" hits="0" branch="false"/>
							</lines>
						</method>
						<method name="equalsIgnoreCase" signature="(Ljava/lang/CharSequence;Ljava/lang/CharSequence;)Z" line-rate="0.0" branch-rate="0.0">
							<lines>
								<line number="704" hits="0" branch="true" condition-coverage="0% (0/4)">
									<conditions>
										<condition number="0" type="jump" coverage="0%"/>
										<condition number="1" type="jump" coverage="0%"/>
									</conditions>
								</line>
								<line number="705" hits="0" branch="true" condition-coverage="0% (0/2)">
									<conditions>
										<condition number="0" type="jump" coverage="0%"/>
									</conditions>
								</line>
								<line number="706" hits="0" branch="true" condition-coverage="0% (0/2)">
									<conditions>
										<condition number="0" type="jump" coverage="0%"/>
									</conditions>
								</line>
								<line number="707" hits="0" branch="false"/>
								<line number="708" hits="0" branch="true" condition-coverage="0% (0/2)">
									<conditions>
										<condition number="0" type="jump" coverage="0%"/>
									</conditions>
								</line>
								<line number="709" hits="0" branch="false"/>
								<line number="711" hits="0" branch="false"/>
							</lines>
						</method>
						<method name="getCommonPrefix" signature="([Ljava/lang/String;)Ljava/lang/String;" line-rate="0.0" branch-rate="0.0">
							<lines>
								<line number="6526" hits="0" branch="true" condition-coverage="0% (0/4)">
									<conditions>
										<condition number="0" type="jump" coverage="0%"/>
										<condition number="1" type="jump" coverage="0%"/>
									</conditions>
								</line>
								<line number="6527" hits="0" branch="false"/>
								<line number="6529" hits="0" branch="false"/>
								<line number="6530" hits="0" branch="true" condition-coverage="0% (0/2)">
									<conditions>
										<condition number="0" type="jump" coverage="0%"/>
									</conditions>
								</line>
								<line number="6532" hits="0" branch="true" condition-coverage="0% (0/2)">
									<conditions>
										<condition number="0" type="jump" coverage="0%"/>
									</conditions>
								</line>
								<line number="6533" hits="0" branch="false"/>
								<line number="6535" hits="0" branch="false"/>
								<line number="6536" hits="0" branch="true" condition-coverage="0% (0/2)">
									<conditions>
										<condition number="0" type="jump" coverage="0%"/>
									</conditions>
								</line>
								<line number="6538" hits="0" branch="false"/>
								<line number="6541" hits="0" branch="false"/>
							</lines>
						</method>
						<method name="getLevenshteinDistance" signature="(Ljava/lang/CharSequence;Ljava/lang/CharSequence;)I" line-rate="0.0" branch-rate="0.0">
							<lines>
								<line number="6584" hits="0" branch="true" condition-coverage="0% (0/4)">
									<conditions>
										<condition number="0" type="jump" coverage="0%"/>
										<condition number="1" type="jump" coverage="0%"/>
									</conditions>
								</line>
								<line number="6585" hits="0" branch="false"/>
								<line number="6605" hits="0" branch="false"/>
								<line number="6606" hits="0" branch="false"/>
								<line number="6608" hits="0" branch="true" condition-coverage="0% (0/2)">
									<conditions>
										<condition number="0" type="jump" coverage="0%"/>
									</conditions>
								</line>
								<line number="6609" hits="0" branch="false"/>
								<line number="6610" hits="0" branch="true" condition-coverage="0% (0/2)">
									<conditions>
										<condition number="0" type="jump" coverage="0%"/>
									</conditions>
								</line>
								<line number="6611" hits="0" branch="false"/>
								<line number="6614" hits="0" branch="true" condition-coverage="0% (0/2)">
									<conditions>
										<condition number="0" type="jump" coverage="0%"/>
									</conditions>
								</line>
								<line number="6616" hits="0" branch="false"/>
								<line number="6617" hits="0" branch="false"/>
								<line number="6618" hits="0" branch="false"/>
								<line number="6619" hits="0" branch="false"/>
								<line number="6620" hits="0" branch="false"/>
								<line number="6623" hits="0" branch="false"/>
								<line number="6624" hits="0" branch="false"/>
								<line number="6635" hits="0" branch="true" condition-coverage="0% (0/2)">
									<conditions>
										<condition number="0" type="jump" coverage="0%"/>
									</conditions>
								</line>
								<line number="6636" hits="0" branch="false"/>
								<line number="6639" hits="0" branch="true" condition-coverage="0% (0/2)">
									<conditions>
										<condition number="0" type="jump" coverage="0%"/>
									</conditions>
								</line>
								<line number="6640" hits="0" branch="false"/>
								<line number="6641" hits="0" branch="false"/>
								<line number="6643" hits="0" branch="true" condition-coverage="0% (0/2)">
									<conditions>
										<condition number="0" type="jump" coverage="0%"/>
									</conditions>
								</line>
								<line number="6644" hits="0" branch="true" condition-coverage="0% (0/2)">
									<conditions>
										<condition number="0" type="jump" coverage="0%"/>
									</conditions>
								</line>
								<line number="6646" hits="0" branch="false"/>
								<line number="6650" hits="0" branch="false"/>
								<line number="6651" hits="0" branch="false"/>
								<line number="6652" hits="0" branch="false"/>
								<line number="6657" hits="0" branch="false"/>
							</lines>
						</method>
						<method name="getLevenshteinDistance" signature="(Ljava/lang/CharSequence;Ljava/lang/CharSequence;I)I" line-rate="0.0" branch-rate="0.0">
							<lines>
								<line number="6693" hits="0" branch="true" condition-coverage="0% (0/4)">
									<conditions>
										<condition number="0" type="jump" coverage="0%"/>
										<condition number="1" type="jump" coverage="0%"/>
									</conditions>
								</line>
								<line number="6694" hits="0" branch="false"/>
								<line number="6696" hits="0" branch="true" condition-coverage="0% (0/2)">
									<conditions>
										<condition number="0" type="jump" coverage="0%"/>
									</conditions>
								</line>
								<line number="6697" hits="0" branch="false"/>
								<line number="6744" hits="0" branch="false"/>
								<line number="6745" hits="0" branch="false"/>
								<line number="6748" hits="0" branch="true" condition-coverage="0% (0/2)">
									<conditions>
										<condition number="0" type="jump" coverage="0%"/>
									</conditions>
								</line>
								<line number="6749" hits="0" branch="true" condition-coverage="0% (0/2)">
									<conditions>
										<condition number="0" type="jump" coverage="0%"/>
									</conditions>
								</line>
								<line number="6750" hits="0" branch="true" condition-coverage="0% (0/2)">
									<conditions>
										<condition number="0" type="jump" coverage="0%"/>
									</conditions>
								</line>
								<line number="6751" hits="0" branch="true" condition-coverage="0% (0/2)">
									<conditions>
										<condition number="0" type="jump" coverage="0%"/>
									</conditions>
								</line>
								<line number="6754" hits="0" branch="true" condition-coverage="0% (0/2)">
									<conditions>
										<condition number="0" type="jump" coverage="0%"/>
									</conditions>
								</line>
								<line number="6756" hits="0" branch="false"/>
								<line number="6757" hits="0" branch="false"/>
								<line number="6758" hits="0" branch="false"/>
								<line number="6759" hits="0" branch="false"/>
								<line number="6760" hits="0" branch="false"/>
								<line number="6763" hits="0" branch="false"/>
								<line number="6764" hits="0" branch="false"/>
								<line number="6768" hits="0" branch="false"/>
								<line number="6769" hits="0" branch="true" condition-coverage="0% (0/2)">
									<conditions>
										<condition number="0" type="jump" coverage="0%"/>
									</conditions>
								</line>
								<line number="6770" hits="0" branch="false"/>
								<line number="6774" hits="0" branch="false"/>
								<line number="6775" hits="0" branch="false"/>
								<line number="6778" hits="0" branch="true" condition-coverage="0% (0/2)">
									<conditions>
										<condition number="0" type="jump" coverage="0%"/>
									</conditions>
								</line>
								<line number="6779" hits="0" branch="false"/>
								<line number="6780" hits="0" branch="false"/>
								<line number="6783" hits="0" branch="false"/>
								<line number="6784" hits="0" branch="false"/>
								<line number="6787" hits="0" branch="true" condition-coverage="0% (0/2)">
									<conditions>
										<condition number="0" type="jump" coverage="0%"/>
									</conditions>
								</line>
								<line number="6788" hits="0" branch="false"/>
								<line number="6792" hits="0" branch="true" condition-coverage="0% (0/2)">
									<conditions>
										<condition number="0" type="jump" coverage="0%"/>
									</conditions>
								</line>
								<line number="6793" hits="0" branch="false"/>
								<line number="6797" hits="0" branch="true" condition-coverage="0% (0/2)">
									<conditions>
										<condition number="0" type="jump" coverage="0%"/>
									</conditions>
								</line>
								<line number="6798" hits="0" branch="true" condition-coverage="0% (0/2)">
									<conditions>
										<condition number="0" type="jump" coverage="0%"/>
									</conditions>
								</line>
								<line number="6800" hits="0" branch="false"/>
								<line number="6803" hits="0" branch="false"/>
								<line number="6808" hits="0" branch="false"/>
								<line number="6809" hits="0" branch="false"/>
								<line number="6810" hits="0" branch="false"/>
								<line number="6815" hits="0" branch="true" condition-coverage="0% (0/2)">
									<conditions>
										<condition number="0" type="jump" coverage="0%"/>
									</conditions>
								</line>
								<line number="6816" hits="0" branch="false"/>
								<line number="6818" hits="0" branch="false"/>
							</lines>
						</method>
						<method name="indexOf" signature="(Ljava/lang/CharSequence;I)I" line-rate="0.0" branch-rate="0.0">
							<lines>
								<line number="738" hits="0" branch="true" condition-coverage="0% (0/2)">
									<conditions>
										<condition number="0" type="jump" coverage="0%"/>
									</conditions>
								</line>
								<line number="739" hits="0" branch="false"/>
								<line number="741" hits="0" branch="false"/>
							</lines>
						</method>
						<method name="indexOf" signature="(Ljava/lang/CharSequence;II)I" line-rate="0.0" branch-rate="0.0">
							<lines>
								<line number="771" hits="0" branch="true" condition-coverage="0% (0/2)">
									<conditions>
										<condition number="0" type="jump" coverage="0%"/>
									</conditions>
								</line>
								<line number="772" hits="0" branch="false"/>
								<line number="774" hits="0" branch="false"/>
							</lines>
						</method>
						<method name="indexOf" signature="(Ljava/lang/CharSequence;Ljava/lang/CharSequence;)I" line-rate="0.0" branch-rate="0.0">
							<lines>
								<line number="802" hits="0" branch="true" condition-coverage="0% (0/4)">
									<conditions>
										<condition number="0" type="jump" coverage="0%"/>
										<condition number="1" type="jump" coverage="0%"/>
									</conditions>
								</line>
								<line number="803" hits="0" branch="false"/>
								<line number="805" hits="0" branch="false"/>
							</lines>
						</method>
						<method name="indexOf" signature="(Ljava/lang/CharSequence;Ljava/lang/CharSequence;I)I" line-rate="0.0" branch-rate="0.0">
							<lines>
								<line number="842" hits="0" branch="true" condition-coverage="0% (0/4)">
									<conditions>
										<condition number="0" type="jump" coverage="0%"/>
										<condition number="1" type="jump" coverage="0%"/>
									</conditions>
								</line>
								<line number="843" hits="0" branch="false"/>
								<line number="845" hits="0" branch="false"/>
							</lines>
						</method>
						<method name="indexOfAny" signature="(Ljava/lang/CharSequence;Ljava/lang/String;)I" line-rate="0.0" branch-rate="0.0">
							<lines>
								<line number="1448" hits="0" branch="true" condition-coverage="0% (0/4)">
									<conditions>
										<condition number="0" type="jump" coverage="0%"/>
										<condition number="1" type="jump" coverage="0%"/>
									</conditions>
								</line>
								<line number="1449" hits="0" branch="false"/>
								<line number="1451" hits="0" branch="false"/>
							</lines>
						</method>
						<method name="indexOfAny" signature="(Ljava/lang/CharSequence;[C)I" line-rate="0.0" branch-rate="0.0">
							<lines>
								<line number="1399" hits="0" branch="true" condition-coverage="0% (0/4)">
									<conditions>
										<condition number="0" type="jump" coverage="0%"/>
										<condition number="1" type="jump" coverage="0%"/>
									</conditions>
								</line>
								<line number="1400" hits="0" branch="false"/>
								<line number="1402" hits="0" branch="false"/>
								<line number="1403" hits="0" branch="false"/>
								<line number="1404" hits="0" branch="false"/>
								<line number="1405" hits="0" branch="false"/>
								<line number="1406" hits="0" branch="true" condition-coverage="0% (0/2)">
									<conditions>
										<condition number="0" type="jump" coverage="0%"/>
									</conditions>
								</line>
								<line number="1407" hits="0" branch="false"/>
								<line number="1408" hits="0" branch="true" condition-coverage="0% (0/2)">
									<conditions>
										<condition number="0" type="jump" coverage="0%"/>
									</conditions>
								</line>
								<line number="1409" hits="0" branch="true" condition-coverage="0% (0/2)">
									<conditions>
										<condition number="0" type="jump" coverage="0%"/>
									</conditions>
								</line>
								<line number="1410" hits="0" branch="true" condition-coverage="0% (0/6)">
									<conditions>
										<condition number="0" type="jump" coverage="0%"/>
										<condition number="1" type="jump" coverage="0%"/>
										<condition number="2" type="jump" coverage="0%"/>
									</conditions>
								</line>
								<line number="1412" hits="0" branch="true" condition-coverage="0% (0/2)">
									<conditions>
										<condition number="0" type="jump" coverage="0%"/>
									</conditions>
								</line>
								<line number="1413" hits="0" branch="false"/>
								<line number="1416" hits="0" branch="false"/>
								<line number="1421" hits="0" branch="false"/>
							</lines>
						</method>
						<method name="indexOfAny" signature="(Ljava/lang/CharSequence;[Ljava/lang/CharSequence;)I" line-rate="0.0" branch-rate="0.0">
							<lines>
								<line number="1826" hits="0" branch="true" condition-coverage="0% (0/4)">
									<conditions>
										<condition number="0" type="jump" coverage="0%"/>
										<condition number="1" type="jump" coverage="0%"/>
									</conditions>
								</line>
								<line number="1827" hits="0" branch="false"/>
								<line number="1829" hits="0" branch="false"/>
								<line number="1832" hits="0" branch="false"/>
								<line number="1834" hits="0" branch="false"/>
								<line number="1835" hits="0" branch="true" condition-coverage="0% (0/2)">
									<conditions>
										<condition number="0" type="jump" coverage="0%"/>
									</conditions>
								</line>
								<line number="1836" hits="0" branch="false"/>
								<line number="1837" hits="0" branch="true" condition-coverage="0% (0/2)">
									<conditions>
										<condition number="0" type="jump" coverage="0%"/>
									</conditions>
								</line>
								<line number="1838" hits="0" branch="false"/>
								<line number="1840" hits="0" branch="false"/>
								<line number="1841" hits="0" branch="true" condition-coverage="0% (0/2)">
									<conditions>
										<condition number="0" type="jump" coverage="0%"/>
									</conditions>
								</line>
								<line number="1842" hits="0" branch="false"/>
								<line number="1845" hits="0" branch="true" condition-coverage="0% (0/2)">
									<conditions>
										<condition number="0" type="jump" coverage="0%"/>
									</conditions>
								</line>
								<line number="1846" hits="0" branch="false"/>
								<line number="1850" hits="0" branch="true" condition-coverage="0% (0/2)">
									<conditions>
										<condition number="0" type="jump" coverage="0%"/>
									</conditions>
								</line>
							</lines>
						</method>
						<method name="indexOfAnyBut" signature="(Ljava/lang/CharSequence;Ljava/lang/CharSequence;)I" line-rate="0.0" branch-rate="0.0">
							<lines>
								<line number="1622" hits="0" branch="true" condition-coverage="0% (0/4)">
									<conditions>
										<condition number="0" type="jump" coverage="0%"/>
										<condition number="1" type="jump" coverage="0%"/>
									</conditions>
								</line>
								<line number="1623" hits="0" branch="false"/>
								<line number="1625" hits="0" branch="false"/>
								<line number="1626" hits="0" branch="true" condition-coverage="0% (0/2)">
									<conditions>
										<condition number="0" type="jump" coverage="0%"/>
									</conditions>
								</line>
								<line number="1627" hits="0" branch="false"/>
								<line number="1628" hits="0" branch="true" condition-coverage="0% (0/2)">
									<conditions>
										<condition number="0" type="jump" coverage="0%"/>
									</conditions>
								</line>
								<line number="1629" hits="0" branch="true" condition-coverage="0% (0/4)">
									<conditions>
										<condition number="0" type="jump" coverage="0%"/>
										<condition number="1" type="jump" coverage="0%"/>
									</conditions>
								</line>
								<line number="1630" hits="0" branch="false"/>
								<line number="1631" hits="0" branch="true" condition-coverage="0% (0/4)">
									<conditions>
										<condition number="0" type="jump" coverage="0%"/>
										<condition number="1" type="jump" coverage="0%"/>
									</conditions>
								</line>
								<line number="1632" hits="0" branch="false"/>
								<line number="1634" hits="0" branch="false"/>
								<line number="1635" hits="0" branch="true" condition-coverage="0% (0/2)">
									<conditions>
										<condition number="0" type="jump" coverage="0%"/>
									</conditions>
								</line>
								<line number="1636" hits="0" branch="false"/>
								<line number="1640" hits="0" branch="false"/>
							</lines>
						</method>
						<method name="indexOfAnyBut" signature="(Ljava/lang/CharSequence;[C)I" line-rate="0.0" branch-rate="0.0">
							<lines>
								<line number="1572" hits="0" branch="true" condition-coverage="0% (0/4)">
									<conditions>
										<condition number="0" type="jump" coverage="0%"/>
										<condition number="1" type="jump" coverage="0%"/>
									</conditions>
								</line>
								<line number="1573" hits="0" branch="false"/>
								<line number="1575" hits="0" branch="false"/>
								<line number="1576" hits="0" branch="false"/>
								<line number="1577" hits="0" branch="false"/>
								<line number="1578" hits="0" branch="false"/>
								<line number="1580" hits="0" branch="true" condition-coverage="0% (0/2)">
									<conditions>
										<condition number="0" type="jump" coverage="0%"/>
									</conditions>
								</line>
								<line number="1581" hits="0" branch="false"/>
								<line number="1582" hits="0" branch="true" condition-coverage="0% (0/2)">
									<conditions>
										<condition number="0" type="jump" coverage="0%"/>
									</conditions>
								</line>
								<line number="1583" hits="0" branch="true" condition-coverage="0% (0/2)">
									<conditions>
										<condition number="0" type="jump" coverage="0%"/>
									</conditions>
								</line>
								<line number="1584" hits="0" branch="true" condition-coverage="0% (0/6)">
									<conditions>
										<condition number="0" type="jump" coverage="0%"/>
										<condition number="1" type="jump" coverage="0%"/>
										<condition number="2" type="jump" coverage="0%"/>
									</conditions>
								</line>
								<line number="1585" hits="0" branch="true" condition-coverage="0% (0/2)">
									<conditions>
										<condition number="0" type="jump" coverage="0%"/>
									</conditions>
								</line>
								<line number="1586" hits="0" branch="false"/>
								<line number="1593" hits="0" branch="false"/>
								<line number="1595" hits="0" branch="false"/>
							</lines>
						</method>
						<method name="indexOfDifference" signature="(Ljava/lang/CharSequence;Ljava/lang/CharSequence;)I" line-rate="0.0" branch-rate="0.0">
							<lines>
								<line number="6384" hits="0" branch="true" condition-coverage="0% (0/2)">
									<conditions>
										<condition number="0" type="jump" coverage="0%"/>
									</conditions>
								</line>
								<line number="6385" hits="0" branch="false"/>
								<line number="6387" hits="0" branch="true" condition-coverage="0% (0/4)">
									<conditions>
										<condition number="0" type="jump" coverage="0%"/>
										<condition number="1" type="jump" coverage="0%"/>
									</conditions>
								</line>
								<line number="6388" hits="0" branch="false"/>
								<line number="6391" hits="0" branch="true" condition-coverage="0% (0/4)">
									<conditions>
										<condition number="0" type="jump" coverage="0%"/>
										<condition number="1" type="jump" coverage="0%"/>
									</conditions>
								</line>
								<line number="6392" hits="0" branch="true" condition-coverage="0% (0/2)">
									<conditions>
										<condition number="0" type="jump" coverage="0%"/>
									</conditions>
								</line>
								<line number="6393" hits="0" branch="false"/>
								<line number="6396" hits="0" branch="true" condition-coverage="0% (0/4)">
									<conditions>
										<condition number="0" type="jump" coverage="0%"/>
										<condition number="1" type="jump" coverage="0%"/>
									</conditions>
								</line>
								<line number="6397" hits="0" branch="false"/>
								<line number="6399" hits="0" branch="false"/>
							</lines>
						</method>
						<method name="indexOfDifference" signature="([Ljava/lang/CharSequence;)I" line-rate="0.0" branch-rate="0.0">
							<lines>
								<line number="6435" hits="0" branch="true" condition-coverage="0% (0/4)">
									<conditions>
										<condition number="0" type="jump" coverage="0%"/>
										<condition number="1" type="jump" coverage="0%"/>
									</conditions>
								</line>
								<line number="6436" hits="0" branch="false"/>
								<line number="6438" hits="0" branch="false"/>
								<line number="6439" hits="0" branch="false"/>
								<line number="6440" hits="0" branch="false"/>
								<line number="6441" hits="0" branch="false"/>
								<line number="6442" hits="0" branch="false"/>
								<line number="6447" hits="0" branch="true" condition-coverage="0% (0/2)">
									<conditions>
										<condition number="0" type="jump" coverage="0%"/>
									</conditions>
								</line>
								<line number="6448" hits="0" branch="true" condition-coverage="0% (0/2)">
									<conditions>
										<condition number="0" type="jump" coverage="0%"/>
									</conditions>
								</line>
								<line number="6449" hits="0" branch="false"/>
								<line number="6450" hits="0" branch="false"/>
								<line number="6452" hits="0" branch="false"/>
								<line number="6453" hits="0" branch="false"/>
								<line number="6454" hits="0" branch="false"/>
								<line number="6459" hits="0" branch="true" condition-coverage="0% (0/6)">
									<conditions>
										<condition number="0" type="jump" coverage="0%"/>
										<condition number="1" type="jump" coverage="0%"/>
										<condition number="2" type="jump" coverage="0%"/>
									</conditions>
								</line>
								<line number="6460" hits="0" branch="false"/>
								<line number="6464" hits="0" branch="true" condition-coverage="0% (0/2)">
									<conditions>
										<condition number="0" type="jump" coverage="0%"/>
									</conditions>
								</line>
								<line number="6465" hits="0" branch="false"/>
								<line number="6469" hits="0" branch="false"/>
								<line number="6470" hits="0" branch="true" condition-coverage="0% (0/2)">
									<conditions>
										<condition number="0" type="jump" coverage="0%"/>
									</conditions>
								</line>
								<line number="6471" hits="0" branch="false"/>
								<line number="6472" hits="0" branch="true" condition-coverage="0% (0/2)">
									<conditions>
										<condition number="0" type="jump" coverage="0%"/>
									</conditions>
								</line>
								<line number="6473" hits="0" branch="true" condition-coverage="0% (0/2)">
									<conditions>
										<condition number="0" type="jump" coverage="0%"/>
									</conditions>
								</line>
								<line number="6474" hits="0" branch="false"/>
								<line number="6475" hits="0" branch="false"/>
								<line number="6478" hits="0" branch="true" condition-coverage="0% (0/2)">
									<conditions>
										<condition number="0" type="jump" coverage="0%"/>
									</conditions>
								</line>
								<line number="6479" hits="0" branch="false"/>
								<line number="6483" hits="0" branch="true" condition-coverage="0% (0/4)">
									<conditions>
										<condition number="0" type="jump" coverage="0%"/>
										<condition number="1" type="jump" coverage="0%"/>
									</conditions>
								</line>
								<line number="6487" hits="0" branch="false"/>
								<line number="6489" hits="0" branch="false"/>
							</lines>
						</method>
						<method name="indexOfIgnoreCase" signature="(Ljava/lang/CharSequence;Ljava/lang/CharSequence;)I" line-rate="0.0" branch-rate="1.0">
							<lines>
								<line number="949" hits="0" branch="false"/>
							</lines>
						</method>
						<method name="indexOfIgnoreCase" signature="(Ljava/lang/CharSequence;Ljava/lang/CharSequence;I)I" line-rate="0.0" branch-rate="0.0">
							<lines>
								<line number="985" hits="0" branch="true" condition-coverage="0% (0/4)">
									<conditions>
										<condition number="0" type="jump" coverage="0%"/>
										<condition number="1" type="jump" coverage="0%"/>
									</conditions>
								</line>
								<line number="986" hits="0" branch="false"/>
								<line number="988" hits="0" branch="true" condition-coverage="0% (0/2)">
									<conditions>
										<condition number="0" type="jump" coverage="0%"/>
									</conditions>
								</line>
								<line number="989" hits="0" branch="false"/>
								<line number="991" hits="0" branch="false"/>
								<line number="992" hits="0" branch="true" condition-coverage="0% (0/2)">
									<conditions>
										<condition number="0" type="jump" coverage="0%"/>
									</conditions>
								</line>
								<line number="993" hits="0" branch="false"/>
								<line number="995" hits="0" branch="true" condition-coverage="0% (0/2)">
									<conditions>
										<condition number="0" type="jump" coverage="0%"/>
									</conditions>
								</line>
								<line number="996" hits="0" branch="false"/>
								<line number="998" hits="0" branch="true" condition-coverage="0% (0/2)">
									<conditions>
										<condition number="0" type="jump" coverage="0%"/>
									</conditions>
								</line>
								<line number="999" hits="0" branch="true" condition-coverage="0% (0/2)">
									<conditions>
										<condition number="0" type="jump" coverage="0%"/>
									</conditions>
								</line>
								<line number="1000" hits="0" branch="false"/>
								<line number="1003" hits="0" branch="false"/>
							</lines>
						</method>
						<method name="isAllLowerCase" signature="(Ljava/lang/CharSequence;)Z" line-rate="0.0" branch-rate="0.0">
							<lines>
								<line number="5981" hits="0" branch="true" condition-coverage="0% (0/4)">
									<conditions>
										<condition number="0" type="jump" coverage="0%"/>
										<condition number="1" type="jump" coverage="0%"/>
									</conditions>
								</line>
								<line number="5982" hits="0" branch="false"/>
								<line number="5984" hits="0" branch="false"/>
								<line number="5985" hits="0" branch="true" condition-coverage="0% (0/2)">
									<conditions>
										<condition number="0" type="jump" coverage="0%"/>
									</conditions>
								</line>
								<line number="5986" hits="0" branch="true" condition-coverage="0% (0/2)">
									<conditions>
										<condition number="0" type="jump" coverage="0%"/>
									</conditions>
								</line>
								<line number="5987" hits="0" branch="false"/>
								<line number="5990" hits="0" branch="false"/>
							</lines>
						</method>
						<method name="isAllUpperCase" signature="(Ljava/lang/CharSequence;)Z" line-rate="0.0" branch-rate="0.0">
							<lines>
								<line number="6013" hits="0" branch="true" condition-coverage="0% (0/4)">
									<conditions>
										<condition number="0" type="jump" coverage="0%"/>
										<condition number="1" type="jump" coverage="0%"/>
									</conditions>
								</line>
								<line number="6014" hits="0" branch="false"/>
								<line number="6016" hits="0" branch="false"/>
								<line number="6017" hits="0" branch="true" condition-coverage="0% (0/2)">
									<conditions>
										<condition number="0" type="jump" coverage="0%"/>
									</conditions>
								</line>
								<line number="6018" hits="0" branch="true" condition-coverage="0% (0/2)">
									<conditions>
										<condition number="0" type="jump" coverage="0%"/>
									</conditions>
								</line>
								<line number="6019" hits="0" branch="false"/>
								<line number="6022" hits="0" branch="false"/>
							</lines>
						</method>
						<method name="isAlpha" signature="(Ljava/lang/CharSequence;)Z" line-rate="0.0" branch-rate="0.0">
							<lines>
								<line number="5692" hits="0" branch="true" condition-coverage="0% (0/4)">
									<conditions>
										<condition number="0" type="jump" coverage="0%"/>
										<condition number="1" type="jump" coverage="0%"/>
									</conditions>
								</line>
								<line number="5693" hits="0" branch="false"/>
								<line number="5695" hits="0" branch="false"/>
								<line number="5696" hits="0" branch="true" condition-coverage="0% (0/2)">
									<conditions>
										<condition number="0" type="jump" coverage="0%"/>
									</conditions>
								</line>
								<line number="5697" hits="0" branch="true" condition-coverage="0% (0/2)">
									<conditions>
										<condition number="0" type="jump" coverage="0%"/>
									</conditions>
								</line>
								<line number="5698" hits="0" branch="false"/>
								<line number="5701" hits="0" branch="false"/>
							</lines>
						</method>
						<method name="isAlphaSpace" signature="(Ljava/lang/CharSequence;)Z" line-rate="0.0" branch-rate="0.0">
							<lines>
								<line number="5727" hits="0" branch="true" condition-coverage="0% (0/2)">
									<conditions>
										<condition number="0" type="jump" coverage="0%"/>
									</conditions>
								</line>
								<line number="5728" hits="0" branch="false"/>
								<line number="5730" hits="0" branch="false"/>
								<line number="5731" hits="0" branch="true" condition-coverage="0% (0/2)">
									<conditions>
										<condition number="0" type="jump" coverage="0%"/>
									</conditions>
								</line>
								<line number="5732" hits="0" branch="true" condition-coverage="0% (0/4)">
									<conditions>
										<condition number="0" type="jump" coverage="0%"/>
										<condition number="1" type="jump" coverage="0%"/>
									</conditions>
								</line>
								<line number="5733" hits="0" branch="false"/>
								<line number="5736" hits="0" branch="false"/>
							</lines>
						</method>
						<method name="isAlphanumeric" signature="(Ljava/lang/CharSequence;)Z" line-rate="0.0" branch-rate="0.0">
							<lines>
								<line number="5762" hits="0" branch="true" condition-coverage="0% (0/4)">
									<conditions>
										<condition number="0" type="jump" coverage="0%"/>
										<condition number="1" type="jump" coverage="0%"/>
									</conditions>
								</line>
								<line number="5763" hits="0" branch="false"/>
								<line number="5765" hits="0" branch="false"/>
								<line number="5766" hits="0" branch="true" condition-coverage="0% (0/2)">
									<conditions>
										<condition number="0" type="jump" coverage="0%"/>
									</conditions>
								</line>
								<line number="5767" hits="0" branch="true" condition-coverage="0% (0/2)">
									<conditions>
										<condition number="0" type="jump" coverage="0%"/>
									</conditions>
								</line>
								<line number="5768" hits="0" branch="false"/>
								<line number="5771" hits="0" branch="false"/>
							</lines>
						</method>
						<method name="isAlphanumericSpace" signature="(Ljava/lang/CharSequence;)Z" line-rate="0.0" branch-rate="0.0">
							<lines>
								<line number="5797" hits="0" branch="true" condition-coverage="0% (0/2)">
									<conditions>
										<condition number="0" type="jump" coverage="0%"/>
									</conditions>
								</line>
								<line number="5798" hits="0" branch="false"/>
								<line number="5800" hits="0" branch="false"/>
								<line number="5801" hits="0" branch="true" condition-coverage="0% (0/2)">
									<conditions>
										<condition number="0" type="jump" coverage="0%"/>
									</conditions>
								</line>
								<line number="5802" hits="0" branch="true" condition-coverage="0% (0/4)">
									<conditions>
										<condition number="0" type="jump" coverage="0%"/>
										<condition number="1" type="jump" coverage="0%"/>
									</conditions>
								</line>
								<line number="5803" hits="0" branch="false"/>
								<line number="5806" hits="0" branch="false"/>
							</lines>
						</method>
						<method name="isAsciiPrintable" signature="(Ljava/lang/CharSequence;)Z" line-rate="0.0" branch-rate="0.0">
							<lines>
								<line number="5836" hits="0" branch="true" condition-coverage="0% (0/2)">
									<conditions>
										<condition number="0" type="jump" coverage="0%"/>
									</conditions>
								</line>
								<line number="5837" hits="0" branch="false"/>
								<line number="5839" hits="0" branch="false"/>
								<line number="5840" hits="0" branch="true" condition-coverage="0% (0/2)">
									<conditions>
										<condition number="0" type="jump" coverage="0%"/>
									</conditions>
								</line>
								<line number="5841" hits="0" branch="true" condition-coverage="0% (0/2)">
									<conditions>
										<condition number="0" type="jump" coverage="0%"/>
									</conditions>
								</line>
								<line number="5842" hits="0" branch="false"/>
								<line number="5845" hits="0" branch="false"/>
							</lines>
						</method>
						<method name="isBlank" signature="(Ljava/lang/CharSequence;)Z" line-rate="0.0" branch-rate="0.0">
							<lines>
								<line number="235" hits="0" branch="true" condition-coverage="0% (0/4)">
									<conditions>
										<condition number="0" type="jump" coverage="0%"/>
										<condition number="1" type="jump" coverage="0%"/>
									</conditions>
								</line>
								<line number="236" hits="0" branch="false"/>
								<line number="238" hits="0" branch="true" condition-coverage="0% (0/2)">
									<conditions>
										<condition number="0" type="jump" coverage="0%"/>
									</conditions>
								</line>
								<line number="239" hits="0" branch="true" condition-coverage="0% (0/2)">
									<conditions>
										<condition number="0" type="jump" coverage="0%"/>
									</conditions>
								</line>
								<line number="240" hits="0" branch="false"/>
								<line number="243" hits="0" branch="false"/>
							</lines>
						</method>
						<method name="isEmpty" signature="(Ljava/lang/CharSequence;)Z" line-rate="1.0" branch-rate="1.0">
							<lines>
								<line number="195" hits="14" branch="true" condition-coverage="100% (4/4)">
									<conditions>
										<condition number="0" type="jump" coverage="100%"/>
										<condition number="1" type="jump" coverage="100%"/>
									</conditions>
								</line>
							</lines>
						</method>
						<method name="isNotBlank" signature="(Ljava/lang/CharSequence;)Z" line-rate="0.0" branch-rate="0.0">
							<lines>
								<line number="264" hits="0" branch="true" condition-coverage="0% (0/2)">
									<conditions>
										<condition number="0" type="jump" coverage="0%"/>
									</conditions>
								</line>
							</lines>
						</method>
						<method name="isNotEmpty" signature="(Ljava/lang/CharSequence;)Z" line-rate="0.0" branch-rate="0.0">
							<lines>
								<line number="214" hits="0" branch="true" condition-coverage="0% (0/2)">
									<conditions>
										<condition number="0" type="jump" coverage="0%"/>
									</conditions>
								</line>
							</lines>
						</method>
						<method name="isNumeric" signature="(Ljava/lang/CharSequence;)Z" line-rate="0.0" branch-rate="0.0">
							<lines>
								<line number="5879" hits="0" branch="true" condition-coverage="0% (0/4)">
									<conditions>
										<condition number="0" type="jump" coverage="0%"/>
										<condition number="1" type="jump" coverage="0%"/>
									</conditions>
								</line>
								<line number="5880" hits="0" branch="false"/>
								<line number="5882" hits="0" branch="false"/>
								<line number="5883" hits="0" branch="true" condition-coverage="0% (0/2)">
									<conditions>
										<condition number="0" type="jump" coverage="0%"/>
									</conditions>
								</line>
								<line number="5884" hits="0" branch="true" condition-coverage="0% (0/2)">
									<conditions>
										<condition number="0" type="jump" coverage="0%"/>
									</conditions>
								</line>
								<line number="5885" hits="0" branch="false"/>
								<line number="5888" hits="0" branch="false"/>
							</lines>
						</method>
						<method name="isNumericSpace" signature="(Ljava/lang/CharSequence;)Z" line-rate="0.0" branch-rate="0.0">
							<lines>
								<line number="5916" hits="0" branch="true" condition-coverage="0% (0/2)">
									<conditions>
										<condition number="0" type="jump" coverage="0%"/>
									</conditions>
								</line>
								<line number="5917" hits="0" branch="false"/>
								<line number="5919" hits="0" branch="false"/>
								<line number="5920" hits="0" branch="true" condition-coverage="0% (0/2)">
									<conditions>
										<condition number="0" type="jump" coverage="0%"/>
									</conditions>
								</line>
								<line number="5921" hits="0" branch="true" condition-coverage="0% (0/4)">
									<conditions>
										<condition number="0" type="jump" coverage="0%"/>
										<condition number="1" type="jump" coverage="0%"/>
									</conditions>
								</line>
								<line number="5922" hits="0" branch="false"/>
								<line number="5925" hits="0" branch="false"/>
							</lines>
						</method>
						<method name="isWhitespace" signature="(Ljava/lang/CharSequence;)Z" line-rate="0.0" branch-rate="0.0">
							<lines>
								<line number="5949" hits="0" branch="true" condition-coverage="0% (0/2)">
									<conditions>
										<condition number="0" type="jump" coverage="0%"/>
									</conditions>
								</line>
								<line number="5950" hits="0" branch="false"/>
								<line number="5952" hits="0" branch="false"/>
								<line number="5953" hits="0" branch="true" condition-coverage="0% (0/2)">
									<conditions>
										<condition number="0" type="jump" coverage="0%"/>
									</conditions>
								</line>
								<line number="5954" hits="0" branch="true" condition-coverage="0% (0/2)">
									<conditions>
										<condition number="0" type="jump" coverage="0%"/>
									</conditions>
								</line>
								<line number="5955" hits="0" branch="false"/>
								<line number="5958" hits="0" branch="false"/>
							</lines>
						</method>
						<method name="join" signature="(Ljava/lang/Iterable;C)Ljava/lang/String;" line-rate="0.0" branch-rate="0.0">
							<lines>
								<line number="3985" hits="0" branch="true" condition-coverage="0% (0/2)">
									<conditions>
										<condition number="0" type="jump" coverage="0%"/>
									</conditions>
								</line>
								<line number="3986" hits="0" branch="false"/>
								<line number="3988" hits="0" branch="false"/>
							</lines>
						</method>
						<method name="join" signature="(Ljava/lang/Iterable;Ljava/lang/String;)Ljava/lang/String;" line-rate="0.0" branch-rate="0.0">
							<lines>
[...]
							<conditions>
								<condition number="0" type="jump" coverage="0%"/>
							</conditions>
						</line>
						<line number="893" hits="0" branch="false"/>
						<line number="897" hits="0" branch="false"/>
						<line number="912" hits="0" branch="true" condition-coverage="0% (0/2)">
							<conditions>
								<condition number="0" type="jump" coverage="0%"/>
							</conditions>
						</line>
						<line number="913" hits="0" branch="false"/>
						<line number="914" hits="0" branch="true" condition-coverage="0% (0/2)">
							<conditions>
								<condition number="0" type="jump" coverage="0%"/>
							</conditions>
						</line>
						<line number="915" hits="0" branch="false"/>
						<line number="919" hits="0" branch="false"/>
						<line number="920" hits="0" branch="true" condition-coverage="0% (0/2)">
							<conditions>
								<condition number="0" type="jump" coverage="0%"/>
							</conditions>
						</line>
						<line number="921" hits="0" branch="true" condition-coverage="0% (0/2)">
							<conditions>
								<condition number="0" type="jump" coverage="0%"/>
							</conditions>
						</line>
						<line number="922" hits="0" branch="false"/>
						<line number="926" hits="0" branch="false"/>
						<line number="939" hits="0" branch="true" condition-coverage="0% (0/2)">
							<conditions>
								<condition number="0" type="jump" coverage="0%"/>
							</conditions>
						</line>
						<line number="940" hits="0" branch="false"/>
						<line number="941" hits="0" branch="true" condition-coverage="0% (0/2)">
							<conditions>
								<condition number="0" type="jump" coverage="0%"/>
							</conditions>
						</line>
						<line number="942" hits="0" branch="false"/>
						<line number="946" hits="0" branch="false"/>
						<line number="947" hits="0" branch="true" condition-coverage="0% (0/2)">
							<conditions>
								<condition number="0" type="jump" coverage="0%"/>
							</conditions>
						</line>
						<line number="948" hits="0" branch="true" condition-coverage="0% (0/2)">
							<conditions>
								<condition number="0" type="jump" coverage="0%"/>
							</conditions>
						</line>
						<line number="949" hits="0" branch="false"/>
						<line number="953" hits="0" branch="false"/>
						<line number="966" hits="0" branch="true" condition-coverage="0% (0/2)">
							<conditions>
								<condition number="0" type="jump" coverage="0%"/>
							</conditions>
						</line>
						<line number="967" hits="0" branch="false"/>
						<line number="968" hits="0" branch="true" condition-coverage="0% (0/2)">
							<conditions>
								<condition number="0" type="jump" coverage="0%"/>
							</conditions>
						</line>
						<line number="969" hits="0" branch="false"/>
						<line number="973" hits="0" branch="false"/>
						<line number="974" hits="0" branch="true" condition-coverage="0% (0/2)">
							<conditions>
								<condition number="0" type="jump" coverage="0%"/>
							</conditions>
						</line>
						<line number="975" hits="0" branch="true" condition-coverage="0% (0/2)">
							<conditions>
								<condition number="0" type="jump" coverage="0%"/>
							</conditions>
						</line>
						<line number="976" hits="0" branch="false"/>
						<line number="980" hits="0" branch="false"/>
						<line number="993" hits="0" branch="true" condition-coverage="0% (0/2)">
							<conditions>
								<condition number="0" type="jump" coverage="0%"/>
							</conditions>
						</line>
						<line number="994" hits="0" branch="false"/>
						<line number="995" hits="0" branch="true" condition-coverage="0% (0/2)">
							<conditions>
								<condition number="0" type="jump" coverage="0%"/>
							</conditions>
						</line>
						<line number="996" hits="0" branch="false"/>
						<line number="1000" hits="0" branch="false"/>
						<line number="1001" hits="0" branch="true" condition-coverage="0% (0/2)">
							<conditions>
								<condition number="0" type="jump" coverage="0%"/>
							</conditions>
						</line>
						<line number="1002" hits="0" branch="true" condition-coverage="0% (0/2)">
							<conditions>
								<condition number="0" type="jump" coverage="0%"/>
							</conditions>
						</line>
						<line number="1003" hits="0" branch="false"/>
						<line number="1007" hits="0" branch="false"/>
						<line number="1021" hits="0" branch="true" condition-coverage="0% (0/2)">
							<conditions>
								<condition number="0" type="jump" coverage="0%"/>
							</conditions>
						</line>
						<line number="1022" hits="0" branch="false"/>
						<line number="1023" hits="0" branch="true" condition-coverage="0% (0/2)">
							<conditions>
								<condition number="0" type="jump" coverage="0%"/>
							</conditions>
						</line>
						<line number="1024" hits="0" branch="false"/>
						<line number="1028" hits="0" branch="false"/>
						<line number="1029" hits="0" branch="true" condition-coverage="0% (0/2)">
							<conditions>
								<condition number="0" type="jump" coverage="0%"/>
							</conditions>
						</line>
						<line number="1030" hits="0" branch="true" condition-coverage="0% (0/2)">
							<conditions>
								<condition number="0" type="jump" coverage="0%"/>
							</conditions>
						</line>
						<line number="1031" hits="0" branch="false"/>
						<line number="1033" hits="0" branch="true" condition-coverage="0% (0/2)">
							<conditions>
								<condition number="0" type="jump" coverage="0%"/>
							</conditions>
						</line>
						<line number="1034" hits="0" branch="false"/>
						<line number="1038" hits="0" branch="false"/>
						<line number="1052" hits="0" branch="true" condition-coverage="0% (0/2)">
							<conditions>
								<condition number="0" type="jump" coverage="0%"/>
							</conditions>
						</line>
						<line number="1053" hits="0" branch="false"/>
						<line number="1054" hits="0" branch="true" condition-coverage="0% (0/2)">
							<conditions>
								<condition number="0" type="jump" coverage="0%"/>
							</conditions>
						</line>
						<line number="1055" hits="0" branch="false"/>
						<line number="1059" hits="0" branch="false"/>
						<line number="1060" hits="0" branch="true" condition-coverage="0% (0/2)">
							<conditions>
								<condition number="0" type="jump" coverage="0%"/>
							</conditions>
						</line>
						<line number="1061" hits="0" branch="true" condition-coverage="0% (0/2)">
							<conditions>
								<condition number="0" type="jump" coverage="0%"/>
							</conditions>
						</line>
						<line number="1062" hits="0" branch="false"/>
						<line number="1064" hits="0" branch="true" condition-coverage="0% (0/2)">
							<conditions>
								<condition number="0" type="jump" coverage="0%"/>
							</conditions>
						</line>
						<line number="1065" hits="0" branch="false"/>
						<line number="1069" hits="0" branch="false"/>
						<line number="1083" hits="0" branch="true" condition-coverage="0% (0/2)">
							<conditions>
								<condition number="0" type="jump" coverage="0%"/>
							</conditions>
						</line>
						<line number="1084" hits="0" branch="false"/>
						<line number="1086" hits="0" branch="true" condition-coverage="0% (0/2)">
							<conditions>
								<condition number="0" type="jump" coverage="0%"/>
							</conditions>
						</line>
						<line number="1087" hits="0" branch="false"/>
						<line number="1089" hits="0" branch="false"/>
						<line number="1101" hits="0" branch="true" condition-coverage="0% (0/2)">
							<conditions>
								<condition number="0" type="jump" coverage="0%"/>
							</conditions>
						</line>
						<line number="1102" hits="0" branch="false"/>
						<line number="1104" hits="0" branch="true" condition-coverage="0% (0/2)">
							<conditions>
								<condition number="0" type="jump" coverage="0%"/>
							</conditions>
						</line>
						<line number="1105" hits="0" branch="false"/>
						<line number="1107" hits="0" branch="false"/>
						<line number="1119" hits="0" branch="true" condition-coverage="0% (0/2)">
							<conditions>
								<condition number="0" type="jump" coverage="0%"/>
							</conditions>
						</line>
						<line number="1120" hits="0" branch="false"/>
						<line number="1122" hits="0" branch="true" condition-coverage="0% (0/2)">
							<conditions>
								<condition number="0" type="jump" coverage="0%"/>
							</conditions>
						</line>
						<line number="1123" hits="0" branch="false"/>
						<line number="1125" hits="0" branch="false"/>
						<line number="1137" hits="0" branch="true" condition-coverage="0% (0/2)">
							<conditions>
								<condition number="0" type="jump" coverage="0%"/>
							</conditions>
						</line>
						<line number="1138" hits="0" branch="false"/>
						<line number="1140" hits="0" branch="true" condition-coverage="0% (0/2)">
							<conditions>
								<condition number="0" type="jump" coverage="0%"/>
							</conditions>
						</line>
						<line number="1141" hits="0" branch="false"/>
						<line number="1143" hits="0" branch="false"/>
						<line number="1159" hits="0" branch="false"/>
						<line number="1175" hits="0" branch="false"/>
						<line number="1189" hits="0" branch="true" condition-coverage="0% (0/2)">
							<conditions>
								<condition number="0" type="jump" coverage="0%"/>
							</conditions>
						</line>
						<line number="1190" hits="0" branch="false"/>
						<line number="1192" hits="0" branch="true" condition-coverage="0% (0/2)">
							<conditions>
								<condition number="0" type="jump" coverage="0%"/>
							</conditions>
						</line>
						<line number="1193" hits="0" branch="false"/>
						<line number="1195" hits="0" branch="false"/>
						<line number="1207" hits="0" branch="true" condition-coverage="0% (0/2)">
							<conditions>
								<condition number="0" type="jump" coverage="0%"/>
							</conditions>
						</line>
						<line number="1208" hits="0" branch="false"/>
						<line number="1210" hits="0" branch="true" condition-coverage="0% (0/2)">
							<conditions>
								<condition number="0" type="jump" coverage="0%"/>
							</conditions>
						</line>
						<line number="1211" hits="0" branch="false"/>
						<line number="1213" hits="0" branch="false"/>
						<line number="1225" hits="0" branch="true" condition-coverage="0% (0/2)">
							<conditions>
								<condition number="0" type="jump" coverage="0%"/>
							</conditions>
						</line>
						<line number="1226" hits="0" branch="false"/>
						<line number="1228" hits="0" branch="true" condition-coverage="0% (0/2)">
							<conditions>
								<condition number="0" type="jump" coverage="0%"/>
							</conditions>
						</line>
						<line number="1229" hits="0" branch="false"/>
						<line number="1231" hits="0" branch="false"/>
						<line number="1243" hits="0" branch="true" condition-coverage="0% (0/2)">
							<conditions>
								<condition number="0" type="jump" coverage="0%"/>
							</conditions>
						</line>
						<line number="1244" hits="0" branch="false"/>
						<line number="1246" hits="0" branch="true" condition-coverage="0% (0/2)">
							<conditions>
								<condition number="0" type="jump" coverage="0%"/>
							</conditions>
						</line>
						<line number="1247" hits="0" branch="false"/>
						<line number="1249" hits="0" branch="false"/>
						<line number="1265" hits="0" branch="false"/>
						<line number="1281" hits="0" branch="false"/>
						<line number="1296" hits="0" branch="true" condition-coverage="0% (0/2)">
							<conditions>
								<condition number="0" type="jump" coverage="0%"/>
							</conditions>
						</line>
						<line number="1297" hits="0" branch="false"/>
						<line number="1299" hits="0" branch="true" condition-coverage="0% (0/2)">
							<conditions>
								<condition number="0" type="jump" coverage="0%"/>
							</conditions>
						</line>
						<line number="1300" hits="0" branch="true" condition-coverage="0% (0/2)">
							<conditions>
								<condition number="0" type="jump" coverage="0%"/>
							</conditions>
						</line>
						<line number="1301" hits="0" branch="false"/>
						<line number="1304" hits="0" branch="false"/>
						<line number="1321" hits="0" branch="true" condition-coverage="0% (0/2)">
							<conditions>
								<condition number="0" type="jump" coverage="0%"/>
							</conditions>
						</line>
						<line number="1322" hits="0" branch="false"/>
						<line number="1324" hits="0" branch="false"/>
						<line number="1325" hits="0" branch="false"/>
						<line number="1326" hits="0" branch="false"/>
						<line number="1327" hits="0" branch="false"/>
						<line number="1328" hits="0" branch="false"/>
						<line number="1329" hits="0" branch="false"/>
						<line number="1331" hits="0" branch="true" condition-coverage="0% (0/2)">
							<conditions>
								<condition number="0" type="jump" coverage="0%"/>
							</conditions>
						</line>
						<line number="1332" hits="0" branch="true" condition-coverage="0% (0/6)">
							<conditions>
								<condition number="0" type="jump" coverage="0%"/>
								<condition number="1" type="jump" coverage="0%"/>
								<condition number="2" type="jump" coverage="0%"/>
							</conditions>
						</line>
						<line number="1333" hits="0" branch="false"/>
						<line number="1334" hits="0" branch="true" condition-coverage="0% (0/2)">
							<conditions>
								<condition number="0" type="jump" coverage="0%"/>
							</conditions>
						</line>
						<line number="1335" hits="0" branch="false"/>
						<line number="1338" hits="0" branch="true" condition-coverage="0% (0/2)">
							<conditions>
								<condition number="0" type="jump" coverage="0%"/>
							</conditions>
						</line>
						<line number="1339" hits="0" branch="true" condition-coverage="0% (0/12)">
							<conditions>
								<condition number="0" type="jump" coverage="0%"/>
								<condition number="1" type="jump" coverage="0%"/>
								<condition number="2" type="jump" coverage="0%"/>
								<condition number="3" type="jump" coverage="0%"/>
								<condition number="4" type="jump" coverage="0%"/>
								<condition number="5" type="jump" coverage="0%"/>
							</conditions>
						</line>
						<line number="1342" hits="0" branch="false"/>
						<line number="1345" hits="0" branch="false"/>
						<line number="1347" hits="0" branch="false"/>
						<line number="1349" hits="0" branch="false"/>
						<line number="1352" hits="0" branch="true" condition-coverage="0% (0/8)">
							<conditions>
								<condition number="0" type="jump" coverage="0%"/>
								<condition number="1" type="jump" coverage="0%"/>
								<condition number="2" type="jump" coverage="0%"/>
								<condition number="3" type="jump" coverage="0%"/>
							</conditions>
						</line>
						<line number="1353" hits="0" branch="true" condition-coverage="0% (0/4)">
							<conditions>
								<condition number="0" type="jump" coverage="0%"/>
								<condition number="1" type="jump" coverage="0%"/>
							</conditions>
						</line>
						<line number="1354" hits="0" branch="false"/>
						<line number="1355" hits="0" branch="false"/>
						<line number="1357" hits="0" branch="true" condition-coverage="0% (0/2)">
							<conditions>
								<condition number="0" type="jump" coverage="0%"/>
							</conditions>
						</line>
						<line number="1358" hits="0" branch="true" condition-coverage="0% (0/4)">
							<conditions>
								<condition number="0" type="jump" coverage="0%"/>
								<condition number="1" type="jump" coverage="0%"/>
							</conditions>
						</line>
						<line number="1360" hits="0" branch="false"/>
						<line number="1362" hits="0" branch="false"/>
						<line number="1363" hits="0" branch="true" condition-coverage="0% (0/4)">
							<conditions>
								<condition number="0" type="jump" coverage="0%"/>
								<condition number="1" type="jump" coverage="0%"/>
							</conditions>
						</line>
						<line number="1365" hits="0" branch="true" condition-coverage="0% (0/2)">
							<conditions>
								<condition number="0" type="jump" coverage="0%"/>
							</conditions>
						</line>
						<line number="1367" hits="0" branch="false"/>
						<line number="1369" hits="0" branch="true" condition-coverage="0% (0/2)">
							<conditions>
								<condition number="0" type="jump" coverage="0%"/>
							</conditions>
						</line>
						<line number="1370" hits="0" branch="false"/>
						<line number="1372" hits="0" branch="false"/>
						<line number="1373" hits="0" branch="false"/>
						<line number="1374" hits="0" branch="true" condition-coverage="0% (0/4)">
							<conditions>
								<condition number="0" type="jump" coverage="0%"/>
								<condition number="1" type="jump" coverage="0%"/>
							</conditions>
						</line>
						<line number="1375" hits="0" branch="true" condition-coverage="0% (0/2)">
							<conditions>
								<condition number="0" type="jump" coverage="0%"/>
							</conditions>
						</line>
						<line number="1376" hits="0" branch="false"/>
						<line number="1378" hits="0" branch="false"/>
						<line number="1379" hits="0" branch="false"/>
						<line number="1381" hits="0" branch="false"/>
						<line number="1383" hits="0" branch="false"/>
						<line number="1385" hits="0" branch="true" condition-coverage="0% (0/2)">
							<conditions>
								<condition number="0" type="jump" coverage="0%"/>
							</conditions>
						</line>
						<line number="1386" hits="0" branch="true" condition-coverage="0% (0/4)">
							<conditions>
								<condition number="0" type="jump" coverage="0%"/>
								<condition number="1" type="jump" coverage="0%"/>
							</conditions>
						</line>
						<line number="1388" hits="0" branch="false"/>
						<line number="1390" hits="0" branch="true" condition-coverage="0% (0/4)">
							<conditions>
								<condition number="0" type="jump" coverage="0%"/>
								<condition number="1" type="jump" coverage="0%"/>
							</conditions>
						</line>
						<line number="1392" hits="0" branch="false"/>
						<line number="1394" hits="0" branch="true" condition-coverage="0% (0/2)">
							<conditions>
								<condition number="0" type="jump" coverage="0%"/>
							</conditions>
						</line>
						<line number="1395" hits="0" branch="true" condition-coverage="0% (0/4)">
							<conditions>
								<condition number="0" type="jump" coverage="0%"/>
								<condition number="1" type="jump" coverage="0%"/>
							</conditions>
						</line>
						<line number="1397" hits="0" branch="false"/>
						<line number="1400" hits="0" branch="false"/>
						<line number="1402" hits="0" branch="true" condition-coverage="0% (0/10)">
							<conditions>
								<condition number="0" type="jump" coverage="0%"/>
								<condition number="1" type="jump" coverage="0%"/>
								<condition number="2" type="jump" coverage="0%"/>
								<condition number="3" type="jump" coverage="0%"/>
								<condition number="4" type="jump" coverage="0%"/>
							</conditions>
						</line>
						<line number="1407" hits="0" branch="false"/>
						<line number="1409" hits="0" branch="true" condition-coverage="0% (0/4)">
							<conditions>
								<condition number="0" type="jump" coverage="0%"/>
								<condition number="1" type="jump" coverage="0%"/>
							</conditions>
						</line>
						<line number="1412" hits="0" branch="true" condition-coverage="0% (0/6)">
							<conditions>
								<condition number="0" type="jump" coverage="0%"/>
								<condition number="1" type="jump" coverage="0%"/>
								<condition number="2" type="jump" coverage="0%"/>
							</conditions>
						</line>
						<line number="1415" hits="0" branch="false"/>
						<line number="1419" hits="0" branch="true" condition-coverage="0% (0/4)">
							<conditions>
								<condition number="0" type="jump" coverage="0%"/>
								<condition number="1" type="jump" coverage="0%"/>
							</conditions>
						</line>
					</lines>
				</class>
			</classes>
		</package>
	</packages>
</coverage>
