<?xml version="1.0"?>
<!DOCTYPE coverage SYSTEM "http://cobertura.sourceforge.net/xml/coverage-04.dtd">

<coverage line-rate="0.010492700729927007" branch-rate="0.0010209290454313426" lines-covered="23" lines-valid="2192" branches-covered="2" branches-valid="1959" complexity="4.913888888888889" version="2.0.3" timestamp="1660163904269">
	<sources>
		<source>src/main/java</source>
	</sources>
	<packages>
		<package name="org.apache.commons.lang3" line-rate="0.010492700729927007" branch-rate="0.0010209290454313426" complexity="4.913888888888889">
			<classes>
				<class name="org.apache.commons.lang3.ArrayUtils" filename="org/apache/commons/lang3/ArrayUtils.java" line-rate="0.022395326192794548" branch-rate="0.002188183807439825" complexity="4.232673267326732">
					<methods>
						<method name="&lt;clinit&gt;" signature="()V" line-rate="1.0" branch-rate="1.0">
							<lines>
								<line number="56" hits="1" branch="false"/>
								<line number="60" hits="1" branch="false"/>
								<line number="64" hits="1" branch="false"/>
								<line number="68" hits="1" branch="false"/>
								<line number="72" hits="1" branch="false"/>
								<line number="76" hits="1" branch="false"/>
								<line number="80" hits="1" branch="false"/>
								<line number="84" hits="1" branch="false"/>
								<line number="88" hits="1" branch="false"/>
								<line number="92" hits="1" branch="false"/>
								<line number="96" hits="1" branch="false"/>
								<line number="100" hits="1" branch="false"/>
								<line number="104" hits="1" branch="false"/>
								<line number="108" hits="1" branch="false"/>
								<line number="112" hits="1" branch="false"/>
								<line number="116" hits="1" branch="false"/>
								<line number="120" hits="1" branch="false"/>
								<line number="124" hits="1" branch="false"/>
								<line number="128" hits="1" branch="false"/>
							</lines>
						</method>
						<method name="&lt;init&gt;" signature="()V" line-rate="0.0" branch-rate="1.0">
							<lines>
								<line number="145" hits="0" branch="false"/>
								<line number="146" hits="0" branch="false"/>
							</lines>
						</method>
						<method name="add" signature="(Ljava/lang/Object;ILjava/lang/Object;Ljava/lang/Class;)Ljava/lang/Object;" line-rate="0.0" branch-rate="0.0">
							<lines>
								<line number="4306" hits="0" branch="true" condition-coverage="0% (0/2)">
									<conditions>
										<condition number="0" type="jump" coverage="0%"/>
									</conditions>
								</line>
								<line number="4307" hits="0" branch="true" condition-coverage="0% (0/2)">
									<conditions>
										<condition number="0" type="jump" coverage="0%"/>
									</conditions>
								</line>
								<line number="4308" hits="0" branch="false"/>
								<line number="4310" hits="0" branch="false"/>
								<line number="4311" hits="0" branch="false"/>
								<line number="4312" hits="0" branch="false"/>
								<line number="4314" hits="0" branch="false"/>
								<line number="4315" hits="0" branch="true" condition-coverage="0% (0/4)">
									<conditions>
										<condition number="0" type="jump" coverage="0%"/>
										<condition number="1" type="jump" coverage="0%"/>
									</conditions>
								</line>
								<line number="4316" hits="0" branch="false"/>
								<line number="4318" hits="0" branch="false"/>
								<line number="4319" hits="0" branch="false"/>
								<line number="4320" hits="0" branch="false"/>
								<line number="4321" hits="0" branch="true" condition-coverage="0% (0/2)">
									<conditions>
										<condition number="0" type="jump" coverage="0%"/>
									</conditions>
								</line>
								<line number="4322" hits="0" branch="false"/>
								<line number="4324" hits="0" branch="false"/>
							</lines>
						</method>
						<method name="add" signature="([BB)[B" line-rate="0.0" branch-rate="1.0">
							<lines>
								<line number="3816" hits="0" branch="false"/>
								<line number="3817" hits="0" branch="false"/>
								<line number="3818" hits="0" branch="false"/>
							</lines>
						</method>
						<method name="add" signature="([BIB)[B" line-rate="0.0" branch-rate="1.0">
							<lines>
								<line number="4136" hits="0" branch="false"/>
							</lines>
						</method>
						<method name="add" signature="([CC)[C" line-rate="0.0" branch-rate="1.0">
							<lines>
								<line number="3843" hits="0" branch="false"/>
								<line number="3844" hits="0" branch="false"/>
								<line number="3845" hits="0" branch="false"/>
							</lines>
						</method>
						<method name="add" signature="([CIC)[C" line-rate="0.0" branch-rate="1.0">
							<lines>
								<line number="4105" hits="0" branch="false"/>
							</lines>
						</method>
						<method name="add" signature="([DD)[D" line-rate="0.0" branch-rate="1.0">
							<lines>
								<line number="3870" hits="0" branch="false"/>
								<line number="3871" hits="0" branch="false"/>
								<line number="3872" hits="0" branch="false"/>
							</lines>
						</method>
						<method name="add" signature="([DID)[D" line-rate="0.0" branch-rate="1.0">
							<lines>
								<line number="4291" hits="0" branch="false"/>
							</lines>
						</method>
						<method name="add" signature="([FF)[F" line-rate="0.0" branch-rate="1.0">
							<lines>
								<line number="3897" hits="0" branch="false"/>
								<line number="3898" hits="0" branch="false"/>
								<line number="3899" hits="0" branch="false"/>
							</lines>
						</method>
						<method name="add" signature="([FIF)[F" line-rate="0.0" branch-rate="1.0">
							<lines>
								<line number="4260" hits="0" branch="false"/>
							</lines>
						</method>
						<method name="add" signature="([II)[I" line-rate="0.0" branch-rate="1.0">
							<lines>
								<line number="3924" hits="0" branch="false"/>
								<line number="3925" hits="0" branch="false"/>
								<line number="3926" hits="0" branch="false"/>
							</lines>
						</method>
						<method name="add" signature="([III)[I" line-rate="0.0" branch-rate="1.0">
							<lines>
								<line number="4198" hits="0" branch="false"/>
							</lines>
						</method>
						<method name="add" signature="([JIJ)[J" line-rate="0.0" branch-rate="1.0">
							<lines>
								<line number="4229" hits="0" branch="false"/>
							</lines>
						</method>
						<method name="add" signature="([JJ)[J" line-rate="0.0" branch-rate="1.0">
							<lines>
								<line number="3951" hits="0" branch="false"/>
								<line number="3952" hits="0" branch="false"/>
								<line number="3953" hits="0" branch="false"/>
							</lines>
						</method>
						<method name="add" signature="([Ljava/lang/Object;ILjava/lang/Object;)[Ljava/lang/Object;" line-rate="0.0" branch-rate="0.0">
							<lines>
								<line number="4032" hits="0" branch="false"/>
								<line number="4033" hits="0" branch="true" condition-coverage="0% (0/2)">
									<conditions>
										<condition number="0" type="jump" coverage="0%"/>
									</conditions>
								</line>
								<line number="4034" hits="0" branch="false"/>
								<line number="4035" hits="0" branch="true" condition-coverage="0% (0/2)">
									<conditions>
										<condition number="0" type="jump" coverage="0%"/>
									</conditions>
								</line>
								<line number="4036" hits="0" branch="false"/>
								<line number="4038" hits="0" branch="false"/>
								<line number="4041" hits="0" branch="false"/>
								<line number="4042" hits="0" branch="false"/>
							</lines>
						</method>
						<method name="add" signature="([Ljava/lang/Object;Ljava/lang/Object;)[Ljava/lang/Object;" line-rate="0.0" branch-rate="0.0">
							<lines>
								<line number="3754" hits="0" branch="true" condition-coverage="0% (0/2)">
									<conditions>
										<condition number="0" type="jump" coverage="0%"/>
									</conditions>
								</line>
								<line number="3755" hits="0" branch="false"/>
								<line number="3756" hits="0" branch="true" condition-coverage="0% (0/2)">
									<conditions>
										<condition number="0" type="jump" coverage="0%"/>
									</conditions>
								</line>
								<line number="3757" hits="0" branch="false"/>
								<line number="3759" hits="0" branch="false"/>
								<line number="3762" hits="0" branch="false"/>
								<line number="3763" hits="0" branch="false"/>
								<line number="3764" hits="0" branch="false"/>
							</lines>
						</method>
						<method name="add" signature="([SIS)[S" line-rate="0.0" branch-rate="1.0">
							<lines>
								<line number="4167" hits="0" branch="false"/>
							</lines>
						</method>
						<method name="add" signature="([SS)[S" line-rate="0.0" branch-rate="1.0">
							<lines>
								<line number="3978" hits="0" branch="false"/>
								<line number="3979" hits="0" branch="false"/>
								<line number="3980" hits="0" branch="false"/>
							</lines>
						</method>
						<method name="add" signature="([ZIZ)[Z" line-rate="0.0" branch-rate="1.0">
							<lines>
								<line number="4073" hits="0" branch="false"/>
							</lines>
						</method>
						<method name="add" signature="([ZZ)[Z" line-rate="0.0" branch-rate="1.0">
							<lines>
								<line number="3789" hits="0" branch="false"/>
								<line number="3790" hits="0" branch="false"/>
								<line number="3791" hits="0" branch="false"/>
							</lines>
						</method>
						<method name="addAll" signature="([B[B)[B" line-rate="0.0" branch-rate="0.0">
							<lines>
								<line number="3568" hits="0" branch="true" condition-coverage="0% (0/2)">
									<conditions>
										<condition number="0" type="jump" coverage="0%"/>
									</conditions>
								</line>
								<line number="3569" hits="0" branch="false"/>
								<line number="3570" hits="0" branch="true" condition-coverage="0% (0/2)">
									<conditions>
										<condition number="0" type="jump" coverage="0%"/>
									</conditions>
								</line>
								<line number="3571" hits="0" branch="false"/>
								<line number="3573" hits="0" branch="false"/>
								<line number="3574" hits="0" branch="false"/>
								<line number="3575" hits="0" branch="false"/>
								<line number="3576" hits="0" branch="false"/>
							</lines>
						</method>
						<method name="addAll" signature="([C[C)[C" line-rate="0.0" branch-rate="0.0">
							<lines>
								<line number="3539" hits="0" branch="true" condition-coverage="0% (0/2)">
									<conditions>
										<condition number="0" type="jump" coverage="0%"/>
									</conditions>
								</line>
								<line number="3540" hits="0" branch="false"/>
								<line number="3541" hits="0" branch="true" condition-coverage="0% (0/2)">
									<conditions>
										<condition number="0" type="jump" coverage="0%"/>
									</conditions>
								</line>
								<line number="3542" hits="0" branch="false"/>
								<line number="3544" hits="0" branch="false"/>
								<line number="3545" hits="0" branch="false"/>
								<line number="3546" hits="0" branch="false"/>
								<line number="3547" hits="0" branch="false"/>
							</lines>
						</method>
						<method name="addAll" signature="([D[D)[D" line-rate="0.0" branch-rate="0.0">
							<lines>
								<line number="3713" hits="0" branch="true" condition-coverage="0% (0/2)">
									<conditions>
										<condition number="0" type="jump" coverage="0%"/>
									</conditions>
								</line>
								<line number="3714" hits="0" branch="false"/>
								<line number="3715" hits="0" branch="true" condition-coverage="0% (0/2)">
									<conditions>
										<condition number="0" type="jump" coverage="0%"/>
									</conditions>
								</line>
								<line number="3716" hits="0" branch="false"/>
								<line number="3718" hits="0" branch="false"/>
								<line number="3719" hits="0" branch="false"/>
								<line number="3720" hits="0" branch="false"/>
								<line number="3721" hits="0" branch="false"/>
							</lines>
						</method>
						<method name="addAll" signature="([F[F)[F" line-rate="0.0" branch-rate="0.0">
							<lines>
								<line number="3684" hits="0" branch="true" condition-coverage="0% (0/2)">
									<conditions>
										<condition number="0" type="jump" coverage="0%"/>
									</conditions>
								</line>
								<line number="3685" hits="0" branch="false"/>
								<line number="3686" hits="0" branch="true" condition-coverage="0% (0/2)">
									<conditions>
										<condition number="0" type="jump" coverage="0%"/>
									</conditions>
								</line>
								<line number="3687" hits="0" branch="false"/>
								<line number="3689" hits="0" branch="false"/>
								<line number="3690" hits="0" branch="false"/>
								<line number="3691" hits="0" branch="false"/>
								<line number="3692" hits="0" branch="false"/>
							</lines>
						</method>
						<method name="addAll" signature="([I[I)[I" line-rate="0.0" branch-rate="0.0">
							<lines>
								<line number="3626" hits="0" branch="true" condition-coverage="0% (0/2)">
									<conditions>
										<condition number="0" type="jump" coverage="0%"/>
									</conditions>
								</line>
								<line number="3627" hits="0" branch="false"/>
								<line number="3628" hits="0" branch="true" condition-coverage="0% (0/2)">
									<conditions>
										<condition number="0" type="jump" coverage="0%"/>
									</conditions>
								</line>
								<line number="3629" hits="0" branch="false"/>
								<line number="3631" hits="0" branch="false"/>
								<line number="3632" hits="0" branch="false"/>
								<line number="3633" hits="0" branch="false"/>
								<line number="3634" hits="0" branch="false"/>
							</lines>
						</method>
						<method name="addAll" signature="([J[J)[J" line-rate="0.0" branch-rate="0.0">
							<lines>
								<line number="3655" hits="0" branch="true" condition-coverage="0% (0/2)">
									<conditions>
										<condition number="0" type="jump" coverage="0%"/>
									</conditions>
								</line>
								<line number="3656" hits="0" branch="false"/>
								<line number="3657" hits="0" branch="true" condition-coverage="0% (0/2)">
									<conditions>
										<condition number="0" type="jump" coverage="0%"/>
									</conditions>
								</line>
								<line number="3658" hits="0" branch="false"/>
								<line number="3660" hits="0" branch="false"/>
								<line number="3661" hits="0" branch="false"/>
								<line number="3662" hits="0" branch="false"/>
								<line number="3663" hits="0" branch="false"/>
							</lines>
						</method>
						<method name="addAll" signature="([Ljava/lang/Object;[Ljava/lang/Object;)[Ljava/lang/Object;" line-rate="0.0" branch-rate="0.0">
							<lines>
								<line number="3465" hits="0" branch="true" condition-coverage="0% (0/2)">
									<conditions>
										<condition number="0" type="jump" coverage="0%"/>
									</conditions>
								</line>
								<line number="3466" hits="0" branch="false"/>
								<line number="3467" hits="0" branch="true" condition-coverage="0% (0/2)">
									<conditions>
										<condition number="0" type="jump" coverage="0%"/>
									</conditions>
								</line>
								<line number="3468" hits="0" branch="false"/>
								<line number="3470" hits="0" branch="false"/>
								<line number="3472" hits="0" branch="false"/>
								<line number="3473" hits="0" branch="false"/>
								<line number="3475" hits="0" branch="false"/>
								<line number="3476" hits="0" branch="false"/>
								<line number="3483" hits="0" branch="false"/>
								<line number="3484" hits="0" branch="true" condition-coverage="0% (0/2)">
									<conditions>
										<condition number="0" type="jump" coverage="0%"/>
									</conditions>
								</line>
								<line number="3485" hits="0" branch="false"/>
								<line number="3487" hits="0" branch="false"/>
								<line number="3488" hits="0" branch="false"/>
								<line number="3489" hits="0" branch="false"/>
							</lines>
						</method>
						<method name="addAll" signature="([S[S)[S" line-rate="0.0" branch-rate="0.0">
							<lines>
								<line number="3597" hits="0" branch="true" condition-coverage="0% (0/2)">
									<conditions>
										<condition number="0" type="jump" coverage="0%"/>
									</conditions>
								</line>
								<line number="3598" hits="0" branch="false"/>
								<line number="3599" hits="0" branch="true" condition-coverage="0% (0/2)">
									<conditions>
										<condition number="0" type="jump" coverage="0%"/>
									</conditions>
								</line>
								<line number="3600" hits="0" branch="false"/>
								<line number="3602" hits="0" branch="false"/>
								<line number="3603" hits="0" branch="false"/>
								<line number="3604" hits="0" branch="false"/>
								<line number="3605" hits="0" branch="false"/>
							</lines>
						</method>
						<method name="addAll" signature="([Z[Z)[Z" line-rate="0.0" branch-rate="0.0">
							<lines>
								<line number="3510" hits="0" branch="true" condition-coverage="0% (0/2)">
									<conditions>
										<condition number="0" type="jump" coverage="0%"/>
									</conditions>
								</line>
								<line number="3511" hits="0" branch="false"/>
								<line number="3512" hits="0" branch="true" condition-coverage="0% (0/2)">
									<conditions>
										<condition number="0" type="jump" coverage="0%"/>
									</conditions>
								</line>
								<line number="3513" hits="0" branch="false"/>
								<line number="3515" hits="0" branch="false"/>
								<line number="3516" hits="0" branch="false"/>
								<line number="3517" hits="0" branch="false"/>
								<line number="3518" hits="0" branch="false"/>
							</lines>
						</method>
						<method name="clone" signature="([B)[B" line-rate="0.0" branch-rate="0.0">
							<lines>
								<line number="392" hits="0" branch="true" condition-coverage="0% (0/2)">
									<conditions>
										<condition number="0" type="jump" coverage="0%"/>
									</conditions>
								</line>
								<line number="393" hits="0" branch="false"/>
								<line number="395" hits="0" branch="false"/>
							</lines>
						</method>
						<method name="clone" signature="([C)[C" line-rate="0.0" branch-rate="0.0">
							<lines>
								<line number="376" hits="0" branch="true" condition-coverage="0% (0/2)">
									<conditions>
										<condition number="0" type="jump" coverage="0%"/>
									</conditions>
								</line>
								<line number="377" hits="0" branch="false"/>
								<line number="379" hits="0" branch="false"/>
							</lines>
						</method>
						<method name="clone" signature="([D)[D" line-rate="0.0" branch-rate="0.0">
							<lines>
								<line number="408" hits="0" branch="true" condition-coverage="0% (0/2)">
									<conditions>
										<condition number="0" type="jump" coverage="0%"/>
									</conditions>
								</line>
								<line number="409" hits="0" branch="false"/>
								<line number="411" hits="0" branch="false"/>
							</lines>
						</method>
						<method name="clone" signature="([F)[F" line-rate="0.0" branch-rate="0.0">
							<lines>
								<line number="424" hits="0" branch="true" condition-coverage="0% (0/2)">
									<conditions>
										<condition number="0" type="jump" coverage="0%"/>
									</conditions>
								</line>
								<line number="425" hits="0" branch="false"/>
								<line number="427" hits="0" branch="false"/>
							</lines>
						</method>
						<method name="clone" signature="([I)[I" line-rate="0.0" branch-rate="0.0">
							<lines>
								<line number="344" hits="0" branch="true" condition-coverage="0% (0/2)">
									<conditions>
										<condition number="0" type="jump" coverage="0%"/>
									</conditions>
								</line>
								<line number="345" hits="0" branch="false"/>
								<line number="347" hits="0" branch="false"/>
							</lines>
						</method>
						<method name="clone" signature="([J)[J" line-rate="0.0" branch-rate="0.0">
							<lines>
								<line number="328" hits="0" branch="true" condition-coverage="0% (0/2)">
									<conditions>
										<condition number="0" type="jump" coverage="0%"/>
									</conditions>
								</line>
								<line number="329" hits="0" branch="false"/>
								<line number="331" hits="0" branch="false"/>
							</lines>
						</method>
						<method name="clone" signature="([Ljava/lang/Object;)[Ljava/lang/Object;" line-rate="0.0" branch-rate="0.0">
							<lines>
								<line number="312" hits="0" branch="true" condition-coverage="0% (0/2)">
									<conditions>
										<condition number="0" type="jump" coverage="0%"/>
									</conditions>
								</line>
								<line number="313" hits="0" branch="false"/>
								<line number="315" hits="0" branch="false"/>
							</lines>
						</method>
						<method name="clone" signature="([S)[S" line-rate="0.0" branch-rate="0.0">
							<lines>
								<line number="360" hits="0" branch="true" condition-coverage="0% (0/2)">
									<conditions>
										<condition number="0" type="jump" coverage="0%"/>
									</conditions>
								</line>
								<line number="361" hits="0" branch="false"/>
								<line number="363" hits="0" branch="false"/>
							</lines>
						</method>
						<method name="clone" signature="([Z)[Z" line-rate="0.0" branch-rate="0.0">
							<lines>
								<line number="440" hits="0" branch="true" condition-coverage="0% (0/2)">
									<conditions>
										<condition number="0" type="jump" coverage="0%"/>
									</conditions>
								</line>
								<line number="441" hits="0" branch="false"/>
								<line number="443" hits="0" branch="false"/>
							</lines>
						</method>
						<method name="contains" signature="([BB)Z" line-rate="0.0" branch-rate="0.0">
							<lines>
								<line number="2232" hits="0" branch="true" condition-coverage="0% (0/2)">
									<conditions>
										<condition number="0" type="jump" coverage="0%"/>
									</conditions>
								</line>
							</lines>
						</method>
						<method name="contains" signature="([CC)Z" line-rate="0.0" branch-rate="0.0">
							<lines>
								<line number="2129" hits="0" branch="true" condition-coverage="0% (0/2)">
									<conditions>
										<condition number="0" type="jump" coverage="0%"/>
									</conditions>
								</line>
							</lines>
						</method>
						<method name="contains" signature="([DD)Z" line-rate="0.0" branch-rate="0.0">
							<lines>
								<line number="2439" hits="0" branch="true" condition-coverage="0% (0/2)">
									<conditions>
										<condition number="0" type="jump" coverage="0%"/>
									</conditions>
								</line>
							</lines>
						</method>
						<method name="contains" signature="([DDD)Z" line-rate="0.0" branch-rate="0.0">
							<lines>
								<line number="2456" hits="0" branch="true" condition-coverage="0% (0/2)">
									<conditions>
										<condition number="0" type="jump" coverage="0%"/>
									</conditions>
								</line>
							</lines>
						</method>
						<method name="contains" signature="([FF)Z" line-rate="0.0" branch-rate="0.0">
							<lines>
								<line number="2559" hits="0" branch="true" condition-coverage="0% (0/2)">
									<conditions>
										<condition number="0" type="jump" coverage="0%"/>
									</conditions>
								</line>
							</lines>
						</method>
						<method name="contains" signature="([II)Z" line-rate="0.0" branch-rate="0.0">
							<lines>
								<line number="1918" hits="0" branch="true" condition-coverage="0% (0/2)">
									<conditions>
										<condition number="0" type="jump" coverage="0%"/>
									</conditions>
								</line>
							</lines>
						</method>
						<method name="contains" signature="([JJ)Z" line-rate="0.0" branch-rate="0.0">
							<lines>
								<line number="1815" hits="0" branch="true" condition-coverage="0% (0/2)">
									<conditions>
										<condition number="0" type="jump" coverage="0%"/>
									</conditions>
								</line>
							</lines>
						</method>
						<method name="contains" signature="([Ljava/lang/Object;Ljava/lang/Object;)Z" line-rate="0.0" branch-rate="0.0">
							<lines>
								<line number="1712" hits="0" branch="true" condition-coverage="0% (0/2)">
									<conditions>
										<condition number="0" type="jump" coverage="0%"/>
									</conditions>
								</line>
							</lines>
						</method>
						<method name="contains" signature="([SS)Z" line-rate="0.0" branch-rate="0.0">
							<lines>
								<line number="2021" hits="0" branch="true" condition-coverage="0% (0/2)">
									<conditions>
										<condition number="0" type="jump" coverage="0%"/>
									</conditions>
								</line>
							</lines>
						</method>
						<method name="contains" signature="([ZZ)Z" line-rate="0.0" branch-rate="0.0">
							<lines>
								<line number="2664" hits="0" branch="true" condition-coverage="0% (0/2)">
									<conditions>
										<condition number="0" type="jump" coverage="0%"/>
									</conditions>
								</line>
							</lines>
						</method>
						<method name="copyArrayGrow1" signature="(Ljava/lang/Object;Ljava/lang/Class;)Ljava/lang/Object;" line-rate="0.0" branch-rate="0.0">
							<lines>
								<line number="3993" hits="0" branch="true" condition-coverage="0% (0/2)">
									<conditions>
										<condition number="0" type="jump" coverage="0%"/>
									</conditions>
								</line>
								<line number="3994" hits="0" branch="false"/>
								<line number="3995" hits="0" branch="false"/>
								<line number="3996" hits="0" branch="false"/>
								<line number="3997" hits="0" branch="false"/>
								<line number="3999" hits="0" branch="false"/>
							</lines>
						</method>
						<method name="getLength" signature="(Ljava/lang/Object;)I" line-rate="0.0" branch-rate="0.0">
							<lines>
								<line number="1360" hits="0" branch="true" condition-coverage="0% (0/2)">
									<conditions>
										<condition number="0" type="jump" coverage="0%"/>
									</conditions>
								</line>
								<line number="1361" hits="0" branch="false"/>
								<line number="1363" hits="0" branch="false"/>
							</lines>
						</method>
						<method name="indexOf" signature="([BB)I" line-rate="0.0" branch-rate="1.0">
							<lines>
								<line number="2145" hits="0" branch="false"/>
							</lines>
						</method>
						<method name="indexOf" signature="([BBI)I" line-rate="0.0" branch-rate="0.0">
							<lines>
								<line number="2163" hits="0" branch="true" condition-coverage="0% (0/2)">
									<conditions>
										<condition number="0" type="jump" coverage="0%"/>
									</conditions>
								</line>
								<line number="2164" hits="0" branch="false"/>
								<line number="2166" hits="0" branch="true" condition-coverage="0% (0/2)">
									<conditions>
										<condition number="0" type="jump" coverage="0%"/>
									</conditions>
								</line>
								<line number="2167" hits="0" branch="false"/>
								<line number="2169" hits="0" branch="true" condition-coverage="0% (0/2)">
									<conditions>
										<condition number="0" type="jump" coverage="0%"/>
									</conditions>
								</line>
								<line number="2170" hits="0" branch="true" condition-coverage="0% (0/2)">
									<conditions>
										<condition number="0" type="jump" coverage="0%"/>
									</conditions>
								</line>
								<line number="2171" hits="0" branch="false"/>
								<line number="2174" hits="0" branch="false"/>
							</lines>
						</method>
						<method name="indexOf" signature="([CC)I" line-rate="0.0" branch-rate="1.0">
							<lines>
								<line number="2038" hits="0" branch="false"/>
							</lines>
						</method>
						<method name="indexOf" signature="([CCI)I" line-rate="0.0" branch-rate="0.0">
							<lines>
								<line number="2057" hits="0" branch="true" condition-coverage="0% (0/2)">
									<conditions>
										<condition number="0" type="jump" coverage="0%"/>
									</conditions>
								</line>
								<line number="2058" hits="0" branch="false"/>
								<line number="2060" hits="0" branch="true" condition-coverage="0% (0/2)">
									<conditions>
										<condition number="0" type="jump" coverage="0%"/>
									</conditions>
								</line>
								<line number="2061" hits="0" branch="false"/>
								<line number="2063" hits="0" branch="true" condition-coverage="0% (0/2)">
									<conditions>
										<condition number="0" type="jump" coverage="0%"/>
									</conditions>
								</line>
								<line number="2064" hits="0" branch="true" condition-coverage="0% (0/2)">
									<conditions>
										<condition number="0" type="jump" coverage="0%"/>
									</conditions>
								</line>
								<line number="2065" hits="0" branch="false"/>
								<line number="2068" hits="0" branch="false"/>
							</lines>
						</method>
						<method name="indexOf" signature="([DD)I" line-rate="0.0" branch-rate="1.0">
							<lines>
								<line number="2248" hits="0" branch="false"/>
							</lines>
						</method>
						<method name="indexOf" signature="([DDD)I" line-rate="0.0" branch-rate="1.0">
							<lines>
								<line number="2265" hits="0" branch="false"/>
							</lines>
						</method>
						<method name="indexOf" signature="([DDI)I" line-rate="0.0" branch-rate="0.0">
							<lines>
								<line number="2283" hits="0" branch="true" condition-coverage="0% (0/2)">
									<conditions>
										<condition number="0" type="jump" coverage="0%"/>
									</conditions>
								</line>
								<line number="2284" hits="0" branch="false"/>
								<line number="2286" hits="0" branch="true" condition-coverage="0% (0/2)">
									<conditions>
										<condition number="0" type="jump" coverage="0%"/>
									</conditions>
								</line>
								<line number="2287" hits="0" branch="false"/>
								<line number="2289" hits="0" branch="true" condition-coverage="0% (0/2)">
									<conditions>
										<condition number="0" type="jump" coverage="0%"/>
									</conditions>
								</line>
								<line number="2290" hits="0" branch="true" condition-coverage="0% (0/2)">
									<conditions>
										<condition number="0" type="jump" coverage="0%"/>
									</conditions>
								</line>
								<line number="2291" hits="0" branch="false"/>
								<line number="2294" hits="0" branch="false"/>
							</lines>
						</method>
						<method name="indexOf" signature="([DDID)I" line-rate="0.0" branch-rate="0.0">
							<lines>
								<line number="2315" hits="0" branch="true" condition-coverage="0% (0/2)">
									<conditions>
										<condition number="0" type="jump" coverage="0%"/>
									</conditions>
								</line>
								<line number="2316" hits="0" branch="false"/>
								<line number="2318" hits="0" branch="true" condition-coverage="0% (0/2)">
									<conditions>
										<condition number="0" type="jump" coverage="0%"/>
									</conditions>
								</line>
								<line number="2319" hits="0" branch="false"/>
								<line number="2321" hits="0" branch="false"/>
								<line number="2322" hits="0" branch="false"/>
								<line number="2323" hits="0" branch="true" condition-coverage="0% (0/2)">
									<conditions>
										<condition number="0" type="jump" coverage="0%"/>
									</conditions>
								</line>
								<line number="2324" hits="0" branch="true" condition-coverage="0% (0/4)">
									<conditions>
										<condition number="0" type="jump" coverage="0%"/>
										<condition number="1" type="jump" coverage="0%"/>
									</conditions>
								</line>
								<line number="2325" hits="0" branch="false"/>
								<line number="2328" hits="0" branch="false"/>
							</lines>
						</method>
						<method name="indexOf" signature="([FF)I" line-rate="0.0" branch-rate="1.0">
							<lines>
								<line number="2472" hits="0" branch="false"/>
							</lines>
						</method>
						<method name="indexOf" signature="([FFI)I" line-rate="0.0" branch-rate="0.0">
							<lines>
								<line number="2490" hits="0" branch="true" condition-coverage="0% (0/2)">
									<conditions>
										<condition number="0" type="jump" coverage="0%"/>
									</conditions>
								</line>
								<line number="2491" hits="0" branch="false"/>
								<line number="2493" hits="0" branch="true" condition-coverage="0% (0/2)">
									<conditions>
										<condition number="0" type="jump" coverage="0%"/>
									</conditions>
								</line>
								<line number="2494" hits="0" branch="false"/>
								<line number="2496" hits="0" branch="true" condition-coverage="0% (0/2)">
									<conditions>
										<condition number="0" type="jump" coverage="0%"/>
									</conditions>
								</line>
								<line number="2497" hits="0" branch="true" condition-coverage="0% (0/2)">
									<conditions>
										<condition number="0" type="jump" coverage="0%"/>
									</conditions>
								</line>
								<line number="2498" hits="0" branch="false"/>
								<line number="2501" hits="0" branch="false"/>
							</lines>
						</method>
						<method name="indexOf" signature="([II)I" line-rate="0.0" branch-rate="1.0">
							<lines>
								<line number="1831" hits="0" branch="false"/>
							</lines>
						</method>
						<method name="indexOf" signature="([III)I" line-rate="0.0" branch-rate="0.0">
							<lines>
								<line number="1849" hits="0" branch="true" condition-coverage="0% (0/2)">
									<conditions>
										<condition number="0" type="jump" coverage="0%"/>
									</conditions>
								</line>
								<line number="1850" hits="0" branch="false"/>
								<line number="1852" hits="0" branch="true" condition-coverage="0% (0/2)">
									<conditions>
										<condition number="0" type="jump" coverage="0%"/>
									</conditions>
								</line>
								<line number="1853" hits="0" branch="false"/>
								<line number="1855" hits="0" branch="true" condition-coverage="0% (0/2)">
									<conditions>
										<condition number="0" type="jump" coverage="0%"/>
									</conditions>
								</line>
								<line number="1856" hits="0" branch="true" condition-coverage="0% (0/2)">
									<conditions>
										<condition number="0" type="jump" coverage="0%"/>
									</conditions>
								</line>
								<line number="1857" hits="0" branch="false"/>
								<line number="1860" hits="0" branch="false"/>
							</lines>
						</method>
						<method name="indexOf" signature="([JJ)I" line-rate="0.0" branch-rate="1.0">
							<lines>
								<line number="1728" hits="0" branch="false"/>
							</lines>
						</method>
						<method name="indexOf" signature="([JJI)I" line-rate="0.0" branch-rate="0.0">
							<lines>
								<line number="1746" hits="0" branch="true" condition-coverage="0% (0/2)">
									<conditions>
										<condition number="0" type="jump" coverage="0%"/>
									</conditions>
								</line>
								<line number="1747" hits="0" branch="false"/>
								<line number="1749" hits="0" branch="true" condition-coverage="0% (0/2)">
									<conditions>
										<condition number="0" type="jump" coverage="0%"/>
									</conditions>
								</line>
								<line number="1750" hits="0" branch="false"/>
								<line number="1752" hits="0" branch="true" condition-coverage="0% (0/2)">
									<conditions>
										<condition number="0" type="jump" coverage="0%"/>
									</conditions>
								</line>
								<line number="1753" hits="0" branch="true" condition-coverage="0% (0/2)">
									<conditions>
										<condition number="0" type="jump" coverage="0%"/>
									</conditions>
								</line>
								<line number="1754" hits="0" branch="false"/>
								<line number="1757" hits="0" branch="false"/>
							</lines>
						</method>
						<method name="indexOf" signature="([Ljava/lang/Object;Ljava/lang/Object;)I" line-rate="0.0" branch-rate="1.0">
							<lines>
								<line number="1609" hits="0" branch="false"/>
							</lines>
						</method>
						<method name="indexOf" signature="([Ljava/lang/Object;Ljava/lang/Object;I)I" line-rate="0.0" branch-rate="0.0">
							<lines>
								<line number="1627" hits="0" branch="true" condition-coverage="0% (0/2)">
									<conditions>
										<condition number="0" type="jump" coverage="0%"/>
									</conditions>
								</line>
								<line number="1628" hits="0" branch="false"/>
								<line number="1630" hits="0" branch="true" condition-coverage="0% (0/2)">
									<conditions>
										<condition number="0" type="jump" coverage="0%"/>
									</conditions>
								</line>
								<line number="1631" hits="0" branch="false"/>
								<line number="1633" hits="0" branch="true" condition-coverage="0% (0/2)">
									<conditions>
										<condition number="0" type="jump" coverage="0%"/>
									</conditions>
								</line>
								<line number="1634" hits="0" branch="true" condition-coverage="0% (0/2)">
									<conditions>
										<condition number="0" type="jump" coverage="0%"/>
									</conditions>
								</line>
								<line number="1635" hits="0" branch="true" condition-coverage="0% (0/2)">
									<conditions>
										<condition number="0" type="jump" coverage="0%"/>
									</conditions>
								</line>
								<line number="1636" hits="0" branch="false"/>
								<line number="1639" hits="0" branch="true" condition-coverage="0% (0/2)">
									<conditions>
										<condition number="0" type="jump" coverage="0%"/>
									</conditions>
								</line>
								<line number="1640" hits="0" branch="true" condition-coverage="0% (0/2)">
									<conditions>
										<condition number="0" type="jump" coverage="0%"/>
									</conditions>
								</line>
								<line number="1641" hits="0" branch="true" condition-coverage="0% (0/2)">
									<conditions>
										<condition number="0" type="jump" coverage="0%"/>
									</conditions>
								</line>
								<line number="1642" hits="0" branch="false"/>
								<line number="1646" hits="0" branch="false"/>
							</lines>
						</method>
						<method name="indexOf" signature="([SS)I" line-rate="0.0" branch-rate="1.0">
							<lines>
								<line number="1934" hits="0" branch="false"/>
							</lines>
						</method>
						<method name="indexOf" signature="([SSI)I" line-rate="0.0" branch-rate="0.0">
							<lines>
								<line number="1952" hits="0" branch="true" condition-coverage="0% (0/2)">
									<conditions>
										<condition number="0" type="jump" coverage="0%"/>
									</conditions>
								</line>
								<line number="1953" hits="0" branch="false"/>
								<line number="1955" hits="0" branch="true" condition-coverage="0% (0/2)">
									<conditions>
										<condition number="0" type="jump" coverage="0%"/>
									</conditions>
								</line>
								<line number="1956" hits="0" branch="false"/>
								<line number="1958" hits="0" branch="true" condition-coverage="0% (0/2)">
									<conditions>
										<condition number="0" type="jump" coverage="0%"/>
									</conditions>
								</line>
								<line number="1959" hits="0" branch="true" condition-coverage="0% (0/2)">
									<conditions>
										<condition number="0" type="jump" coverage="0%"/>
									</conditions>
								</line>
								<line number="1960" hits="0" branch="false"/>
								<line number="1963" hits="0" branch="false"/>
							</lines>
						</method>
						<method name="indexOf" signature="([ZZ)I" line-rate="0.0" branch-rate="1.0">
							<lines>
								<line number="2575" hits="0" branch="false"/>
							</lines>
						</method>
						<method name="indexOf" signature="([ZZI)I" line-rate="0.0" branch-rate="0.0">
							<lines>
								<line number="2594" hits="0" branch="true" condition-coverage="0% (0/2)">
									<conditions>
										<condition number="0" type="jump" coverage="0%"/>
									</conditions>
								</line>
								<line number="2595" hits="0" branch="false"/>
								<line number="2597" hits="0" branch="true" condition-coverage="0% (0/2)">
									<conditions>
										<condition number="0" type="jump" coverage="0%"/>
									</conditions>
								</line>
								<line number="2598" hits="0" branch="false"/>
								<line number="2600" hits="0" branch="true" condition-coverage="0% (0/2)">
									<conditions>
										<condition number="0" type="jump" coverage="0%"/>
									</conditions>
								</line>
								<line number="2601" hits="0" branch="true" condition-coverage="0% (0/2)">
									<conditions>
										<condition number="0" type="jump" coverage="0%"/>
									</conditions>
								</line>
								<line number="2602" hits="0" branch="false"/>
								<line number="2605" hits="0" branch="false"/>
							</lines>
						</method>
						<method name="isEmpty" signature="([B)Z" line-rate="0.0" branch-rate="0.0">
							<lines>
								<line number="3293" hits="0" branch="true" condition-coverage="0% (0/4)">
									<conditions>
										<condition number="0" type="jump" coverage="0%"/>
										<condition number="1" type="jump" coverage="0%"/>
									</conditions>
								</line>
								<line number="3294" hits="0" branch="false"/>
								<line number="3296" hits="0" branch="false"/>
							</lines>
						</method>
						<method name="isEmpty" signature="([C)Z" line-rate="0.0" branch-rate="0.0">
							<lines>
								<line number="3279" hits="0" branch="true" condition-coverage="0% (0/4)">
									<conditions>
										<condition number="0" type="jump" coverage="0%"/>
										<condition number="1" type="jump" coverage="0%"/>
									</conditions>
								</line>
								<line number="3280" hits="0" branch="false"/>
								<line number="3282" hits="0" branch="false"/>
							</lines>
						</method>
						<method name="isEmpty" signature="([D)Z" line-rate="0.0" branch-rate="0.0">
							<lines>
								<line number="3307" hits="0" branch="true" condition-coverage="0% (0/4)">
									<conditions>
										<condition number="0" type="jump" coverage="0%"/>
										<condition number="1" type="jump" coverage="0%"/>
									</conditions>
								</line>
								<line number="3308" hits="0" branch="false"/>
								<line number="3310" hits="0" branch="false"/>
							</lines>
						</method>
						<method name="isEmpty" signature="([F)Z" line-rate="0.0" branch-rate="0.0">
							<lines>
								<line number="3321" hits="0" branch="true" condition-coverage="0% (0/4)">
									<conditions>
										<condition number="0" type="jump" coverage="0%"/>
										<condition number="1" type="jump" coverage="0%"/>
									</conditions>
								</line>
								<line number="3322" hits="0" branch="false"/>
								<line number="3324" hits="0" branch="false"/>
							</lines>
						</method>
						<method name="isEmpty" signature="([I)Z" line-rate="0.0" branch-rate="0.0">
							<lines>
								<line number="3251" hits="0" branch="true" condition-coverage="0% (0/4)">
									<conditions>
										<condition number="0" type="jump" coverage="0%"/>
										<condition number="1" type="jump" coverage="0%"/>
									</conditions>
								</line>
								<line number="3252" hits="0" branch="false"/>
								<line number="3254" hits="0" branch="false"/>
							</lines>
						</method>
						<method name="isEmpty" signature="([J)Z" line-rate="0.0" branch-rate="0.0">
							<lines>
								<line number="3237" hits="0" branch="true" condition-coverage="0% (0/4)">
									<conditions>
										<condition number="0" type="jump" coverage="0%"/>
										<condition number="1" type="jump" coverage="0%"/>
									</conditions>
								</line>
								<line number="3238" hits="0" branch="false"/>
								<line number="3240" hits="0" branch="false"/>
							</lines>
						</method>
						<method name="isEmpty" signature="([Ljava/lang/Object;)Z" line-rate="0.0" branch-rate="0.0">
							<lines>
								<line number="3223" hits="0" branch="true" condition-coverage="0% (0/4)">
									<conditions>
										<condition number="0" type="jump" coverage="0%"/>
										<condition number="1" type="jump" coverage="0%"/>
									</conditions>
								</line>
								<line number="3224" hits="0" branch="false"/>
								<line number="3226" hits="0" branch="false"/>
							</lines>
						</method>
						<method name="isEmpty" signature="([S)Z" line-rate="0.0" branch-rate="0.0">
							<lines>
								<line number="3265" hits="0" branch="true" condition-coverage="0% (0/4)">
									<conditions>
										<condition number="0" type="jump" coverage="0%"/>
										<condition number="1" type="jump" coverage="0%"/>
									</conditions>
								</line>
								<line number="3266" hits="0" branch="false"/>
								<line number="3268" hits="0" branch="false"/>
							</lines>
						</method>
						<method name="isEmpty" signature="([Z)Z" line-rate="0.0" branch-rate="0.0">
							<lines>
								<line number="3335" hits="0" branch="true" condition-coverage="0% (0/4)">
									<conditions>
										<condition number="0" type="jump" coverage="0%"/>
										<condition number="1" type="jump" coverage="0%"/>
									</conditions>
								</line>
								<line number="3336" hits="0" branch="false"/>
								<line number="3338" hits="0" branch="false"/>
							</lines>
						</method>
						<method name="isEquals" signature="(Ljava/lang/Object;Ljava/lang/Object;)Z" line-rate="0.0" branch-rate="1.0">
							<lines>
								<line number="195" hits="0" branch="false"/>
							</lines>
						</method>
						<method name="isNotEmpty" signature="([B)Z" line-rate="0.0" branch-rate="0.0">
							<lines>
								<line number="3405" hits="0" branch="true" condition-coverage="0% (0/4)">
									<conditions>
										<condition number="0" type="jump" coverage="0%"/>
										<condition number="1" type="jump" coverage="0%"/>
									</conditions>
								</line>
							</lines>
						</method>
						<method name="isNotEmpty" signature="([C)Z" line-rate="0.0" branch-rate="0.0">
							<lines>
								<line number="3394" hits="0" branch="true" condition-coverage="0% (0/4)">
									<conditions>
										<condition number="0" type="jump" coverage="0%"/>
										<condition number="1" type="jump" coverage="0%"/>
									</conditions>
								</line>
							</lines>
						</method>
						<method name="isNotEmpty" signature="([D)Z" line-rate="0.0" branch-rate="0.0">
							<lines>
								<line number="3416" hits="0" branch="true" condition-coverage="0% (0/4)">
									<conditions>
										<condition number="0" type="jump" coverage="0%"/>
										<condition number="1" type="jump" coverage="0%"/>
									</conditions>
								</line>
							</lines>
						</method>
						<method name="isNotEmpty" signature="([F)Z" line-rate="0.0" branch-rate="0.0">
							<lines>
								<line number="3427" hits="0" branch="true" condition-coverage="0% (0/4)">
									<conditions>
										<condition number="0" type="jump" coverage="0%"/>
										<condition number="1" type="jump" coverage="0%"/>
									</conditions>
								</line>
							</lines>
						</method>
						<method name="isNotEmpty" signature="([I)Z" line-rate="0.0" branch-rate="0.0">
							<lines>
								<line number="3372" hits="0" branch="true" condition-coverage="0% (0/4)">
									<conditions>
										<condition number="0" type="jump" coverage="0%"/>
										<condition number="1" type="jump" coverage="0%"/>
									</conditions>
								</line>
							</lines>
						</method>
						<method name="isNotEmpty" signature="([J)Z" line-rate="0.0" branch-rate="0.0">
							<lines>
								<line number="3361" hits="0" branch="true" condition-coverage="0% (0/4)">
									<conditions>
										<condition number="0" type="jump" coverage="0%"/>
										<condition number="1" type="jump" coverage="0%"/>
									</conditions>
								</line>
							</lines>
						</method>
						<method name="isNotEmpty" signature="([Ljava/lang/Object;)Z" line-rate="0.0" branch-rate="0.0">
							<lines>
								<line number="3350" hits="0" branch="true" condition-coverage="0% (0/4)">
									<conditions>
										<condition number="0" type="jump" coverage="0%"/>
										<condition number="1" type="jump" coverage="0%"/>
									</conditions>
								</line>
							</lines>
						</method>
						<method name="isNotEmpty" signature="([S)Z" line-rate="0.0" branch-rate="0.0">
							<lines>
								<line number="3383" hits="0" branch="true" condition-coverage="0% (0/4)">
									<conditions>
										<condition number="0" type="jump" coverage="0%"/>
										<condition number="1" type="jump" coverage="0%"/>
									</conditions>
								</line>
							</lines>
						</method>
						<method name="isNotEmpty" signature="([Z)Z" line-rate="0.0" branch-rate="0.0">
							<lines>
								<line number="3438" hits="0" branch="true" condition-coverage="0% (0/4)">
									<conditions>
										<condition number="0" type="jump" coverage="0%"/>
										<condition number="1" type="jump" coverage="0%"/>
									</conditions>
								</line>
							</lines>
						</method>
						<method name="isSameLength" signature="([B[B)Z" line-rate="0.0" branch-rate="0.0">
							<lines>
								<line number="1276" hits="0" branch="true" condition-coverage="0% (0/18)">
									<conditions>
										<condition number="0" type="jump" coverage="0%"/>
										<condition number="1" type="jump" coverage="0%"/>
										<condition number="2" type="jump" coverage="0%"/>
										<condition number="3" type="jump" coverage="0%"/>
										<condition number="4" type="jump" coverage="0%"/>
										<condition number="5" type="jump" coverage="0%"/>
										<condition number="6" type="jump" coverage="0%"/>
										<condition number="7" type="jump" coverage="0%"/>
										<condition number="8" type="jump" coverage="0%"/>
									</conditions>
								</line>
								<line number="1279" hits="0" branch="false"/>
								<line number="1281" hits="0" branch="false"/>
							</lines>
						</method>
						<method name="isSameLength" signature="([C[C)Z" line-rate="0.0" branch-rate="0.0">
							<lines>
								<line number="1258" hits="0" branch="true" condition-coverage="0% (0/18)">
									<conditions>
										<condition number="0" type="jump" coverage="0%"/>
										<condition number="1" type="jump" coverage="0%"/>
										<condition number="2" type="jump" coverage="0%"/>
										<condition number="3" type="jump" coverage="0%"/>
										<condition number="4" type="jump" coverage="0%"/>
										<condition number="5" type="jump" coverage="0%"/>
										<condition number="6" type="jump" coverage="0%"/>
										<condition number="7" type="jump" coverage="0%"/>
										<condition number="8" type="jump" coverage="0%"/>
									</conditions>
								</line>
								<line number="1261" hits="0" branch="false"/>
								<line number="1263" hits="0" branch="false"/>
							</lines>
						</method>
						<method name="isSameLength" signature="([D[D)Z" line-rate="0.0" branch-rate="0.0">
							<lines>
								<line number="1294" hits="0" branch="true" condition-coverage="0% (0/18)">
									<conditions>
										<condition number="0" type="jump" coverage="0%"/>
										<condition number="1" type="jump" coverage="0%"/>
										<condition number="2" type="jump" coverage="0%"/>
										<condition number="3" type="jump" coverage="0%"/>
										<condition number="4" type="jump" coverage="0%"/>
										<condition number="5" type="jump" coverage="0%"/>
										<condition number="6" type="jump" coverage="0%"/>
										<condition number="7" type="jump" coverage="0%"/>
										<condition number="8" type="jump" coverage="0%"/>
									</conditions>
								</line>
								<line number="1297" hits="0" branch="false"/>
								<line number="1299" hits="0" branch="false"/>
							</lines>
						</method>
						<method name="isSameLength" signature="([F[F)Z" line-rate="0.0" branch-rate="0.0">
							<lines>
								<line number="1312" hits="0" branch="true" condition-coverage="0% (0/18)">
									<conditions>
										<condition number="0" type="jump" coverage="0%"/>
										<condition number="1" type="jump" coverage="0%"/>
										<condition number="2" type="jump" coverage="0%"/>
										<condition number="3" type="jump" coverage="0%"/>
										<condition number="4" type="jump" coverage="0%"/>
										<condition number="5" type="jump" coverage="0%"/>
										<condition number="6" type="jump" coverage="0%"/>
										<condition number="7" type="jump" coverage="0%"/>
										<condition number="8" type="jump" coverage="0%"/>
									</conditions>
								</line>
								<line number="1315" hits="0" branch="false"/>
								<line number="1317" hits="0" branch="false"/>
							</lines>
						</method>
						<method name="isSameLength" signature="([I[I)Z" line-rate="0.0" branch-rate="0.0">
							<lines>
								<line number="1222" hits="0" branch="true" condition-coverage="0% (0/18)">
									<conditions>
										<condition number="0" type="jump" coverage="0%"/>
										<condition number="1" type="jump" coverage="0%"/>
										<condition number="2" type="jump" coverage="0%"/>
										<condition number="3" type="jump" coverage="0%"/>
										<condition number="4" type="jump" coverage="0%"/>
										<condition number="5" type="jump" coverage="0%"/>
										<condition number="6" type="jump" coverage="0%"/>
										<condition number="7" type="jump" coverage="0%"/>
										<condition number="8" type="jump" coverage="0%"/>
									</conditions>
								</line>
								<line number="1225" hits="0" branch="false"/>
								<line number="1227" hits="0" branch="false"/>
							</lines>
						</method>
						<method name="isSameLength" signature="([J[J)Z" line-rate="0.0" branch-rate="0.0">
							<lines>
								<line number="1204" hits="0" branch="true" condition-coverage="0% (0/18)">
									<conditions>
										<condition number="0" type="jump" coverage="0%"/>
										<condition number="1" type="jump" coverage="0%"/>
										<condition number="2" type="jump" coverage="0%"/>
										<condition number="3" type="jump" coverage="0%"/>
										<condition number="4" type="jump" coverage="0%"/>
										<condition number="5" type="jump" coverage="0%"/>
										<condition number="6" type="jump" coverage="0%"/>
										<condition number="7" type="jump" coverage="0%"/>
										<condition number="8" type="jump" coverage="0%"/>
									</conditions>
								</line>
								<line number="1207" hits="0" branch="false"/>
								<line number="1209" hits="0" branch="false"/>
							</lines>
						</method>
						<method name="isSameLength" signature="([Ljava/lang/Object;[Ljava/lang/Object;)Z" line-rate="0.0" branch-rate="0.0">
							<lines>
								<line number="1186" hits="0" branch="true" condition-coverage="0% (0/18)">
									<conditions>
										<condition number="0" type="jump" coverage="0%"/>
										<condition number="1" type="jump" coverage="0%"/>
										<condition number="2" type="jump" coverage="0%"/>
										<condition number="3" type="jump" coverage="0%"/>
										<condition number="4" type="jump" coverage="0%"/>
										<condition number="5" type="jump" coverage="0%"/>
										<condition number="6" type="jump" coverage="0%"/>
										<condition number="7" type="jump" coverage="0%"/>
										<condition number="8" type="jump" coverage="0%"/>
									</conditions>
								</line>
								<line number="1189" hits="0" branch="false"/>
								<line number="1191" hits="0" branch="false"/>
							</lines>
						</method>
						<method name="isSameLength" signature="([S[S)Z" line-rate="0.0" branch-rate="0.0">
							<lines>
								<line number="1240" hits="0" branch="true" condition-coverage="0% (0/18)">
									<conditions>
										<condition number="0" type="jump" coverage="0%"/>
										<condition number="1" type="jump" coverage="0%"/>
										<condition number="2" type="jump" coverage="0%"/>
										<condition number="3" type="jump" coverage="0%"/>
										<condition number="4" type="jump" coverage="0%"/>
										<condition number="5" type="jump" coverage="0%"/>
										<condition number="6" type="jump" coverage="0%"/>
										<condition number="7" type="jump" coverage="0%"/>
										<condition number="8" type="jump" coverage="0%"/>
									</conditions>
								</line>
								<line number="1243" hits="0" branch="false"/>
								<line number="1245" hits="0" branch="false"/>
							</lines>
						</method>
						<method name="isSameLength" signature="([Z[Z)Z" line-rate="0.0" branch-rate="0.0">
							<lines>
								<line number="1330" hits="0" branch="true" condition-coverage="0% (0/18)">
									<conditions>
										<condition number="0" type="jump" coverage="0%"/>
										<condition number="1" type="jump" coverage="0%"/>
										<condition number="2" type="jump" coverage="0%"/>
										<condition number="3" type="jump" coverage="0%"/>
										<condition number="4" type="jump" coverage="0%"/>
										<condition number="5" type="jump" coverage="0%"/>
										<condition number="6" type="jump" coverage="0%"/>
										<condition number="7" type="jump" coverage="0%"/>
										<condition number="8" type="jump" coverage="0%"/>
									</conditions>
								</line>
								<line number="1333" hits="0" branch="false"/>
								<line number="1335" hits="0" branch="false"/>
							</lines>
						</method>
						<method name="isSameType" signature="(Ljava/lang/Object;Ljava/lang/Object;)Z" line-rate="0.0" branch-rate="0.0">
							<lines>
								<line number="1376" hits="0" branch="true" condition-coverage="0% (0/4)">
									<conditions>
										<condition number="0" type="jump" coverage="0%"/>
										<condition number="1" type="jump" coverage="0%"/>
									</conditions>
								</line>
								<line number="1377" hits="0" branch="false"/>
								<line number="1379" hits="0" branch="false"/>
							</lines>
						</method>
						<method name="lastIndexOf" signature="([BB)I" line-rate="0.0" branch-rate="1.0">
							<lines>
								<line number="2188" hits="0" branch="false"/>
							</lines>
						</method>
						<method name="lastIndexOf" signature="([BBI)I" line-rate="0.0" branch-rate="0.0">
							<lines>
								<line number="2206" hits="0" branch="true" condition-coverage="0% (0/2)">
									<conditions>
										<condition number="0" type="jump" coverage="0%"/>
									</conditions>
								</line>
								<line number="2207" hits="0" branch="false"/>
								<line number="2209" hits="0" branch="true" condition-coverage="0% (0/2)">
									<conditions>
										<condition number="0" type="jump" coverage="0%"/>
									</conditions>
								</line>
								<line number="2210" hits="0" branch="false"/>
								<line number="2211" hits="0" branch="true" condition-coverage="0% (0/2)">
									<conditions>
										<condition number="0" type="jump" coverage="0%"/>
									</conditions>
								</line>
								<line number="2212" hits="0" branch="false"/>
								<line number="2214" hits="0" branch="true" condition-coverage="0% (0/2)">
									<conditions>
										<condition number="0" type="jump" coverage="0%"/>
									</conditions>
								</line>
								<line number="2215" hits="0" branch="true" condition-coverage="0% (0/2)">
									<conditions>
										<condition number="0" type="jump" coverage="0%"/>
									</conditions>
								</line>
								<line number="2216" hits="0" branch="false"/>
								<line number="2219" hits="0" branch="false"/>
							</lines>
						</method>
						<method name="lastIndexOf" signature="([CC)I" line-rate="0.0" branch-rate="1.0">
							<lines>
								<line number="2083" hits="0" branch="false"/>
							</lines>
						</method>
						<method name="lastIndexOf" signature="([CCI)I" line-rate="0.0" branch-rate="0.0">
							<lines>
								<line number="2102" hits="0" branch="true" condition-coverage="0% (0/2)">
									<conditions>
										<condition number="0" type="jump" coverage="0%"/>
									</conditions>
								</line>
								<line number="2103" hits="0" branch="false"/>
								<line number="2105" hits="0" branch="true" condition-coverage="0% (0/2)">
									<conditions>
										<condition number="0" type="jump" coverage="0%"/>
									</conditions>
								</line>
								<line number="2106" hits="0" branch="false"/>
								<line number="2107" hits="0" branch="true" condition-coverage="0% (0/2)">
									<conditions>
										<condition number="0" type="jump" coverage="0%"/>
									</conditions>
								</line>
								<line number="2108" hits="0" branch="false"/>
								<line number="2110" hits="0" branch="true" condition-coverage="0% (0/2)">
									<conditions>
										<condition number="0" type="jump" coverage="0%"/>
									</conditions>
								</line>
								<line number="2111" hits="0" branch="true" condition-coverage="0% (0/2)">
									<conditions>
										<condition number="0" type="jump" coverage="0%"/>
									</conditions>
								</line>
								<line number="2112" hits="0" branch="false"/>
								<line number="2115" hits="0" branch="false"/>
							</lines>
						</method>
						<method name="lastIndexOf" signature="([DD)I" line-rate="0.0" branch-rate="1.0">
							<lines>
								<line number="2342" hits="0" branch="false"/>
							</lines>
						</method>
						<method name="lastIndexOf" signature="([DDD)I" line-rate="0.0" branch-rate="1.0">
							<lines>
								<line number="2359" hits="0" branch="false"/>
							</lines>
						</method>
						<method name="lastIndexOf" signature="([DDI)I" line-rate="0.0" branch-rate="0.0">
							<lines>
								<line number="2377" hits="0" branch="true" condition-coverage="0% (0/2)">
									<conditions>
										<condition number="0" type="jump" coverage="0%"/>
									</conditions>
								</line>
								<line number="2378" hits="0" branch="false"/>
								<line number="2380" hits="0" branch="true" condition-coverage="0% (0/2)">
									<conditions>
										<condition number="0" type="jump" coverage="0%"/>
									</conditions>
								</line>
								<line number="2381" hits="0" branch="false"/>
								<line number="2382" hits="0" branch="true" condition-coverage="0% (0/2)">
									<conditions>
										<condition number="0" type="jump" coverage="0%"/>
									</conditions>
								</line>
								<line number="2383" hits="0" branch="false"/>
								<line number="2385" hits="0" branch="true" condition-coverage="0% (0/2)">
									<conditions>
										<condition number="0" type="jump" coverage="0%"/>
									</conditions>
								</line>
								<line number="2386" hits="0" branch="true" condition-coverage="0% (0/2)">
									<conditions>
										<condition number="0" type="jump" coverage="0%"/>
									</conditions>
								</line>
								<line number="2387" hits="0" branch="false"/>
								<line number="2390" hits="0" branch="false"/>
							</lines>
						</method>
						<method name="lastIndexOf" signature="([DDID)I" line-rate="0.0" branch-rate="0.0">
							<lines>
								<line number="2411" hits="0" branch="true" condition-coverage="0% (0/2)">
									<conditions>
										<condition number="0" type="jump" coverage="0%"/>
									</conditions>
								</line>
								<line number="2412" hits="0" branch="false"/>
								<line number="2414" hits="0" branch="true" condition-coverage="0% (0/2)">
									<conditions>
										<condition number="0" type="jump" coverage="0%"/>
									</conditions>
								</line>
								<line number="2415" hits="0" branch="false"/>
								<line number="2416" hits="0" branch="true" condition-coverage="0% (0/2)">
									<conditions>
										<condition number="0" type="jump" coverage="0%"/>
									</conditions>
								</line>
								<line number="2417" hits="0" branch="false"/>
								<line number="2419" hits="0" branch="false"/>
								<line number="2420" hits="0" branch="false"/>
								<line number="2421" hits="0" branch="true" condition-coverage="0% (0/2)">
									<conditions>
										<condition number="0" type="jump" coverage="0%"/>
									</conditions>
								</line>
								<line number="2422" hits="0" branch="true" condition-coverage="0% (0/4)">
									<conditions>
										<condition number="0" type="jump" coverage="0%"/>
										<condition number="1" type="jump" coverage="0%"/>
									</conditions>
								</line>
								<line number="2423" hits="0" branch="false"/>
								<line number="2426" hits="0" branch="false"/>
							</lines>
						</method>
						<method name="lastIndexOf" signature="([FF)I" line-rate="0.0" branch-rate="1.0">
							<lines>
								<line number="2515" hits="0" branch="false"/>
							</lines>
						</method>
						<method name="lastIndexOf" signature="([FFI)I" line-rate="0.0" branch-rate="0.0">
							<lines>
								<line number="2533" hits="0" branch="true" condition-coverage="0% (0/2)">
									<conditions>
										<condition number="0" type="jump" coverage="0%"/>
									</conditions>
								</line>
								<line number="2534" hits="0" branch="false"/>
								<line number="2536" hits="0" branch="true" condition-coverage="0% (0/2)">
									<conditions>
										<condition number="0" type="jump" coverage="0%"/>
									</conditions>
								</line>
								<line number="2537" hits="0" branch="false"/>
								<line number="2538" hits="0" branch="true" condition-coverage="0% (0/2)">
									<conditions>
										<condition number="0" type="jump" coverage="0%"/>
									</conditions>
								</line>
								<line number="2539" hits="0" branch="false"/>
								<line number="2541" hits="0" branch="true" condition-coverage="0% (0/2)">
									<conditions>
										<condition number="0" type="jump" coverage="0%"/>
									</conditions>
								</line>
								<line number="2542" hits="0" branch="true" condition-coverage="0% (0/2)">
									<conditions>
										<condition number="0" type="jump" coverage="0%"/>
									</conditions>
								</line>
								<line number="2543" hits="0" branch="false"/>
								<line number="2546" hits="0" branch="false"/>
							</lines>
						</method>
						<method name="lastIndexOf" signature="([II)I" line-rate="0.0" branch-rate="1.0">
							<lines>
								<line number="1874" hits="0" branch="false"/>
							</lines>
						</method>
						<method name="lastIndexOf" signature="([III)I" line-rate="0.0" branch-rate="0.0">
							<lines>
								<line number="1892" hits="0" branch="true" condition-coverage="0% (0/2)">
									<conditions>
										<condition number="0" type="jump" coverage="0%"/>
									</conditions>
								</line>
								<line number="1893" hits="0" branch="false"/>
								<line number="1895" hits="0" branch="true" condition-coverage="0% (0/2)">
									<conditions>
										<condition number="0" type="jump" coverage="0%"/>
									</conditions>
								</line>
								<line number="1896" hits="0" branch="false"/>
								<line number="1897" hits="0" branch="true" condition-coverage="0% (0/2)">
									<conditions>
										<condition number="0" type="jump" coverage="0%"/>
									</conditions>
								</line>
								<line number="1898" hits="0" branch="false"/>
								<line number="1900" hits="0" branch="true" condition-coverage="0% (0/2)">
									<conditions>
										<condition number="0" type="jump" coverage="0%"/>
									</conditions>
								</line>
								<line number="1901" hits="0" branch="true" condition-coverage="0% (0/2)">
									<conditions>
										<condition number="0" type="jump" coverage="0%"/>
									</conditions>
								</line>
								<line number="1902" hits="0" branch="false"/>
								<line number="1905" hits="0" branch="false"/>
							</lines>
						</method>
						<method name="lastIndexOf" signature="([JJ)I" line-rate="0.0" branch-rate="1.0">
							<lines>
								<line number="1771" hits="0" branch="false"/>
							</lines>
						</method>
						<method name="lastIndexOf" signature="([JJI)I" line-rate="0.0" branch-rate="0.0">
							<lines>
								<line number="1789" hits="0" branch="true" condition-coverage="0% (0/2)">
									<conditions>
										<condition number="0" type="jump" coverage="0%"/>
									</conditions>
								</line>
								<line number="1790" hits="0" branch="false"/>
								<line number="1792" hits="0" branch="true" condition-coverage="0% (0/2)">
									<conditions>
										<condition number="0" type="jump" coverage="0%"/>
									</conditions>
								</line>
								<line number="1793" hits="0" branch="false"/>
								<line number="1794" hits="0" branch="true" condition-coverage="0% (0/2)">
									<conditions>
										<condition number="0" type="jump" coverage="0%"/>
									</conditions>
								</line>
								<line number="1795" hits="0" branch="false"/>
								<line number="1797" hits="0" branch="true" condition-coverage="0% (0/2)">
									<conditions>
										<condition number="0" type="jump" coverage="0%"/>
									</conditions>
								</line>
								<line number="1798" hits="0" branch="true" condition-coverage="0% (0/2)">
									<conditions>
										<condition number="0" type="jump" coverage="0%"/>
									</conditions>
								</line>
								<line number="1799" hits="0" branch="false"/>
								<line number="1802" hits="0" branch="false"/>
							</lines>
						</method>
						<method name="lastIndexOf" signature="([Ljava/lang/Object;Ljava/lang/Object;)I" line-rate="0.0" branch-rate="1.0">
							<lines>
								<line number="1660" hits="0" branch="false"/>
							</lines>
						</method>
						<method name="lastIndexOf" signature="([Ljava/lang/Object;Ljava/lang/Object;I)I" line-rate="0.0" branch-rate="0.0">
							<lines>
								<line number="1678" hits="0" branch="true" condition-coverage="0% (0/2)">
									<conditions>
										<condition number="0" type="jump" coverage="0%"/>
									</conditions>
								</line>
								<line number="1679" hits="0" branch="false"/>
								<line number="1681" hits="0" branch="true" condition-coverage="0% (0/2)">
									<conditions>
										<condition number="0" type="jump" coverage="0%"/>
									</conditions>
								</line>
								<line number="1682" hits="0" branch="false"/>
								<line number="1683" hits="0" branch="true" condition-coverage="0% (0/2)">
									<conditions>
										<condition number="0" type="jump" coverage="0%"/>
									</conditions>
								</line>
								<line number="1684" hits="0" branch="false"/>
								<line number="1686" hits="0" branch="true" condition-coverage="0% (0/2)">
									<conditions>
										<condition number="0" type="jump" coverage="0%"/>
									</conditions>
								</line>
								<line number="1687" hits="0" branch="true" condition-coverage="0% (0/2)">
									<conditions>
										<condition number="0" type="jump" coverage="0%"/>
									</conditions>
								</line>
								<line number="1688" hits="0" branch="true" condition-coverage="0% (0/2)">
									<conditions>
										<condition number="0" type="jump" coverage="0%"/>
									</conditions>
								</line>
								<line number="1689" hits="0" branch="false"/>
								<line number="1692" hits="0" branch="true" condition-coverage="0% (0/2)">
									<conditions>
										<condition number="0" type="jump" coverage="0%"/>
									</conditions>
								</line>
								<line number="1693" hits="0" branch="true" condition-coverage="0% (0/2)">
									<conditions>
										<condition number="0" type="jump" coverage="0%"/>
									</conditions>
								</line>
								<line number="1694" hits="0" branch="true" condition-coverage="0% (0/2)">
									<conditions>
										<condition number="0" type="jump" coverage="0%"/>
									</conditions>
								</line>
								<line number="1695" hits="0" branch="false"/>
								<line number="1699" hits="0" branch="false"/>
							</lines>
						</method>
						<method name="lastIndexOf" signature="([SS)I" line-rate="0.0" branch-rate="1.0">
							<lines>
								<line number="1977" hits="0" branch="false"/>
							</lines>
						</method>
						<method name="lastIndexOf" signature="([SSI)I" line-rate="0.0" branch-rate="0.0">
							<lines>
								<line number="1995" hits="0" branch="true" condition-coverage="0% (0/2)">
									<conditions>
										<condition number="0" type="jump" coverage="0%"/>
									</conditions>
								</line>
								<line number="1996" hits="0" branch="false"/>
								<line number="1998" hits="0" branch="true" condition-coverage="0% (0/2)">
									<conditions>
										<condition number="0" type="jump" coverage="0%"/>
									</conditions>
								</line>
								<line number="1999" hits="0" branch="false"/>
								<line number="2000" hits="0" branch="true" condition-coverage="0% (0/2)">
									<conditions>
										<condition number="0" type="jump" coverage="0%"/>
									</conditions>
								</line>
								<line number="2001" hits="0" branch="false"/>
								<line number="2003" hits="0" branch="true" condition-coverage="0% (0/2)">
									<conditions>
										<condition number="0" type="jump" coverage="0%"/>
									</conditions>
								</line>
								<line number="2004" hits="0" branch="true" condition-coverage="0% (0/2)">
									<conditions>
										<condition number="0" type="jump" coverage="0%"/>
									</conditions>
								</line>
								<line number="2005" hits="0" branch="false"/>
								<line number="2008" hits="0" branch="false"/>
							</lines>
						</method>
						<method name="lastIndexOf" signature="([ZZ)I" line-rate="0.0" branch-rate="1.0">
							<lines>
								<line number="2620" hits="0" branch="false"/>
							</lines>
						</method>
						<method name="lastIndexOf" signature="([ZZI)I" line-rate="0.0" branch-rate="0.0">
							<lines>
								<line number="2638" hits="0" branch="true" condition-coverage="0% (0/2)">
									<conditions>
										<condition number="0" type="jump" coverage="0%"/>
									</conditions>
								</line>
								<line number="2639" hits="0" branch="false"/>
								<line number="2641" hits="0" branch="true" condition-coverage="0% (0/2)">
									<conditions>
										<condition number="0" type="jump" coverage="0%"/>
									</conditions>
								</line>
								<line number="2642" hits="0" branch="false"/>
								<line number="2643" hits="0" branch="true" condition-coverage="0% (0/2)">
									<conditions>
										<condition number="0" type="jump" coverage="0%"/>
									</conditions>
								</line>
								<line number="2644" hits="0" branch="false"/>
								<line number="2646" hits="0" branch="true" condition-coverage="0% (0/2)">
									<conditions>
										<condition number="0" type="jump" coverage="0%"/>
									</conditions>
								</line>
								<line number="2647" hits="0" branch="true" condition-coverage="0% (0/2)">
									<conditions>
										<condition number="0" type="jump" coverage="0%"/>
									</conditions>
								</line>
								<line number="2648" hits="0" branch="false"/>
								<line number="2651" hits="0" branch="false"/>
							</lines>
						</method>
						<method name="nullToEmpty" signature="([B)[B" line-rate="0.0" branch-rate="0.0">
							<lines>
								<line number="582" hits="0" branch="true" condition-coverage="0% (0/4)">
									<conditions>
										<condition number="0" type="jump" coverage="0%"/>
										<condition number="1" type="jump" coverage="0%"/>
									</conditions>
								</line>
								<line number="583" hits="0" branch="false"/>
								<line number="585" hits="0" branch="false"/>
							</lines>
						</method>
						<method name="nullToEmpty" signature="([C)[C" line-rate="0.0" branch-rate="0.0">
							<lines>
								<line number="562" hits="0" branch="true" condition-coverage="0% (0/4)">
									<conditions>
										<condition number="0" type="jump" coverage="0%"/>
										<condition number="1" type="jump" coverage="0%"/>
									</conditions>
								</line>
								<line number="563" hits="0" branch="false"/>
								<line number="565" hits="0" branch="false"/>
							</lines>
						</method>
						<method name="nullToEmpty" signature="([D)[D" line-rate="0.0" branch-rate="0.0">
							<lines>
								<line number="602" hits="0" branch="true" condition-coverage="0% (0/4)">
									<conditions>
										<condition number="0" type="jump" coverage="0%"/>
										<condition number="1" type="jump" coverage="0%"/>
									</conditions>
								</line>
								<line number="603" hits="0" branch="false"/>
								<line number="605" hits="0" branch="false"/>
							</lines>
						</method>
						<method name="nullToEmpty" signature="([F)[F" line-rate="0.0" branch-rate="0.0">
							<lines>
								<line number="622" hits="0" branch="true" condition-coverage="0% (0/4)">
									<conditions>
										<condition number="0" type="jump" coverage="0%"/>
										<condition number="1" type="jump" coverage="0%"/>
									</conditions>
								</line>
								<line number="623" hits="0" branch="false"/>
								<line number="625" hits="0" branch="false"/>
							</lines>
						</method>
						<method name="nullToEmpty" signature="([I)[I" line-rate="0.0" branch-rate="0.0">
							<lines>
								<line number="522" hits="0" branch="true" condition-coverage="0% (0/4)">
									<conditions>
										<condition number="0" type="jump" coverage="0%"/>
										<condition number="1" type="jump" coverage="0%"/>
									</conditions>
								</line>
								<line number="523" hits="0" branch="false"/>
								<line number="525" hits="0" branch="false"/>
							</lines>
						</method>
						<method name="nullToEmpty" signature="([J)[J" line-rate="0.0" branch-rate="0.0">
							<lines>
								<line number="502" hits="0" branch="true" condition-coverage="0% (0/4)">
									<conditions>
										<condition number="0" type="jump" coverage="0%"/>
										<condition number="1" type="jump" coverage="0%"/>
									</conditions>
								</line>
								<line number="503" hits="0" branch="false"/>
								<line number="505" hits="0" branch="false"/>
							</lines>
						</method>
						<method name="nullToEmpty" signature="([Ljava/lang/Boolean;)[Ljava/lang/Boolean;" line-rate="0.0" branch-rate="0.0">
							<lines>
								<line number="802" hits="0" branch="true" condition-coverage="0% (0/4)">
									<conditions>
										<condition number="0" type="jump" coverage="0%"/>
										<condition number="1" type="jump" coverage="0%"/>
									</conditions>
								</line>
								<line number="803" hits="0" branch="false"/>
								<line number="805" hits="0" branch="false"/>
							</lines>
						</method>
						<method name="nullToEmpty" signature="([Ljava/lang/Byte;)[Ljava/lang/Byte;" line-rate="0.0" branch-rate="0.0">
							<lines>
								<line number="742" hits="0" branch="true" condition-coverage="0% (0/4)">
									<conditions>
										<condition number="0" type="jump" coverage="0%"/>
										<condition number="1" type="jump" coverage="0%"/>
									</conditions>
								</line>
								<line number="743" hits="0" branch="false"/>
								<line number="745" hits="0" branch="false"/>
							</lines>
						</method>
						<method name="nullToEmpty" signature="([Ljava/lang/Character;)[Ljava/lang/Character;" line-rate="0.0" branch-rate="0.0">
							<lines>
								<line number="722" hits="0" branch="true" condition-coverage="0% (0/4)">
									<conditions>
										<condition number="0" type="jump" coverage="0%"/>
										<condition number="1" type="jump" coverage="0%"/>
									</conditions>
								</line>
								<line number="723" hits="0" branch="false"/>
								<line number="725" hits="0" branch="false"/>
							</lines>
						</method>
						<method name="nullToEmpty" signature="([Ljava/lang/Double;)[Ljava/lang/Double;" line-rate="0.0" branch-rate="0.0">
							<lines>
								<line number="762" hits="0" branch="true" condition-coverage="0% (0/4)">
									<conditions>
[...]
							<conditions>
								<condition number="0" type="jump" coverage="0%"/>
							</conditions>
						</line>
						<line number="5189" hits="0" branch="false"/>
						<line number="5192" hits="0" branch="false"/>
						<line number="5219" hits="0" branch="true" condition-coverage="0% (0/2)">
							<conditions>
								<condition number="0" type="jump" coverage="0%"/>
							</conditions>
						</line>
						<line number="5220" hits="0" branch="false"/>
						<line number="5222" hits="0" branch="false"/>
						<line number="5223" hits="0" branch="true" condition-coverage="0% (0/2)">
							<conditions>
								<condition number="0" type="jump" coverage="0%"/>
							</conditions>
						</line>
						<line number="5224" hits="0" branch="true" condition-coverage="0% (0/4)">
							<conditions>
								<condition number="0" type="jump" coverage="0%"/>
								<condition number="1" type="jump" coverage="0%"/>
							</conditions>
						</line>
						<line number="5225" hits="0" branch="false"/>
						<line number="5228" hits="0" branch="false"/>
						<line number="5251" hits="0" branch="true" condition-coverage="0% (0/2)">
							<conditions>
								<condition number="0" type="jump" coverage="0%"/>
							</conditions>
						</line>
						<line number="5252" hits="0" branch="false"/>
						<line number="5254" hits="0" branch="false"/>
						<line number="5255" hits="0" branch="true" condition-coverage="0% (0/2)">
							<conditions>
								<condition number="0" type="jump" coverage="0%"/>
							</conditions>
						</line>
						<line number="5256" hits="0" branch="true" condition-coverage="0% (0/2)">
							<conditions>
								<condition number="0" type="jump" coverage="0%"/>
							</conditions>
						</line>
						<line number="5257" hits="0" branch="false"/>
						<line number="5260" hits="0" branch="false"/>
						<line number="5282" hits="0" branch="true" condition-coverage="0% (0/4)">
							<conditions>
								<condition number="0" type="jump" coverage="0%"/>
								<condition number="1" type="jump" coverage="0%"/>
							</conditions>
						</line>
						<line number="5283" hits="0" branch="false"/>
						<line number="5285" hits="0" branch="false"/>
						<line number="5286" hits="0" branch="true" condition-coverage="0% (0/2)">
							<conditions>
								<condition number="0" type="jump" coverage="0%"/>
							</conditions>
						</line>
						<line number="5287" hits="0" branch="true" condition-coverage="0% (0/2)">
							<conditions>
								<condition number="0" type="jump" coverage="0%"/>
							</conditions>
						</line>
						<line number="5288" hits="0" branch="false"/>
						<line number="5291" hits="0" branch="false"/>
						<line number="5313" hits="0" branch="true" condition-coverage="0% (0/4)">
							<conditions>
								<condition number="0" type="jump" coverage="0%"/>
								<condition number="1" type="jump" coverage="0%"/>
							</conditions>
						</line>
						<line number="5314" hits="0" branch="false"/>
						<line number="5316" hits="0" branch="false"/>
						<line number="5317" hits="0" branch="true" condition-coverage="0% (0/2)">
							<conditions>
								<condition number="0" type="jump" coverage="0%"/>
							</conditions>
						</line>
						<line number="5318" hits="0" branch="true" condition-coverage="0% (0/2)">
							<conditions>
								<condition number="0" type="jump" coverage="0%"/>
							</conditions>
						</line>
						<line number="5319" hits="0" branch="false"/>
						<line number="5322" hits="0" branch="false"/>
						<line number="5344" hits="0" branch="true" condition-coverage="0% (0/2)">
							<conditions>
								<condition number="0" type="jump" coverage="0%"/>
							</conditions>
						</line>
						<line number="5365" hits="0" branch="true" condition-coverage="0% (0/2)">
							<conditions>
								<condition number="0" type="jump" coverage="0%"/>
							</conditions>
						</line>
						<line number="5386" hits="0" branch="true" condition-coverage="0% (0/2)">
							<conditions>
								<condition number="0" type="jump" coverage="0%"/>
							</conditions>
						</line>
						<line number="5406" hits="0" branch="true" condition-coverage="0% (0/2)">
							<conditions>
								<condition number="0" type="jump" coverage="0%"/>
							</conditions>
						</line>
						<line number="5407" hits="0" branch="false"/>
						<line number="5409" hits="0" branch="false"/>
						<line number="5432" hits="0" branch="true" condition-coverage="0% (0/2)">
							<conditions>
								<condition number="0" type="jump" coverage="0%"/>
							</conditions>
						</line>
						<line number="5433" hits="0" branch="false"/>
						<line number="5437" hits="0" branch="false"/>
						<line number="5438" hits="0" branch="false"/>
						<line number="5439" hits="0" branch="false"/>
						<line number="5477" hits="0" branch="false"/>
						<line number="5516" hits="0" branch="true" condition-coverage="0% (0/2)">
							<conditions>
								<condition number="0" type="jump" coverage="0%"/>
							</conditions>
						</line>
						<line number="5517" hits="0" branch="false"/>
						<line number="5519" hits="0" branch="true" condition-coverage="0% (0/2)">
							<conditions>
								<condition number="0" type="jump" coverage="0%"/>
							</conditions>
						</line>
						<line number="5520" hits="0" branch="false"/>
						<line number="5522" hits="0" branch="true" condition-coverage="0% (0/2)">
							<conditions>
								<condition number="0" type="jump" coverage="0%"/>
							</conditions>
						</line>
						<line number="5523" hits="0" branch="false"/>
						<line number="5525" hits="0" branch="true" condition-coverage="0% (0/2)">
							<conditions>
								<condition number="0" type="jump" coverage="0%"/>
							</conditions>
						</line>
						<line number="5526" hits="0" branch="false"/>
						<line number="5528" hits="0" branch="true" condition-coverage="0% (0/2)">
							<conditions>
								<condition number="0" type="jump" coverage="0%"/>
							</conditions>
						</line>
						<line number="5529" hits="0" branch="false"/>
						<line number="5531" hits="0" branch="false"/>
						<line number="5532" hits="0" branch="true" condition-coverage="0% (0/2)">
							<conditions>
								<condition number="0" type="jump" coverage="0%"/>
							</conditions>
						</line>
						<line number="5533" hits="0" branch="false"/>
						<line number="5535" hits="0" branch="true" condition-coverage="0% (0/2)">
							<conditions>
								<condition number="0" type="jump" coverage="0%"/>
							</conditions>
						</line>
						<line number="5536" hits="0" branch="false"/>
						<line number="5538" hits="0" branch="true" condition-coverage="0% (0/2)">
							<conditions>
								<condition number="0" type="jump" coverage="0%"/>
							</conditions>
						</line>
						<line number="5539" hits="0" branch="false"/>
						<line number="5541" hits="0" branch="false"/>
						<line number="5574" hits="0" branch="true" condition-coverage="0% (0/4)">
							<conditions>
								<condition number="0" type="jump" coverage="0%"/>
								<condition number="1" type="jump" coverage="0%"/>
							</conditions>
						</line>
						<line number="5575" hits="0" branch="false"/>
						<line number="5578" hits="0" branch="true" condition-coverage="0% (0/4)">
							<conditions>
								<condition number="0" type="jump" coverage="0%"/>
								<condition number="1" type="jump" coverage="0%"/>
							</conditions>
						</line>
						<line number="5579" hits="0" branch="false"/>
						<line number="5582" hits="0" branch="false"/>
						<line number="5583" hits="0" branch="false"/>
						<line number="5584" hits="0" branch="false"/>
						<line number="5586" hits="0" branch="false"/>
						<line number="5587" hits="0" branch="false"/>
						<line number="5588" hits="0" branch="false"/>
						<line number="5589" hits="0" branch="false"/>
						<line number="5591" hits="0" branch="false"/>
						<line number="5622" hits="0" branch="true" condition-coverage="0% (0/2)">
							<conditions>
								<condition number="0" type="jump" coverage="0%"/>
							</conditions>
						</line>
						<line number="5623" hits="0" branch="false"/>
						<line number="5625" hits="0" branch="true" condition-coverage="0% (0/2)">
							<conditions>
								<condition number="0" type="jump" coverage="0%"/>
							</conditions>
						</line>
						<line number="5626" hits="0" branch="false"/>
						<line number="5628" hits="0" branch="false"/>
						<line number="5629" hits="0" branch="true" condition-coverage="0% (0/2)">
							<conditions>
								<condition number="0" type="jump" coverage="0%"/>
							</conditions>
						</line>
						<line number="5630" hits="0" branch="false"/>
						<line number="5632" hits="0" branch="false"/>
						<line number="5659" hits="0" branch="true" condition-coverage="0% (0/2)">
							<conditions>
								<condition number="0" type="jump" coverage="0%"/>
							</conditions>
						</line>
						<line number="5660" hits="0" branch="false"/>
						<line number="5662" hits="0" branch="true" condition-coverage="0% (0/4)">
							<conditions>
								<condition number="0" type="jump" coverage="0%"/>
								<condition number="1" type="jump" coverage="0%"/>
							</conditions>
						</line>
						<line number="5663" hits="0" branch="false"/>
						<line number="5666" hits="0" branch="true" condition-coverage="0% (0/4)">
							<conditions>
								<condition number="0" type="jump" coverage="0%"/>
								<condition number="1" type="jump" coverage="0%"/>
							</conditions>
						</line>
						<line number="5667" hits="0" branch="true" condition-coverage="0% (0/2)">
							<conditions>
								<condition number="0" type="jump" coverage="0%"/>
							</conditions>
						</line>
						<line number="5668" hits="0" branch="false"/>
						<line number="5671" hits="0" branch="true" condition-coverage="0% (0/4)">
							<conditions>
								<condition number="0" type="jump" coverage="0%"/>
								<condition number="1" type="jump" coverage="0%"/>
							</conditions>
						</line>
						<line number="5672" hits="0" branch="false"/>
						<line number="5674" hits="0" branch="false"/>
						<line number="5709" hits="0" branch="true" condition-coverage="0% (0/4)">
							<conditions>
								<condition number="0" type="jump" coverage="0%"/>
								<condition number="1" type="jump" coverage="0%"/>
							</conditions>
						</line>
						<line number="5710" hits="0" branch="false"/>
						<line number="5712" hits="0" branch="false"/>
						<line number="5713" hits="0" branch="false"/>
						<line number="5714" hits="0" branch="false"/>
						<line number="5715" hits="0" branch="false"/>
						<line number="5716" hits="0" branch="false"/>
						<line number="5721" hits="0" branch="true" condition-coverage="0% (0/2)">
							<conditions>
								<condition number="0" type="jump" coverage="0%"/>
							</conditions>
						</line>
						<line number="5722" hits="0" branch="true" condition-coverage="0% (0/2)">
							<conditions>
								<condition number="0" type="jump" coverage="0%"/>
							</conditions>
						</line>
						<line number="5723" hits="0" branch="false"/>
						<line number="5724" hits="0" branch="false"/>
						<line number="5726" hits="0" branch="false"/>
						<line number="5727" hits="0" branch="false"/>
						<line number="5728" hits="0" branch="false"/>
						<line number="5733" hits="0" branch="true" condition-coverage="0% (0/6)">
							<conditions>
								<condition number="0" type="jump" coverage="0%"/>
								<condition number="1" type="jump" coverage="0%"/>
								<condition number="2" type="jump" coverage="0%"/>
							</conditions>
						</line>
						<line number="5734" hits="0" branch="false"/>
						<line number="5738" hits="0" branch="true" condition-coverage="0% (0/2)">
							<conditions>
								<condition number="0" type="jump" coverage="0%"/>
							</conditions>
						</line>
						<line number="5739" hits="0" branch="false"/>
						<line number="5743" hits="0" branch="false"/>
						<line number="5744" hits="0" branch="true" condition-coverage="0% (0/2)">
							<conditions>
								<condition number="0" type="jump" coverage="0%"/>
							</conditions>
						</line>
						<line number="5745" hits="0" branch="false"/>
						<line number="5746" hits="0" branch="true" condition-coverage="0% (0/2)">
							<conditions>
								<condition number="0" type="jump" coverage="0%"/>
							</conditions>
						</line>
						<line number="5747" hits="0" branch="true" condition-coverage="0% (0/2)">
							<conditions>
								<condition number="0" type="jump" coverage="0%"/>
							</conditions>
						</line>
						<line number="5748" hits="0" branch="false"/>
						<line number="5749" hits="0" branch="false"/>
						<line number="5752" hits="0" branch="true" condition-coverage="0% (0/2)">
							<conditions>
								<condition number="0" type="jump" coverage="0%"/>
							</conditions>
						</line>
						<line number="5753" hits="0" branch="false"/>
						<line number="5757" hits="0" branch="true" condition-coverage="0% (0/4)">
							<conditions>
								<condition number="0" type="jump" coverage="0%"/>
								<condition number="1" type="jump" coverage="0%"/>
							</conditions>
						</line>
						<line number="5761" hits="0" branch="false"/>
						<line number="5763" hits="0" branch="false"/>
						<line number="5800" hits="0" branch="true" condition-coverage="0% (0/4)">
							<conditions>
								<condition number="0" type="jump" coverage="0%"/>
								<condition number="1" type="jump" coverage="0%"/>
							</conditions>
						</line>
						<line number="5801" hits="0" branch="false"/>
						<line number="5803" hits="0" branch="false"/>
						<line number="5804" hits="0" branch="true" condition-coverage="0% (0/2)">
							<conditions>
								<condition number="0" type="jump" coverage="0%"/>
							</conditions>
						</line>
						<line number="5806" hits="0" branch="true" condition-coverage="0% (0/2)">
							<conditions>
								<condition number="0" type="jump" coverage="0%"/>
							</conditions>
						</line>
						<line number="5807" hits="0" branch="false"/>
						<line number="5809" hits="0" branch="false"/>
						<line number="5810" hits="0" branch="true" condition-coverage="0% (0/2)">
							<conditions>
								<condition number="0" type="jump" coverage="0%"/>
							</conditions>
						</line>
						<line number="5812" hits="0" branch="false"/>
						<line number="5815" hits="0" branch="false"/>
						<line number="5856" hits="0" branch="true" condition-coverage="0% (0/4)">
							<conditions>
								<condition number="0" type="jump" coverage="0%"/>
								<condition number="1" type="jump" coverage="0%"/>
							</conditions>
						</line>
						<line number="5857" hits="0" branch="false"/>
						<line number="5877" hits="0" branch="false"/>
						<line number="5878" hits="0" branch="false"/>
						<line number="5880" hits="0" branch="true" condition-coverage="0% (0/2)">
							<conditions>
								<condition number="0" type="jump" coverage="0%"/>
							</conditions>
						</line>
						<line number="5881" hits="0" branch="false"/>
						<line number="5882" hits="0" branch="true" condition-coverage="0% (0/2)">
							<conditions>
								<condition number="0" type="jump" coverage="0%"/>
							</conditions>
						</line>
						<line number="5883" hits="0" branch="false"/>
						<line number="5886" hits="0" branch="true" condition-coverage="0% (0/2)">
							<conditions>
								<condition number="0" type="jump" coverage="0%"/>
							</conditions>
						</line>
						<line number="5888" hits="0" branch="false"/>
						<line number="5889" hits="0" branch="false"/>
						<line number="5890" hits="0" branch="false"/>
						<line number="5891" hits="0" branch="false"/>
						<line number="5892" hits="0" branch="false"/>
						<line number="5895" hits="0" branch="false"/>
						<line number="5896" hits="0" branch="false"/>
						<line number="5907" hits="0" branch="true" condition-coverage="0% (0/2)">
							<conditions>
								<condition number="0" type="jump" coverage="0%"/>
							</conditions>
						</line>
						<line number="5908" hits="0" branch="false"/>
						<line number="5911" hits="0" branch="true" condition-coverage="0% (0/2)">
							<conditions>
								<condition number="0" type="jump" coverage="0%"/>
							</conditions>
						</line>
						<line number="5912" hits="0" branch="false"/>
						<line number="5913" hits="0" branch="false"/>
						<line number="5915" hits="0" branch="true" condition-coverage="0% (0/2)">
							<conditions>
								<condition number="0" type="jump" coverage="0%"/>
							</conditions>
						</line>
						<line number="5916" hits="0" branch="true" condition-coverage="0% (0/2)">
							<conditions>
								<condition number="0" type="jump" coverage="0%"/>
							</conditions>
						</line>
						<line number="5918" hits="0" branch="false"/>
						<line number="5922" hits="0" branch="false"/>
						<line number="5923" hits="0" branch="false"/>
						<line number="5924" hits="0" branch="false"/>
						<line number="5929" hits="0" branch="false"/>
						<line number="5978" hits="0" branch="false"/>
						<line number="6003" hits="0" branch="false"/>
						<line number="6018" hits="0" branch="true" condition-coverage="0% (0/4)">
							<conditions>
								<condition number="0" type="jump" coverage="0%"/>
								<condition number="1" type="jump" coverage="0%"/>
							</conditions>
						</line>
						<line number="6019" hits="0" branch="true" condition-coverage="0% (0/4)">
							<conditions>
								<condition number="0" type="jump" coverage="0%"/>
								<condition number="1" type="jump" coverage="0%"/>
							</conditions>
						</line>
						<line number="6021" hits="0" branch="true" condition-coverage="0% (0/2)">
							<conditions>
								<condition number="0" type="jump" coverage="0%"/>
							</conditions>
						</line>
						<line number="6022" hits="0" branch="false"/>
						<line number="6024" hits="0" branch="false"/>
						<line number="6046" hits="0" branch="true" condition-coverage="0% (0/4)">
							<conditions>
								<condition number="0" type="jump" coverage="0%"/>
								<condition number="1" type="jump" coverage="0%"/>
							</conditions>
						</line>
						<line number="6047" hits="0" branch="false"/>
						<line number="6049" hits="0" branch="true" condition-coverage="0% (0/2)">
							<conditions>
								<condition number="0" type="jump" coverage="0%"/>
							</conditions>
						</line>
						<line number="6050" hits="0" branch="false"/>
						<line number="6051" hits="0" branch="true" condition-coverage="0% (0/2)">
							<conditions>
								<condition number="0" type="jump" coverage="0%"/>
							</conditions>
						</line>
						<line number="6052" hits="0" branch="false"/>
						<line number="6055" hits="0" branch="false"/>
						<line number="6084" hits="0" branch="false"/>
						<line number="6110" hits="0" branch="false"/>
						<line number="6125" hits="0" branch="true" condition-coverage="0% (0/4)">
							<conditions>
								<condition number="0" type="jump" coverage="0%"/>
								<condition number="1" type="jump" coverage="0%"/>
							</conditions>
						</line>
						<line number="6126" hits="0" branch="true" condition-coverage="0% (0/4)">
							<conditions>
								<condition number="0" type="jump" coverage="0%"/>
								<condition number="1" type="jump" coverage="0%"/>
							</conditions>
						</line>
						<line number="6128" hits="0" branch="true" condition-coverage="0% (0/2)">
							<conditions>
								<condition number="0" type="jump" coverage="0%"/>
							</conditions>
						</line>
						<line number="6129" hits="0" branch="false"/>
						<line number="6131" hits="0" branch="false"/>
						<line number="6132" hits="0" branch="false"/>
					</lines>
				</class>
			</classes>
		</package>
	</packages>
</coverage>
